<?xml version="1.0" encoding="UTF-8"?>
<!-- Generated by org.testng.reporters.JUnitXMLReporter -->
<testsuite hostname="Sambeets-MacBook-Air.local" ignored="28" name="UI_Catalog_Test" tests="15" failures="1" timestamp="11 Aug 2017 19:33:58 GMT" time="1110.407" errors="0">
  <testcase name="test_01_Launch_UI_Catalog_HomePage" time="32.872" classname="iOS.UI_Catalog.scripts.Test_01_Launch_UI_Catalog_HomePage"/>
  <testcase name="test_02_UI_Catalog_ActionSheets" time="33.417" classname="iOS.UI_Catalog.scripts.Test_02_UI_Catalog_ActionSheets"/>
  <testcase name="test_03_UI_Catalog_ActivityIndicators" time="12.866" classname="iOS.UI_Catalog.scripts.Test_03_UI_Catalog_ActivityIndicators"/>
  <testcase name="test_04_UI_Catalog_AlertViews" time="87.621" classname="iOS.UI_Catalog.scripts.Test_04_UI_Catalog_AlertViews"/>
  <testcase name="test_05_UI_Catalog_Buttons" time="23.262" classname="iOS.UI_Catalog.scripts.Test_05_UI_Catalog_Buttons"/>
  <testcase name="test_06_UI_Catalog_DatePicker" time="22.75" classname="iOS.UI_Catalog.scripts.Test_06_UI_Catalog_DatePicker"/>
  <testcase name="test_07_UI_Catalog_SegmentedControls" time="61.086" classname="iOS.UI_Catalog.scripts.Test_07_UI_Catalog_SegmentedControls"/>
  <testcase name="test_08_UI_Catalog_Sliders" time="14.912" classname="iOS.UI_Catalog.scripts.Test_08_UI_Catalog_Sliders"/>
  <testcase name="test_09_UI_Catalog_Steppers" time="162.803" classname="iOS.UI_Catalog.scripts.Test_09_UI_Catalog_Steppers"/>
  <testcase name="test_10_UI_Catalog_Switches" time="25.322" classname="iOS.UI_Catalog.scripts.Test_10_UI_Catalog_Switches"/>
  <testcase name="test_11_UI_Catalog_TextFields" time="74.789" classname="iOS.UI_Catalog.scripts.Test_11_UI_Catalog_TextFields"/>
  <testcase name="test_12_UI_Catalog_TextView" time="29.956" classname="iOS.UI_Catalog.scripts.Test_12_UI_Catalog_TextView"/>
  <testcase name="test_13_UI_Catalog_TextView" time="53.634" classname="iOS.UI_Catalog.scripts.Test_13_UI_Catalog_SearchBars"/>
  <testcase name="test_14_UI_Catalog_ToolBars" time="56.583" classname="iOS.UI_Catalog.scripts.Test_14_UI_Catalog_ToolBars"/>
  <testcase name="test_15_UI_Catalog_WebView" time="159.202" classname="iOS.UI_Catalog.scripts.Test_15_UI_Catalog_WebView">
    <failure type="org.openqa.selenium.NoSuchElementException" message="An element could not be located on the page using the given search parameters. (WARNING: The server did not provide any stacktrace information)
Command duration or timeout: 150.77 seconds
For documentation on this error, please visit: http://seleniumhq.org/exceptions/no_such_element.html
Build info: version: &amp;apos;3.3.1&amp;apos;, revision: &amp;apos;5234b32&amp;apos;, time: &amp;apos;2017-03-10 09:04:52 -0800&amp;apos;
System info: host: &amp;apos;Sambeets-MacBook-Air.local&amp;apos;, ip: &amp;apos;fe80:0:0:0:1019:5b85:476e:d121%en0&amp;apos;, os.name: &amp;apos;Mac OS X&amp;apos;, os.arch: &amp;apos;x86_64&amp;apos;, os.version: &amp;apos;10.12.6&amp;apos;, java.version: &amp;apos;1.8.0_131&amp;apos;
Driver info: io.appium.java_client.ios.IOSDriver
Capabilities [{networkConnectionEnabled=false, noReset=true, bundleId=com.example.apple-samplecode.UICatalog, databaseEnabled=false, deviceName=iPhone 7, platform=MAC, platformVersion=10.3, webStorageEnabled=false, locationContextEnabled=false, browserName=, takesScreenshot=true, javascriptEnabled=true, platformName=iOS, udid=702C4E08-F609-4476-BE92-F21EECE76F33}]
Session ID: b5c411e0-71e4-4ad1-ab0a-4fcf1d16ad8c
*** Element info: {Using=xpath, value=//XCUIElementTypeNavigationBar[@name=&amp;apos;Web View&amp;apos;]/following-sibling::XCUIElementTypeOther//XCUIElementTypeTextField[1]}">
      <![CDATA[org.openqa.selenium.NoSuchElementException: An element could not be located on the page using the given search parameters. (WARNING: The server did not provide any stacktrace information)
Command duration or timeout: 150.77 seconds
For documentation on this error, please visit: http://seleniumhq.org/exceptions/no_such_element.html
Build info: version: '3.3.1', revision: '5234b32', time: '2017-03-10 09:04:52 -0800'
System info: host: 'Sambeets-MacBook-Air.local', ip: 'fe80:0:0:0:1019:5b85:476e:d121%en0', os.name: 'Mac OS X', os.arch: 'x86_64', os.version: '10.12.6', java.version: '1.8.0_131'
Driver info: io.appium.java_client.ios.IOSDriver
Capabilities [{networkConnectionEnabled=false, noReset=true, bundleId=com.example.apple-samplecode.UICatalog, databaseEnabled=false, deviceName=iPhone 7, platform=MAC, platformVersion=10.3, webStorageEnabled=false, locationContextEnabled=false, browserName=, takesScreenshot=true, javascriptEnabled=true, platformName=iOS, udid=702C4E08-F609-4476-BE92-F21EECE76F33}]
Session ID: b5c411e0-71e4-4ad1-ab0a-4fcf1d16ad8c
*** Element info: {Using=xpath, value=//XCUIElementTypeNavigationBar[@name='Web View']/following-sibling::XCUIElementTypeOther//XCUIElementTypeTextField[1]}
	at sun.reflect.NativeConstructorAccessorImpl.newInstance0(Native Method)
	at sun.reflect.NativeConstructorAccessorImpl.newInstance(NativeConstructorAccessorImpl.java:62)
	at sun.reflect.DelegatingConstructorAccessorImpl.newInstance(DelegatingConstructorAccessorImpl.java:45)
	at java.lang.reflect.Constructor.newInstance(Constructor.java:423)
	at org.openqa.selenium.remote.ErrorHandler.createThrowable(ErrorHandler.java:216)
	at org.openqa.selenium.remote.ErrorHandler.throwIfResponseFailed(ErrorHandler.java:168)
	at org.openqa.selenium.remote.RemoteWebDriver.execute(RemoteWebDriver.java:638)
	at io.appium.java_client.DefaultGenericMobileDriver.execute(DefaultGenericMobileDriver.java:40)
	at io.appium.java_client.AppiumDriver.execute(AppiumDriver.java:1)
	at io.appium.java_client.ios.IOSDriver.execute(IOSDriver.java:1)
	at org.openqa.selenium.remote.RemoteWebDriver.findElement(RemoteWebDriver.java:371)
	at io.appium.java_client.DefaultGenericMobileDriver.findElement(DefaultGenericMobileDriver.java:56)
	at io.appium.java_client.AppiumDriver.findElement(AppiumDriver.java:1)
	at io.appium.java_client.ios.IOSDriver.findElement(IOSDriver.java:1)
	at org.openqa.selenium.remote.RemoteWebDriver.findElementByXPath(RemoteWebDriver.java:476)
	at io.appium.java_client.DefaultGenericMobileDriver.findElementByXPath(DefaultGenericMobileDriver.java:134)
	at io.appium.java_client.AppiumDriver.findElementByXPath(AppiumDriver.java:1)
	at io.appium.java_client.ios.IOSDriver.findElementByXPath(IOSDriver.java:1)
	at iOS.POMLibrary.Get_WebElement_JSON.getElementByXpath(Unknown Source)
	at iOS.UI_Catalog.scripts.Test_15_UI_Catalog_WebView.test_15_UI_Catalog_WebView(Unknown Source)
	at sun.reflect.NativeMethodAccessorImpl.invoke0(Native Method)
	at sun.reflect.NativeMethodAccessorImpl.invoke(NativeMethodAccessorImpl.java:62)
	at sun.reflect.DelegatingMethodAccessorImpl.invoke(DelegatingMethodAccessorImpl.java:43)
	at java.lang.reflect.Method.invoke(Method.java:498)
	at org.testng.internal.MethodInvocationHelper.invokeMethod(MethodInvocationHelper.java:104)
	at org.testng.internal.Invoker.invokeMethod(Invoker.java:645)
	at org.testng.internal.Invoker.invokeTestMethod(Invoker.java:851)
	at org.testng.internal.Invoker.invokeTestMethods(Invoker.java:1177)
	at org.testng.internal.TestMethodWorker.invokeTestMethods(TestMethodWorker.java:129)
	at org.testng.internal.TestMethodWorker.run(TestMethodWorker.java:112)
	at org.testng.TestRunner.privateRun(TestRunner.java:756)
	at org.testng.TestRunner.run(TestRunner.java:610)
	at org.testng.SuiteRunner.runTest(SuiteRunner.java:387)
	at org.testng.SuiteRunner.runSequentially(SuiteRunner.java:382)
	at org.testng.SuiteRunner.privateRun(SuiteRunner.java:340)
	at org.testng.SuiteRunner.run(SuiteRunner.java:289)
	at org.testng.SuiteRunnerWorker.runSuite(SuiteRunnerWorker.java:52)
	at org.testng.SuiteRunnerWorker.run(SuiteRunnerWorker.java:86)
	at org.testng.TestNG.runSuitesSequentially(TestNG.java:1293)
	at org.testng.TestNG.runSuitesSequentially(TestNG.java:1289)
	at org.testng.TestNG.runSuitesLocally(TestNG.java:1218)
	at org.testng.TestNG.runSuites(TestNG.java:1133)
	at org.testng.TestNG.run(TestNG.java:1104)
	at org.testng.TestNG.privateMain(TestNG.java:1434)
	at org.testng.TestNG.main(TestNG.java:1403)
]]>
    </failure>
  </testcase> <!-- test_15_UI_Catalog_WebView -->
  <testcase name="@AfterSuite after_Suite" time="0.0" classname="iOS.BaseClass.Base_Class">
    <ignored/>
  </testcase> <!-- @AfterSuite after_Suite -->
  <testcase name="@AfterSuite after_Suite" time="0.0" classname="iOS.BaseClass.Base_Class">
    <ignored/>
  </testcase> <!-- @AfterSuite after_Suite -->
  <testcase name="@AfterSuite after_Suite" time="0.0" classname="iOS.BaseClass.Base_Class">
    <ignored/>
  </testcase> <!-- @AfterSuite after_Suite -->
  <testcase name="@AfterSuite after_Suite" time="0.0" classname="iOS.BaseClass.Base_Class">
    <ignored/>
  </testcase> <!-- @AfterSuite after_Suite -->
  <testcase name="@AfterSuite after_Suite" time="0.0" classname="iOS.BaseClass.Base_Class">
    <ignored/>
  </testcase> <!-- @AfterSuite after_Suite -->
  <testcase name="@AfterSuite after_Suite" time="0.0" classname="iOS.BaseClass.Base_Class">
    <ignored/>
  </testcase> <!-- @AfterSuite after_Suite -->
  <testcase name="@AfterSuite after_Suite" time="0.0" classname="iOS.BaseClass.Base_Class">
    <ignored/>
  </testcase> <!-- @AfterSuite after_Suite -->
  <testcase name="@AfterSuite after_Suite" time="0.0" classname="iOS.BaseClass.Base_Class">
    <ignored/>
  </testcase> <!-- @AfterSuite after_Suite -->
  <testcase name="@AfterSuite after_Suite" time="0.0" classname="iOS.BaseClass.Base_Class">
    <ignored/>
  </testcase> <!-- @AfterSuite after_Suite -->
  <testcase name="@AfterSuite after_Suite" time="0.0" classname="iOS.BaseClass.Base_Class">
    <ignored/>
  </testcase> <!-- @AfterSuite after_Suite -->
  <testcase name="@AfterSuite after_Suite" time="0.0" classname="iOS.BaseClass.Base_Class">
    <ignored/>
  </testcase> <!-- @AfterSuite after_Suite -->
  <testcase name="@AfterSuite after_Suite" time="0.0" classname="iOS.BaseClass.Base_Class">
    <ignored/>
  </testcase> <!-- @AfterSuite after_Suite -->
  <testcase name="@AfterSuite after_Suite" time="0.0" classname="iOS.BaseClass.Base_Class">
    <ignored/>
  </testcase> <!-- @AfterSuite after_Suite -->
  <testcase name="@AfterSuite after_Suite" time="0.0" classname="iOS.BaseClass.Base_Class">
    <ignored/>
  </testcase> <!-- @AfterSuite after_Suite -->
  <testcase name="@BeforeSuite before_Suite" time="0.0" classname="iOS.BaseClass.Base_Class">
    <ignored/>
  </testcase> <!-- @BeforeSuite before_Suite -->
  <testcase name="@BeforeSuite before_Suite" time="0.0" classname="iOS.BaseClass.Base_Class">
    <ignored/>
  </testcase> <!-- @BeforeSuite before_Suite -->
  <testcase name="@BeforeSuite before_Suite" time="0.0" classname="iOS.BaseClass.Base_Class">
    <ignored/>
  </testcase> <!-- @BeforeSuite before_Suite -->
  <testcase name="@BeforeSuite before_Suite" time="0.0" classname="iOS.BaseClass.Base_Class">
    <ignored/>
  </testcase> <!-- @BeforeSuite before_Suite -->
  <testcase name="@BeforeSuite before_Suite" time="0.0" classname="iOS.BaseClass.Base_Class">
    <ignored/>
  </testcase> <!-- @BeforeSuite before_Suite -->
  <testcase name="@BeforeSuite before_Suite" time="0.0" classname="iOS.BaseClass.Base_Class">
    <ignored/>
  </testcase> <!-- @BeforeSuite before_Suite -->
  <testcase name="@BeforeSuite before_Suite" time="0.0" classname="iOS.BaseClass.Base_Class">
    <ignored/>
  </testcase> <!-- @BeforeSuite before_Suite -->
  <testcase name="@BeforeSuite before_Suite" time="0.0" classname="iOS.BaseClass.Base_Class">
    <ignored/>
  </testcase> <!-- @BeforeSuite before_Suite -->
  <testcase name="@BeforeSuite before_Suite" time="0.0" classname="iOS.BaseClass.Base_Class">
    <ignored/>
  </testcase> <!-- @BeforeSuite before_Suite -->
  <testcase name="@BeforeSuite before_Suite" time="0.0" classname="iOS.BaseClass.Base_Class">
    <ignored/>
  </testcase> <!-- @BeforeSuite before_Suite -->
  <testcase name="@BeforeSuite before_Suite" time="0.0" classname="iOS.BaseClass.Base_Class">
    <ignored/>
  </testcase> <!-- @BeforeSuite before_Suite -->
  <testcase name="@BeforeSuite before_Suite" time="0.0" classname="iOS.BaseClass.Base_Class">
    <ignored/>
  </testcase> <!-- @BeforeSuite before_Suite -->
  <testcase name="@BeforeSuite before_Suite" time="0.0" classname="iOS.BaseClass.Base_Class">
    <ignored/>
  </testcase> <!-- @BeforeSuite before_Suite -->
  <testcase name="@BeforeSuite before_Suite" time="0.0" classname="iOS.BaseClass.Base_Class">
    <ignored/>
  </testcase> <!-- @BeforeSuite before_Suite -->
</testsuite> <!-- UI_Catalog_Test -->
