<html>
<head>
<title>TestNG:  UI_Catalog_Test</title>
<link href="../testng.css" rel="stylesheet" type="text/css" />
<link href="../my-testng.css" rel="stylesheet" type="text/css" />

<style type="text/css">
.log { display: none;} 
.stack-trace { display: none;} 
</style>
<script type="text/javascript">
<!--
function flip(e) {
  current = e.style.display;
  if (current == 'block') {
    e.style.display = 'none';
    return 0;
  }
  else {
    e.style.display = 'block';
    return 1;
  }
}

function toggleBox(szDivId, elem, msg1, msg2)
{
  var res = -1;  if (document.getElementById) {
    res = flip(document.getElementById(szDivId));
  }
  else if (document.all) {
    // this is the way old msie versions work
    res = flip(document.all[szDivId]);
  }
  if(elem) {
    if(res == 0) elem.innerHTML = msg1; else elem.innerHTML = msg2;
  }

}

function toggleAllBoxes() {
  if (document.getElementsByTagName) {
    d = document.getElementsByTagName('div');
    for (i = 0; i < d.length; i++) {
      if (d[i].className == 'log') {
        flip(d[i]);
      }
    }
  }
}

// -->
</script>

</head>
<body>
<h2 align='center'>UI_Catalog_Test</h2><table border='1' align="center">
<tr>
<td>Tests passed/Failed/Skipped:</td><td>5/10/0</td>
</tr><tr>
<td>Started on:</td><td>Tue Jan 02 20:33:57 IST 2018</td>
</tr>
<tr><td>Total time:</td><td>436 seconds (436093 ms)</td>
</tr><tr>
<td>Included groups:</td><td></td>
</tr><tr>
<td>Excluded groups:</td><td></td>
</tr>
</table><p/>
<small><i>(Hover the method name to see the test class name)</i></small><p/>
<table width='100%' border='1' class='invocation-failed'>
<tr><td colspan='4' align='center'><b>FAILED TESTS</b></td></tr>
<tr><td><b>Test method</b></td>
<td width="30%"><b>Exception</b></td>
<td width="10%"><b>Time (seconds)</b></td>
<td><b>Instance</b></td>
</tr>
<tr>
<td title='iOS.UI_Catalog.scripts.Test_06_UI_Catalog_DatePicker.test_06_UI_Catalog_DatePicker()'><b>test_06_UI_Catalog_DatePicker</b><br>Test class: iOS.UI_Catalog.scripts.Test_06_UI_Catalog_DatePicker<br/>
<a href="#Output-593103894" onClick='toggleBox("Output-593103894", this, "Show output", "Hide output");'>Show output</a>

<a href="#Output-593103894" onClick="toggleAllBoxes();">Show all outputs</a>
<div class='log' id="Output-593103894">
01_02_2018_08_39_40_490 -  Started Test : test_06_UI_Catalog_DatePicker<br/>
01_02_2018_08_39_40_837 -  Waiting For Element : [[IOSDriver:  on MAC (91e6fd50-f578-423e-a276-d2419f526492)] -> accessibility id: Date Picker]<br/>
01_02_2018_08_39_41_169 -  Is the Element Displayed on Screen : [[IOSDriver:  on MAC (91e6fd50-f578-423e-a276-d2419f526492)] -> accessibility id: Date Picker]<br/>
01_02_2018_08_39_41_477 -  Waiting For Element : [[IOSDriver:  on MAC (91e6fd50-f578-423e-a276-d2419f526492)] -> accessibility id: Date Picker]<br/>
01_02_2018_08_39_41_816 -  Fetching the text : [[IOSDriver:  on MAC (91e6fd50-f578-423e-a276-d2419f526492)] -> accessibility id: Date Picker]<br/>
01_02_2018_08_39_42_134 -  Waiting For Element : [[IOSDriver:  on MAC (91e6fd50-f578-423e-a276-d2419f526492)] -> accessibility id: Date Picker]<br/>
01_02_2018_08_39_43_231 -  Clicked :  [[IOSDriver:  on MAC (91e6fd50-f578-423e-a276-d2419f526492)] -> accessibility id: Date Picker]<br/>
01_02_2018_08_39_43_231 -  Waiting for : 1 second(s)<br/>
01_02_2018_08_39_44_300 -  Capturing Screenshot and Adding to Extent Reports<br/>
01_02_2018_08_39_44_398 -  Is the Element Displayed on Screen : [[IOSDriver:  on MAC (91e6fd50-f578-423e-a276-d2419f526492)] -> accessibility id: Date Picker]<br/>
01_02_2018_08_40_07_160 -  Test Failed : test_06_UI_Catalog_DatePicker<br/>
</div>
</td>
<td><div><pre>org.openqa.selenium.NoSuchElementException: An element could not be located on the page using the given search parameters. (WARNING: The server did not provide any stacktrace information)
Command duration or timeout: 22.46 seconds
For documentation on this error, please visit: http://seleniumhq.org/exceptions/no_such_element.html
Build info: version: &apos;3.3.1&apos;, revision: &apos;5234b32&apos;, time: &apos;2017-03-10 09:04:52 -0800&apos;
System info: host: &apos;Sambeets-MacBook-Air.local&apos;, ip: &apos;fe80:0:0:0:c4:4fd:8ddb:f3db%en0&apos;, os.name: &apos;Mac OS X&apos;, os.arch: &apos;x86_64&apos;, os.version: &apos;10.13.2&apos;, java.version: &apos;1.8.0_131&apos;
Driver info: io.appium.java_client.ios.IOSDriver
Capabilities [{networkConnectionEnabled=false, noReset=true, bundleId=com.example.apple-samplecode.UICatalog, databaseEnabled=false, deviceName=iPhone 7, platform=MAC, platformVersion=10.3, webStorageEnabled=false, locationContextEnabled=false, browserName=, takesScreenshot=true, javascriptEnabled=true, platformName=iOS, udid=702C4E08-F609-4476-BE92-F21EECE76F33}]
Session ID: 91e6fd50-f578-423e-a276-d2419f526492
*** Element info: {Using=xpath, value=//XCUIElementTypeStaticText[contains(@name,&apos;2017&apos;)]}
	at sun.reflect.NativeConstructorAccessorImpl.newInstance0(Native Method)
	at sun.reflect.NativeConstructorAccessorImpl.newInstance(NativeConstructorAccessorImpl.java:62)
	at sun.reflect.DelegatingConstructorAccessorImpl.newInstance(DelegatingConstructorAccessorImpl.java:45)
	at java.lang.reflect.Constructor.newInstance(Constructor.java:423)
	at org.openqa.selenium.remote.ErrorHandler.createThrowable(ErrorHandler.java:216)
	at org.openqa.selenium.remote.ErrorHandler.throwIfResponseFailed(ErrorHandler.java:168)
	at org.openqa.selenium.remote.RemoteWebDriver.execute(RemoteWebDriver.java:638)
	at io.appium.java_client.DefaultGenericMobileDriver.execute(DefaultGenericMobileDriver.java:40)
	at io.appium.java_client.AppiumDriver.execute(AppiumDriver.java:1)
	at io.appium.java_client.ios.IOSDriver.execute(IOSDriver.java:1)
	at org.openqa.selenium.remote.RemoteWebDriver.findElement(RemoteWebDriver.java:371)
	at io.appium.java_client.DefaultGenericMobileDriver.findElement(DefaultGenericMobileDriver.java:56)
	at io.appium.java_client.AppiumDriver.findElement(AppiumDriver.java:1)
	at io.appium.java_client.ios.IOSDriver.findElement(IOSDriver.java:1)
	at org.openqa.selenium.remote.RemoteWebDriver.findElementByXPath(RemoteWebDriver.java:476)
	at io.appium.java_client.DefaultGenericMobileDriver.findElementByXPath(DefaultGenericMobileDriver.java:134)
	at io.appium.java_client.AppiumDriver.findElementByXPath(AppiumDriver.java:1)
	at io.appium.java_client.ios.IOSDriver.findElementByXPath(IOSDriver.java:1)
	at iOS.POMLibrary.Get_WebElement_JSON.getElementByXpath(Unknown Source)
	at iOS.UI_Catalog.scripts.Test_06_UI_Catalog_DatePicker.test_06_UI_Catalog_DatePicker(Unknown Source)
	at sun.reflect.NativeMethodAccessorImpl.invoke0(Native Method)
	at sun.reflect.NativeMethodAccessorImpl.invoke(NativeMethodAccessorImpl.java:62)
	at sun.reflect.DelegatingMethodAccessorImpl.invoke(DelegatingMethodAccessorImpl.java:43)
	at java.lang.reflect.Method.invoke(Method.java:498)
	at org.testng.internal.MethodInvocationHelper.invokeMethod(MethodInvocationHelper.java:104)
	at org.testng.internal.Invoker.invokeMethod(Invoker.java:645)
	at org.testng.internal.Invoker.invokeTestMethod(Invoker.java:851)
	at org.testng.internal.Invoker.invokeTestMethods(Invoker.java:1177)
	at org.testng.internal.TestMethodWorker.invokeTestMethods(TestMethodWorker.java:129)
	at org.testng.internal.TestMethodWorker.run(TestMethodWorker.java:112)
	at org.testng.TestRunner.privateRun(TestRunner.java:756)
	at org.testng.TestRunner.run(TestRunner.java:610)
	at org.testng.SuiteRunner.runTest(SuiteRunner.java:387)
	at org.testng.SuiteRunner.runSequentially(SuiteRunner.java:382)
	at org.testng.SuiteRunner.privateRun(SuiteRunner.java:340)
	at org.testng.SuiteRunner.run(SuiteRunner.java:289)
	at org.testng.SuiteRunnerWorker.runSuite(SuiteRunnerWorker.java:52)
	at org.testng.SuiteRunnerWorker.run(SuiteRunnerWorker.java:86)
	at org.testng.TestNG.runSuitesSequentially(TestNG.java:1293)
	at org.testng.TestNG.runSuitesSequentially(TestNG.java:1289)
	at org.testng.TestNG.runSuitesLocally(TestNG.java:1218)
	at org.testng.TestNG.runSuites(TestNG.java:1133)
	at org.testng.TestNG.run(TestNG.java:1104)
	at org.testng.TestNG.privateMain(TestNG.java:1434)
	at org.testng.TestNG.main(TestNG.java:1403)
</pre></div><a href='#' onClick='toggleBox("stack-trace593103894", this, "Click to show all stack frames", "Click to hide stack frames")'>Click to show all stack frames</a>
<div class='stack-trace' id='stack-trace593103894'><pre>org.openqa.selenium.NoSuchElementException: An element could not be located on the page using the given search parameters. (WARNING: The server did not provide any stacktrace information)
Command duration or timeout: 22.46 seconds
For documentation on this error, please visit: http://seleniumhq.org/exceptions/no_such_element.html
Build info: version: &apos;3.3.1&apos;, revision: &apos;5234b32&apos;, time: &apos;2017-03-10 09:04:52 -0800&apos;
System info: host: &apos;Sambeets-MacBook-Air.local&apos;, ip: &apos;fe80:0:0:0:c4:4fd:8ddb:f3db%en0&apos;, os.name: &apos;Mac OS X&apos;, os.arch: &apos;x86_64&apos;, os.version: &apos;10.13.2&apos;, java.version: &apos;1.8.0_131&apos;
Driver info: io.appium.java_client.ios.IOSDriver
Capabilities [{networkConnectionEnabled=false, noReset=true, bundleId=com.example.apple-samplecode.UICatalog, databaseEnabled=false, deviceName=iPhone 7, platform=MAC, platformVersion=10.3, webStorageEnabled=false, locationContextEnabled=false, browserName=, takesScreenshot=true, javascriptEnabled=true, platformName=iOS, udid=702C4E08-F609-4476-BE92-F21EECE76F33}]
Session ID: 91e6fd50-f578-423e-a276-d2419f526492
*** Element info: {Using=xpath, value=//XCUIElementTypeStaticText[contains(@name,&apos;2017&apos;)]}
	at sun.reflect.NativeConstructorAccessorImpl.newInstance0(Native Method)
	at sun.reflect.NativeConstructorAccessorImpl.newInstance(NativeConstructorAccessorImpl.java:62)
	at sun.reflect.DelegatingConstructorAccessorImpl.newInstance(DelegatingConstructorAccessorImpl.java:45)
	at java.lang.reflect.Constructor.newInstance(Constructor.java:423)
	at org.openqa.selenium.remote.ErrorHandler.createThrowable(ErrorHandler.java:216)
	at org.openqa.selenium.remote.ErrorHandler.throwIfResponseFailed(ErrorHandler.java:168)
	at org.openqa.selenium.remote.RemoteWebDriver.execute(RemoteWebDriver.java:638)
	at io.appium.java_client.DefaultGenericMobileDriver.execute(DefaultGenericMobileDriver.java:40)
	at io.appium.java_client.AppiumDriver.execute(AppiumDriver.java:1)
	at io.appium.java_client.ios.IOSDriver.execute(IOSDriver.java:1)
	at org.openqa.selenium.remote.RemoteWebDriver.findElement(RemoteWebDriver.java:371)
	at io.appium.java_client.DefaultGenericMobileDriver.findElement(DefaultGenericMobileDriver.java:56)
	at io.appium.java_client.AppiumDriver.findElement(AppiumDriver.java:1)
	at io.appium.java_client.ios.IOSDriver.findElement(IOSDriver.java:1)
	at org.openqa.selenium.remote.RemoteWebDriver.findElementByXPath(RemoteWebDriver.java:476)
	at io.appium.java_client.DefaultGenericMobileDriver.findElementByXPath(DefaultGenericMobileDriver.java:134)
	at io.appium.java_client.AppiumDriver.findElementByXPath(AppiumDriver.java:1)
	at io.appium.java_client.ios.IOSDriver.findElementByXPath(IOSDriver.java:1)
	at iOS.POMLibrary.Get_WebElement_JSON.getElementByXpath(Unknown Source)
	at iOS.UI_Catalog.scripts.Test_06_UI_Catalog_DatePicker.test_06_UI_Catalog_DatePicker(Unknown Source)
	at sun.reflect.NativeMethodAccessorImpl.invoke0(Native Method)
	at sun.reflect.NativeMethodAccessorImpl.invoke(NativeMethodAccessorImpl.java:62)
	at sun.reflect.DelegatingMethodAccessorImpl.invoke(DelegatingMethodAccessorImpl.java:43)
	at java.lang.reflect.Method.invoke(Method.java:498)
	at org.testng.internal.MethodInvocationHelper.invokeMethod(MethodInvocationHelper.java:104)
	at org.testng.internal.Invoker.invokeMethod(Invoker.java:645)
	at org.testng.internal.Invoker.invokeTestMethod(Invoker.java:851)
	at org.testng.internal.Invoker.invokeTestMethods(Invoker.java:1177)
	at org.testng.internal.TestMethodWorker.invokeTestMethods(TestMethodWorker.java:129)
	at org.testng.internal.TestMethodWorker.run(TestMethodWorker.java:112)
	at org.testng.TestRunner.privateRun(TestRunner.java:756)
	at org.testng.TestRunner.run(TestRunner.java:610)
	at org.testng.SuiteRunner.runTest(SuiteRunner.java:387)
	at org.testng.SuiteRunner.runSequentially(SuiteRunner.java:382)
	at org.testng.SuiteRunner.privateRun(SuiteRunner.java:340)
	at org.testng.SuiteRunner.run(SuiteRunner.java:289)
	at org.testng.SuiteRunnerWorker.runSuite(SuiteRunnerWorker.java:52)
	at org.testng.SuiteRunnerWorker.run(SuiteRunnerWorker.java:86)
	at org.testng.TestNG.runSuitesSequentially(TestNG.java:1293)
	at org.testng.TestNG.runSuitesSequentially(TestNG.java:1289)
	at org.testng.TestNG.runSuitesLocally(TestNG.java:1218)
	at org.testng.TestNG.runSuites(TestNG.java:1133)
	at org.testng.TestNG.run(TestNG.java:1104)
	at org.testng.TestNG.privateMain(TestNG.java:1434)
	at org.testng.TestNG.main(TestNG.java:1403)
</pre></div></td>
<td>26</td>
<td>iOS.UI_Catalog.scripts.Test_06_UI_Catalog_DatePicker@7a79be86</td></tr>
<tr>
<td title='iOS.UI_Catalog.scripts.Test_07_UI_Catalog_SegmentedControls.test_07_UI_Catalog_SegmentedControls()'><b>test_07_UI_Catalog_SegmentedControls</b><br>Test class: iOS.UI_Catalog.scripts.Test_07_UI_Catalog_SegmentedControls<br>Parameters: {Script_name=Test_07_UI_Catalog_SegmentedControls, TestData_2=TINTED, TestData_1=DEFAULT, TestData_10=, TestData_11=, TestData_12=, TestData_13=, TestData_14=, TestData_4=Search, TestData_3=Check, TestData_6=CUSTOM SEGMENTS, TestData_5=Tools, TestData_8=Search, TestData_7=Done, TestData_9=Settings}<br/>
<a href="#Output-191945292" onClick='toggleBox("Output-191945292", this, "Show output", "Hide output");'>Show output</a>

<a href="#Output-191945292" onClick="toggleAllBoxes();">Show all outputs</a>
<div class='log' id="Output-191945292">
01_02_2018_08_40_23_231 -  Started Test : test_07_UI_Catalog_SegmentedControls<br/>
01_02_2018_08_40_23_513 -  Swiping Vertically Down <br/>
01_02_2018_08_40_27_733 -  Waiting For Element : [[IOSDriver:  on MAC (114d3d69-0993-466b-be1e-10bb67e88b45)] -> accessibility id: Segmented Controls]<br/>
01_02_2018_08_40_28_051 -  Is the Element Displayed on Screen : [[IOSDriver:  on MAC (114d3d69-0993-466b-be1e-10bb67e88b45)] -> accessibility id: Segmented Controls]<br/>
01_02_2018_08_40_28_345 -  Waiting For Element : [[IOSDriver:  on MAC (114d3d69-0993-466b-be1e-10bb67e88b45)] -> accessibility id: Segmented Controls]<br/>
01_02_2018_08_40_28_660 -  Fetching the text : [[IOSDriver:  on MAC (114d3d69-0993-466b-be1e-10bb67e88b45)] -> accessibility id: Segmented Controls]<br/>
01_02_2018_08_40_28_963 -  Waiting For Element : [[IOSDriver:  on MAC (114d3d69-0993-466b-be1e-10bb67e88b45)] -> accessibility id: Segmented Controls]<br/>
01_02_2018_08_40_29_956 -  Clicked :  [[IOSDriver:  on MAC (114d3d69-0993-466b-be1e-10bb67e88b45)] -> accessibility id: Segmented Controls]<br/>
01_02_2018_08_40_29_956 -  Waiting for : 1 second(s)<br/>
01_02_2018_08_40_31_030 -  Capturing Screenshot and Adding to Extent Reports<br/>
01_02_2018_08_40_31_112 -  Is the Element Displayed on Screen : [[IOSDriver:  on MAC (114d3d69-0993-466b-be1e-10bb67e88b45)] -> accessibility id: Segmented Controls]<br/>
01_02_2018_08_40_32_710 -  Waiting For Element : [[IOSDriver:  on MAC (114d3d69-0993-466b-be1e-10bb67e88b45)] -> xpath: //XCUIElementTypeOther[@name='DEFAULT']]<br/>
01_02_2018_08_40_33_013 -  Fetching the text : [[IOSDriver:  on MAC (114d3d69-0993-466b-be1e-10bb67e88b45)] -> xpath: //XCUIElementTypeOther[@name='DEFAULT']]<br/>
01_02_2018_08_40_34_713 -  Waiting For Element : [[IOSDriver:  on MAC (114d3d69-0993-466b-be1e-10bb67e88b45)] -> xpath: //XCUIElementTypeCell[1]//XCUIElementTypeButton[@name='Check']]<br/>
01_02_2018_08_40_35_025 -  Waiting For Element : [[IOSDriver:  on MAC (114d3d69-0993-466b-be1e-10bb67e88b45)] -> xpath: //XCUIElementTypeCell[1]//XCUIElementTypeButton[@name='Check']]<br/>
01_02_2018_08_40_35_397 -  Fetching the Attribute : name - Element : [[IOSDriver:  on MAC (114d3d69-0993-466b-be1e-10bb67e88b45)] -> xpath: //XCUIElementTypeCell[1]//XCUIElementTypeButton[@name='Check']]<br/>
01_02_2018_08_40_35_720 -  Waiting For Element : [[IOSDriver:  on MAC (114d3d69-0993-466b-be1e-10bb67e88b45)] -> xpath: //XCUIElementTypeCell[1]//XCUIElementTypeButton[@name='Check']]<br/>
01_02_2018_08_40_36_818 -  Clicked :  [[IOSDriver:  on MAC (114d3d69-0993-466b-be1e-10bb67e88b45)] -> xpath: //XCUIElementTypeCell[1]//XCUIElementTypeButton[@name='Check']]<br/>
01_02_2018_08_40_38_256 -  Waiting For Element : [[IOSDriver:  on MAC (114d3d69-0993-466b-be1e-10bb67e88b45)] -> xpath: //XCUIElementTypeCell[1]//XCUIElementTypeButton[@name='Search']]<br/>
01_02_2018_08_40_38_611 -  Waiting For Element : [[IOSDriver:  on MAC (114d3d69-0993-466b-be1e-10bb67e88b45)] -> xpath: //XCUIElementTypeCell[1]//XCUIElementTypeButton[@name='Search']]<br/>
01_02_2018_08_40_38_948 -  Fetching the Attribute : name - Element : [[IOSDriver:  on MAC (114d3d69-0993-466b-be1e-10bb67e88b45)] -> xpath: //XCUIElementTypeCell[1]//XCUIElementTypeButton[@name='Search']]<br/>
01_02_2018_08_40_39_202 -  Waiting For Element : [[IOSDriver:  on MAC (114d3d69-0993-466b-be1e-10bb67e88b45)] -> xpath: //XCUIElementTypeCell[1]//XCUIElementTypeButton[@name='Search']]<br/>
01_02_2018_08_40_40_160 -  Clicked :  [[IOSDriver:  on MAC (114d3d69-0993-466b-be1e-10bb67e88b45)] -> xpath: //XCUIElementTypeCell[1]//XCUIElementTypeButton[@name='Search']]<br/>
01_02_2018_08_40_41_436 -  Waiting For Element : [[IOSDriver:  on MAC (114d3d69-0993-466b-be1e-10bb67e88b45)] -> xpath: //XCUIElementTypeCell[1]//XCUIElementTypeButton[@name='Tools']]<br/>
01_02_2018_08_40_41_701 -  Waiting For Element : [[IOSDriver:  on MAC (114d3d69-0993-466b-be1e-10bb67e88b45)] -> xpath: //XCUIElementTypeCell[1]//XCUIElementTypeButton[@name='Tools']]<br/>
01_02_2018_08_40_41_954 -  Fetching the Attribute : name - Element : [[IOSDriver:  on MAC (114d3d69-0993-466b-be1e-10bb67e88b45)] -> xpath: //XCUIElementTypeCell[1]//XCUIElementTypeButton[@name='Tools']]<br/>
01_02_2018_08_40_42_212 -  Waiting For Element : [[IOSDriver:  on MAC (114d3d69-0993-466b-be1e-10bb67e88b45)] -> xpath: //XCUIElementTypeCell[1]//XCUIElementTypeButton[@name='Tools']]<br/>
01_02_2018_08_40_43_082 -  Clicked :  [[IOSDriver:  on MAC (114d3d69-0993-466b-be1e-10bb67e88b45)] -> xpath: //XCUIElementTypeCell[1]//XCUIElementTypeButton[@name='Tools']]<br/>
01_02_2018_08_41_03_214 -  Test Failed : test_07_UI_Catalog_SegmentedControls<br/>
</div>
</td>
<td><div><pre>org.openqa.selenium.NoSuchElementException: An element could not be located on the page using the given search parameters. (WARNING: The server did not provide any stacktrace information)
Command duration or timeout: 20.13 seconds
For documentation on this error, please visit: http://seleniumhq.org/exceptions/no_such_element.html
Build info: version: &apos;3.3.1&apos;, revision: &apos;5234b32&apos;, time: &apos;2017-03-10 09:04:52 -0800&apos;
System info: host: &apos;Sambeets-MacBook-Air.local&apos;, ip: &apos;fe80:0:0:0:c4:4fd:8ddb:f3db%en0&apos;, os.name: &apos;Mac OS X&apos;, os.arch: &apos;x86_64&apos;, os.version: &apos;10.13.2&apos;, java.version: &apos;1.8.0_131&apos;
Driver info: io.appium.java_client.ios.IOSDriver
Capabilities [{networkConnectionEnabled=false, noReset=true, bundleId=com.example.apple-samplecode.UICatalog, databaseEnabled=false, deviceName=iPhone 7, platform=MAC, platformVersion=10.3, webStorageEnabled=false, locationContextEnabled=false, browserName=, takesScreenshot=true, javascriptEnabled=true, platformName=iOS, udid=702C4E08-F609-4476-BE92-F21EECE76F33}]
Session ID: 114d3d69-0993-466b-be1e-10bb67e88b45
*** Element info: {Using=xpath, value=//XCUIElementTypeOther[@name=&apos;TINTED&apos;]}
	at sun.reflect.NativeConstructorAccessorImpl.newInstance0(Native Method)
	at sun.reflect.NativeConstructorAccessorImpl.newInstance(NativeConstructorAccessorImpl.java:62)
	at sun.reflect.DelegatingConstructorAccessorImpl.newInstance(DelegatingConstructorAccessorImpl.java:45)
	at java.lang.reflect.Constructor.newInstance(Constructor.java:423)
	at org.openqa.selenium.remote.ErrorHandler.createThrowable(ErrorHandler.java:216)
	at org.openqa.selenium.remote.ErrorHandler.throwIfResponseFailed(ErrorHandler.java:168)
	at org.openqa.selenium.remote.RemoteWebDriver.execute(RemoteWebDriver.java:638)
	at io.appium.java_client.DefaultGenericMobileDriver.execute(DefaultGenericMobileDriver.java:40)
	at io.appium.java_client.AppiumDriver.execute(AppiumDriver.java:1)
	at io.appium.java_client.ios.IOSDriver.execute(IOSDriver.java:1)
	at org.openqa.selenium.remote.RemoteWebDriver.findElement(RemoteWebDriver.java:371)
	at io.appium.java_client.DefaultGenericMobileDriver.findElement(DefaultGenericMobileDriver.java:56)
	at io.appium.java_client.AppiumDriver.findElement(AppiumDriver.java:1)
	at io.appium.java_client.ios.IOSDriver.findElement(IOSDriver.java:1)
	at org.openqa.selenium.remote.RemoteWebDriver.findElementByXPath(RemoteWebDriver.java:476)
	at io.appium.java_client.DefaultGenericMobileDriver.findElementByXPath(DefaultGenericMobileDriver.java:134)
	at io.appium.java_client.AppiumDriver.findElementByXPath(AppiumDriver.java:1)
	at io.appium.java_client.ios.IOSDriver.findElementByXPath(IOSDriver.java:1)
	at iOS.POMLibrary.Get_WebElement_JSON.getElementByXpath(Unknown Source)
	at iOS.UI_Catalog.scripts.Test_07_UI_Catalog_SegmentedControls.test_07_UI_Catalog_SegmentedControls(Unknown Source)
	at sun.reflect.NativeMethodAccessorImpl.invoke0(Native Method)
	at sun.reflect.NativeMethodAccessorImpl.invoke(NativeMethodAccessorImpl.java:62)
	at sun.reflect.DelegatingMethodAccessorImpl.invoke(DelegatingMethodAccessorImpl.java:43)
	at java.lang.reflect.Method.invoke(Method.java:498)
	at org.testng.internal.MethodInvocationHelper.invokeMethod(MethodInvocationHelper.java:104)
	at org.testng.internal.Invoker.invokeMethod(Invoker.java:645)
	at org.testng.internal.Invoker.invokeTestMethod(Invoker.java:851)
	at org.testng.internal.Invoker.invokeTestMethods(Invoker.java:1177)
	at org.testng.internal.TestMethodWorker.invokeTestMethods(TestMethodWorker.java:129)
	at org.testng.internal.TestMethodWorker.run(TestMethodWorker.java:112)
	at org.testng.TestRunner.privateRun(TestRunner.java:756)
	at org.testng.TestRunner.run(TestRunner.java:610)
	at org.testng.SuiteRunner.runTest(SuiteRunner.java:387)
	at org.testng.SuiteRunner.runSequentially(SuiteRunner.java:382)
	at org.testng.SuiteRunner.privateRun(SuiteRunner.java:340)
	at org.testng.SuiteRunner.run(SuiteRunner.java:289)
	at org.testng.SuiteRunnerWorker.runSuite(SuiteRunnerWorker.java:52)
	at org.testng.SuiteRunnerWorker.run(SuiteRunnerWorker.java:86)
	at org.testng.TestNG.runSuitesSequentially(TestNG.java:1293)
	at org.testng.TestNG.runSuitesSequentially(TestNG.java:1289)
	at org.testng.TestNG.runSuitesLocally(TestNG.java:1218)
	at org.testng.TestNG.runSuites(TestNG.java:1133)
	at org.testng.TestNG.run(TestNG.java:1104)
	at org.testng.TestNG.privateMain(TestNG.java:1434)
	at org.testng.TestNG.main(TestNG.java:1403)
</pre></div><a href='#' onClick='toggleBox("stack-trace191945292", this, "Click to show all stack frames", "Click to hide stack frames")'>Click to show all stack frames</a>
<div class='stack-trace' id='stack-trace191945292'><pre>org.openqa.selenium.NoSuchElementException: An element could not be located on the page using the given search parameters. (WARNING: The server did not provide any stacktrace information)
Command duration or timeout: 20.13 seconds
For documentation on this error, please visit: http://seleniumhq.org/exceptions/no_such_element.html
Build info: version: &apos;3.3.1&apos;, revision: &apos;5234b32&apos;, time: &apos;2017-03-10 09:04:52 -0800&apos;
System info: host: &apos;Sambeets-MacBook-Air.local&apos;, ip: &apos;fe80:0:0:0:c4:4fd:8ddb:f3db%en0&apos;, os.name: &apos;Mac OS X&apos;, os.arch: &apos;x86_64&apos;, os.version: &apos;10.13.2&apos;, java.version: &apos;1.8.0_131&apos;
Driver info: io.appium.java_client.ios.IOSDriver
Capabilities [{networkConnectionEnabled=false, noReset=true, bundleId=com.example.apple-samplecode.UICatalog, databaseEnabled=false, deviceName=iPhone 7, platform=MAC, platformVersion=10.3, webStorageEnabled=false, locationContextEnabled=false, browserName=, takesScreenshot=true, javascriptEnabled=true, platformName=iOS, udid=702C4E08-F609-4476-BE92-F21EECE76F33}]
Session ID: 114d3d69-0993-466b-be1e-10bb67e88b45
*** Element info: {Using=xpath, value=//XCUIElementTypeOther[@name=&apos;TINTED&apos;]}
	at sun.reflect.NativeConstructorAccessorImpl.newInstance0(Native Method)
	at sun.reflect.NativeConstructorAccessorImpl.newInstance(NativeConstructorAccessorImpl.java:62)
	at sun.reflect.DelegatingConstructorAccessorImpl.newInstance(DelegatingConstructorAccessorImpl.java:45)
	at java.lang.reflect.Constructor.newInstance(Constructor.java:423)
	at org.openqa.selenium.remote.ErrorHandler.createThrowable(ErrorHandler.java:216)
	at org.openqa.selenium.remote.ErrorHandler.throwIfResponseFailed(ErrorHandler.java:168)
	at org.openqa.selenium.remote.RemoteWebDriver.execute(RemoteWebDriver.java:638)
	at io.appium.java_client.DefaultGenericMobileDriver.execute(DefaultGenericMobileDriver.java:40)
	at io.appium.java_client.AppiumDriver.execute(AppiumDriver.java:1)
	at io.appium.java_client.ios.IOSDriver.execute(IOSDriver.java:1)
	at org.openqa.selenium.remote.RemoteWebDriver.findElement(RemoteWebDriver.java:371)
	at io.appium.java_client.DefaultGenericMobileDriver.findElement(DefaultGenericMobileDriver.java:56)
	at io.appium.java_client.AppiumDriver.findElement(AppiumDriver.java:1)
	at io.appium.java_client.ios.IOSDriver.findElement(IOSDriver.java:1)
	at org.openqa.selenium.remote.RemoteWebDriver.findElementByXPath(RemoteWebDriver.java:476)
	at io.appium.java_client.DefaultGenericMobileDriver.findElementByXPath(DefaultGenericMobileDriver.java:134)
	at io.appium.java_client.AppiumDriver.findElementByXPath(AppiumDriver.java:1)
	at io.appium.java_client.ios.IOSDriver.findElementByXPath(IOSDriver.java:1)
	at iOS.POMLibrary.Get_WebElement_JSON.getElementByXpath(Unknown Source)
	at iOS.UI_Catalog.scripts.Test_07_UI_Catalog_SegmentedControls.test_07_UI_Catalog_SegmentedControls(Unknown Source)
	at sun.reflect.NativeMethodAccessorImpl.invoke0(Native Method)
	at sun.reflect.NativeMethodAccessorImpl.invoke(NativeMethodAccessorImpl.java:62)
	at sun.reflect.DelegatingMethodAccessorImpl.invoke(DelegatingMethodAccessorImpl.java:43)
	at java.lang.reflect.Method.invoke(Method.java:498)
	at org.testng.internal.MethodInvocationHelper.invokeMethod(MethodInvocationHelper.java:104)
	at org.testng.internal.Invoker.invokeMethod(Invoker.java:645)
	at org.testng.internal.Invoker.invokeTestMethod(Invoker.java:851)
	at org.testng.internal.Invoker.invokeTestMethods(Invoker.java:1177)
	at org.testng.internal.TestMethodWorker.invokeTestMethods(TestMethodWorker.java:129)
	at org.testng.internal.TestMethodWorker.run(TestMethodWorker.java:112)
	at org.testng.TestRunner.privateRun(TestRunner.java:756)
	at org.testng.TestRunner.run(TestRunner.java:610)
	at org.testng.SuiteRunner.runTest(SuiteRunner.java:387)
	at org.testng.SuiteRunner.runSequentially(SuiteRunner.java:382)
	at org.testng.SuiteRunner.privateRun(SuiteRunner.java:340)
	at org.testng.SuiteRunner.run(SuiteRunner.java:289)
	at org.testng.SuiteRunnerWorker.runSuite(SuiteRunnerWorker.java:52)
	at org.testng.SuiteRunnerWorker.run(SuiteRunnerWorker.java:86)
	at org.testng.TestNG.runSuitesSequentially(TestNG.java:1293)
	at org.testng.TestNG.runSuitesSequentially(TestNG.java:1289)
	at org.testng.TestNG.runSuitesLocally(TestNG.java:1218)
	at org.testng.TestNG.runSuites(TestNG.java:1133)
	at org.testng.TestNG.run(TestNG.java:1104)
	at org.testng.TestNG.privateMain(TestNG.java:1434)
	at org.testng.TestNG.main(TestNG.java:1403)
</pre></div></td>
<td>39</td>
<td>iOS.UI_Catalog.scripts.Test_07_UI_Catalog_SegmentedControls@34ce8af7</td></tr>
<tr>
<td title='iOS.UI_Catalog.scripts.Test_08_UI_Catalog_Sliders.test_08_UI_Catalog_Sliders()'><b>test_08_UI_Catalog_Sliders</b><br>Test class: iOS.UI_Catalog.scripts.Test_08_UI_Catalog_Sliders<br/>
<a href="#Output-852026681" onClick='toggleBox("Output-852026681", this, "Show output", "Hide output");'>Show output</a>

<a href="#Output-852026681" onClick="toggleAllBoxes();">Show all outputs</a>
<div class='log' id="Output-852026681">
01_02_2018_08_41_13_356 -  Started Test : test_08_UI_Catalog_Sliders<br/>
01_02_2018_08_41_13_358 -  Test Failed : test_08_UI_Catalog_Sliders<br/>
</div>
</td>
<td><div><pre>org.openqa.selenium.WebDriverException: org.apache.http.conn.HttpHostConnectException: Connect to 127.0.0.1:4723 [/127.0.0.1] failed: Connection refused (Connection refused)
Build info: version: &apos;3.3.1&apos;, revision: &apos;5234b32&apos;, time: &apos;2017-03-10 09:04:52 -0800&apos;
System info: host: &apos;Sambeets-MacBook-Air.local&apos;, ip: &apos;fe80:0:0:0:c4:4fd:8ddb:f3db%en0&apos;, os.name: &apos;Mac OS X&apos;, os.arch: &apos;x86_64&apos;, os.version: &apos;10.13.2&apos;, java.version: &apos;1.8.0_131&apos;
Driver info: driver.version: AppiumDriver
	at io.appium.java_client.remote.AppiumCommandExecutor.execute(AppiumCommandExecutor.java:84)
	at org.openqa.selenium.remote.RemoteWebDriver.execute(RemoteWebDriver.java:604)
	at io.appium.java_client.DefaultGenericMobileDriver.execute(DefaultGenericMobileDriver.java:40)
	at io.appium.java_client.AppiumDriver.execute(AppiumDriver.java:235)
	at org.openqa.selenium.remote.RemoteWebDriver$RemoteWebDriverOptions$RemoteWindow.getSize(RemoteWebDriver.java:871)
	at iOS.Utilities.Utility.swipeDown_Vertical(Unknown Source)
	at iOS.UI_Catalog.scripts.Test_08_UI_Catalog_Sliders.test_08_UI_Catalog_Sliders(Unknown Source)
	at sun.reflect.NativeMethodAccessorImpl.invoke0(Native Method)
	at sun.reflect.NativeMethodAccessorImpl.invoke(NativeMethodAccessorImpl.java:62)
	at sun.reflect.DelegatingMethodAccessorImpl.invoke(DelegatingMethodAccessorImpl.java:43)
	at java.lang.reflect.Method.invoke(Method.java:498)
	at org.testng.internal.MethodInvocationHelper.invokeMethod(MethodInvocationHelper.java:104)
	at org.testng.internal.Invoker.invokeMethod(Invoker.java:645)
	at org.testng.internal.Invoker.invokeTestMethod(Invoker.java:851)
	at org.testng.internal.Invoker.invokeTestMethods(Invoker.java:1177)
	at org.testng.internal.TestMethodWorker.invokeTestMethods(TestMethodWorker.java:129)
	at org.testng.internal.TestMethodWorker.run(TestMethodWorker.java:112)
	at org.testng.TestRunner.privateRun(TestRunner.java:756)
	at org.testng.TestRunner.run(TestRunner.java:610)
	at org.testng.SuiteRunner.runTest(SuiteRunner.java:387)
	at org.testng.SuiteRunner.runSequentially(SuiteRunner.java:382)
	at org.testng.SuiteRunner.privateRun(SuiteRunner.java:340)
	at org.testng.SuiteRunner.run(SuiteRunner.java:289)
	at org.testng.SuiteRunnerWorker.runSuite(SuiteRunnerWorker.java:52)
	at org.testng.SuiteRunnerWorker.run(SuiteRunnerWorker.java:86)
	at org.testng.TestNG.runSuitesSequentially(TestNG.java:1293)
	at org.testng.TestNG.runSuitesSequentially(TestNG.java:1289)
	at org.testng.TestNG.runSuitesLocally(TestNG.java:1218)
	at org.testng.TestNG.runSuites(TestNG.java:1133)
	at org.testng.TestNG.run(TestNG.java:1104)
	at org.testng.TestNG.privateMain(TestNG.java:1434)
	at org.testng.TestNG.main(TestNG.java:1403)
Caused by: org.apache.http.conn.HttpHostConnectException: Connect to 127.0.0.1:4723 [/127.0.0.1] failed: Connection refused (Connection refused)
	at org.apache.http.impl.conn.DefaultHttpClientConnectionOperator.connect(DefaultHttpClientConnectionOperator.java:158)
	at org.apache.http.impl.conn.PoolingHttpClientConnectionManager.connect(PoolingHttpClientConnectionManager.java:353)
	at org.apache.http.impl.execchain.MainClientExec.establishRoute(MainClientExec.java:380)
	at org.apache.http.impl.execchain.MainClientExec.execute(MainClientExec.java:236)
	at org.apache.http.impl.execchain.ProtocolExec.execute(ProtocolExec.java:184)
	at org.apache.http.impl.execchain.RetryExec.execute(RetryExec.java:88)
	at org.apache.http.impl.execchain.RedirectExec.execute(RedirectExec.java:110)
	at org.apache.http.impl.client.InternalHttpClient.doExecute(InternalHttpClient.java:184)
	at org.apache.http.impl.client.CloseableHttpClient.execute(CloseableHttpClient.java:71)
	at org.apache.http.impl.client.CloseableHttpClient.execute(CloseableHttpClient.java:55)
	at org.openqa.selenium.remote.internal.ApacheHttpClient.fallBackExecute(ApacheHttpClient.java:142)
	at org.openqa.selenium.remote.internal.ApacheHttpClient.execute(ApacheHttpClient.java:88)
	at org.openqa.selenium.remote.HttpCommandExecutor.execute(HttpCommandExecutor.java:160)
	at io.appium.java_client.remote.AppiumCommandExecutor.execute(AppiumCommandExecutor.java:69)
	... 31 more
Caused by: java.net.ConnectException: Connection refused (Connection refused)
	at java.net.PlainSocketImpl.socketConnect(Native Method)
	at java.net.AbstractPlainSocketImpl.doConnect(AbstractPlainSocketImpl.java:350)
	at java.net.AbstractPlainSocketImpl.connectToAddress(AbstractPlainSocketImpl.java:206)
	at java.net.AbstractPlainSocketImpl.connect(AbstractPlainSocketImpl.java:188)
	at java.net.SocksSocketImpl.connect(SocksSocketImpl.java:392)
	at java.net.Socket.connect(Socket.java:589)
	at org.apache.http.conn.socket.PlainConnectionSocketFactory.connectSocket(PlainConnectionSocketFactory.java:74)
	at org.apache.http.impl.conn.DefaultHttpClientConnectionOperator.connect(DefaultHttpClientConnectionOperator.java:141)
	... 44 more
</pre></div><a href='#' onClick='toggleBox("stack-trace852026681", this, "Click to show all stack frames", "Click to hide stack frames")'>Click to show all stack frames</a>
<div class='stack-trace' id='stack-trace852026681'><pre>org.openqa.selenium.WebDriverException: org.apache.http.conn.HttpHostConnectException: Connect to 127.0.0.1:4723 [/127.0.0.1] failed: Connection refused (Connection refused)
Build info: version: &apos;3.3.1&apos;, revision: &apos;5234b32&apos;, time: &apos;2017-03-10 09:04:52 -0800&apos;
System info: host: &apos;Sambeets-MacBook-Air.local&apos;, ip: &apos;fe80:0:0:0:c4:4fd:8ddb:f3db%en0&apos;, os.name: &apos;Mac OS X&apos;, os.arch: &apos;x86_64&apos;, os.version: &apos;10.13.2&apos;, java.version: &apos;1.8.0_131&apos;
Driver info: driver.version: AppiumDriver
	at io.appium.java_client.remote.AppiumCommandExecutor.execute(AppiumCommandExecutor.java:84)
	at org.openqa.selenium.remote.RemoteWebDriver.execute(RemoteWebDriver.java:604)
	at io.appium.java_client.DefaultGenericMobileDriver.execute(DefaultGenericMobileDriver.java:40)
	at io.appium.java_client.AppiumDriver.execute(AppiumDriver.java:235)
	at org.openqa.selenium.remote.RemoteWebDriver$RemoteWebDriverOptions$RemoteWindow.getSize(RemoteWebDriver.java:871)
	at iOS.Utilities.Utility.swipeDown_Vertical(Unknown Source)
	at iOS.UI_Catalog.scripts.Test_08_UI_Catalog_Sliders.test_08_UI_Catalog_Sliders(Unknown Source)
	at sun.reflect.NativeMethodAccessorImpl.invoke0(Native Method)
	at sun.reflect.NativeMethodAccessorImpl.invoke(NativeMethodAccessorImpl.java:62)
	at sun.reflect.DelegatingMethodAccessorImpl.invoke(DelegatingMethodAccessorImpl.java:43)
	at java.lang.reflect.Method.invoke(Method.java:498)
	at org.testng.internal.MethodInvocationHelper.invokeMethod(MethodInvocationHelper.java:104)
	at org.testng.internal.Invoker.invokeMethod(Invoker.java:645)
	at org.testng.internal.Invoker.invokeTestMethod(Invoker.java:851)
	at org.testng.internal.Invoker.invokeTestMethods(Invoker.java:1177)
	at org.testng.internal.TestMethodWorker.invokeTestMethods(TestMethodWorker.java:129)
	at org.testng.internal.TestMethodWorker.run(TestMethodWorker.java:112)
	at org.testng.TestRunner.privateRun(TestRunner.java:756)
	at org.testng.TestRunner.run(TestRunner.java:610)
	at org.testng.SuiteRunner.runTest(SuiteRunner.java:387)
	at org.testng.SuiteRunner.runSequentially(SuiteRunner.java:382)
	at org.testng.SuiteRunner.privateRun(SuiteRunner.java:340)
	at org.testng.SuiteRunner.run(SuiteRunner.java:289)
	at org.testng.SuiteRunnerWorker.runSuite(SuiteRunnerWorker.java:52)
	at org.testng.SuiteRunnerWorker.run(SuiteRunnerWorker.java:86)
	at org.testng.TestNG.runSuitesSequentially(TestNG.java:1293)
	at org.testng.TestNG.runSuitesSequentially(TestNG.java:1289)
	at org.testng.TestNG.runSuitesLocally(TestNG.java:1218)
	at org.testng.TestNG.runSuites(TestNG.java:1133)
	at org.testng.TestNG.run(TestNG.java:1104)
	at org.testng.TestNG.privateMain(TestNG.java:1434)
	at org.testng.TestNG.main(TestNG.java:1403)
Caused by: org.apache.http.conn.HttpHostConnectException: Connect to 127.0.0.1:4723 [/127.0.0.1] failed: Connection refused (Connection refused)
	at org.apache.http.impl.conn.DefaultHttpClientConnectionOperator.connect(DefaultHttpClientConnectionOperator.java:158)
	at org.apache.http.impl.conn.PoolingHttpClientConnectionManager.connect(PoolingHttpClientConnectionManager.java:353)
	at org.apache.http.impl.execchain.MainClientExec.establishRoute(MainClientExec.java:380)
	at org.apache.http.impl.execchain.MainClientExec.execute(MainClientExec.java:236)
	at org.apache.http.impl.execchain.ProtocolExec.execute(ProtocolExec.java:184)
	at org.apache.http.impl.execchain.RetryExec.execute(RetryExec.java:88)
	at org.apache.http.impl.execchain.RedirectExec.execute(RedirectExec.java:110)
	at org.apache.http.impl.client.InternalHttpClient.doExecute(InternalHttpClient.java:184)
	at org.apache.http.impl.client.CloseableHttpClient.execute(CloseableHttpClient.java:71)
	at org.apache.http.impl.client.CloseableHttpClient.execute(CloseableHttpClient.java:55)
	at org.openqa.selenium.remote.internal.ApacheHttpClient.fallBackExecute(ApacheHttpClient.java:142)
	at org.openqa.selenium.remote.internal.ApacheHttpClient.execute(ApacheHttpClient.java:88)
	at org.openqa.selenium.remote.HttpCommandExecutor.execute(HttpCommandExecutor.java:160)
	at io.appium.java_client.remote.AppiumCommandExecutor.execute(AppiumCommandExecutor.java:69)
	... 31 more
Caused by: java.net.ConnectException: Connection refused (Connection refused)
	at java.net.PlainSocketImpl.socketConnect(Native Method)
	at java.net.AbstractPlainSocketImpl.doConnect(AbstractPlainSocketImpl.java:350)
	at java.net.AbstractPlainSocketImpl.connectToAddress(AbstractPlainSocketImpl.java:206)
	at java.net.AbstractPlainSocketImpl.connect(AbstractPlainSocketImpl.java:188)
	at java.net.SocksSocketImpl.connect(SocksSocketImpl.java:392)
	at java.net.Socket.connect(Socket.java:589)
	at org.apache.http.conn.socket.PlainConnectionSocketFactory.connectSocket(PlainConnectionSocketFactory.java:74)
	at org.apache.http.impl.conn.DefaultHttpClientConnectionOperator.connect(DefaultHttpClientConnectionOperator.java:141)
	... 44 more
</pre></div></td>
<td>0</td>
<td>iOS.UI_Catalog.scripts.Test_08_UI_Catalog_Sliders@b684286</td></tr>
<tr>
<td title='iOS.UI_Catalog.scripts.Test_09_UI_Catalog_Steppers.test_09_UI_Catalog_Steppers()'><b>test_09_UI_Catalog_Steppers</b><br>Test class: iOS.UI_Catalog.scripts.Test_09_UI_Catalog_Steppers<br>Parameters: {Script_name=Test_09_UI_Catalog_Steppers, TestData_2=TINTED, TestData_1=DEFAULT, TestData_10=, TestData_11=, TestData_12=, TestData_13=, TestData_14=, TestData_4=Decrement, TestData_3=CUSTOM, TestData_6=10, TestData_5=Increment, TestData_8=, TestData_7=, TestData_9=}<br/>
<a href="#Output-1123236701" onClick='toggleBox("Output-1123236701", this, "Show output", "Hide output");'>Show output</a>

<a href="#Output-1123236701" onClick="toggleAllBoxes();">Show all outputs</a>
<div class='log' id="Output-1123236701">
01_02_2018_08_41_13_369 -  Started Test : test_09_UI_Catalog_Steppers<br/>
01_02_2018_08_41_13_370 -  Test Failed : test_09_UI_Catalog_Steppers<br/>
</div>
</td>
<td><div><pre>org.openqa.selenium.WebDriverException: org.apache.http.conn.HttpHostConnectException: Connect to 127.0.0.1:4723 [/127.0.0.1] failed: Connection refused (Connection refused)
Build info: version: &apos;3.3.1&apos;, revision: &apos;5234b32&apos;, time: &apos;2017-03-10 09:04:52 -0800&apos;
System info: host: &apos;Sambeets-MacBook-Air.local&apos;, ip: &apos;fe80:0:0:0:c4:4fd:8ddb:f3db%en0&apos;, os.name: &apos;Mac OS X&apos;, os.arch: &apos;x86_64&apos;, os.version: &apos;10.13.2&apos;, java.version: &apos;1.8.0_131&apos;
Driver info: driver.version: AppiumDriver
	at io.appium.java_client.remote.AppiumCommandExecutor.execute(AppiumCommandExecutor.java:84)
	at org.openqa.selenium.remote.RemoteWebDriver.execute(RemoteWebDriver.java:604)
	at io.appium.java_client.DefaultGenericMobileDriver.execute(DefaultGenericMobileDriver.java:40)
	at io.appium.java_client.AppiumDriver.execute(AppiumDriver.java:235)
	at org.openqa.selenium.remote.RemoteWebDriver$RemoteWebDriverOptions$RemoteWindow.getSize(RemoteWebDriver.java:871)
	at iOS.Utilities.Utility.swipeDown_Vertical(Unknown Source)
	at iOS.UI_Catalog.scripts.Test_09_UI_Catalog_Steppers.test_09_UI_Catalog_Steppers(Unknown Source)
	at sun.reflect.NativeMethodAccessorImpl.invoke0(Native Method)
	at sun.reflect.NativeMethodAccessorImpl.invoke(NativeMethodAccessorImpl.java:62)
	at sun.reflect.DelegatingMethodAccessorImpl.invoke(DelegatingMethodAccessorImpl.java:43)
	at java.lang.reflect.Method.invoke(Method.java:498)
	at org.testng.internal.MethodInvocationHelper.invokeMethod(MethodInvocationHelper.java:104)
	at org.testng.internal.Invoker.invokeMethod(Invoker.java:645)
	at org.testng.internal.Invoker.invokeTestMethod(Invoker.java:851)
	at org.testng.internal.Invoker.invokeTestMethods(Invoker.java:1177)
	at org.testng.internal.TestMethodWorker.invokeTestMethods(TestMethodWorker.java:129)
	at org.testng.internal.TestMethodWorker.run(TestMethodWorker.java:112)
	at org.testng.TestRunner.privateRun(TestRunner.java:756)
	at org.testng.TestRunner.run(TestRunner.java:610)
	at org.testng.SuiteRunner.runTest(SuiteRunner.java:387)
	at org.testng.SuiteRunner.runSequentially(SuiteRunner.java:382)
	at org.testng.SuiteRunner.privateRun(SuiteRunner.java:340)
	at org.testng.SuiteRunner.run(SuiteRunner.java:289)
	at org.testng.SuiteRunnerWorker.runSuite(SuiteRunnerWorker.java:52)
	at org.testng.SuiteRunnerWorker.run(SuiteRunnerWorker.java:86)
	at org.testng.TestNG.runSuitesSequentially(TestNG.java:1293)
	at org.testng.TestNG.runSuitesSequentially(TestNG.java:1289)
	at org.testng.TestNG.runSuitesLocally(TestNG.java:1218)
	at org.testng.TestNG.runSuites(TestNG.java:1133)
	at org.testng.TestNG.run(TestNG.java:1104)
	at org.testng.TestNG.privateMain(TestNG.java:1434)
	at org.testng.TestNG.main(TestNG.java:1403)
Caused by: org.apache.http.conn.HttpHostConnectException: Connect to 127.0.0.1:4723 [/127.0.0.1] failed: Connection refused (Connection refused)
	at org.apache.http.impl.conn.DefaultHttpClientConnectionOperator.connect(DefaultHttpClientConnectionOperator.java:158)
	at org.apache.http.impl.conn.PoolingHttpClientConnectionManager.connect(PoolingHttpClientConnectionManager.java:353)
	at org.apache.http.impl.execchain.MainClientExec.establishRoute(MainClientExec.java:380)
	at org.apache.http.impl.execchain.MainClientExec.execute(MainClientExec.java:236)
	at org.apache.http.impl.execchain.ProtocolExec.execute(ProtocolExec.java:184)
	at org.apache.http.impl.execchain.RetryExec.execute(RetryExec.java:88)
	at org.apache.http.impl.execchain.RedirectExec.execute(RedirectExec.java:110)
	at org.apache.http.impl.client.InternalHttpClient.doExecute(InternalHttpClient.java:184)
	at org.apache.http.impl.client.CloseableHttpClient.execute(CloseableHttpClient.java:71)
	at org.apache.http.impl.client.CloseableHttpClient.execute(CloseableHttpClient.java:55)
	at org.openqa.selenium.remote.internal.ApacheHttpClient.fallBackExecute(ApacheHttpClient.java:142)
	at org.openqa.selenium.remote.internal.ApacheHttpClient.execute(ApacheHttpClient.java:88)
	at org.openqa.selenium.remote.HttpCommandExecutor.execute(HttpCommandExecutor.java:160)
	at io.appium.java_client.remote.AppiumCommandExecutor.execute(AppiumCommandExecutor.java:69)
	... 31 more
Caused by: java.net.ConnectException: Connection refused (Connection refused)
	at java.net.PlainSocketImpl.socketConnect(Native Method)
	at java.net.AbstractPlainSocketImpl.doConnect(AbstractPlainSocketImpl.java:350)
	at java.net.AbstractPlainSocketImpl.connectToAddress(AbstractPlainSocketImpl.java:206)
	at java.net.AbstractPlainSocketImpl.connect(AbstractPlainSocketImpl.java:188)
	at java.net.SocksSocketImpl.connect(SocksSocketImpl.java:392)
	at java.net.Socket.connect(Socket.java:589)
	at org.apache.http.conn.socket.PlainConnectionSocketFactory.connectSocket(PlainConnectionSocketFactory.java:74)
	at org.apache.http.impl.conn.DefaultHttpClientConnectionOperator.connect(DefaultHttpClientConnectionOperator.java:141)
	... 44 more
</pre></div><a href='#' onClick='toggleBox("stack-trace1123236701", this, "Click to show all stack frames", "Click to hide stack frames")'>Click to show all stack frames</a>
<div class='stack-trace' id='stack-trace1123236701'><pre>org.openqa.selenium.WebDriverException: org.apache.http.conn.HttpHostConnectException: Connect to 127.0.0.1:4723 [/127.0.0.1] failed: Connection refused (Connection refused)
Build info: version: &apos;3.3.1&apos;, revision: &apos;5234b32&apos;, time: &apos;2017-03-10 09:04:52 -0800&apos;
System info: host: &apos;Sambeets-MacBook-Air.local&apos;, ip: &apos;fe80:0:0:0:c4:4fd:8ddb:f3db%en0&apos;, os.name: &apos;Mac OS X&apos;, os.arch: &apos;x86_64&apos;, os.version: &apos;10.13.2&apos;, java.version: &apos;1.8.0_131&apos;
Driver info: driver.version: AppiumDriver
	at io.appium.java_client.remote.AppiumCommandExecutor.execute(AppiumCommandExecutor.java:84)
	at org.openqa.selenium.remote.RemoteWebDriver.execute(RemoteWebDriver.java:604)
	at io.appium.java_client.DefaultGenericMobileDriver.execute(DefaultGenericMobileDriver.java:40)
	at io.appium.java_client.AppiumDriver.execute(AppiumDriver.java:235)
	at org.openqa.selenium.remote.RemoteWebDriver$RemoteWebDriverOptions$RemoteWindow.getSize(RemoteWebDriver.java:871)
	at iOS.Utilities.Utility.swipeDown_Vertical(Unknown Source)
	at iOS.UI_Catalog.scripts.Test_09_UI_Catalog_Steppers.test_09_UI_Catalog_Steppers(Unknown Source)
	at sun.reflect.NativeMethodAccessorImpl.invoke0(Native Method)
	at sun.reflect.NativeMethodAccessorImpl.invoke(NativeMethodAccessorImpl.java:62)
	at sun.reflect.DelegatingMethodAccessorImpl.invoke(DelegatingMethodAccessorImpl.java:43)
	at java.lang.reflect.Method.invoke(Method.java:498)
	at org.testng.internal.MethodInvocationHelper.invokeMethod(MethodInvocationHelper.java:104)
	at org.testng.internal.Invoker.invokeMethod(Invoker.java:645)
	at org.testng.internal.Invoker.invokeTestMethod(Invoker.java:851)
	at org.testng.internal.Invoker.invokeTestMethods(Invoker.java:1177)
	at org.testng.internal.TestMethodWorker.invokeTestMethods(TestMethodWorker.java:129)
	at org.testng.internal.TestMethodWorker.run(TestMethodWorker.java:112)
	at org.testng.TestRunner.privateRun(TestRunner.java:756)
	at org.testng.TestRunner.run(TestRunner.java:610)
	at org.testng.SuiteRunner.runTest(SuiteRunner.java:387)
	at org.testng.SuiteRunner.runSequentially(SuiteRunner.java:382)
	at org.testng.SuiteRunner.privateRun(SuiteRunner.java:340)
	at org.testng.SuiteRunner.run(SuiteRunner.java:289)
	at org.testng.SuiteRunnerWorker.runSuite(SuiteRunnerWorker.java:52)
	at org.testng.SuiteRunnerWorker.run(SuiteRunnerWorker.java:86)
	at org.testng.TestNG.runSuitesSequentially(TestNG.java:1293)
	at org.testng.TestNG.runSuitesSequentially(TestNG.java:1289)
	at org.testng.TestNG.runSuitesLocally(TestNG.java:1218)
	at org.testng.TestNG.runSuites(TestNG.java:1133)
	at org.testng.TestNG.run(TestNG.java:1104)
	at org.testng.TestNG.privateMain(TestNG.java:1434)
	at org.testng.TestNG.main(TestNG.java:1403)
Caused by: org.apache.http.conn.HttpHostConnectException: Connect to 127.0.0.1:4723 [/127.0.0.1] failed: Connection refused (Connection refused)
	at org.apache.http.impl.conn.DefaultHttpClientConnectionOperator.connect(DefaultHttpClientConnectionOperator.java:158)
	at org.apache.http.impl.conn.PoolingHttpClientConnectionManager.connect(PoolingHttpClientConnectionManager.java:353)
	at org.apache.http.impl.execchain.MainClientExec.establishRoute(MainClientExec.java:380)
	at org.apache.http.impl.execchain.MainClientExec.execute(MainClientExec.java:236)
	at org.apache.http.impl.execchain.ProtocolExec.execute(ProtocolExec.java:184)
	at org.apache.http.impl.execchain.RetryExec.execute(RetryExec.java:88)
	at org.apache.http.impl.execchain.RedirectExec.execute(RedirectExec.java:110)
	at org.apache.http.impl.client.InternalHttpClient.doExecute(InternalHttpClient.java:184)
	at org.apache.http.impl.client.CloseableHttpClient.execute(CloseableHttpClient.java:71)
	at org.apache.http.impl.client.CloseableHttpClient.execute(CloseableHttpClient.java:55)
	at org.openqa.selenium.remote.internal.ApacheHttpClient.fallBackExecute(ApacheHttpClient.java:142)
	at org.openqa.selenium.remote.internal.ApacheHttpClient.execute(ApacheHttpClient.java:88)
	at org.openqa.selenium.remote.HttpCommandExecutor.execute(HttpCommandExecutor.java:160)
	at io.appium.java_client.remote.AppiumCommandExecutor.execute(AppiumCommandExecutor.java:69)
	... 31 more
Caused by: java.net.ConnectException: Connection refused (Connection refused)
	at java.net.PlainSocketImpl.socketConnect(Native Method)
	at java.net.AbstractPlainSocketImpl.doConnect(AbstractPlainSocketImpl.java:350)
	at java.net.AbstractPlainSocketImpl.connectToAddress(AbstractPlainSocketImpl.java:206)
	at java.net.AbstractPlainSocketImpl.connect(AbstractPlainSocketImpl.java:188)
	at java.net.SocksSocketImpl.connect(SocksSocketImpl.java:392)
	at java.net.Socket.connect(Socket.java:589)
	at org.apache.http.conn.socket.PlainConnectionSocketFactory.connectSocket(PlainConnectionSocketFactory.java:74)
	at org.apache.http.impl.conn.DefaultHttpClientConnectionOperator.connect(DefaultHttpClientConnectionOperator.java:141)
	... 44 more
</pre></div></td>
<td>0</td>
<td>iOS.UI_Catalog.scripts.Test_09_UI_Catalog_Steppers@880ec60</td></tr>
<tr>
<td title='iOS.UI_Catalog.scripts.Test_10_UI_Catalog_Switches.test_10_UI_Catalog_Switches()'><b>test_10_UI_Catalog_Switches</b><br>Test class: iOS.UI_Catalog.scripts.Test_10_UI_Catalog_Switches<br>Parameters: {Script_name=Test_10_UI_Catalog_Switches, TestData_2=TINTED, TestData_1=DEFAULT, TestData_10=, TestData_11=, TestData_12=, TestData_13=, TestData_14=, TestData_4=, TestData_3=, TestData_6=, TestData_5=, TestData_8=, TestData_7=, TestData_9=}<br/>
<a href="#Output-1016633682" onClick='toggleBox("Output-1016633682", this, "Show output", "Hide output");'>Show output</a>

<a href="#Output-1016633682" onClick="toggleAllBoxes();">Show all outputs</a>
<div class='log' id="Output-1016633682">
01_02_2018_08_41_13_382 -  Started Test : test_10_UI_Catalog_Switches<br/>
01_02_2018_08_41_13_384 -  Test Failed : test_10_UI_Catalog_Switches<br/>
</div>
</td>
<td><div><pre>org.openqa.selenium.WebDriverException: org.apache.http.conn.HttpHostConnectException: Connect to 127.0.0.1:4723 [/127.0.0.1] failed: Connection refused (Connection refused)
Build info: version: &apos;3.3.1&apos;, revision: &apos;5234b32&apos;, time: &apos;2017-03-10 09:04:52 -0800&apos;
System info: host: &apos;Sambeets-MacBook-Air.local&apos;, ip: &apos;fe80:0:0:0:c4:4fd:8ddb:f3db%en0&apos;, os.name: &apos;Mac OS X&apos;, os.arch: &apos;x86_64&apos;, os.version: &apos;10.13.2&apos;, java.version: &apos;1.8.0_131&apos;
Driver info: driver.version: AppiumDriver
	at io.appium.java_client.remote.AppiumCommandExecutor.execute(AppiumCommandExecutor.java:84)
	at org.openqa.selenium.remote.RemoteWebDriver.execute(RemoteWebDriver.java:604)
	at io.appium.java_client.DefaultGenericMobileDriver.execute(DefaultGenericMobileDriver.java:40)
	at io.appium.java_client.AppiumDriver.execute(AppiumDriver.java:235)
	at org.openqa.selenium.remote.RemoteWebDriver$RemoteWebDriverOptions$RemoteWindow.getSize(RemoteWebDriver.java:871)
	at iOS.Utilities.Utility.swipeDown_Vertical(Unknown Source)
	at iOS.UI_Catalog.scripts.Test_10_UI_Catalog_Switches.test_10_UI_Catalog_Switches(Unknown Source)
	at sun.reflect.NativeMethodAccessorImpl.invoke0(Native Method)
	at sun.reflect.NativeMethodAccessorImpl.invoke(NativeMethodAccessorImpl.java:62)
	at sun.reflect.DelegatingMethodAccessorImpl.invoke(DelegatingMethodAccessorImpl.java:43)
	at java.lang.reflect.Method.invoke(Method.java:498)
	at org.testng.internal.MethodInvocationHelper.invokeMethod(MethodInvocationHelper.java:104)
	at org.testng.internal.Invoker.invokeMethod(Invoker.java:645)
	at org.testng.internal.Invoker.invokeTestMethod(Invoker.java:851)
	at org.testng.internal.Invoker.invokeTestMethods(Invoker.java:1177)
	at org.testng.internal.TestMethodWorker.invokeTestMethods(TestMethodWorker.java:129)
	at org.testng.internal.TestMethodWorker.run(TestMethodWorker.java:112)
	at org.testng.TestRunner.privateRun(TestRunner.java:756)
	at org.testng.TestRunner.run(TestRunner.java:610)
	at org.testng.SuiteRunner.runTest(SuiteRunner.java:387)
	at org.testng.SuiteRunner.runSequentially(SuiteRunner.java:382)
	at org.testng.SuiteRunner.privateRun(SuiteRunner.java:340)
	at org.testng.SuiteRunner.run(SuiteRunner.java:289)
	at org.testng.SuiteRunnerWorker.runSuite(SuiteRunnerWorker.java:52)
	at org.testng.SuiteRunnerWorker.run(SuiteRunnerWorker.java:86)
	at org.testng.TestNG.runSuitesSequentially(TestNG.java:1293)
	at org.testng.TestNG.runSuitesSequentially(TestNG.java:1289)
	at org.testng.TestNG.runSuitesLocally(TestNG.java:1218)
	at org.testng.TestNG.runSuites(TestNG.java:1133)
	at org.testng.TestNG.run(TestNG.java:1104)
	at org.testng.TestNG.privateMain(TestNG.java:1434)
	at org.testng.TestNG.main(TestNG.java:1403)
Caused by: org.apache.http.conn.HttpHostConnectException: Connect to 127.0.0.1:4723 [/127.0.0.1] failed: Connection refused (Connection refused)
	at org.apache.http.impl.conn.DefaultHttpClientConnectionOperator.connect(DefaultHttpClientConnectionOperator.java:158)
	at org.apache.http.impl.conn.PoolingHttpClientConnectionManager.connect(PoolingHttpClientConnectionManager.java:353)
	at org.apache.http.impl.execchain.MainClientExec.establishRoute(MainClientExec.java:380)
	at org.apache.http.impl.execchain.MainClientExec.execute(MainClientExec.java:236)
	at org.apache.http.impl.execchain.ProtocolExec.execute(ProtocolExec.java:184)
	at org.apache.http.impl.execchain.RetryExec.execute(RetryExec.java:88)
	at org.apache.http.impl.execchain.RedirectExec.execute(RedirectExec.java:110)
	at org.apache.http.impl.client.InternalHttpClient.doExecute(InternalHttpClient.java:184)
	at org.apache.http.impl.client.CloseableHttpClient.execute(CloseableHttpClient.java:71)
	at org.apache.http.impl.client.CloseableHttpClient.execute(CloseableHttpClient.java:55)
	at org.openqa.selenium.remote.internal.ApacheHttpClient.fallBackExecute(ApacheHttpClient.java:142)
	at org.openqa.selenium.remote.internal.ApacheHttpClient.execute(ApacheHttpClient.java:88)
	at org.openqa.selenium.remote.HttpCommandExecutor.execute(HttpCommandExecutor.java:160)
	at io.appium.java_client.remote.AppiumCommandExecutor.execute(AppiumCommandExecutor.java:69)
	... 31 more
Caused by: java.net.ConnectException: Connection refused (Connection refused)
	at java.net.PlainSocketImpl.socketConnect(Native Method)
	at java.net.AbstractPlainSocketImpl.doConnect(AbstractPlainSocketImpl.java:350)
	at java.net.AbstractPlainSocketImpl.connectToAddress(AbstractPlainSocketImpl.java:206)
	at java.net.AbstractPlainSocketImpl.connect(AbstractPlainSocketImpl.java:188)
	at java.net.SocksSocketImpl.connect(SocksSocketImpl.java:392)
	at java.net.Socket.connect(Socket.java:589)
	at org.apache.http.conn.socket.PlainConnectionSocketFactory.connectSocket(PlainConnectionSocketFactory.java:74)
	at org.apache.http.impl.conn.DefaultHttpClientConnectionOperator.connect(DefaultHttpClientConnectionOperator.java:141)
	... 44 more
</pre></div><a href='#' onClick='toggleBox("stack-trace1016633682", this, "Click to show all stack frames", "Click to hide stack frames")'>Click to show all stack frames</a>
<div class='stack-trace' id='stack-trace1016633682'><pre>org.openqa.selenium.WebDriverException: org.apache.http.conn.HttpHostConnectException: Connect to 127.0.0.1:4723 [/127.0.0.1] failed: Connection refused (Connection refused)
Build info: version: &apos;3.3.1&apos;, revision: &apos;5234b32&apos;, time: &apos;2017-03-10 09:04:52 -0800&apos;
System info: host: &apos;Sambeets-MacBook-Air.local&apos;, ip: &apos;fe80:0:0:0:c4:4fd:8ddb:f3db%en0&apos;, os.name: &apos;Mac OS X&apos;, os.arch: &apos;x86_64&apos;, os.version: &apos;10.13.2&apos;, java.version: &apos;1.8.0_131&apos;
Driver info: driver.version: AppiumDriver
	at io.appium.java_client.remote.AppiumCommandExecutor.execute(AppiumCommandExecutor.java:84)
	at org.openqa.selenium.remote.RemoteWebDriver.execute(RemoteWebDriver.java:604)
	at io.appium.java_client.DefaultGenericMobileDriver.execute(DefaultGenericMobileDriver.java:40)
	at io.appium.java_client.AppiumDriver.execute(AppiumDriver.java:235)
	at org.openqa.selenium.remote.RemoteWebDriver$RemoteWebDriverOptions$RemoteWindow.getSize(RemoteWebDriver.java:871)
	at iOS.Utilities.Utility.swipeDown_Vertical(Unknown Source)
	at iOS.UI_Catalog.scripts.Test_10_UI_Catalog_Switches.test_10_UI_Catalog_Switches(Unknown Source)
	at sun.reflect.NativeMethodAccessorImpl.invoke0(Native Method)
	at sun.reflect.NativeMethodAccessorImpl.invoke(NativeMethodAccessorImpl.java:62)
	at sun.reflect.DelegatingMethodAccessorImpl.invoke(DelegatingMethodAccessorImpl.java:43)
	at java.lang.reflect.Method.invoke(Method.java:498)
	at org.testng.internal.MethodInvocationHelper.invokeMethod(MethodInvocationHelper.java:104)
	at org.testng.internal.Invoker.invokeMethod(Invoker.java:645)
	at org.testng.internal.Invoker.invokeTestMethod(Invoker.java:851)
	at org.testng.internal.Invoker.invokeTestMethods(Invoker.java:1177)
	at org.testng.internal.TestMethodWorker.invokeTestMethods(TestMethodWorker.java:129)
	at org.testng.internal.TestMethodWorker.run(TestMethodWorker.java:112)
	at org.testng.TestRunner.privateRun(TestRunner.java:756)
	at org.testng.TestRunner.run(TestRunner.java:610)
	at org.testng.SuiteRunner.runTest(SuiteRunner.java:387)
	at org.testng.SuiteRunner.runSequentially(SuiteRunner.java:382)
	at org.testng.SuiteRunner.privateRun(SuiteRunner.java:340)
	at org.testng.SuiteRunner.run(SuiteRunner.java:289)
	at org.testng.SuiteRunnerWorker.runSuite(SuiteRunnerWorker.java:52)
	at org.testng.SuiteRunnerWorker.run(SuiteRunnerWorker.java:86)
	at org.testng.TestNG.runSuitesSequentially(TestNG.java:1293)
	at org.testng.TestNG.runSuitesSequentially(TestNG.java:1289)
	at org.testng.TestNG.runSuitesLocally(TestNG.java:1218)
	at org.testng.TestNG.runSuites(TestNG.java:1133)
	at org.testng.TestNG.run(TestNG.java:1104)
	at org.testng.TestNG.privateMain(TestNG.java:1434)
	at org.testng.TestNG.main(TestNG.java:1403)
Caused by: org.apache.http.conn.HttpHostConnectException: Connect to 127.0.0.1:4723 [/127.0.0.1] failed: Connection refused (Connection refused)
	at org.apache.http.impl.conn.DefaultHttpClientConnectionOperator.connect(DefaultHttpClientConnectionOperator.java:158)
	at org.apache.http.impl.conn.PoolingHttpClientConnectionManager.connect(PoolingHttpClientConnectionManager.java:353)
	at org.apache.http.impl.execchain.MainClientExec.establishRoute(MainClientExec.java:380)
	at org.apache.http.impl.execchain.MainClientExec.execute(MainClientExec.java:236)
	at org.apache.http.impl.execchain.ProtocolExec.execute(ProtocolExec.java:184)
	at org.apache.http.impl.execchain.RetryExec.execute(RetryExec.java:88)
	at org.apache.http.impl.execchain.RedirectExec.execute(RedirectExec.java:110)
	at org.apache.http.impl.client.InternalHttpClient.doExecute(InternalHttpClient.java:184)
	at org.apache.http.impl.client.CloseableHttpClient.execute(CloseableHttpClient.java:71)
	at org.apache.http.impl.client.CloseableHttpClient.execute(CloseableHttpClient.java:55)
	at org.openqa.selenium.remote.internal.ApacheHttpClient.fallBackExecute(ApacheHttpClient.java:142)
	at org.openqa.selenium.remote.internal.ApacheHttpClient.execute(ApacheHttpClient.java:88)
	at org.openqa.selenium.remote.HttpCommandExecutor.execute(HttpCommandExecutor.java:160)
	at io.appium.java_client.remote.AppiumCommandExecutor.execute(AppiumCommandExecutor.java:69)
	... 31 more
Caused by: java.net.ConnectException: Connection refused (Connection refused)
	at java.net.PlainSocketImpl.socketConnect(Native Method)
	at java.net.AbstractPlainSocketImpl.doConnect(AbstractPlainSocketImpl.java:350)
	at java.net.AbstractPlainSocketImpl.connectToAddress(AbstractPlainSocketImpl.java:206)
	at java.net.AbstractPlainSocketImpl.connect(AbstractPlainSocketImpl.java:188)
	at java.net.SocksSocketImpl.connect(SocksSocketImpl.java:392)
	at java.net.Socket.connect(Socket.java:589)
	at org.apache.http.conn.socket.PlainConnectionSocketFactory.connectSocket(PlainConnectionSocketFactory.java:74)
	at org.apache.http.impl.conn.DefaultHttpClientConnectionOperator.connect(DefaultHttpClientConnectionOperator.java:141)
	... 44 more
</pre></div></td>
<td>0</td>
<td>iOS.UI_Catalog.scripts.Test_10_UI_Catalog_Switches@3f3afe78</td></tr>
<tr>
<td title='iOS.UI_Catalog.scripts.Test_11_UI_Catalog_TextFields.test_11_UI_Catalog_TextFields()'><b>test_11_UI_Catalog_TextFields</b><br>Test class: iOS.UI_Catalog.scripts.Test_11_UI_Catalog_TextFields<br>Parameters: {Script_name=Test_11_UI_Catalog_TextFields, TestData_2=TINTED, TestData_1=DEFAULT, TestData_10=Specific_Text_DU, TestData_11=Custom Made Text &@, TestData_12=, TestData_13=, TestData_14=, TestData_4=SPECIFIC KEYBOARD, TestData_3=SECURE, TestData_6=Placeholder text, TestData_5=CUSTOM, TestData_8=Tinted_Text_Pin2, TestData_7=Default_Text_Sam1, TestData_9=Secure_TextP}<br/>
<a href="#Output-867093003" onClick='toggleBox("Output-867093003", this, "Show output", "Hide output");'>Show output</a>

<a href="#Output-867093003" onClick="toggleAllBoxes();">Show all outputs</a>
<div class='log' id="Output-867093003">
01_02_2018_08_41_13_397 -  Started Test : test_11_UI_Catalog_TextFields<br/>
01_02_2018_08_41_13_399 -  Test Failed : test_11_UI_Catalog_TextFields<br/>
</div>
</td>
<td><div><pre>org.openqa.selenium.WebDriverException: org.apache.http.conn.HttpHostConnectException: Connect to 127.0.0.1:4723 [/127.0.0.1] failed: Connection refused (Connection refused)
Build info: version: &apos;3.3.1&apos;, revision: &apos;5234b32&apos;, time: &apos;2017-03-10 09:04:52 -0800&apos;
System info: host: &apos;Sambeets-MacBook-Air.local&apos;, ip: &apos;fe80:0:0:0:c4:4fd:8ddb:f3db%en0&apos;, os.name: &apos;Mac OS X&apos;, os.arch: &apos;x86_64&apos;, os.version: &apos;10.13.2&apos;, java.version: &apos;1.8.0_131&apos;
Driver info: driver.version: AppiumDriver
	at io.appium.java_client.remote.AppiumCommandExecutor.execute(AppiumCommandExecutor.java:84)
	at org.openqa.selenium.remote.RemoteWebDriver.execute(RemoteWebDriver.java:604)
	at io.appium.java_client.DefaultGenericMobileDriver.execute(DefaultGenericMobileDriver.java:40)
	at io.appium.java_client.AppiumDriver.execute(AppiumDriver.java:235)
	at org.openqa.selenium.remote.RemoteWebDriver$RemoteWebDriverOptions$RemoteWindow.getSize(RemoteWebDriver.java:871)
	at iOS.Utilities.Utility.swipeDown_Vertical(Unknown Source)
	at iOS.UI_Catalog.scripts.Test_11_UI_Catalog_TextFields.test_11_UI_Catalog_TextFields(Unknown Source)
	at sun.reflect.NativeMethodAccessorImpl.invoke0(Native Method)
	at sun.reflect.NativeMethodAccessorImpl.invoke(NativeMethodAccessorImpl.java:62)
	at sun.reflect.DelegatingMethodAccessorImpl.invoke(DelegatingMethodAccessorImpl.java:43)
	at java.lang.reflect.Method.invoke(Method.java:498)
	at org.testng.internal.MethodInvocationHelper.invokeMethod(MethodInvocationHelper.java:104)
	at org.testng.internal.Invoker.invokeMethod(Invoker.java:645)
	at org.testng.internal.Invoker.invokeTestMethod(Invoker.java:851)
	at org.testng.internal.Invoker.invokeTestMethods(Invoker.java:1177)
	at org.testng.internal.TestMethodWorker.invokeTestMethods(TestMethodWorker.java:129)
	at org.testng.internal.TestMethodWorker.run(TestMethodWorker.java:112)
	at org.testng.TestRunner.privateRun(TestRunner.java:756)
	at org.testng.TestRunner.run(TestRunner.java:610)
	at org.testng.SuiteRunner.runTest(SuiteRunner.java:387)
	at org.testng.SuiteRunner.runSequentially(SuiteRunner.java:382)
	at org.testng.SuiteRunner.privateRun(SuiteRunner.java:340)
	at org.testng.SuiteRunner.run(SuiteRunner.java:289)
	at org.testng.SuiteRunnerWorker.runSuite(SuiteRunnerWorker.java:52)
	at org.testng.SuiteRunnerWorker.run(SuiteRunnerWorker.java:86)
	at org.testng.TestNG.runSuitesSequentially(TestNG.java:1293)
	at org.testng.TestNG.runSuitesSequentially(TestNG.java:1289)
	at org.testng.TestNG.runSuitesLocally(TestNG.java:1218)
	at org.testng.TestNG.runSuites(TestNG.java:1133)
	at org.testng.TestNG.run(TestNG.java:1104)
	at org.testng.TestNG.privateMain(TestNG.java:1434)
	at org.testng.TestNG.main(TestNG.java:1403)
Caused by: org.apache.http.conn.HttpHostConnectException: Connect to 127.0.0.1:4723 [/127.0.0.1] failed: Connection refused (Connection refused)
	at org.apache.http.impl.conn.DefaultHttpClientConnectionOperator.connect(DefaultHttpClientConnectionOperator.java:158)
	at org.apache.http.impl.conn.PoolingHttpClientConnectionManager.connect(PoolingHttpClientConnectionManager.java:353)
	at org.apache.http.impl.execchain.MainClientExec.establishRoute(MainClientExec.java:380)
	at org.apache.http.impl.execchain.MainClientExec.execute(MainClientExec.java:236)
	at org.apache.http.impl.execchain.ProtocolExec.execute(ProtocolExec.java:184)
	at org.apache.http.impl.execchain.RetryExec.execute(RetryExec.java:88)
	at org.apache.http.impl.execchain.RedirectExec.execute(RedirectExec.java:110)
	at org.apache.http.impl.client.InternalHttpClient.doExecute(InternalHttpClient.java:184)
	at org.apache.http.impl.client.CloseableHttpClient.execute(CloseableHttpClient.java:71)
	at org.apache.http.impl.client.CloseableHttpClient.execute(CloseableHttpClient.java:55)
	at org.openqa.selenium.remote.internal.ApacheHttpClient.fallBackExecute(ApacheHttpClient.java:142)
	at org.openqa.selenium.remote.internal.ApacheHttpClient.execute(ApacheHttpClient.java:88)
	at org.openqa.selenium.remote.HttpCommandExecutor.execute(HttpCommandExecutor.java:160)
	at io.appium.java_client.remote.AppiumCommandExecutor.execute(AppiumCommandExecutor.java:69)
	... 31 more
Caused by: java.net.ConnectException: Connection refused (Connection refused)
	at java.net.PlainSocketImpl.socketConnect(Native Method)
	at java.net.AbstractPlainSocketImpl.doConnect(AbstractPlainSocketImpl.java:350)
	at java.net.AbstractPlainSocketImpl.connectToAddress(AbstractPlainSocketImpl.java:206)
	at java.net.AbstractPlainSocketImpl.connect(AbstractPlainSocketImpl.java:188)
	at java.net.SocksSocketImpl.connect(SocksSocketImpl.java:392)
	at java.net.Socket.connect(Socket.java:589)
	at org.apache.http.conn.socket.PlainConnectionSocketFactory.connectSocket(PlainConnectionSocketFactory.java:74)
	at org.apache.http.impl.conn.DefaultHttpClientConnectionOperator.connect(DefaultHttpClientConnectionOperator.java:141)
	... 44 more
</pre></div><a href='#' onClick='toggleBox("stack-trace867093003", this, "Click to show all stack frames", "Click to hide stack frames")'>Click to show all stack frames</a>
<div class='stack-trace' id='stack-trace867093003'><pre>org.openqa.selenium.WebDriverException: org.apache.http.conn.HttpHostConnectException: Connect to 127.0.0.1:4723 [/127.0.0.1] failed: Connection refused (Connection refused)
Build info: version: &apos;3.3.1&apos;, revision: &apos;5234b32&apos;, time: &apos;2017-03-10 09:04:52 -0800&apos;
System info: host: &apos;Sambeets-MacBook-Air.local&apos;, ip: &apos;fe80:0:0:0:c4:4fd:8ddb:f3db%en0&apos;, os.name: &apos;Mac OS X&apos;, os.arch: &apos;x86_64&apos;, os.version: &apos;10.13.2&apos;, java.version: &apos;1.8.0_131&apos;
Driver info: driver.version: AppiumDriver
	at io.appium.java_client.remote.AppiumCommandExecutor.execute(AppiumCommandExecutor.java:84)
	at org.openqa.selenium.remote.RemoteWebDriver.execute(RemoteWebDriver.java:604)
	at io.appium.java_client.DefaultGenericMobileDriver.execute(DefaultGenericMobileDriver.java:40)
	at io.appium.java_client.AppiumDriver.execute(AppiumDriver.java:235)
	at org.openqa.selenium.remote.RemoteWebDriver$RemoteWebDriverOptions$RemoteWindow.getSize(RemoteWebDriver.java:871)
	at iOS.Utilities.Utility.swipeDown_Vertical(Unknown Source)
	at iOS.UI_Catalog.scripts.Test_11_UI_Catalog_TextFields.test_11_UI_Catalog_TextFields(Unknown Source)
	at sun.reflect.NativeMethodAccessorImpl.invoke0(Native Method)
	at sun.reflect.NativeMethodAccessorImpl.invoke(NativeMethodAccessorImpl.java:62)
	at sun.reflect.DelegatingMethodAccessorImpl.invoke(DelegatingMethodAccessorImpl.java:43)
	at java.lang.reflect.Method.invoke(Method.java:498)
	at org.testng.internal.MethodInvocationHelper.invokeMethod(MethodInvocationHelper.java:104)
	at org.testng.internal.Invoker.invokeMethod(Invoker.java:645)
	at org.testng.internal.Invoker.invokeTestMethod(Invoker.java:851)
	at org.testng.internal.Invoker.invokeTestMethods(Invoker.java:1177)
	at org.testng.internal.TestMethodWorker.invokeTestMethods(TestMethodWorker.java:129)
	at org.testng.internal.TestMethodWorker.run(TestMethodWorker.java:112)
	at org.testng.TestRunner.privateRun(TestRunner.java:756)
	at org.testng.TestRunner.run(TestRunner.java:610)
	at org.testng.SuiteRunner.runTest(SuiteRunner.java:387)
	at org.testng.SuiteRunner.runSequentially(SuiteRunner.java:382)
	at org.testng.SuiteRunner.privateRun(SuiteRunner.java:340)
	at org.testng.SuiteRunner.run(SuiteRunner.java:289)
	at org.testng.SuiteRunnerWorker.runSuite(SuiteRunnerWorker.java:52)
	at org.testng.SuiteRunnerWorker.run(SuiteRunnerWorker.java:86)
	at org.testng.TestNG.runSuitesSequentially(TestNG.java:1293)
	at org.testng.TestNG.runSuitesSequentially(TestNG.java:1289)
	at org.testng.TestNG.runSuitesLocally(TestNG.java:1218)
	at org.testng.TestNG.runSuites(TestNG.java:1133)
	at org.testng.TestNG.run(TestNG.java:1104)
	at org.testng.TestNG.privateMain(TestNG.java:1434)
	at org.testng.TestNG.main(TestNG.java:1403)
Caused by: org.apache.http.conn.HttpHostConnectException: Connect to 127.0.0.1:4723 [/127.0.0.1] failed: Connection refused (Connection refused)
	at org.apache.http.impl.conn.DefaultHttpClientConnectionOperator.connect(DefaultHttpClientConnectionOperator.java:158)
	at org.apache.http.impl.conn.PoolingHttpClientConnectionManager.connect(PoolingHttpClientConnectionManager.java:353)
	at org.apache.http.impl.execchain.MainClientExec.establishRoute(MainClientExec.java:380)
	at org.apache.http.impl.execchain.MainClientExec.execute(MainClientExec.java:236)
	at org.apache.http.impl.execchain.ProtocolExec.execute(ProtocolExec.java:184)
	at org.apache.http.impl.execchain.RetryExec.execute(RetryExec.java:88)
	at org.apache.http.impl.execchain.RedirectExec.execute(RedirectExec.java:110)
	at org.apache.http.impl.client.InternalHttpClient.doExecute(InternalHttpClient.java:184)
	at org.apache.http.impl.client.CloseableHttpClient.execute(CloseableHttpClient.java:71)
	at org.apache.http.impl.client.CloseableHttpClient.execute(CloseableHttpClient.java:55)
	at org.openqa.selenium.remote.internal.ApacheHttpClient.fallBackExecute(ApacheHttpClient.java:142)
	at org.openqa.selenium.remote.internal.ApacheHttpClient.execute(ApacheHttpClient.java:88)
	at org.openqa.selenium.remote.HttpCommandExecutor.execute(HttpCommandExecutor.java:160)
	at io.appium.java_client.remote.AppiumCommandExecutor.execute(AppiumCommandExecutor.java:69)
	... 31 more
Caused by: java.net.ConnectException: Connection refused (Connection refused)
	at java.net.PlainSocketImpl.socketConnect(Native Method)
	at java.net.AbstractPlainSocketImpl.doConnect(AbstractPlainSocketImpl.java:350)
	at java.net.AbstractPlainSocketImpl.connectToAddress(AbstractPlainSocketImpl.java:206)
	at java.net.AbstractPlainSocketImpl.connect(AbstractPlainSocketImpl.java:188)
	at java.net.SocksSocketImpl.connect(SocksSocketImpl.java:392)
	at java.net.Socket.connect(Socket.java:589)
	at org.apache.http.conn.socket.PlainConnectionSocketFactory.connectSocket(PlainConnectionSocketFactory.java:74)
	at org.apache.http.impl.conn.DefaultHttpClientConnectionOperator.connect(DefaultHttpClientConnectionOperator.java:141)
	... 44 more
</pre></div></td>
<td>0</td>
<td>iOS.UI_Catalog.scripts.Test_11_UI_Catalog_TextFields@7f63425a</td></tr>
<tr>
<td title='iOS.UI_Catalog.scripts.Test_12_UI_Catalog_TextView.test_12_UI_Catalog_TextView()'><b>test_12_UI_Catalog_TextView</b><br>Test class: iOS.UI_Catalog.scripts.Test_12_UI_Catalog_TextView<br/>
<a href="#Output-837073696" onClick='toggleBox("Output-837073696", this, "Show output", "Hide output");'>Show output</a>

<a href="#Output-837073696" onClick="toggleAllBoxes();">Show all outputs</a>
<div class='log' id="Output-837073696">
01_02_2018_08_41_13_410 -  Started Test : test_12_UI_Catalog_TextView<br/>
01_02_2018_08_41_13_412 -  Test Failed : test_12_UI_Catalog_TextView<br/>
</div>
</td>
<td><div><pre>org.openqa.selenium.WebDriverException: org.apache.http.conn.HttpHostConnectException: Connect to 127.0.0.1:4723 [/127.0.0.1] failed: Connection refused (Connection refused)
Build info: version: &apos;3.3.1&apos;, revision: &apos;5234b32&apos;, time: &apos;2017-03-10 09:04:52 -0800&apos;
System info: host: &apos;Sambeets-MacBook-Air.local&apos;, ip: &apos;fe80:0:0:0:c4:4fd:8ddb:f3db%en0&apos;, os.name: &apos;Mac OS X&apos;, os.arch: &apos;x86_64&apos;, os.version: &apos;10.13.2&apos;, java.version: &apos;1.8.0_131&apos;
Driver info: driver.version: AppiumDriver
	at io.appium.java_client.remote.AppiumCommandExecutor.execute(AppiumCommandExecutor.java:84)
	at org.openqa.selenium.remote.RemoteWebDriver.execute(RemoteWebDriver.java:604)
	at io.appium.java_client.DefaultGenericMobileDriver.execute(DefaultGenericMobileDriver.java:40)
	at io.appium.java_client.AppiumDriver.execute(AppiumDriver.java:235)
	at org.openqa.selenium.remote.RemoteWebDriver$RemoteWebDriverOptions$RemoteWindow.getSize(RemoteWebDriver.java:871)
	at iOS.Utilities.Utility.swipeDown_Vertical(Unknown Source)
	at iOS.UI_Catalog.scripts.Test_12_UI_Catalog_TextView.test_12_UI_Catalog_TextView(Unknown Source)
	at sun.reflect.NativeMethodAccessorImpl.invoke0(Native Method)
	at sun.reflect.NativeMethodAccessorImpl.invoke(NativeMethodAccessorImpl.java:62)
	at sun.reflect.DelegatingMethodAccessorImpl.invoke(DelegatingMethodAccessorImpl.java:43)
	at java.lang.reflect.Method.invoke(Method.java:498)
	at org.testng.internal.MethodInvocationHelper.invokeMethod(MethodInvocationHelper.java:104)
	at org.testng.internal.Invoker.invokeMethod(Invoker.java:645)
	at org.testng.internal.Invoker.invokeTestMethod(Invoker.java:851)
	at org.testng.internal.Invoker.invokeTestMethods(Invoker.java:1177)
	at org.testng.internal.TestMethodWorker.invokeTestMethods(TestMethodWorker.java:129)
	at org.testng.internal.TestMethodWorker.run(TestMethodWorker.java:112)
	at org.testng.TestRunner.privateRun(TestRunner.java:756)
	at org.testng.TestRunner.run(TestRunner.java:610)
	at org.testng.SuiteRunner.runTest(SuiteRunner.java:387)
	at org.testng.SuiteRunner.runSequentially(SuiteRunner.java:382)
	at org.testng.SuiteRunner.privateRun(SuiteRunner.java:340)
	at org.testng.SuiteRunner.run(SuiteRunner.java:289)
	at org.testng.SuiteRunnerWorker.runSuite(SuiteRunnerWorker.java:52)
	at org.testng.SuiteRunnerWorker.run(SuiteRunnerWorker.java:86)
	at org.testng.TestNG.runSuitesSequentially(TestNG.java:1293)
	at org.testng.TestNG.runSuitesSequentially(TestNG.java:1289)
	at org.testng.TestNG.runSuitesLocally(TestNG.java:1218)
	at org.testng.TestNG.runSuites(TestNG.java:1133)
	at org.testng.TestNG.run(TestNG.java:1104)
	at org.testng.TestNG.privateMain(TestNG.java:1434)
	at org.testng.TestNG.main(TestNG.java:1403)
Caused by: org.apache.http.conn.HttpHostConnectException: Connect to 127.0.0.1:4723 [/127.0.0.1] failed: Connection refused (Connection refused)
	at org.apache.http.impl.conn.DefaultHttpClientConnectionOperator.connect(DefaultHttpClientConnectionOperator.java:158)
	at org.apache.http.impl.conn.PoolingHttpClientConnectionManager.connect(PoolingHttpClientConnectionManager.java:353)
	at org.apache.http.impl.execchain.MainClientExec.establishRoute(MainClientExec.java:380)
	at org.apache.http.impl.execchain.MainClientExec.execute(MainClientExec.java:236)
	at org.apache.http.impl.execchain.ProtocolExec.execute(ProtocolExec.java:184)
	at org.apache.http.impl.execchain.RetryExec.execute(RetryExec.java:88)
	at org.apache.http.impl.execchain.RedirectExec.execute(RedirectExec.java:110)
	at org.apache.http.impl.client.InternalHttpClient.doExecute(InternalHttpClient.java:184)
	at org.apache.http.impl.client.CloseableHttpClient.execute(CloseableHttpClient.java:71)
	at org.apache.http.impl.client.CloseableHttpClient.execute(CloseableHttpClient.java:55)
	at org.openqa.selenium.remote.internal.ApacheHttpClient.fallBackExecute(ApacheHttpClient.java:142)
	at org.openqa.selenium.remote.internal.ApacheHttpClient.execute(ApacheHttpClient.java:88)
	at org.openqa.selenium.remote.HttpCommandExecutor.execute(HttpCommandExecutor.java:160)
	at io.appium.java_client.remote.AppiumCommandExecutor.execute(AppiumCommandExecutor.java:69)
	... 31 more
Caused by: java.net.ConnectException: Connection refused (Connection refused)
	at java.net.PlainSocketImpl.socketConnect(Native Method)
	at java.net.AbstractPlainSocketImpl.doConnect(AbstractPlainSocketImpl.java:350)
	at java.net.AbstractPlainSocketImpl.connectToAddress(AbstractPlainSocketImpl.java:206)
	at java.net.AbstractPlainSocketImpl.connect(AbstractPlainSocketImpl.java:188)
	at java.net.SocksSocketImpl.connect(SocksSocketImpl.java:392)
	at java.net.Socket.connect(Socket.java:589)
	at org.apache.http.conn.socket.PlainConnectionSocketFactory.connectSocket(PlainConnectionSocketFactory.java:74)
	at org.apache.http.impl.conn.DefaultHttpClientConnectionOperator.connect(DefaultHttpClientConnectionOperator.java:141)
	... 44 more
</pre></div><a href='#' onClick='toggleBox("stack-trace837073696", this, "Click to show all stack frames", "Click to hide stack frames")'>Click to show all stack frames</a>
<div class='stack-trace' id='stack-trace837073696'><pre>org.openqa.selenium.WebDriverException: org.apache.http.conn.HttpHostConnectException: Connect to 127.0.0.1:4723 [/127.0.0.1] failed: Connection refused (Connection refused)
Build info: version: &apos;3.3.1&apos;, revision: &apos;5234b32&apos;, time: &apos;2017-03-10 09:04:52 -0800&apos;
System info: host: &apos;Sambeets-MacBook-Air.local&apos;, ip: &apos;fe80:0:0:0:c4:4fd:8ddb:f3db%en0&apos;, os.name: &apos;Mac OS X&apos;, os.arch: &apos;x86_64&apos;, os.version: &apos;10.13.2&apos;, java.version: &apos;1.8.0_131&apos;
Driver info: driver.version: AppiumDriver
	at io.appium.java_client.remote.AppiumCommandExecutor.execute(AppiumCommandExecutor.java:84)
	at org.openqa.selenium.remote.RemoteWebDriver.execute(RemoteWebDriver.java:604)
	at io.appium.java_client.DefaultGenericMobileDriver.execute(DefaultGenericMobileDriver.java:40)
	at io.appium.java_client.AppiumDriver.execute(AppiumDriver.java:235)
	at org.openqa.selenium.remote.RemoteWebDriver$RemoteWebDriverOptions$RemoteWindow.getSize(RemoteWebDriver.java:871)
	at iOS.Utilities.Utility.swipeDown_Vertical(Unknown Source)
	at iOS.UI_Catalog.scripts.Test_12_UI_Catalog_TextView.test_12_UI_Catalog_TextView(Unknown Source)
	at sun.reflect.NativeMethodAccessorImpl.invoke0(Native Method)
	at sun.reflect.NativeMethodAccessorImpl.invoke(NativeMethodAccessorImpl.java:62)
	at sun.reflect.DelegatingMethodAccessorImpl.invoke(DelegatingMethodAccessorImpl.java:43)
	at java.lang.reflect.Method.invoke(Method.java:498)
	at org.testng.internal.MethodInvocationHelper.invokeMethod(MethodInvocationHelper.java:104)
	at org.testng.internal.Invoker.invokeMethod(Invoker.java:645)
	at org.testng.internal.Invoker.invokeTestMethod(Invoker.java:851)
	at org.testng.internal.Invoker.invokeTestMethods(Invoker.java:1177)
	at org.testng.internal.TestMethodWorker.invokeTestMethods(TestMethodWorker.java:129)
	at org.testng.internal.TestMethodWorker.run(TestMethodWorker.java:112)
	at org.testng.TestRunner.privateRun(TestRunner.java:756)
	at org.testng.TestRunner.run(TestRunner.java:610)
	at org.testng.SuiteRunner.runTest(SuiteRunner.java:387)
	at org.testng.SuiteRunner.runSequentially(SuiteRunner.java:382)
	at org.testng.SuiteRunner.privateRun(SuiteRunner.java:340)
	at org.testng.SuiteRunner.run(SuiteRunner.java:289)
	at org.testng.SuiteRunnerWorker.runSuite(SuiteRunnerWorker.java:52)
	at org.testng.SuiteRunnerWorker.run(SuiteRunnerWorker.java:86)
	at org.testng.TestNG.runSuitesSequentially(TestNG.java:1293)
	at org.testng.TestNG.runSuitesSequentially(TestNG.java:1289)
	at org.testng.TestNG.runSuitesLocally(TestNG.java:1218)
	at org.testng.TestNG.runSuites(TestNG.java:1133)
	at org.testng.TestNG.run(TestNG.java:1104)
	at org.testng.TestNG.privateMain(TestNG.java:1434)
	at org.testng.TestNG.main(TestNG.java:1403)
Caused by: org.apache.http.conn.HttpHostConnectException: Connect to 127.0.0.1:4723 [/127.0.0.1] failed: Connection refused (Connection refused)
	at org.apache.http.impl.conn.DefaultHttpClientConnectionOperator.connect(DefaultHttpClientConnectionOperator.java:158)
	at org.apache.http.impl.conn.PoolingHttpClientConnectionManager.connect(PoolingHttpClientConnectionManager.java:353)
	at org.apache.http.impl.execchain.MainClientExec.establishRoute(MainClientExec.java:380)
	at org.apache.http.impl.execchain.MainClientExec.execute(MainClientExec.java:236)
	at org.apache.http.impl.execchain.ProtocolExec.execute(ProtocolExec.java:184)
	at org.apache.http.impl.execchain.RetryExec.execute(RetryExec.java:88)
	at org.apache.http.impl.execchain.RedirectExec.execute(RedirectExec.java:110)
	at org.apache.http.impl.client.InternalHttpClient.doExecute(InternalHttpClient.java:184)
	at org.apache.http.impl.client.CloseableHttpClient.execute(CloseableHttpClient.java:71)
	at org.apache.http.impl.client.CloseableHttpClient.execute(CloseableHttpClient.java:55)
	at org.openqa.selenium.remote.internal.ApacheHttpClient.fallBackExecute(ApacheHttpClient.java:142)
	at org.openqa.selenium.remote.internal.ApacheHttpClient.execute(ApacheHttpClient.java:88)
	at org.openqa.selenium.remote.HttpCommandExecutor.execute(HttpCommandExecutor.java:160)
	at io.appium.java_client.remote.AppiumCommandExecutor.execute(AppiumCommandExecutor.java:69)
	... 31 more
Caused by: java.net.ConnectException: Connection refused (Connection refused)
	at java.net.PlainSocketImpl.socketConnect(Native Method)
	at java.net.AbstractPlainSocketImpl.doConnect(AbstractPlainSocketImpl.java:350)
	at java.net.AbstractPlainSocketImpl.connectToAddress(AbstractPlainSocketImpl.java:206)
	at java.net.AbstractPlainSocketImpl.connect(AbstractPlainSocketImpl.java:188)
	at java.net.SocksSocketImpl.connect(SocksSocketImpl.java:392)
	at java.net.Socket.connect(Socket.java:589)
	at org.apache.http.conn.socket.PlainConnectionSocketFactory.connectSocket(PlainConnectionSocketFactory.java:74)
	at org.apache.http.impl.conn.DefaultHttpClientConnectionOperator.connect(DefaultHttpClientConnectionOperator.java:141)
	... 44 more
</pre></div></td>
<td>0</td>
<td>iOS.UI_Catalog.scripts.Test_12_UI_Catalog_TextView@36d64342</td></tr>
<tr>
<td title='iOS.UI_Catalog.scripts.Test_13_UI_Catalog_SearchBars.test_13_UI_Catalog_TextView()'><b>test_13_UI_Catalog_TextView</b><br>Test class: iOS.UI_Catalog.scripts.Test_13_UI_Catalog_SearchBars<br>Parameters: {Script_name=Test_13_UI_Catalog_SearchBars, TestData_2=, TestData_1=Hello_There, TestData_10=, TestData_11=, TestData_12=, TestData_13=, TestData_14=, TestData_4=, TestData_3=, TestData_6=, TestData_5=, TestData_8=, TestData_7=, TestData_9=}<br/>
<a href="#Output-1271041075" onClick='toggleBox("Output-1271041075", this, "Show output", "Hide output");'>Show output</a>

<a href="#Output-1271041075" onClick="toggleAllBoxes();">Show all outputs</a>
<div class='log' id="Output-1271041075">
01_02_2018_08_41_13_426 -  Started Test : test_13_UI_Catalog_TextView<br/>
01_02_2018_08_41_13_428 -  Test Failed : test_13_UI_Catalog_TextView<br/>
</div>
</td>
<td><div><pre>org.openqa.selenium.WebDriverException: org.apache.http.conn.HttpHostConnectException: Connect to 127.0.0.1:4723 [/127.0.0.1] failed: Connection refused (Connection refused)
Build info: version: &apos;3.3.1&apos;, revision: &apos;5234b32&apos;, time: &apos;2017-03-10 09:04:52 -0800&apos;
System info: host: &apos;Sambeets-MacBook-Air.local&apos;, ip: &apos;fe80:0:0:0:c4:4fd:8ddb:f3db%en0&apos;, os.name: &apos;Mac OS X&apos;, os.arch: &apos;x86_64&apos;, os.version: &apos;10.13.2&apos;, java.version: &apos;1.8.0_131&apos;
Driver info: driver.version: AppiumDriver
	at io.appium.java_client.remote.AppiumCommandExecutor.execute(AppiumCommandExecutor.java:84)
	at org.openqa.selenium.remote.RemoteWebDriver.execute(RemoteWebDriver.java:604)
	at io.appium.java_client.DefaultGenericMobileDriver.execute(DefaultGenericMobileDriver.java:40)
	at io.appium.java_client.AppiumDriver.execute(AppiumDriver.java:235)
	at org.openqa.selenium.remote.RemoteWebDriver$RemoteWebDriverOptions$RemoteWindow.getSize(RemoteWebDriver.java:871)
	at iOS.Utilities.Utility.swipeDown_Vertical(Unknown Source)
	at iOS.UI_Catalog.scripts.Test_13_UI_Catalog_SearchBars.test_13_UI_Catalog_TextView(Unknown Source)
	at sun.reflect.NativeMethodAccessorImpl.invoke0(Native Method)
	at sun.reflect.NativeMethodAccessorImpl.invoke(NativeMethodAccessorImpl.java:62)
	at sun.reflect.DelegatingMethodAccessorImpl.invoke(DelegatingMethodAccessorImpl.java:43)
	at java.lang.reflect.Method.invoke(Method.java:498)
	at org.testng.internal.MethodInvocationHelper.invokeMethod(MethodInvocationHelper.java:104)
	at org.testng.internal.Invoker.invokeMethod(Invoker.java:645)
	at org.testng.internal.Invoker.invokeTestMethod(Invoker.java:851)
	at org.testng.internal.Invoker.invokeTestMethods(Invoker.java:1177)
	at org.testng.internal.TestMethodWorker.invokeTestMethods(TestMethodWorker.java:129)
	at org.testng.internal.TestMethodWorker.run(TestMethodWorker.java:112)
	at org.testng.TestRunner.privateRun(TestRunner.java:756)
	at org.testng.TestRunner.run(TestRunner.java:610)
	at org.testng.SuiteRunner.runTest(SuiteRunner.java:387)
	at org.testng.SuiteRunner.runSequentially(SuiteRunner.java:382)
	at org.testng.SuiteRunner.privateRun(SuiteRunner.java:340)
	at org.testng.SuiteRunner.run(SuiteRunner.java:289)
	at org.testng.SuiteRunnerWorker.runSuite(SuiteRunnerWorker.java:52)
	at org.testng.SuiteRunnerWorker.run(SuiteRunnerWorker.java:86)
	at org.testng.TestNG.runSuitesSequentially(TestNG.java:1293)
	at org.testng.TestNG.runSuitesSequentially(TestNG.java:1289)
	at org.testng.TestNG.runSuitesLocally(TestNG.java:1218)
	at org.testng.TestNG.runSuites(TestNG.java:1133)
	at org.testng.TestNG.run(TestNG.java:1104)
	at org.testng.TestNG.privateMain(TestNG.java:1434)
	at org.testng.TestNG.main(TestNG.java:1403)
Caused by: org.apache.http.conn.HttpHostConnectException: Connect to 127.0.0.1:4723 [/127.0.0.1] failed: Connection refused (Connection refused)
	at org.apache.http.impl.conn.DefaultHttpClientConnectionOperator.connect(DefaultHttpClientConnectionOperator.java:158)
	at org.apache.http.impl.conn.PoolingHttpClientConnectionManager.connect(PoolingHttpClientConnectionManager.java:353)
	at org.apache.http.impl.execchain.MainClientExec.establishRoute(MainClientExec.java:380)
	at org.apache.http.impl.execchain.MainClientExec.execute(MainClientExec.java:236)
	at org.apache.http.impl.execchain.ProtocolExec.execute(ProtocolExec.java:184)
	at org.apache.http.impl.execchain.RetryExec.execute(RetryExec.java:88)
	at org.apache.http.impl.execchain.RedirectExec.execute(RedirectExec.java:110)
	at org.apache.http.impl.client.InternalHttpClient.doExecute(InternalHttpClient.java:184)
	at org.apache.http.impl.client.CloseableHttpClient.execute(CloseableHttpClient.java:71)
	at org.apache.http.impl.client.CloseableHttpClient.execute(CloseableHttpClient.java:55)
	at org.openqa.selenium.remote.internal.ApacheHttpClient.fallBackExecute(ApacheHttpClient.java:142)
	at org.openqa.selenium.remote.internal.ApacheHttpClient.execute(ApacheHttpClient.java:88)
	at org.openqa.selenium.remote.HttpCommandExecutor.execute(HttpCommandExecutor.java:160)
	at io.appium.java_client.remote.AppiumCommandExecutor.execute(AppiumCommandExecutor.java:69)
	... 31 more
Caused by: java.net.ConnectException: Connection refused (Connection refused)
	at java.net.PlainSocketImpl.socketConnect(Native Method)
	at java.net.AbstractPlainSocketImpl.doConnect(AbstractPlainSocketImpl.java:350)
	at java.net.AbstractPlainSocketImpl.connectToAddress(AbstractPlainSocketImpl.java:206)
	at java.net.AbstractPlainSocketImpl.connect(AbstractPlainSocketImpl.java:188)
	at java.net.SocksSocketImpl.connect(SocksSocketImpl.java:392)
	at java.net.Socket.connect(Socket.java:589)
	at org.apache.http.conn.socket.PlainConnectionSocketFactory.connectSocket(PlainConnectionSocketFactory.java:74)
	at org.apache.http.impl.conn.DefaultHttpClientConnectionOperator.connect(DefaultHttpClientConnectionOperator.java:141)
	... 44 more
</pre></div><a href='#' onClick='toggleBox("stack-trace1271041075", this, "Click to show all stack frames", "Click to hide stack frames")'>Click to show all stack frames</a>
<div class='stack-trace' id='stack-trace1271041075'><pre>org.openqa.selenium.WebDriverException: org.apache.http.conn.HttpHostConnectException: Connect to 127.0.0.1:4723 [/127.0.0.1] failed: Connection refused (Connection refused)
Build info: version: &apos;3.3.1&apos;, revision: &apos;5234b32&apos;, time: &apos;2017-03-10 09:04:52 -0800&apos;
System info: host: &apos;Sambeets-MacBook-Air.local&apos;, ip: &apos;fe80:0:0:0:c4:4fd:8ddb:f3db%en0&apos;, os.name: &apos;Mac OS X&apos;, os.arch: &apos;x86_64&apos;, os.version: &apos;10.13.2&apos;, java.version: &apos;1.8.0_131&apos;
Driver info: driver.version: AppiumDriver
	at io.appium.java_client.remote.AppiumCommandExecutor.execute(AppiumCommandExecutor.java:84)
	at org.openqa.selenium.remote.RemoteWebDriver.execute(RemoteWebDriver.java:604)
	at io.appium.java_client.DefaultGenericMobileDriver.execute(DefaultGenericMobileDriver.java:40)
	at io.appium.java_client.AppiumDriver.execute(AppiumDriver.java:235)
	at org.openqa.selenium.remote.RemoteWebDriver$RemoteWebDriverOptions$RemoteWindow.getSize(RemoteWebDriver.java:871)
	at iOS.Utilities.Utility.swipeDown_Vertical(Unknown Source)
	at iOS.UI_Catalog.scripts.Test_13_UI_Catalog_SearchBars.test_13_UI_Catalog_TextView(Unknown Source)
	at sun.reflect.NativeMethodAccessorImpl.invoke0(Native Method)
	at sun.reflect.NativeMethodAccessorImpl.invoke(NativeMethodAccessorImpl.java:62)
	at sun.reflect.DelegatingMethodAccessorImpl.invoke(DelegatingMethodAccessorImpl.java:43)
	at java.lang.reflect.Method.invoke(Method.java:498)
	at org.testng.internal.MethodInvocationHelper.invokeMethod(MethodInvocationHelper.java:104)
	at org.testng.internal.Invoker.invokeMethod(Invoker.java:645)
	at org.testng.internal.Invoker.invokeTestMethod(Invoker.java:851)
	at org.testng.internal.Invoker.invokeTestMethods(Invoker.java:1177)
	at org.testng.internal.TestMethodWorker.invokeTestMethods(TestMethodWorker.java:129)
	at org.testng.internal.TestMethodWorker.run(TestMethodWorker.java:112)
	at org.testng.TestRunner.privateRun(TestRunner.java:756)
	at org.testng.TestRunner.run(TestRunner.java:610)
	at org.testng.SuiteRunner.runTest(SuiteRunner.java:387)
	at org.testng.SuiteRunner.runSequentially(SuiteRunner.java:382)
	at org.testng.SuiteRunner.privateRun(SuiteRunner.java:340)
	at org.testng.SuiteRunner.run(SuiteRunner.java:289)
	at org.testng.SuiteRunnerWorker.runSuite(SuiteRunnerWorker.java:52)
	at org.testng.SuiteRunnerWorker.run(SuiteRunnerWorker.java:86)
	at org.testng.TestNG.runSuitesSequentially(TestNG.java:1293)
	at org.testng.TestNG.runSuitesSequentially(TestNG.java:1289)
	at org.testng.TestNG.runSuitesLocally(TestNG.java:1218)
	at org.testng.TestNG.runSuites(TestNG.java:1133)
	at org.testng.TestNG.run(TestNG.java:1104)
	at org.testng.TestNG.privateMain(TestNG.java:1434)
	at org.testng.TestNG.main(TestNG.java:1403)
Caused by: org.apache.http.conn.HttpHostConnectException: Connect to 127.0.0.1:4723 [/127.0.0.1] failed: Connection refused (Connection refused)
	at org.apache.http.impl.conn.DefaultHttpClientConnectionOperator.connect(DefaultHttpClientConnectionOperator.java:158)
	at org.apache.http.impl.conn.PoolingHttpClientConnectionManager.connect(PoolingHttpClientConnectionManager.java:353)
	at org.apache.http.impl.execchain.MainClientExec.establishRoute(MainClientExec.java:380)
	at org.apache.http.impl.execchain.MainClientExec.execute(MainClientExec.java:236)
	at org.apache.http.impl.execchain.ProtocolExec.execute(ProtocolExec.java:184)
	at org.apache.http.impl.execchain.RetryExec.execute(RetryExec.java:88)
	at org.apache.http.impl.execchain.RedirectExec.execute(RedirectExec.java:110)
	at org.apache.http.impl.client.InternalHttpClient.doExecute(InternalHttpClient.java:184)
	at org.apache.http.impl.client.CloseableHttpClient.execute(CloseableHttpClient.java:71)
	at org.apache.http.impl.client.CloseableHttpClient.execute(CloseableHttpClient.java:55)
	at org.openqa.selenium.remote.internal.ApacheHttpClient.fallBackExecute(ApacheHttpClient.java:142)
	at org.openqa.selenium.remote.internal.ApacheHttpClient.execute(ApacheHttpClient.java:88)
	at org.openqa.selenium.remote.HttpCommandExecutor.execute(HttpCommandExecutor.java:160)
	at io.appium.java_client.remote.AppiumCommandExecutor.execute(AppiumCommandExecutor.java:69)
	... 31 more
Caused by: java.net.ConnectException: Connection refused (Connection refused)
	at java.net.PlainSocketImpl.socketConnect(Native Method)
	at java.net.AbstractPlainSocketImpl.doConnect(AbstractPlainSocketImpl.java:350)
	at java.net.AbstractPlainSocketImpl.connectToAddress(AbstractPlainSocketImpl.java:206)
	at java.net.AbstractPlainSocketImpl.connect(AbstractPlainSocketImpl.java:188)
	at java.net.SocksSocketImpl.connect(SocksSocketImpl.java:392)
	at java.net.Socket.connect(Socket.java:589)
	at org.apache.http.conn.socket.PlainConnectionSocketFactory.connectSocket(PlainConnectionSocketFactory.java:74)
	at org.apache.http.impl.conn.DefaultHttpClientConnectionOperator.connect(DefaultHttpClientConnectionOperator.java:141)
	... 44 more
</pre></div></td>
<td>0</td>
<td>iOS.UI_Catalog.scripts.Test_13_UI_Catalog_SearchBars@39ba5a14</td></tr>
<tr>
<td title='iOS.UI_Catalog.scripts.Test_14_UI_Catalog_ToolBars.test_14_UI_Catalog_ToolBars()'><b>test_14_UI_Catalog_ToolBars</b><br>Test class: iOS.UI_Catalog.scripts.Test_14_UI_Catalog_ToolBars<br/>
<a href="#Output-824881806" onClick='toggleBox("Output-824881806", this, "Show output", "Hide output");'>Show output</a>

<a href="#Output-824881806" onClick="toggleAllBoxes();">Show all outputs</a>
<div class='log' id="Output-824881806">
01_02_2018_08_41_13_445 -  Started Test : test_14_UI_Catalog_ToolBars<br/>
01_02_2018_08_41_13_447 -  Test Failed : test_14_UI_Catalog_ToolBars<br/>
</div>
</td>
<td><div><pre>org.openqa.selenium.WebDriverException: org.apache.http.conn.HttpHostConnectException: Connect to 127.0.0.1:4723 [/127.0.0.1] failed: Connection refused (Connection refused)
Build info: version: &apos;3.3.1&apos;, revision: &apos;5234b32&apos;, time: &apos;2017-03-10 09:04:52 -0800&apos;
System info: host: &apos;Sambeets-MacBook-Air.local&apos;, ip: &apos;fe80:0:0:0:c4:4fd:8ddb:f3db%en0&apos;, os.name: &apos;Mac OS X&apos;, os.arch: &apos;x86_64&apos;, os.version: &apos;10.13.2&apos;, java.version: &apos;1.8.0_131&apos;
Driver info: driver.version: AppiumDriver
	at io.appium.java_client.remote.AppiumCommandExecutor.execute(AppiumCommandExecutor.java:84)
	at org.openqa.selenium.remote.RemoteWebDriver.execute(RemoteWebDriver.java:604)
	at io.appium.java_client.DefaultGenericMobileDriver.execute(DefaultGenericMobileDriver.java:40)
	at io.appium.java_client.AppiumDriver.execute(AppiumDriver.java:235)
	at org.openqa.selenium.remote.RemoteWebDriver$RemoteWebDriverOptions$RemoteWindow.getSize(RemoteWebDriver.java:871)
	at iOS.Utilities.Utility.swipeDown_Vertical(Unknown Source)
	at iOS.UI_Catalog.scripts.Test_14_UI_Catalog_ToolBars.test_14_UI_Catalog_ToolBars(Unknown Source)
	at sun.reflect.NativeMethodAccessorImpl.invoke0(Native Method)
	at sun.reflect.NativeMethodAccessorImpl.invoke(NativeMethodAccessorImpl.java:62)
	at sun.reflect.DelegatingMethodAccessorImpl.invoke(DelegatingMethodAccessorImpl.java:43)
	at java.lang.reflect.Method.invoke(Method.java:498)
	at org.testng.internal.MethodInvocationHelper.invokeMethod(MethodInvocationHelper.java:104)
	at org.testng.internal.Invoker.invokeMethod(Invoker.java:645)
	at org.testng.internal.Invoker.invokeTestMethod(Invoker.java:851)
	at org.testng.internal.Invoker.invokeTestMethods(Invoker.java:1177)
	at org.testng.internal.TestMethodWorker.invokeTestMethods(TestMethodWorker.java:129)
	at org.testng.internal.TestMethodWorker.run(TestMethodWorker.java:112)
	at org.testng.TestRunner.privateRun(TestRunner.java:756)
	at org.testng.TestRunner.run(TestRunner.java:610)
	at org.testng.SuiteRunner.runTest(SuiteRunner.java:387)
	at org.testng.SuiteRunner.runSequentially(SuiteRunner.java:382)
	at org.testng.SuiteRunner.privateRun(SuiteRunner.java:340)
	at org.testng.SuiteRunner.run(SuiteRunner.java:289)
	at org.testng.SuiteRunnerWorker.runSuite(SuiteRunnerWorker.java:52)
	at org.testng.SuiteRunnerWorker.run(SuiteRunnerWorker.java:86)
	at org.testng.TestNG.runSuitesSequentially(TestNG.java:1293)
	at org.testng.TestNG.runSuitesSequentially(TestNG.java:1289)
	at org.testng.TestNG.runSuitesLocally(TestNG.java:1218)
	at org.testng.TestNG.runSuites(TestNG.java:1133)
	at org.testng.TestNG.run(TestNG.java:1104)
	at org.testng.TestNG.privateMain(TestNG.java:1434)
	at org.testng.TestNG.main(TestNG.java:1403)
Caused by: org.apache.http.conn.HttpHostConnectException: Connect to 127.0.0.1:4723 [/127.0.0.1] failed: Connection refused (Connection refused)
	at org.apache.http.impl.conn.DefaultHttpClientConnectionOperator.connect(DefaultHttpClientConnectionOperator.java:158)
	at org.apache.http.impl.conn.PoolingHttpClientConnectionManager.connect(PoolingHttpClientConnectionManager.java:353)
	at org.apache.http.impl.execchain.MainClientExec.establishRoute(MainClientExec.java:380)
	at org.apache.http.impl.execchain.MainClientExec.execute(MainClientExec.java:236)
	at org.apache.http.impl.execchain.ProtocolExec.execute(ProtocolExec.java:184)
	at org.apache.http.impl.execchain.RetryExec.execute(RetryExec.java:88)
	at org.apache.http.impl.execchain.RedirectExec.execute(RedirectExec.java:110)
	at org.apache.http.impl.client.InternalHttpClient.doExecute(InternalHttpClient.java:184)
	at org.apache.http.impl.client.CloseableHttpClient.execute(CloseableHttpClient.java:71)
	at org.apache.http.impl.client.CloseableHttpClient.execute(CloseableHttpClient.java:55)
	at org.openqa.selenium.remote.internal.ApacheHttpClient.fallBackExecute(ApacheHttpClient.java:142)
	at org.openqa.selenium.remote.internal.ApacheHttpClient.execute(ApacheHttpClient.java:88)
	at org.openqa.selenium.remote.HttpCommandExecutor.execute(HttpCommandExecutor.java:160)
	at io.appium.java_client.remote.AppiumCommandExecutor.execute(AppiumCommandExecutor.java:69)
	... 31 more
Caused by: java.net.ConnectException: Connection refused (Connection refused)
	at java.net.PlainSocketImpl.socketConnect(Native Method)
	at java.net.AbstractPlainSocketImpl.doConnect(AbstractPlainSocketImpl.java:350)
	at java.net.AbstractPlainSocketImpl.connectToAddress(AbstractPlainSocketImpl.java:206)
	at java.net.AbstractPlainSocketImpl.connect(AbstractPlainSocketImpl.java:188)
	at java.net.SocksSocketImpl.connect(SocksSocketImpl.java:392)
	at java.net.Socket.connect(Socket.java:589)
	at org.apache.http.conn.socket.PlainConnectionSocketFactory.connectSocket(PlainConnectionSocketFactory.java:74)
	at org.apache.http.impl.conn.DefaultHttpClientConnectionOperator.connect(DefaultHttpClientConnectionOperator.java:141)
	... 44 more
</pre></div><a href='#' onClick='toggleBox("stack-trace824881806", this, "Click to show all stack frames", "Click to hide stack frames")'>Click to show all stack frames</a>
<div class='stack-trace' id='stack-trace824881806'><pre>org.openqa.selenium.WebDriverException: org.apache.http.conn.HttpHostConnectException: Connect to 127.0.0.1:4723 [/127.0.0.1] failed: Connection refused (Connection refused)
Build info: version: &apos;3.3.1&apos;, revision: &apos;5234b32&apos;, time: &apos;2017-03-10 09:04:52 -0800&apos;
System info: host: &apos;Sambeets-MacBook-Air.local&apos;, ip: &apos;fe80:0:0:0:c4:4fd:8ddb:f3db%en0&apos;, os.name: &apos;Mac OS X&apos;, os.arch: &apos;x86_64&apos;, os.version: &apos;10.13.2&apos;, java.version: &apos;1.8.0_131&apos;
Driver info: driver.version: AppiumDriver
	at io.appium.java_client.remote.AppiumCommandExecutor.execute(AppiumCommandExecutor.java:84)
	at org.openqa.selenium.remote.RemoteWebDriver.execute(RemoteWebDriver.java:604)
	at io.appium.java_client.DefaultGenericMobileDriver.execute(DefaultGenericMobileDriver.java:40)
	at io.appium.java_client.AppiumDriver.execute(AppiumDriver.java:235)
	at org.openqa.selenium.remote.RemoteWebDriver$RemoteWebDriverOptions$RemoteWindow.getSize(RemoteWebDriver.java:871)
	at iOS.Utilities.Utility.swipeDown_Vertical(Unknown Source)
	at iOS.UI_Catalog.scripts.Test_14_UI_Catalog_ToolBars.test_14_UI_Catalog_ToolBars(Unknown Source)
	at sun.reflect.NativeMethodAccessorImpl.invoke0(Native Method)
	at sun.reflect.NativeMethodAccessorImpl.invoke(NativeMethodAccessorImpl.java:62)
	at sun.reflect.DelegatingMethodAccessorImpl.invoke(DelegatingMethodAccessorImpl.java:43)
	at java.lang.reflect.Method.invoke(Method.java:498)
	at org.testng.internal.MethodInvocationHelper.invokeMethod(MethodInvocationHelper.java:104)
	at org.testng.internal.Invoker.invokeMethod(Invoker.java:645)
	at org.testng.internal.Invoker.invokeTestMethod(Invoker.java:851)
	at org.testng.internal.Invoker.invokeTestMethods(Invoker.java:1177)
	at org.testng.internal.TestMethodWorker.invokeTestMethods(TestMethodWorker.java:129)
	at org.testng.internal.TestMethodWorker.run(TestMethodWorker.java:112)
	at org.testng.TestRunner.privateRun(TestRunner.java:756)
	at org.testng.TestRunner.run(TestRunner.java:610)
	at org.testng.SuiteRunner.runTest(SuiteRunner.java:387)
	at org.testng.SuiteRunner.runSequentially(SuiteRunner.java:382)
	at org.testng.SuiteRunner.privateRun(SuiteRunner.java:340)
	at org.testng.SuiteRunner.run(SuiteRunner.java:289)
	at org.testng.SuiteRunnerWorker.runSuite(SuiteRunnerWorker.java:52)
	at org.testng.SuiteRunnerWorker.run(SuiteRunnerWorker.java:86)
	at org.testng.TestNG.runSuitesSequentially(TestNG.java:1293)
	at org.testng.TestNG.runSuitesSequentially(TestNG.java:1289)
	at org.testng.TestNG.runSuitesLocally(TestNG.java:1218)
	at org.testng.TestNG.runSuites(TestNG.java:1133)
	at org.testng.TestNG.run(TestNG.java:1104)
	at org.testng.TestNG.privateMain(TestNG.java:1434)
	at org.testng.TestNG.main(TestNG.java:1403)
Caused by: org.apache.http.conn.HttpHostConnectException: Connect to 127.0.0.1:4723 [/127.0.0.1] failed: Connection refused (Connection refused)
	at org.apache.http.impl.conn.DefaultHttpClientConnectionOperator.connect(DefaultHttpClientConnectionOperator.java:158)
	at org.apache.http.impl.conn.PoolingHttpClientConnectionManager.connect(PoolingHttpClientConnectionManager.java:353)
	at org.apache.http.impl.execchain.MainClientExec.establishRoute(MainClientExec.java:380)
	at org.apache.http.impl.execchain.MainClientExec.execute(MainClientExec.java:236)
	at org.apache.http.impl.execchain.ProtocolExec.execute(ProtocolExec.java:184)
	at org.apache.http.impl.execchain.RetryExec.execute(RetryExec.java:88)
	at org.apache.http.impl.execchain.RedirectExec.execute(RedirectExec.java:110)
	at org.apache.http.impl.client.InternalHttpClient.doExecute(InternalHttpClient.java:184)
	at org.apache.http.impl.client.CloseableHttpClient.execute(CloseableHttpClient.java:71)
	at org.apache.http.impl.client.CloseableHttpClient.execute(CloseableHttpClient.java:55)
	at org.openqa.selenium.remote.internal.ApacheHttpClient.fallBackExecute(ApacheHttpClient.java:142)
	at org.openqa.selenium.remote.internal.ApacheHttpClient.execute(ApacheHttpClient.java:88)
	at org.openqa.selenium.remote.HttpCommandExecutor.execute(HttpCommandExecutor.java:160)
	at io.appium.java_client.remote.AppiumCommandExecutor.execute(AppiumCommandExecutor.java:69)
	... 31 more
Caused by: java.net.ConnectException: Connection refused (Connection refused)
	at java.net.PlainSocketImpl.socketConnect(Native Method)
	at java.net.AbstractPlainSocketImpl.doConnect(AbstractPlainSocketImpl.java:350)
	at java.net.AbstractPlainSocketImpl.connectToAddress(AbstractPlainSocketImpl.java:206)
	at java.net.AbstractPlainSocketImpl.connect(AbstractPlainSocketImpl.java:188)
	at java.net.SocksSocketImpl.connect(SocksSocketImpl.java:392)
	at java.net.Socket.connect(Socket.java:589)
	at org.apache.http.conn.socket.PlainConnectionSocketFactory.connectSocket(PlainConnectionSocketFactory.java:74)
	at org.apache.http.impl.conn.DefaultHttpClientConnectionOperator.connect(DefaultHttpClientConnectionOperator.java:141)
	... 44 more
</pre></div></td>
<td>0</td>
<td>iOS.UI_Catalog.scripts.Test_14_UI_Catalog_ToolBars@511baa65</td></tr>
<tr>
<td title='iOS.UI_Catalog.scripts.Test_15_UI_Catalog_WebView.test_15_UI_Catalog_WebView()'><b>test_15_UI_Catalog_WebView</b><br>Test class: iOS.UI_Catalog.scripts.Test_15_UI_Catalog_WebView<br>Parameters: {Script_name=Test_15_UI_Catalog_WebView, TestData_2=Printed Chiffon Dress, TestData_1=Printed Dress, TestData_10=, TestData_11=, TestData_12=, TestData_13=, TestData_14=, TestData_4=, TestData_3=, TestData_6=, TestData_5=, TestData_8=, TestData_7=, TestData_9=}<br/>
<a href="#Output-183155105" onClick='toggleBox("Output-183155105", this, "Show output", "Hide output");'>Show output</a>

<a href="#Output-183155105" onClick="toggleAllBoxes();">Show all outputs</a>
<div class='log' id="Output-183155105">
01_02_2018_08_41_13_460 -  Started Test : test_15_UI_Catalog_WebView<br/>
01_02_2018_08_41_13_461 -  Test Failed : test_15_UI_Catalog_WebView<br/>
</div>
</td>
<td><div><pre>org.openqa.selenium.WebDriverException: org.apache.http.conn.HttpHostConnectException: Connect to 127.0.0.1:4723 [/127.0.0.1] failed: Connection refused (Connection refused)
Build info: version: &apos;3.3.1&apos;, revision: &apos;5234b32&apos;, time: &apos;2017-03-10 09:04:52 -0800&apos;
System info: host: &apos;Sambeets-MacBook-Air.local&apos;, ip: &apos;fe80:0:0:0:c4:4fd:8ddb:f3db%en0&apos;, os.name: &apos;Mac OS X&apos;, os.arch: &apos;x86_64&apos;, os.version: &apos;10.13.2&apos;, java.version: &apos;1.8.0_131&apos;
Driver info: driver.version: AppiumDriver
	at io.appium.java_client.remote.AppiumCommandExecutor.execute(AppiumCommandExecutor.java:84)
	at org.openqa.selenium.remote.RemoteWebDriver.execute(RemoteWebDriver.java:604)
	at io.appium.java_client.DefaultGenericMobileDriver.execute(DefaultGenericMobileDriver.java:40)
	at io.appium.java_client.AppiumDriver.execute(AppiumDriver.java:235)
	at org.openqa.selenium.remote.RemoteWebDriver$RemoteWebDriverOptions$RemoteWindow.getSize(RemoteWebDriver.java:871)
	at iOS.Utilities.Utility.swipeDown_Vertical(Unknown Source)
	at iOS.UI_Catalog.scripts.Test_15_UI_Catalog_WebView.test_15_UI_Catalog_WebView(Unknown Source)
	at sun.reflect.NativeMethodAccessorImpl.invoke0(Native Method)
	at sun.reflect.NativeMethodAccessorImpl.invoke(NativeMethodAccessorImpl.java:62)
	at sun.reflect.DelegatingMethodAccessorImpl.invoke(DelegatingMethodAccessorImpl.java:43)
	at java.lang.reflect.Method.invoke(Method.java:498)
	at org.testng.internal.MethodInvocationHelper.invokeMethod(MethodInvocationHelper.java:104)
	at org.testng.internal.Invoker.invokeMethod(Invoker.java:645)
	at org.testng.internal.Invoker.invokeTestMethod(Invoker.java:851)
	at org.testng.internal.Invoker.invokeTestMethods(Invoker.java:1177)
	at org.testng.internal.TestMethodWorker.invokeTestMethods(TestMethodWorker.java:129)
	at org.testng.internal.TestMethodWorker.run(TestMethodWorker.java:112)
	at org.testng.TestRunner.privateRun(TestRunner.java:756)
	at org.testng.TestRunner.run(TestRunner.java:610)
	at org.testng.SuiteRunner.runTest(SuiteRunner.java:387)
	at org.testng.SuiteRunner.runSequentially(SuiteRunner.java:382)
	at org.testng.SuiteRunner.privateRun(SuiteRunner.java:340)
	at org.testng.SuiteRunner.run(SuiteRunner.java:289)
	at org.testng.SuiteRunnerWorker.runSuite(SuiteRunnerWorker.java:52)
	at org.testng.SuiteRunnerWorker.run(SuiteRunnerWorker.java:86)
	at org.testng.TestNG.runSuitesSequentially(TestNG.java:1293)
	at org.testng.TestNG.runSuitesSequentially(TestNG.java:1289)
	at org.testng.TestNG.runSuitesLocally(TestNG.java:1218)
	at org.testng.TestNG.runSuites(TestNG.java:1133)
	at org.testng.TestNG.run(TestNG.java:1104)
	at org.testng.TestNG.privateMain(TestNG.java:1434)
	at org.testng.TestNG.main(TestNG.java:1403)
Caused by: org.apache.http.conn.HttpHostConnectException: Connect to 127.0.0.1:4723 [/127.0.0.1] failed: Connection refused (Connection refused)
	at org.apache.http.impl.conn.DefaultHttpClientConnectionOperator.connect(DefaultHttpClientConnectionOperator.java:158)
	at org.apache.http.impl.conn.PoolingHttpClientConnectionManager.connect(PoolingHttpClientConnectionManager.java:353)
	at org.apache.http.impl.execchain.MainClientExec.establishRoute(MainClientExec.java:380)
	at org.apache.http.impl.execchain.MainClientExec.execute(MainClientExec.java:236)
	at org.apache.http.impl.execchain.ProtocolExec.execute(ProtocolExec.java:184)
	at org.apache.http.impl.execchain.RetryExec.execute(RetryExec.java:88)
	at org.apache.http.impl.execchain.RedirectExec.execute(RedirectExec.java:110)
	at org.apache.http.impl.client.InternalHttpClient.doExecute(InternalHttpClient.java:184)
	at org.apache.http.impl.client.CloseableHttpClient.execute(CloseableHttpClient.java:71)
	at org.apache.http.impl.client.CloseableHttpClient.execute(CloseableHttpClient.java:55)
	at org.openqa.selenium.remote.internal.ApacheHttpClient.fallBackExecute(ApacheHttpClient.java:142)
	at org.openqa.selenium.remote.internal.ApacheHttpClient.execute(ApacheHttpClient.java:88)
	at org.openqa.selenium.remote.HttpCommandExecutor.execute(HttpCommandExecutor.java:160)
	at io.appium.java_client.remote.AppiumCommandExecutor.execute(AppiumCommandExecutor.java:69)
	... 31 more
Caused by: java.net.ConnectException: Connection refused (Connection refused)
	at java.net.PlainSocketImpl.socketConnect(Native Method)
	at java.net.AbstractPlainSocketImpl.doConnect(AbstractPlainSocketImpl.java:350)
	at java.net.AbstractPlainSocketImpl.connectToAddress(AbstractPlainSocketImpl.java:206)
	at java.net.AbstractPlainSocketImpl.connect(AbstractPlainSocketImpl.java:188)
	at java.net.SocksSocketImpl.connect(SocksSocketImpl.java:392)
	at java.net.Socket.connect(Socket.java:589)
	at org.apache.http.conn.socket.PlainConnectionSocketFactory.connectSocket(PlainConnectionSocketFactory.java:74)
	at org.apache.http.impl.conn.DefaultHttpClientConnectionOperator.connect(DefaultHttpClientConnectionOperator.java:141)
	... 44 more
</pre></div><a href='#' onClick='toggleBox("stack-trace183155105", this, "Click to show all stack frames", "Click to hide stack frames")'>Click to show all stack frames</a>
<div class='stack-trace' id='stack-trace183155105'><pre>org.openqa.selenium.WebDriverException: org.apache.http.conn.HttpHostConnectException: Connect to 127.0.0.1:4723 [/127.0.0.1] failed: Connection refused (Connection refused)
Build info: version: &apos;3.3.1&apos;, revision: &apos;5234b32&apos;, time: &apos;2017-03-10 09:04:52 -0800&apos;
System info: host: &apos;Sambeets-MacBook-Air.local&apos;, ip: &apos;fe80:0:0:0:c4:4fd:8ddb:f3db%en0&apos;, os.name: &apos;Mac OS X&apos;, os.arch: &apos;x86_64&apos;, os.version: &apos;10.13.2&apos;, java.version: &apos;1.8.0_131&apos;
Driver info: driver.version: AppiumDriver
	at io.appium.java_client.remote.AppiumCommandExecutor.execute(AppiumCommandExecutor.java:84)
	at org.openqa.selenium.remote.RemoteWebDriver.execute(RemoteWebDriver.java:604)
	at io.appium.java_client.DefaultGenericMobileDriver.execute(DefaultGenericMobileDriver.java:40)
	at io.appium.java_client.AppiumDriver.execute(AppiumDriver.java:235)
	at org.openqa.selenium.remote.RemoteWebDriver$RemoteWebDriverOptions$RemoteWindow.getSize(RemoteWebDriver.java:871)
	at iOS.Utilities.Utility.swipeDown_Vertical(Unknown Source)
	at iOS.UI_Catalog.scripts.Test_15_UI_Catalog_WebView.test_15_UI_Catalog_WebView(Unknown Source)
	at sun.reflect.NativeMethodAccessorImpl.invoke0(Native Method)
	at sun.reflect.NativeMethodAccessorImpl.invoke(NativeMethodAccessorImpl.java:62)
	at sun.reflect.DelegatingMethodAccessorImpl.invoke(DelegatingMethodAccessorImpl.java:43)
	at java.lang.reflect.Method.invoke(Method.java:498)
	at org.testng.internal.MethodInvocationHelper.invokeMethod(MethodInvocationHelper.java:104)
	at org.testng.internal.Invoker.invokeMethod(Invoker.java:645)
	at org.testng.internal.Invoker.invokeTestMethod(Invoker.java:851)
	at org.testng.internal.Invoker.invokeTestMethods(Invoker.java:1177)
	at org.testng.internal.TestMethodWorker.invokeTestMethods(TestMethodWorker.java:129)
	at org.testng.internal.TestMethodWorker.run(TestMethodWorker.java:112)
	at org.testng.TestRunner.privateRun(TestRunner.java:756)
	at org.testng.TestRunner.run(TestRunner.java:610)
	at org.testng.SuiteRunner.runTest(SuiteRunner.java:387)
	at org.testng.SuiteRunner.runSequentially(SuiteRunner.java:382)
	at org.testng.SuiteRunner.privateRun(SuiteRunner.java:340)
	at org.testng.SuiteRunner.run(SuiteRunner.java:289)
	at org.testng.SuiteRunnerWorker.runSuite(SuiteRunnerWorker.java:52)
	at org.testng.SuiteRunnerWorker.run(SuiteRunnerWorker.java:86)
	at org.testng.TestNG.runSuitesSequentially(TestNG.java:1293)
	at org.testng.TestNG.runSuitesSequentially(TestNG.java:1289)
	at org.testng.TestNG.runSuitesLocally(TestNG.java:1218)
	at org.testng.TestNG.runSuites(TestNG.java:1133)
	at org.testng.TestNG.run(TestNG.java:1104)
	at org.testng.TestNG.privateMain(TestNG.java:1434)
	at org.testng.TestNG.main(TestNG.java:1403)
Caused by: org.apache.http.conn.HttpHostConnectException: Connect to 127.0.0.1:4723 [/127.0.0.1] failed: Connection refused (Connection refused)
	at org.apache.http.impl.conn.DefaultHttpClientConnectionOperator.connect(DefaultHttpClientConnectionOperator.java:158)
	at org.apache.http.impl.conn.PoolingHttpClientConnectionManager.connect(PoolingHttpClientConnectionManager.java:353)
	at org.apache.http.impl.execchain.MainClientExec.establishRoute(MainClientExec.java:380)
	at org.apache.http.impl.execchain.MainClientExec.execute(MainClientExec.java:236)
	at org.apache.http.impl.execchain.ProtocolExec.execute(ProtocolExec.java:184)
	at org.apache.http.impl.execchain.RetryExec.execute(RetryExec.java:88)
	at org.apache.http.impl.execchain.RedirectExec.execute(RedirectExec.java:110)
	at org.apache.http.impl.client.InternalHttpClient.doExecute(InternalHttpClient.java:184)
	at org.apache.http.impl.client.CloseableHttpClient.execute(CloseableHttpClient.java:71)
	at org.apache.http.impl.client.CloseableHttpClient.execute(CloseableHttpClient.java:55)
	at org.openqa.selenium.remote.internal.ApacheHttpClient.fallBackExecute(ApacheHttpClient.java:142)
	at org.openqa.selenium.remote.internal.ApacheHttpClient.execute(ApacheHttpClient.java:88)
	at org.openqa.selenium.remote.HttpCommandExecutor.execute(HttpCommandExecutor.java:160)
	at io.appium.java_client.remote.AppiumCommandExecutor.execute(AppiumCommandExecutor.java:69)
	... 31 more
Caused by: java.net.ConnectException: Connection refused (Connection refused)
	at java.net.PlainSocketImpl.socketConnect(Native Method)
	at java.net.AbstractPlainSocketImpl.doConnect(AbstractPlainSocketImpl.java:350)
	at java.net.AbstractPlainSocketImpl.connectToAddress(AbstractPlainSocketImpl.java:206)
	at java.net.AbstractPlainSocketImpl.connect(AbstractPlainSocketImpl.java:188)
	at java.net.SocksSocketImpl.connect(SocksSocketImpl.java:392)
	at java.net.Socket.connect(Socket.java:589)
	at org.apache.http.conn.socket.PlainConnectionSocketFactory.connectSocket(PlainConnectionSocketFactory.java:74)
	at org.apache.http.impl.conn.DefaultHttpClientConnectionOperator.connect(DefaultHttpClientConnectionOperator.java:141)
	... 44 more
</pre></div></td>
<td>0</td>
<td>iOS.UI_Catalog.scripts.Test_15_UI_Catalog_WebView@340f438e</td></tr>
</table><p>
<table width='100%' border='1' class='invocation-passed'>
<tr><td colspan='4' align='center'><b>PASSED TESTS</b></td></tr>
<tr><td><b>Test method</b></td>
<td width="30%"><b>Exception</b></td>
<td width="10%"><b>Time (seconds)</b></td>
<td><b>Instance</b></td>
</tr>
<tr>
<td title='iOS.UI_Catalog.scripts.Test_01_Launch_UI_Catalog_HomePage.test_01_Launch_UI_Catalog_HomePage()'><b>test_01_Launch_UI_Catalog_HomePage</b><br>Test class: iOS.UI_Catalog.scripts.Test_01_Launch_UI_Catalog_HomePage<br>Test method: Test UI Catalog APP -Smoke Test<br/>
<a href="#Output-1664598529" onClick='toggleBox("Output-1664598529", this, "Show output", "Hide output");'>Show output</a>

<a href="#Output-1664598529" onClick="toggleAllBoxes();">Show all outputs</a>
<div class='log' id="Output-1664598529">
01_02_2018_08_34_40_953 -  Started Test : test_01_Launch_UI_Catalog_HomePage<br/>
01_02_2018_08_34_41_316 -  Waiting For Element : [[IOSDriver:  on MAC (5148fe5f-7e9e-4f8c-b27c-04c3518b8233)] -> accessibility id: Action Sheets]<br/>
01_02_2018_08_34_41_627 -  Is the Element Displayed on Screen : [[IOSDriver:  on MAC (5148fe5f-7e9e-4f8c-b27c-04c3518b8233)] -> accessibility id: Action Sheets]<br/>
01_02_2018_08_34_41_912 -  Waiting For Element : [[IOSDriver:  on MAC (5148fe5f-7e9e-4f8c-b27c-04c3518b8233)] -> accessibility id: Action Sheets]<br/>
01_02_2018_08_34_42_217 -  Fetching the text : [[IOSDriver:  on MAC (5148fe5f-7e9e-4f8c-b27c-04c3518b8233)] -> accessibility id: Action Sheets]<br/>
01_02_2018_08_34_42_475 -  Waiting For Element : [[IOSDriver:  on MAC (5148fe5f-7e9e-4f8c-b27c-04c3518b8233)] -> accessibility id: Action Sheets]<br/>
01_02_2018_08_34_43_476 -  Clicked :  [[IOSDriver:  on MAC (5148fe5f-7e9e-4f8c-b27c-04c3518b8233)] -> accessibility id: Action Sheets]<br/>
01_02_2018_08_34_43_476 -  Waiting for : 1 second(s)<br/>
01_02_2018_08_34_44_519 -  Capturing Screenshot and Adding to Extent Reports<br/>
01_02_2018_08_34_45_906 -  Go Back<br/>
01_02_2018_08_34_45_907 -  Is the Element Displayed on Screen : [[IOSDriver:  on MAC (5148fe5f-7e9e-4f8c-b27c-04c3518b8233)] -> accessibility id: Action Sheets]<br/>
01_02_2018_08_34_46_309 -  Waiting For Element : [[IOSDriver:  on MAC (5148fe5f-7e9e-4f8c-b27c-04c3518b8233)] -> accessibility id: Action Sheets]<br/>
01_02_2018_08_34_46_714 -  Fetching the text : [[IOSDriver:  on MAC (5148fe5f-7e9e-4f8c-b27c-04c3518b8233)] -> accessibility id: Action Sheets]<br/>
01_02_2018_08_34_47_967 -  Swiping Down to Element[[IOSDriver:  on MAC (5148fe5f-7e9e-4f8c-b27c-04c3518b8233)] -> accessibility id: Toolbars]<br/>
01_02_2018_08_34_52_445 -  Swiping Down to Element[[IOSDriver:  on MAC (5148fe5f-7e9e-4f8c-b27c-04c3518b8233)] -> accessibility id: Toolbars]<br/>
01_02_2018_08_34_59_449 -  Single Tap On Element : [[IOSDriver:  on MAC (5148fe5f-7e9e-4f8c-b27c-04c3518b8233)] -> accessibility id: Toolbars]<br/>
01_02_2018_08_34_59_683 -  Waiting For Element : [[IOSDriver:  on MAC (5148fe5f-7e9e-4f8c-b27c-04c3518b8233)] -> accessibility id: Toolbars]<br/>
01_02_2018_08_34_59_940 -  Waiting for : 1 second(s)<br/>
01_02_2018_08_35_01_006 -  Capturing Screenshot and Adding to Extent Reports<br/>
01_02_2018_08_35_02_571 -  Go Back<br/>
01_02_2018_08_35_02_572 -  Waiting For Element : [[IOSDriver:  on MAC (5148fe5f-7e9e-4f8c-b27c-04c3518b8233)] -> accessibility id: Toolbars]<br/>
01_02_2018_08_35_02_947 -  Fetching the text : [[IOSDriver:  on MAC (5148fe5f-7e9e-4f8c-b27c-04c3518b8233)] -> accessibility id: Toolbars]<br/>
01_02_2018_08_35_04_212 -  Swiping Down to Element[[IOSDriver:  on MAC (5148fe5f-7e9e-4f8c-b27c-04c3518b8233)] -> accessibility id: Action Sheets]<br/>
01_02_2018_08_35_08_703 -  Swiping Down to Element[[IOSDriver:  on MAC (5148fe5f-7e9e-4f8c-b27c-04c3518b8233)] -> accessibility id: Action Sheets]<br/>
01_02_2018_08_35_13_221 -  Test Passed :  test_01_Launch_UI_Catalog_HomePage<br/>
</div>
</td>
<td></td>
<td>32</td>
<td>iOS.UI_Catalog.scripts.Test_01_Launch_UI_Catalog_HomePage@5594a1b5</td></tr>
<tr>
<td title='iOS.UI_Catalog.scripts.Test_02_UI_Catalog_ActionSheets.test_02_UI_Catalog_ActionSheets()'><b>test_02_UI_Catalog_ActionSheets</b><br>Test class: iOS.UI_Catalog.scripts.Test_02_UI_Catalog_ActionSheets<br/>
<a href="#Output-2072724423" onClick='toggleBox("Output-2072724423", this, "Show output", "Hide output");'>Show output</a>

<a href="#Output-2072724423" onClick="toggleAllBoxes();">Show all outputs</a>
<div class='log' id="Output-2072724423">
01_02_2018_08_35_27_625 -  Started Test : test_02_UI_Catalog_ActionSheets<br/>
01_02_2018_08_35_27_965 -  Waiting For Element : [[IOSDriver:  on MAC (17280548-8ce5-406f-9baf-c1589e41e225)] -> accessibility id: Action Sheets]<br/>
01_02_2018_08_35_28_248 -  Is the Element Displayed on Screen : [[IOSDriver:  on MAC (17280548-8ce5-406f-9baf-c1589e41e225)] -> accessibility id: Action Sheets]<br/>
01_02_2018_08_35_28_542 -  Waiting For Element : [[IOSDriver:  on MAC (17280548-8ce5-406f-9baf-c1589e41e225)] -> accessibility id: Action Sheets]<br/>
01_02_2018_08_35_28_814 -  Fetching the text : [[IOSDriver:  on MAC (17280548-8ce5-406f-9baf-c1589e41e225)] -> accessibility id: Action Sheets]<br/>
01_02_2018_08_35_29_093 -  Waiting For Element : [[IOSDriver:  on MAC (17280548-8ce5-406f-9baf-c1589e41e225)] -> accessibility id: Action Sheets]<br/>
01_02_2018_08_35_30_138 -  Clicked :  [[IOSDriver:  on MAC (17280548-8ce5-406f-9baf-c1589e41e225)] -> accessibility id: Action Sheets]<br/>
01_02_2018_08_35_30_576 -  Waiting For Element : [[IOSDriver:  on MAC (17280548-8ce5-406f-9baf-c1589e41e225)] -> accessibility id: Action Sheets]<br/>
01_02_2018_08_35_30_917 -  Is the Element Displayed on Screen : [[IOSDriver:  on MAC (17280548-8ce5-406f-9baf-c1589e41e225)] -> accessibility id: Action Sheets]<br/>
01_02_2018_08_35_31_359 -  Waiting For Element : [[IOSDriver:  on MAC (17280548-8ce5-406f-9baf-c1589e41e225)] -> accessibility id: Okay / Cancel]<br/>
01_02_2018_08_35_31_580 -  Is the Element Displayed on Screen : [[IOSDriver:  on MAC (17280548-8ce5-406f-9baf-c1589e41e225)] -> accessibility id: Okay / Cancel]<br/>
01_02_2018_08_35_32_062 -  Waiting For Element : [[IOSDriver:  on MAC (17280548-8ce5-406f-9baf-c1589e41e225)] -> accessibility id: Other]<br/>
01_02_2018_08_35_32_279 -  Is the Element Displayed on Screen : [[IOSDriver:  on MAC (17280548-8ce5-406f-9baf-c1589e41e225)] -> accessibility id: Other]<br/>
01_02_2018_08_35_32_762 -  Waiting For Element : [[IOSDriver:  on MAC (17280548-8ce5-406f-9baf-c1589e41e225)] -> accessibility id: Back]<br/>
01_02_2018_08_35_32_991 -  Is the Element Displayed on Screen : [[IOSDriver:  on MAC (17280548-8ce5-406f-9baf-c1589e41e225)] -> accessibility id: Back]<br/>
01_02_2018_08_35_33_441 -  Waiting For Element : [[IOSDriver:  on MAC (17280548-8ce5-406f-9baf-c1589e41e225)] -> accessibility id: UICatalog]<br/>
01_02_2018_08_35_33_682 -  Is the Element Displayed on Screen : [[IOSDriver:  on MAC (17280548-8ce5-406f-9baf-c1589e41e225)] -> accessibility id: UICatalog]<br/>
01_02_2018_08_35_34_153 -  Waiting For Element : [[IOSDriver:  on MAC (17280548-8ce5-406f-9baf-c1589e41e225)] -> accessibility id: Okay / Cancel]<br/>
01_02_2018_08_35_34_932 -  Clicked :  [[IOSDriver:  on MAC (17280548-8ce5-406f-9baf-c1589e41e225)] -> accessibility id: Okay / Cancel]<br/>
01_02_2018_08_35_35_178 -  Waiting For Element : [[IOSDriver:  on MAC (17280548-8ce5-406f-9baf-c1589e41e225)] -> accessibility id: OK]<br/>
01_02_2018_08_35_35_380 -  Is the Element Displayed on Screen : [[IOSDriver:  on MAC (17280548-8ce5-406f-9baf-c1589e41e225)] -> accessibility id: OK]<br/>
01_02_2018_08_35_35_804 -  Waiting For Element : [[IOSDriver:  on MAC (17280548-8ce5-406f-9baf-c1589e41e225)] -> accessibility id: Cancel]<br/>
01_02_2018_08_35_35_942 -  Is the Element Displayed on Screen : [[IOSDriver:  on MAC (17280548-8ce5-406f-9baf-c1589e41e225)] -> accessibility id: Cancel]<br/>
01_02_2018_08_35_36_274 -  Waiting For Element : [[IOSDriver:  on MAC (17280548-8ce5-406f-9baf-c1589e41e225)] -> accessibility id: OK]<br/>
01_02_2018_08_35_36_425 -  Fetching the text : [[IOSDriver:  on MAC (17280548-8ce5-406f-9baf-c1589e41e225)] -> accessibility id: OK]<br/>
01_02_2018_08_35_36_546 -  Waiting for : 1 second(s)<br/>
01_02_2018_08_35_37_579 -  Capturing Screenshot and Adding to Extent Reports<br/>
01_02_2018_08_35_37_861 -  Waiting For Element : [[IOSDriver:  on MAC (17280548-8ce5-406f-9baf-c1589e41e225)] -> accessibility id: OK]<br/>
01_02_2018_08_35_38_633 -  Clicked :  [[IOSDriver:  on MAC (17280548-8ce5-406f-9baf-c1589e41e225)] -> accessibility id: OK]<br/>
01_02_2018_08_35_39_946 -  Waiting For Element : [[IOSDriver:  on MAC (17280548-8ce5-406f-9baf-c1589e41e225)] -> accessibility id: Action Sheets]<br/>
01_02_2018_08_35_40_178 -  Is the Element Displayed on Screen : [[IOSDriver:  on MAC (17280548-8ce5-406f-9baf-c1589e41e225)] -> accessibility id: Action Sheets]<br/>
01_02_2018_08_35_40_610 -  Waiting For Element : [[IOSDriver:  on MAC (17280548-8ce5-406f-9baf-c1589e41e225)] -> accessibility id: Okay / Cancel]<br/>
01_02_2018_08_35_41_484 -  Clicked :  [[IOSDriver:  on MAC (17280548-8ce5-406f-9baf-c1589e41e225)] -> accessibility id: Okay / Cancel]<br/>
01_02_2018_08_35_41_697 -  Waiting For Element : [[IOSDriver:  on MAC (17280548-8ce5-406f-9baf-c1589e41e225)] -> accessibility id: Cancel]<br/>
01_02_2018_08_35_42_513 -  Clicked :  [[IOSDriver:  on MAC (17280548-8ce5-406f-9baf-c1589e41e225)] -> accessibility id: Cancel]<br/>
01_02_2018_08_35_43_643 -  Waiting For Element : [[IOSDriver:  on MAC (17280548-8ce5-406f-9baf-c1589e41e225)] -> accessibility id: Action Sheets]<br/>
01_02_2018_08_35_43_873 -  Is the Element Displayed on Screen : [[IOSDriver:  on MAC (17280548-8ce5-406f-9baf-c1589e41e225)] -> accessibility id: Action Sheets]<br/>
01_02_2018_08_35_46_741 -  Single Tap On Element : [[IOSDriver:  on MAC (17280548-8ce5-406f-9baf-c1589e41e225)] -> accessibility id: Other]<br/>
01_02_2018_08_35_46_895 -  Waiting For Element : [[IOSDriver:  on MAC (17280548-8ce5-406f-9baf-c1589e41e225)] -> accessibility id: Safe Choice]<br/>
01_02_2018_08_35_47_033 -  Is the Element Displayed on Screen : [[IOSDriver:  on MAC (17280548-8ce5-406f-9baf-c1589e41e225)] -> accessibility id: Safe Choice]<br/>
01_02_2018_08_35_47_338 -  Waiting For Element : [[IOSDriver:  on MAC (17280548-8ce5-406f-9baf-c1589e41e225)] -> accessibility id: Destructive Choice]<br/>
01_02_2018_08_35_47_469 -  Is the Element Displayed on Screen : [[IOSDriver:  on MAC (17280548-8ce5-406f-9baf-c1589e41e225)] -> accessibility id: Destructive Choice]<br/>
01_02_2018_08_35_47_756 -  Waiting For Element : [[IOSDriver:  on MAC (17280548-8ce5-406f-9baf-c1589e41e225)] -> accessibility id: Safe Choice]<br/>
01_02_2018_08_35_47_884 -  Fetching the text : [[IOSDriver:  on MAC (17280548-8ce5-406f-9baf-c1589e41e225)] -> accessibility id: Safe Choice]<br/>
01_02_2018_08_35_48_169 -  Waiting For Element : [[IOSDriver:  on MAC (17280548-8ce5-406f-9baf-c1589e41e225)] -> accessibility id: Destructive Choice]<br/>
01_02_2018_08_35_48_301 -  Fetching the text : [[IOSDriver:  on MAC (17280548-8ce5-406f-9baf-c1589e41e225)] -> accessibility id: Destructive Choice]<br/>
01_02_2018_08_35_48_428 -  Waiting for : 1 second(s)<br/>
01_02_2018_08_35_49_490 -  Capturing Screenshot and Adding to Extent Reports<br/>
01_02_2018_08_35_52_058 -  Single Tap On Element : [[IOSDriver:  on MAC (17280548-8ce5-406f-9baf-c1589e41e225)] -> accessibility id: Safe Choice]<br/>
01_02_2018_08_35_54_636 -  Single Tap On Element : [[IOSDriver:  on MAC (17280548-8ce5-406f-9baf-c1589e41e225)] -> accessibility id: Other]<br/>
01_02_2018_08_35_57_209 -  Single Tap On Element : [[IOSDriver:  on MAC (17280548-8ce5-406f-9baf-c1589e41e225)] -> accessibility id: Destructive Choice]<br/>
01_02_2018_08_35_58_519 -  Go Back<br/>
01_02_2018_08_35_58_519 -  Waiting For Element : [[IOSDriver:  on MAC (17280548-8ce5-406f-9baf-c1589e41e225)] -> accessibility id: Action Sheets]<br/>
01_02_2018_08_35_59_700 -  Clicked :  [[IOSDriver:  on MAC (17280548-8ce5-406f-9baf-c1589e41e225)] -> accessibility id: Action Sheets]<br/>
01_02_2018_08_36_02_644 -  Single Tap On Element : [[IOSDriver:  on MAC (17280548-8ce5-406f-9baf-c1589e41e225)] -> accessibility id: Back]<br/>
01_02_2018_08_36_02_644 -  Test Passed :  test_02_UI_Catalog_ActionSheets<br/>
</div>
</td>
<td></td>
<td>35</td>
<td>iOS.UI_Catalog.scripts.Test_02_UI_Catalog_ActionSheets@6a5fc7f7</td></tr>
<tr>
<td title='iOS.UI_Catalog.scripts.Test_03_UI_Catalog_ActivityIndicators.test_03_UI_Catalog_ActivityIndicators()'><b>test_03_UI_Catalog_ActivityIndicators</b><br>Test class: iOS.UI_Catalog.scripts.Test_03_UI_Catalog_ActivityIndicators<br/>
<a href="#Output-2144284609" onClick='toggleBox("Output-2144284609", this, "Show output", "Hide output");'>Show output</a>

<a href="#Output-2144284609" onClick="toggleAllBoxes();">Show all outputs</a>
<div class='log' id="Output-2144284609">
01_02_2018_08_36_17_204 -  Started Test : test_03_UI_Catalog_ActivityIndicators<br/>
01_02_2018_08_36_17_582 -  Waiting For Element : [[IOSDriver:  on MAC (35f24820-790d-4c1e-babe-a1cec329d1a4)] -> accessibility id: Activity Indicators]<br/>
01_02_2018_08_36_17_941 -  Is the Element Displayed on Screen : [[IOSDriver:  on MAC (35f24820-790d-4c1e-babe-a1cec329d1a4)] -> accessibility id: Activity Indicators]<br/>
01_02_2018_08_36_18_274 -  Waiting For Element : [[IOSDriver:  on MAC (35f24820-790d-4c1e-babe-a1cec329d1a4)] -> accessibility id: Activity Indicators]<br/>
01_02_2018_08_36_18_608 -  Fetching the text : [[IOSDriver:  on MAC (35f24820-790d-4c1e-babe-a1cec329d1a4)] -> accessibility id: Activity Indicators]<br/>
01_02_2018_08_36_19_045 -  Waiting For Element : [[IOSDriver:  on MAC (35f24820-790d-4c1e-babe-a1cec329d1a4)] -> accessibility id: Activity Indicators]<br/>
01_02_2018_08_36_20_084 -  Clicked :  [[IOSDriver:  on MAC (35f24820-790d-4c1e-babe-a1cec329d1a4)] -> accessibility id: Activity Indicators]<br/>
01_02_2018_08_36_20_531 -  Waiting For Element : [[IOSDriver:  on MAC (35f24820-790d-4c1e-babe-a1cec329d1a4)] -> accessibility id: Activity Indicators]<br/>
01_02_2018_08_36_20_845 -  Is the Element Displayed on Screen : [[IOSDriver:  on MAC (35f24820-790d-4c1e-babe-a1cec329d1a4)] -> accessibility id: Activity Indicators]<br/>
01_02_2018_08_36_21_368 -  Waiting For Element : [[IOSDriver:  on MAC (35f24820-790d-4c1e-babe-a1cec329d1a4)] -> accessibility id: GRAY]<br/>
01_02_2018_08_36_21_716 -  Is the Element Displayed on Screen : [[IOSDriver:  on MAC (35f24820-790d-4c1e-babe-a1cec329d1a4)] -> accessibility id: GRAY]<br/>
01_02_2018_08_36_22_287 -  Waiting For Element : [[IOSDriver:  on MAC (35f24820-790d-4c1e-babe-a1cec329d1a4)] -> accessibility id: TINTED]<br/>
01_02_2018_08_36_22_580 -  Is the Element Displayed on Screen : [[IOSDriver:  on MAC (35f24820-790d-4c1e-babe-a1cec329d1a4)] -> accessibility id: TINTED]<br/>
01_02_2018_08_36_23_822 -  Waiting For Element : [[IOSDriver:  on MAC (35f24820-790d-4c1e-babe-a1cec329d1a4)] -> xpath: //XCUIElementTypeActivityIndicator[1]]<br/>
01_02_2018_08_36_24_758 -  Waiting for : 1 second(s)<br/>
01_02_2018_08_36_25_805 -  Capturing Screenshot and Adding to Extent Reports<br/>
01_02_2018_08_36_27_325 -  Go Back<br/>
01_02_2018_08_36_27_325 -  Waiting For Element : [[IOSDriver:  on MAC (35f24820-790d-4c1e-babe-a1cec329d1a4)] -> accessibility id: Activity Indicators]<br/>
01_02_2018_08_36_28_595 -  Clicked :  [[IOSDriver:  on MAC (35f24820-790d-4c1e-babe-a1cec329d1a4)] -> accessibility id: Activity Indicators]<br/>
01_02_2018_08_36_31_536 -  Single Tap On Element : [[IOSDriver:  on MAC (35f24820-790d-4c1e-babe-a1cec329d1a4)] -> accessibility id: Back]<br/>
01_02_2018_08_36_31_536 -  Test Passed :  test_03_UI_Catalog_ActivityIndicators<br/>
</div>
</td>
<td></td>
<td>14</td>
<td>iOS.UI_Catalog.scripts.Test_03_UI_Catalog_ActivityIndicators@3b6eb2ec</td></tr>
<tr>
<td title='iOS.UI_Catalog.scripts.Test_04_UI_Catalog_AlertViews.test_04_UI_Catalog_AlertViews()'><b>test_04_UI_Catalog_AlertViews</b><br>Test class: iOS.UI_Catalog.scripts.Test_04_UI_Catalog_AlertViews<br>Parameters: {Script_name=Test_04_UI_Catalog_AlertViews, TestData_2=A message should be a short, complete sentence., TestData_1=A Short Title Is Best, TestData_10=, TestData_11=, TestData_12=, TestData_13=, TestData_14=, TestData_4=, TestData_3=Hello, Thank You , TestData_6=, TestData_5=, TestData_8=, TestData_7=, TestData_9=}<br/>
<a href="#Output-896138248" onClick='toggleBox("Output-896138248", this, "Show output", "Hide output");'>Show output</a>

<a href="#Output-896138248" onClick="toggleAllBoxes();">Show all outputs</a>
<div class='log' id="Output-896138248">
01_02_2018_08_36_53_105 -  Started Test : test_04_UI_Catalog_AlertViews<br/>
01_02_2018_08_36_53_450 -  Waiting For Element : [[IOSDriver:  on MAC (e643fed7-401e-4e65-b686-ba7ad6848d29)] -> accessibility id: Alert Views]<br/>
01_02_2018_08_36_53_798 -  Is the Element Displayed on Screen : [[IOSDriver:  on MAC (e643fed7-401e-4e65-b686-ba7ad6848d29)] -> accessibility id: Alert Views]<br/>
01_02_2018_08_36_54_129 -  Waiting For Element : [[IOSDriver:  on MAC (e643fed7-401e-4e65-b686-ba7ad6848d29)] -> accessibility id: Alert Views]<br/>
01_02_2018_08_36_54_452 -  Fetching the text : [[IOSDriver:  on MAC (e643fed7-401e-4e65-b686-ba7ad6848d29)] -> accessibility id: Alert Views]<br/>
01_02_2018_08_36_54_780 -  Waiting For Element : [[IOSDriver:  on MAC (e643fed7-401e-4e65-b686-ba7ad6848d29)] -> accessibility id: Alert Views]<br/>
01_02_2018_08_36_55_902 -  Clicked :  [[IOSDriver:  on MAC (e643fed7-401e-4e65-b686-ba7ad6848d29)] -> accessibility id: Alert Views]<br/>
01_02_2018_08_36_56_394 -  Waiting For Element : [[IOSDriver:  on MAC (e643fed7-401e-4e65-b686-ba7ad6848d29)] -> accessibility id: Alert Views]<br/>
01_02_2018_08_36_56_633 -  Is the Element Displayed on Screen : [[IOSDriver:  on MAC (e643fed7-401e-4e65-b686-ba7ad6848d29)] -> accessibility id: Alert Views]<br/>
01_02_2018_08_36_57_131 -  Waiting For Element : [[IOSDriver:  on MAC (e643fed7-401e-4e65-b686-ba7ad6848d29)] -> accessibility id: Simple]<br/>
01_02_2018_08_36_57_377 -  Is the Element Displayed on Screen : [[IOSDriver:  on MAC (e643fed7-401e-4e65-b686-ba7ad6848d29)] -> accessibility id: Simple]<br/>
01_02_2018_08_36_57_854 -  Waiting For Element : [[IOSDriver:  on MAC (e643fed7-401e-4e65-b686-ba7ad6848d29)] -> accessibility id: Okay / Cancel]<br/>
01_02_2018_08_36_58_089 -  Is the Element Displayed on Screen : [[IOSDriver:  on MAC (e643fed7-401e-4e65-b686-ba7ad6848d29)] -> accessibility id: Okay / Cancel]<br/>
01_02_2018_08_36_58_583 -  Waiting For Element : [[IOSDriver:  on MAC (e643fed7-401e-4e65-b686-ba7ad6848d29)] -> accessibility id: Other]<br/>
01_02_2018_08_36_58_811 -  Is the Element Displayed on Screen : [[IOSDriver:  on MAC (e643fed7-401e-4e65-b686-ba7ad6848d29)] -> accessibility id: Other]<br/>
01_02_2018_08_36_59_313 -  Waiting For Element : [[IOSDriver:  on MAC (e643fed7-401e-4e65-b686-ba7ad6848d29)] -> accessibility id: Text Entry]<br/>
01_02_2018_08_36_59_542 -  Is the Element Displayed on Screen : [[IOSDriver:  on MAC (e643fed7-401e-4e65-b686-ba7ad6848d29)] -> accessibility id: Text Entry]<br/>
01_02_2018_08_37_00_032 -  Waiting For Element : [[IOSDriver:  on MAC (e643fed7-401e-4e65-b686-ba7ad6848d29)] -> accessibility id: Secure Text Entry]<br/>
01_02_2018_08_37_00_305 -  Is the Element Displayed on Screen : [[IOSDriver:  on MAC (e643fed7-401e-4e65-b686-ba7ad6848d29)] -> accessibility id: Secure Text Entry]<br/>
01_02_2018_08_37_00_777 -  Waiting For Element : [[IOSDriver:  on MAC (e643fed7-401e-4e65-b686-ba7ad6848d29)] -> accessibility id: Simple]<br/>
01_02_2018_08_37_01_681 -  Clicked :  [[IOSDriver:  on MAC (e643fed7-401e-4e65-b686-ba7ad6848d29)] -> accessibility id: Simple]<br/>
01_02_2018_08_37_01_681 -  Waiting For alert to be displayed <br/>
01_02_2018_08_37_02_392 -  Waiting for : 1 second(s)<br/>
01_02_2018_08_37_03_398 -  Capturing Screenshot and Adding to Extent Reports<br/>
01_02_2018_08_37_03_659 -  Waiting For Element : [[IOSDriver:  on MAC (e643fed7-401e-4e65-b686-ba7ad6848d29)] -> accessibility id: A Short Title Is Best]<br/>
01_02_2018_08_37_03_812 -  Is the Element Displayed on Screen : [[IOSDriver:  on MAC (e643fed7-401e-4e65-b686-ba7ad6848d29)] -> accessibility id: A Short Title Is Best]<br/>
01_02_2018_08_37_03_958 -  Waiting For Element : [[IOSDriver:  on MAC (e643fed7-401e-4e65-b686-ba7ad6848d29)] -> accessibility id: A Short Title Is Best]<br/>
01_02_2018_08_37_04_114 -  Fetching the text : [[IOSDriver:  on MAC (e643fed7-401e-4e65-b686-ba7ad6848d29)] -> accessibility id: A Short Title Is Best]<br/>
01_02_2018_08_37_04_259 -  Waiting For Element : [[IOSDriver:  on MAC (e643fed7-401e-4e65-b686-ba7ad6848d29)] -> accessibility id: A Short Title Is Best]<br/>
01_02_2018_08_37_04_435 -  Fetching the text : [[IOSDriver:  on MAC (e643fed7-401e-4e65-b686-ba7ad6848d29)] -> accessibility id: A Short Title Is Best]<br/>
01_02_2018_08_37_04_794 -  Waiting For Element : [[IOSDriver:  on MAC (e643fed7-401e-4e65-b686-ba7ad6848d29)] -> accessibility id: A message should be a short, complete sentence.]<br/>
01_02_2018_08_37_04_943 -  Is the Element Displayed on Screen : [[IOSDriver:  on MAC (e643fed7-401e-4e65-b686-ba7ad6848d29)] -> accessibility id: A message should be a short, complete sentence.]<br/>
01_02_2018_08_37_05_107 -  Waiting For Element : [[IOSDriver:  on MAC (e643fed7-401e-4e65-b686-ba7ad6848d29)] -> accessibility id: A message should be a short, complete sentence.]<br/>
01_02_2018_08_37_05_260 -  Fetching the text : [[IOSDriver:  on MAC (e643fed7-401e-4e65-b686-ba7ad6848d29)] -> accessibility id: A message should be a short, complete sentence.]<br/>
01_02_2018_08_37_05_420 -  Waiting For Element : [[IOSDriver:  on MAC (e643fed7-401e-4e65-b686-ba7ad6848d29)] -> accessibility id: A message should be a short, complete sentence.]<br/>
01_02_2018_08_37_05_566 -  Fetching the text : [[IOSDriver:  on MAC (e643fed7-401e-4e65-b686-ba7ad6848d29)] -> accessibility id: A message should be a short, complete sentence.]<br/>
01_02_2018_08_37_05_909 -  Waiting For Element : [[IOSDriver:  on MAC (e643fed7-401e-4e65-b686-ba7ad6848d29)] -> accessibility id: OK]<br/>
01_02_2018_08_37_06_076 -  Is the Element Displayed on Screen : [[IOSDriver:  on MAC (e643fed7-401e-4e65-b686-ba7ad6848d29)] -> accessibility id: OK]<br/>
01_02_2018_08_37_07_643 -  Accepted Alert<br/>
01_02_2018_08_37_08_750 -  Waiting For Element : [[IOSDriver:  on MAC (e643fed7-401e-4e65-b686-ba7ad6848d29)] -> xpath: //XCUIElementTypeStaticText[@name='Okay / Cancel']]<br/>
01_02_2018_08_37_09_605 -  Clicked :  [[IOSDriver:  on MAC (e643fed7-401e-4e65-b686-ba7ad6848d29)] -> xpath: //XCUIElementTypeStaticText[@name='Okay / Cancel']]<br/>
01_02_2018_08_37_09_605 -  Waiting For alert to be displayed <br/>
01_02_2018_08_37_10_320 -  Waiting for : 1 second(s)<br/>
01_02_2018_08_37_11_389 -  Capturing Screenshot and Adding to Extent Reports<br/>
01_02_2018_08_37_11_538 -  Is the Element Displayed on Screen : [[IOSDriver:  on MAC (e643fed7-401e-4e65-b686-ba7ad6848d29)] -> accessibility id: A Short Title Is Best]<br/>
01_02_2018_08_37_11_694 -  Waiting For Element : [[IOSDriver:  on MAC (e643fed7-401e-4e65-b686-ba7ad6848d29)] -> accessibility id: A Short Title Is Best]<br/>
01_02_2018_08_37_11_844 -  Fetching the text : [[IOSDriver:  on MAC (e643fed7-401e-4e65-b686-ba7ad6848d29)] -> accessibility id: A Short Title Is Best]<br/>
01_02_2018_08_37_11_990 -  Is the Element Displayed on Screen : [[IOSDriver:  on MAC (e643fed7-401e-4e65-b686-ba7ad6848d29)] -> accessibility id: A message should be a short, complete sentence.]<br/>
01_02_2018_08_37_12_172 -  Waiting For Element : [[IOSDriver:  on MAC (e643fed7-401e-4e65-b686-ba7ad6848d29)] -> accessibility id: A message should be a short, complete sentence.]<br/>
01_02_2018_08_37_12_333 -  Fetching the text : [[IOSDriver:  on MAC (e643fed7-401e-4e65-b686-ba7ad6848d29)] -> accessibility id: A message should be a short, complete sentence.]<br/>
01_02_2018_08_37_14_064 -  Accepted Alert<br/>
01_02_2018_08_37_15_113 -  Waiting For Element : [[IOSDriver:  on MAC (e643fed7-401e-4e65-b686-ba7ad6848d29)] -> xpath: //XCUIElementTypeStaticText[@name='Okay / Cancel']]<br/>
01_02_2018_08_37_16_023 -  Clicked :  [[IOSDriver:  on MAC (e643fed7-401e-4e65-b686-ba7ad6848d29)] -> xpath: //XCUIElementTypeStaticText[@name='Okay / Cancel']]<br/>
01_02_2018_08_37_16_023 -  Waiting For alert to be displayed <br/>
01_02_2018_08_37_19_384 -  Dismissed Alert<br/>
01_02_2018_08_37_19_724 -  Waiting For Element : [[IOSDriver:  on MAC (e643fed7-401e-4e65-b686-ba7ad6848d29)] -> accessibility id: Other]<br/>
01_02_2018_08_37_20_744 -  Clicked :  [[IOSDriver:  on MAC (e643fed7-401e-4e65-b686-ba7ad6848d29)] -> accessibility id: Other]<br/>
01_02_2018_08_37_20_745 -  Waiting For alert to be displayed <br/>
01_02_2018_08_37_21_876 -  Is the Element Displayed on Screen : [[IOSDriver:  on MAC (e643fed7-401e-4e65-b686-ba7ad6848d29)] -> accessibility id: A Short Title Is Best]<br/>
01_02_2018_08_37_22_119 -  Waiting For Element : [[IOSDriver:  on MAC (e643fed7-401e-4e65-b686-ba7ad6848d29)] -> accessibility id: A Short Title Is Best]<br/>
01_02_2018_08_37_22_321 -  Fetching the text : [[IOSDriver:  on MAC (e643fed7-401e-4e65-b686-ba7ad6848d29)] -> accessibility id: A Short Title Is Best]<br/>
01_02_2018_08_37_22_483 -  Is the Element Displayed on Screen : [[IOSDriver:  on MAC (e643fed7-401e-4e65-b686-ba7ad6848d29)] -> accessibility id: A message should be a short, complete sentence.]<br/>
01_02_2018_08_37_22_672 -  Waiting For Element : [[IOSDriver:  on MAC (e643fed7-401e-4e65-b686-ba7ad6848d29)] -> accessibility id: A message should be a short, complete sentence.]<br/>
01_02_2018_08_37_22_863 -  Fetching the text : [[IOSDriver:  on MAC (e643fed7-401e-4e65-b686-ba7ad6848d29)] -> accessibility id: A message should be a short, complete sentence.]<br/>
01_02_2018_08_37_23_224 -  Waiting For Element : [[IOSDriver:  on MAC (e643fed7-401e-4e65-b686-ba7ad6848d29)] -> accessibility id: Choice One]<br/>
01_02_2018_08_37_23_394 -  Is the Element Displayed on Screen : [[IOSDriver:  on MAC (e643fed7-401e-4e65-b686-ba7ad6848d29)] -> accessibility id: Choice One]<br/>
01_02_2018_08_37_25_351 -  Waiting For Element : [[IOSDriver:  on MAC (e643fed7-401e-4e65-b686-ba7ad6848d29)] -> xpath: //XCUIElementTypeButton[@name='Choice Two']]<br/>
01_02_2018_08_37_25_500 -  Is the Element Displayed on Screen : [[IOSDriver:  on MAC (e643fed7-401e-4e65-b686-ba7ad6848d29)] -> xpath: //XCUIElementTypeButton[@name='Choice Two']]<br/>
01_02_2018_08_37_28_340 -  Single Tap On Element : [[IOSDriver:  on MAC (e643fed7-401e-4e65-b686-ba7ad6848d29)] -> accessibility id: Choice One]<br/>
01_02_2018_08_37_28_588 -  Waiting For Element : [[IOSDriver:  on MAC (e643fed7-401e-4e65-b686-ba7ad6848d29)] -> accessibility id: Other]<br/>
01_02_2018_08_37_29_531 -  Clicked :  [[IOSDriver:  on MAC (e643fed7-401e-4e65-b686-ba7ad6848d29)] -> accessibility id: Other]<br/>
01_02_2018_08_37_29_532 -  Waiting For alert to be displayed <br/>
01_02_2018_08_37_30_408 -  Waiting for : 1 second(s)<br/>
01_02_2018_08_37_31_464 -  Capturing Screenshot and Adding to Extent Reports<br/>
01_02_2018_08_37_36_037 -  Single Tap On Element : [[IOSDriver:  on MAC (e643fed7-401e-4e65-b686-ba7ad6848d29)] -> xpath: //XCUIElementTypeButton[@name='Choice Two']]<br/>
01_02_2018_08_37_36_338 -  Waiting For Element : [[IOSDriver:  on MAC (e643fed7-401e-4e65-b686-ba7ad6848d29)] -> accessibility id: Other]<br/>
01_02_2018_08_37_37_282 -  Clicked :  [[IOSDriver:  on MAC (e643fed7-401e-4e65-b686-ba7ad6848d29)] -> accessibility id: Other]<br/>
01_02_2018_08_37_37_282 -  Waiting For alert to be displayed <br/>
01_02_2018_08_37_40_093 -  Dismissed Alert<br/>
01_02_2018_08_37_40_479 -  Waiting For Element : [[IOSDriver:  on MAC (e643fed7-401e-4e65-b686-ba7ad6848d29)] -> accessibility id: Text Entry]<br/>
01_02_2018_08_37_41_465 -  Clicked :  [[IOSDriver:  on MAC (e643fed7-401e-4e65-b686-ba7ad6848d29)] -> accessibility id: Text Entry]<br/>
01_02_2018_08_37_41_465 -  Waiting For alert to be displayed <br/>
01_02_2018_08_37_43_082 -  Waiting For Element : [[IOSDriver:  on MAC (e643fed7-401e-4e65-b686-ba7ad6848d29)] -> accessibility id: A Short Title Is Best]<br/>
01_02_2018_08_37_43_372 -  Fetching the text : [[IOSDriver:  on MAC (e643fed7-401e-4e65-b686-ba7ad6848d29)] -> accessibility id: A Short Title Is Best]<br/>
01_02_2018_08_37_43_646 -  Waiting For Element : [[IOSDriver:  on MAC (e643fed7-401e-4e65-b686-ba7ad6848d29)] -> accessibility id: A message should be a short, complete sentence.]<br/>
01_02_2018_08_37_43_877 -  Fetching the text : [[IOSDriver:  on MAC (e643fed7-401e-4e65-b686-ba7ad6848d29)] -> accessibility id: A message should be a short, complete sentence.]<br/>
01_02_2018_08_37_47_782 -  Waiting For Element : [[IOSDriver:  on MAC (e643fed7-401e-4e65-b686-ba7ad6848d29)] -> xpath: //XCUIElementTypeAlert[@name='A Short Title Is Best']//XCUIElementTypeTextField]<br/>
01_02_2018_08_37_48_189 -  Is the Element Displayed on Screen : [[IOSDriver:  on MAC (e643fed7-401e-4e65-b686-ba7ad6848d29)] -> xpath: //XCUIElementTypeAlert[@name='A Short Title Is Best']//XCUIElementTypeTextField]<br/>
01_02_2018_08_37_53_017 -  Waiting for : 1 second(s)<br/>
01_02_2018_08_37_54_079 -  Capturing Screenshot and Adding to Extent Reports<br/>
01_02_2018_08_37_56_566 -  Accepted Alert<br/>
01_02_2018_08_37_57_143 -  Waiting For Element : [[IOSDriver:  on MAC (e643fed7-401e-4e65-b686-ba7ad6848d29)] -> accessibility id: Text Entry]<br/>
01_02_2018_08_37_58_145 -  Clicked :  [[IOSDriver:  on MAC (e643fed7-401e-4e65-b686-ba7ad6848d29)] -> accessibility id: Text Entry]<br/>
01_02_2018_08_37_58_145 -  Waiting For alert to be displayed <br/>
01_02_2018_08_38_05_527 -  Dismissed Alert<br/>
01_02_2018_08_38_06_059 -  Waiting For Element : [[IOSDriver:  on MAC (e643fed7-401e-4e65-b686-ba7ad6848d29)] -> accessibility id: Secure Text Entry]<br/>
01_02_2018_08_38_07_046 -  Clicked :  [[IOSDriver:  on MAC (e643fed7-401e-4e65-b686-ba7ad6848d29)] -> accessibility id: Secure Text Entry]<br/>
01_02_2018_08_38_07_046 -  Waiting For alert to be displayed <br/>
01_02_2018_08_38_08_047 -  Waiting For Element : [[IOSDriver:  on MAC (e643fed7-401e-4e65-b686-ba7ad6848d29)] -> accessibility id: A Short Title Is Best]<br/>
01_02_2018_08_38_08_299 -  Fetching the text : [[IOSDriver:  on MAC (e643fed7-401e-4e65-b686-ba7ad6848d29)] -> accessibility id: A Short Title Is Best]<br/>
01_02_2018_08_38_08_540 -  Waiting For Element : [[IOSDriver:  on MAC (e643fed7-401e-4e65-b686-ba7ad6848d29)] -> accessibility id: A message should be a short, complete sentence.]<br/>
01_02_2018_08_38_08_891 -  Fetching the text : [[IOSDriver:  on MAC (e643fed7-401e-4e65-b686-ba7ad6848d29)] -> accessibility id: A message should be a short, complete sentence.]<br/>
01_02_2018_08_38_11_700 -  Waiting For Element : [[IOSDriver:  on MAC (e643fed7-401e-4e65-b686-ba7ad6848d29)] -> xpath: //XCUIElementTypeAlert[@name='A Short Title Is Best']//XCUIElementTypeSecureTextField]<br/>
01_02_2018_08_38_11_956 -  Is the Element Displayed on Screen : [[IOSDriver:  on MAC (e643fed7-401e-4e65-b686-ba7ad6848d29)] -> xpath: //XCUIElementTypeAlert[@name='A Short Title Is Best']//XCUIElementTypeSecureTextField]<br/>
01_02_2018_08_38_16_182 -  Waiting for : 1 second(s)<br/>
01_02_2018_08_38_17_184 -  Capturing Screenshot and Adding to Extent Reports<br/>
01_02_2018_08_38_19_904 -  Accepted Alert<br/>
01_02_2018_08_38_20_416 -  Waiting For Element : [[IOSDriver:  on MAC (e643fed7-401e-4e65-b686-ba7ad6848d29)] -> accessibility id: Secure Text Entry]<br/>
01_02_2018_08_38_21_308 -  Clicked :  [[IOSDriver:  on MAC (e643fed7-401e-4e65-b686-ba7ad6848d29)] -> accessibility id: Secure Text Entry]<br/>
01_02_2018_08_38_21_308 -  Waiting For alert to be displayed <br/>
01_02_2018_08_38_27_990 -  Dismissed Alert<br/>
01_02_2018_08_38_29_593 -  Go Back<br/>
01_02_2018_08_38_29_593 -  Test Passed :  test_04_UI_Catalog_AlertViews<br/>
</div>
</td>
<td></td>
<td>96</td>
<td>iOS.UI_Catalog.scripts.Test_04_UI_Catalog_AlertViews@1e643faf</td></tr>
<tr>
<td title='iOS.UI_Catalog.scripts.Test_05_UI_Catalog_Buttons.test_05_UI_Catalog_Buttons()'><b>test_05_UI_Catalog_Buttons</b><br>Test class: iOS.UI_Catalog.scripts.Test_05_UI_Catalog_Buttons<br/>
<a href="#Output-234740890" onClick='toggleBox("Output-234740890", this, "Show output", "Hide output");'>Show output</a>

<a href="#Output-234740890" onClick="toggleAllBoxes();">Show all outputs</a>
<div class='log' id="Output-234740890">
01_02_2018_08_38_53_018 -  Started Test : test_05_UI_Catalog_Buttons<br/>
01_02_2018_08_38_53_354 -  Waiting For Element : [[IOSDriver:  on MAC (ecd7dee1-a38b-449e-aaff-55242a92e852)] -> accessibility id: Buttons]<br/>
01_02_2018_08_38_53_675 -  Is the Element Displayed on Screen : [[IOSDriver:  on MAC (ecd7dee1-a38b-449e-aaff-55242a92e852)] -> accessibility id: Buttons]<br/>
01_02_2018_08_38_54_018 -  Waiting For Element : [[IOSDriver:  on MAC (ecd7dee1-a38b-449e-aaff-55242a92e852)] -> accessibility id: Buttons]<br/>
01_02_2018_08_38_54_341 -  Fetching the text : [[IOSDriver:  on MAC (ecd7dee1-a38b-449e-aaff-55242a92e852)] -> accessibility id: Buttons]<br/>
01_02_2018_08_38_54_677 -  Waiting For Element : [[IOSDriver:  on MAC (ecd7dee1-a38b-449e-aaff-55242a92e852)] -> accessibility id: Buttons]<br/>
01_02_2018_08_38_55_730 -  Clicked :  [[IOSDriver:  on MAC (ecd7dee1-a38b-449e-aaff-55242a92e852)] -> accessibility id: Buttons]<br/>
01_02_2018_08_38_55_730 -  Waiting for : 1 second(s)<br/>
01_02_2018_08_38_56_759 -  Capturing Screenshot and Adding to Extent Reports<br/>
01_02_2018_08_38_56_857 -  Is the Element Displayed on Screen : [[IOSDriver:  on MAC (ecd7dee1-a38b-449e-aaff-55242a92e852)] -> accessibility id: Buttons]<br/>
01_02_2018_08_38_58_369 -  Waiting For Element : [[IOSDriver:  on MAC (ecd7dee1-a38b-449e-aaff-55242a92e852)] -> xpath: //XCUIElementTypeOther[@label='SYSTEM (TEXT)']]<br/>
01_02_2018_08_38_58_625 -  Is the Element Displayed on Screen : [[IOSDriver:  on MAC (ecd7dee1-a38b-449e-aaff-55242a92e852)] -> xpath: //XCUIElementTypeOther[@label='SYSTEM (TEXT)']]<br/>
01_02_2018_08_39_00_130 -  Waiting For Element : [[IOSDriver:  on MAC (ecd7dee1-a38b-449e-aaff-55242a92e852)] -> xpath: //XCUIElementTypeButton[@name='Button']]<br/>
01_02_2018_08_39_00_405 -  Is the Element Displayed on Screen : [[IOSDriver:  on MAC (ecd7dee1-a38b-449e-aaff-55242a92e852)] -> xpath: //XCUIElementTypeButton[@name='Button']]<br/>
01_02_2018_08_39_01_787 -  Waiting For Element : [[IOSDriver:  on MAC (ecd7dee1-a38b-449e-aaff-55242a92e852)] -> xpath: //XCUIElementTypeOther[@label='SYSTEM (CONTACT ADD)']]<br/>
01_02_2018_08_39_02_017 -  Is the Element Displayed on Screen : [[IOSDriver:  on MAC (ecd7dee1-a38b-449e-aaff-55242a92e852)] -> xpath: //XCUIElementTypeOther[@label='SYSTEM (CONTACT ADD)']]<br/>
01_02_2018_08_39_02_589 -  Waiting For Element : [[IOSDriver:  on MAC (ecd7dee1-a38b-449e-aaff-55242a92e852)] -> accessibility id: SYSTEM (DETAIL DISCLOSURE)]<br/>
01_02_2018_08_39_02_875 -  Is the Element Displayed on Screen : [[IOSDriver:  on MAC (ecd7dee1-a38b-449e-aaff-55242a92e852)] -> accessibility id: SYSTEM (DETAIL DISCLOSURE)]<br/>
01_02_2018_08_39_03_504 -  Waiting For Element : [[IOSDriver:  on MAC (ecd7dee1-a38b-449e-aaff-55242a92e852)] -> accessibility id: More Info]<br/>
01_02_2018_08_39_03_806 -  Is the Element Displayed on Screen : [[IOSDriver:  on MAC (ecd7dee1-a38b-449e-aaff-55242a92e852)] -> accessibility id: More Info]<br/>
01_02_2018_08_39_04_416 -  Waiting For Element : [[IOSDriver:  on MAC (ecd7dee1-a38b-449e-aaff-55242a92e852)] -> accessibility id: X Button]<br/>
01_02_2018_08_39_04_712 -  Is the Element Displayed on Screen : [[IOSDriver:  on MAC (ecd7dee1-a38b-449e-aaff-55242a92e852)] -> accessibility id: X Button]<br/>
01_02_2018_08_39_05_336 -  Waiting For Element : [[IOSDriver:  on MAC (ecd7dee1-a38b-449e-aaff-55242a92e852)] -> accessibility id: IMAGE]<br/>
01_02_2018_08_39_05_647 -  Is the Element Displayed on Screen : [[IOSDriver:  on MAC (ecd7dee1-a38b-449e-aaff-55242a92e852)] -> accessibility id: IMAGE]<br/>
01_02_2018_08_39_06_351 -  Waiting For Element : [[IOSDriver:  on MAC (ecd7dee1-a38b-449e-aaff-55242a92e852)] -> accessibility id: ATTRIBUTED TEXT]<br/>
01_02_2018_08_39_06_652 -  Is the Element Displayed on Screen : [[IOSDriver:  on MAC (ecd7dee1-a38b-449e-aaff-55242a92e852)] -> accessibility id: ATTRIBUTED TEXT]<br/>
01_02_2018_08_39_07_205 -  Swiping Vertically Down <br/>
01_02_2018_08_39_17_054 -  Go Back<br/>
01_02_2018_08_39_17_055 -  Test Passed :  test_05_UI_Catalog_Buttons<br/>
</div>
</td>
<td></td>
<td>24</td>
<td>iOS.UI_Catalog.scripts.Test_05_UI_Catalog_Buttons@6e8dacdf</td></tr>
</table><p>
</body>
</html>