<?xml version="1.0" encoding="UTF-8"?>
<!-- Generated by org.testng.reporters.JUnitXMLReporter -->
<testsuite hostname="Sambeets-MacBook-Air.local" ignored="0" name="Default test" tests="1" failures="0" timestamp="09 Aug 2017 20:14:24 GMT" time="0.027" errors="0">
  <testcase name="@BeforeSuite before_Suite" time="0.0" classname="iOS.BaseClass.Base_Class">
    <failure type="org.testng.TestNGException" message="
Parameter &amp;apos;bundleId&amp;apos; is required by BeforeSuite on method before_Suite but has not been marked @Optional or defined
in /private/var/folders/sx/jlcqw9hx2kd43y05t3twmkz00000gn/T/testng-eclipse--1336154687/testng-customsuite.xml">
      <![CDATA[org.testng.TestNGException: 
Parameter 'bundleId' is required by BeforeSuite on method before_Suite but has not been marked @Optional or defined
in /private/var/folders/sx/jlcqw9hx2kd43y05t3twmkz00000gn/T/testng-eclipse--1336154687/testng-customsuite.xml
	at org.testng.internal.Parameters.createParameters(Parameters.java:199)
	at org.testng.internal.Parameters.createParameters(Parameters.java:443)
	at org.testng.internal.Parameters.createConfigurationParameters(Parameters.java:118)
	at org.testng.internal.Invoker.invokeConfigurations(Invoker.java:203)
	at org.testng.internal.Invoker.invokeConfigurations(Invoker.java:144)
	at org.testng.SuiteRunner.privateRun(SuiteRunner.java:326)
	at org.testng.SuiteRunner.run(SuiteRunner.java:289)
	at org.testng.SuiteRunnerWorker.runSuite(SuiteRunnerWorker.java:52)
	at org.testng.SuiteRunnerWorker.run(SuiteRunnerWorker.java:86)
	at org.testng.TestNG.runSuitesSequentially(TestNG.java:1293)
	at org.testng.TestNG.runSuitesLocally(TestNG.java:1218)
	at org.testng.TestNG.runSuites(TestNG.java:1133)
	at org.testng.TestNG.run(TestNG.java:1104)
	at org.testng.remote.AbstractRemoteTestNG.run(AbstractRemoteTestNG.java:132)
	at org.testng.remote.RemoteTestNG.initAndRun(RemoteTestNG.java:230)
	at org.testng.remote.RemoteTestNG.main(RemoteTestNG.java:76)
]]>
    </failure>
  </testcase> <!-- @BeforeSuite before_Suite -->
  <testcase name="test_02_Validate_PlaceOrder_Add_Items" time="0.0" classname="iOS.ShoppingCart.Test_02_Validate_PlaceOrder_Add_Items">
    <skipped/>
  </testcase> <!-- test_02_Validate_PlaceOrder_Add_Items -->
</testsuite> <!-- Default test -->
