<!DOCTYPE html PUBLIC "-//W3C//DTD XHTML 1.1//EN" "http://www.w3.org/TR/xhtml11/DTD/xhtml11.dtd">
<html xmlns="http://www.w3.org/1999/xhtml">
<head>
<title>iOS Multi Apps Project Automation Report</title>
<style type="text/css">
table {margin-bottom:10px;border-collapse:collapse;empty-cells:show}
td,th {border:1px solid #009;padding:.25em .5em}
.result th {vertical-align:bottom}
.param th {padding-left:1em;padding-right:1em}
.param td {padding-left:.5em;padding-right:2em}
.stripe td,.stripe th {background-color: #E6EBF9}
.numi,.numi_attn {text-align:right}
.total td {font-weight:bold}
.passedodd td {background-color: #0A0}
.passedeven td {background-color: #3F3}
.skippedodd td {background-color: #CCC}
.skippedodd td {background-color: #DDD}
.failedodd td,.numi_attn {background-color: #F33}
.failedeven td,.stripe .numi_attn {background-color: #D00}
.stacktrace {white-space:pre;font-family:monospace}
.totop {font-size:85%;text-align:center;border-bottom:2px solid #000}
</style>
</head>
<body bgcolor='#f3f1f4'>
<table cellspacing="0" cellpadding="0" class="testOverview">
<tr><th>Test Suites</th><th># Passed</th><th># Skipped</th><th># Failed</th><th>Start<br/>Time</th><th>End<br/>Time</th><th>Total Time Taken <br/> (hh:mm:ss)</th><th>Included<br/>Groups</th><th>Excluded<br/>Groups</th></tr>
<tr><th colspan="10">TestApp_Suite</th></tr>
<tr><td style="text-align:left;padding-right:2em"><a href="#t1"><b>TestApp_Test</b></a></td><td class="numi">0</td><td class="numi">0</td><td class="numi_attn">2</td><td class="numi">20:41:13</td></td>
<td class="numi">20:41:13</td></td>
<td class="numi">00:00:00</td><td class="numi"></td><td class="numi"></td></tr>
<tr><th colspan="10">UI_Catalog_Suite</th></tr>
<tr><td style="text-align:left;padding-right:2em"><a href="#t2"><b>UI_Catalog_Test</b></a></td><td class="numi">5</td><td class="numi">0</td><td class="numi_attn">10</td><td class="numi">20:33:57</td></td>
<td class="numi">20:41:13</td></td>
<td class="numi">00:07:16</td><td class="numi"></td><td class="numi"></td></tr>
<tr><th colspan="10">BbsrApp_Suite</th></tr>
<tr><td style="text-align:left;padding-right:2em"><a href="#t3"><b>BbsrApp_Test</b></a></td><td class="numi">0</td><td class="numi">0</td><td class="numi_attn">2</td><td class="numi">20:41:14</td></td>
<td class="numi">20:41:14</td></td>
<td class="numi">00:00:00</td><td class="numi"></td><td class="numi"></td></tr>
<tr><th colspan="10">HomeSafetyApp_Suite</th></tr>
<tr><td style="text-align:left;padding-right:2em"><a href="#t4"><b>HomeSafetyApp_Test</b></a></td><td class="numi">0</td><td class="numi">0</td><td class="numi_attn">1</td><td class="numi">20:41:14</td></td>
<td class="numi">20:41:14</td></td>
<td class="numi">00:00:00</td><td class="numi"></td><td class="numi"></td></tr>
<tr><th colspan="10">AllSuites</th></tr>
<tr><th colspan="10">ShoppingCart_Suite</th></tr>
<tr><td style="text-align:left;padding-right:2em"><a href="#t5"><b>ShoppingCart_Test</b></a></td><td class="numi">0</td><td class="numi">0</td><td class="numi_attn">3</td><td class="numi">20:41:14</td></td>
<td class="numi">20:41:14</td></td>
<td class="numi">00:00:00</td><td class="numi"></td><td class="numi"></td></tr>
<tr class="total"><td>Total</td>
<td class="numi">5</td><td class="numi">0</td><td class="numi_attn">18</td><td class="numi"> </td><td class="numi"> </td><td class="numi">00:07:17</td><td colspan="3">&nbsp;</td></tr>
</table>
<table cellspacing="0" cellpadding="0" class="methodOverview" id="summary">
<tr><th>Class</th><th>Method</th><th>Exception</th><th>Start Time </th><th>Time Taken<br/>(hh:mm:ss)</th></tr>
<tr><th colspan="5">TestApp_Suite</th></tr>
<tr id="t1"><th colspan="5">TestApp_Test &#8212; failed</th></tr>
<tr class="failedodd"><td>iOS.TestApp.scripts.Test_01_Compute_Sum</td><td><a href="#m1"><b>test_01_Compute_Sum</b>  </a></td><td class="numi" style="text-align:left;padding-right:2em">org.openqa.selenium.NoSuchSessionException: Session ID is null. Using WebDriver after calling quit()?<br/>01_02_2018_08_41_13_776 -  Started Test : test_01_Compute_Sum<br/>01_02_2018_08_41_13_792 -  Test Failed : test_01_Compute_Sum<br/></td><td style="text-align:right">20:41:13</td><td class="numi">00:00:00</td></tr>
<tr class="failedeven"><td>iOS.TestApp.scripts.Test_02_Alerts_TestApp</td><td><a href="#m2"><b>test_02_Alerts_TestApp</b>  </a></td><td class="numi" style="text-align:left;padding-right:2em">org.openqa.selenium.NoSuchSessionException: Session ID is null. Using WebDriver after calling quit()?<br/>01_02_2018_08_41_13_801 -  Started Test : test_02_Alerts_TestApp<br/>01_02_2018_08_41_13_805 -  Test Failed : test_02_Alerts_TestApp<br/></td><td style="text-align:right">20:41:13</td><td class="numi">00:00:00</td></tr>
<tr><th colspan="5">UI_Catalog_Suite</th></tr>
<tr id="t2"><th colspan="5">UI_Catalog_Test &#8212; failed (configuration methods)</th></tr>
<tr class="failedodd"><td>iOS.UI_Catalog.scripts.Test_01_Launch_UI_Catalog_HomePage</td><td><a href="#m3"><b>after_Suite</b>  </a></td><td class="numi" style="text-align:left;padding-right:2em">org.openqa.selenium.WebDriverException: org.apache.http.conn.HttpHostConnectException: Connect to 127.0.0.1:4723 [/127.0.0.1] failed: Connection refused (Connection refused)<br/></td><td style="text-align:right">20:41:13</td><td class="numi">00:00:00</td></tr>
<tr><th colspan="5">UI_Catalog_Test &#8212; failed</th></tr>
<tr class="failedodd"><td>iOS.UI_Catalog.scripts.Test_06_UI_Catalog_DatePicker</td><td><a href="#m4"><b>test_06_UI_Catalog_DatePicker</b>  </a></td><td class="numi" style="text-align:left;padding-right:2em">org.openqa.selenium.NoSuchElementException: An element could not be located on the page using the given search parameters. (WARNING: The server did not provide any stacktrace information)<br/>01_02_2018_08_39_40_490 -  Started Test : test_06_UI_Catalog_DatePicker<br/>01_02_2018_08_39_40_837 -  Waiting For Element : [[IOSDriver:  on MAC (91e6fd50-f578-423e-a276-d2419f526492)] -> accessibility id: Date Picker]<br/>01_02_2018_08_39_41_169 -  Is the Element Displayed on Screen : [[IOSDriver:  on MAC (91e6fd50-f578-423e-a276-d2419f526492)] -> accessibility id: Date Picker]<br/>01_02_2018_08_39_41_477 -  Waiting For Element : [[IOSDriver:  on MAC (91e6fd50-f578-423e-a276-d2419f526492)] -> accessibility id: Date Picker]<br/>01_02_2018_08_39_41_816 -  Fetching the text : [[IOSDriver:  on MAC (91e6fd50-f578-423e-a276-d2419f526492)] -> accessibility id: Date Picker]<br/>01_02_2018_08_39_42_134 -  Waiting For Element : [[IOSDriver:  on MAC (91e6fd50-f578-423e-a276-d2419f526492)] -> accessibility id: Date Picker]<br/>01_02_2018_08_39_43_231 -  Clicked :  [[IOSDriver:  on MAC (91e6fd50-f578-423e-a276-d2419f526492)] -> accessibility id: Date Picker]<br/>01_02_2018_08_39_43_231 -  Waiting for : 1 second(s)<br/>01_02_2018_08_39_44_300 -  Capturing Screenshot and Adding to Extent Reports<br/>01_02_2018_08_39_44_398 -  Is the Element Displayed on Screen : [[IOSDriver:  on MAC (91e6fd50-f578-423e-a276-d2419f526492)] -> accessibility id: Date Picker]<br/>01_02_2018_08_40_07_160 -  Test Failed : test_06_UI_Catalog_DatePicker<br/></td><td style="text-align:right">20:39:40</td><td class="numi">00:00:27</td></tr>
<tr class="failedeven"><td>iOS.UI_Catalog.scripts.Test_07_UI_Catalog_SegmentedControls</td><td><a href="#m5"><b>test_07_UI_Catalog_SegmentedControls</b>  </a></td><td class="numi" style="text-align:left;padding-right:2em">org.openqa.selenium.NoSuchElementException: An element could not be located on the page using the given search parameters. (WARNING: The server did not provide any stacktrace information)<br/>01_02_2018_08_40_23_231 -  Started Test : test_07_UI_Catalog_SegmentedControls<br/>01_02_2018_08_40_23_513 -  Swiping Vertically Down <br/>01_02_2018_08_40_27_733 -  Waiting For Element : [[IOSDriver:  on MAC (114d3d69-0993-466b-be1e-10bb67e88b45)] -> accessibility id: Segmented Controls]<br/>01_02_2018_08_40_28_051 -  Is the Element Displayed on Screen : [[IOSDriver:  on MAC (114d3d69-0993-466b-be1e-10bb67e88b45)] -> accessibility id: Segmented Controls]<br/>01_02_2018_08_40_28_345 -  Waiting For Element : [[IOSDriver:  on MAC (114d3d69-0993-466b-be1e-10bb67e88b45)] -> accessibility id: Segmented Controls]<br/>01_02_2018_08_40_28_660 -  Fetching the text : [[IOSDriver:  on MAC (114d3d69-0993-466b-be1e-10bb67e88b45)] -> accessibility id: Segmented Controls]<br/>01_02_2018_08_40_28_963 -  Waiting For Element : [[IOSDriver:  on MAC (114d3d69-0993-466b-be1e-10bb67e88b45)] -> accessibility id: Segmented Controls]<br/>01_02_2018_08_40_29_956 -  Clicked :  [[IOSDriver:  on MAC (114d3d69-0993-466b-be1e-10bb67e88b45)] -> accessibility id: Segmented Controls]<br/>01_02_2018_08_40_29_956 -  Waiting for : 1 second(s)<br/>01_02_2018_08_40_31_030 -  Capturing Screenshot and Adding to Extent Reports<br/>01_02_2018_08_40_31_112 -  Is the Element Displayed on Screen : [[IOSDriver:  on MAC (114d3d69-0993-466b-be1e-10bb67e88b45)] -> accessibility id: Segmented Controls]<br/>01_02_2018_08_40_32_710 -  Waiting For Element : [[IOSDriver:  on MAC (114d3d69-0993-466b-be1e-10bb67e88b45)] -> xpath: //XCUIElementTypeOther[@name='DEFAULT']]<br/>01_02_2018_08_40_33_013 -  Fetching the text : [[IOSDriver:  on MAC (114d3d69-0993-466b-be1e-10bb67e88b45)] -> xpath: //XCUIElementTypeOther[@name='DEFAULT']]<br/>01_02_2018_08_40_34_713 -  Waiting For Element : [[IOSDriver:  on MAC (114d3d69-0993-466b-be1e-10bb67e88b45)] -> xpath: //XCUIElementTypeCell[1]//XCUIElementTypeButton[@name='Check']]<br/>01_02_2018_08_40_35_025 -  Waiting For Element : [[IOSDriver:  on MAC (114d3d69-0993-466b-be1e-10bb67e88b45)] -> xpath: //XCUIElementTypeCell[1]//XCUIElementTypeButton[@name='Check']]<br/>01_02_2018_08_40_35_397 -  Fetching the Attribute : name - Element : [[IOSDriver:  on MAC (114d3d69-0993-466b-be1e-10bb67e88b45)] -> xpath: //XCUIElementTypeCell[1]//XCUIElementTypeButton[@name='Check']]<br/>01_02_2018_08_40_35_720 -  Waiting For Element : [[IOSDriver:  on MAC (114d3d69-0993-466b-be1e-10bb67e88b45)] -> xpath: //XCUIElementTypeCell[1]//XCUIElementTypeButton[@name='Check']]<br/>01_02_2018_08_40_36_818 -  Clicked :  [[IOSDriver:  on MAC (114d3d69-0993-466b-be1e-10bb67e88b45)] -> xpath: //XCUIElementTypeCell[1]//XCUIElementTypeButton[@name='Check']]<br/>01_02_2018_08_40_38_256 -  Waiting For Element : [[IOSDriver:  on MAC (114d3d69-0993-466b-be1e-10bb67e88b45)] -> xpath: //XCUIElementTypeCell[1]//XCUIElementTypeButton[@name='Search']]<br/>01_02_2018_08_40_38_611 -  Waiting For Element : [[IOSDriver:  on MAC (114d3d69-0993-466b-be1e-10bb67e88b45)] -> xpath: //XCUIElementTypeCell[1]//XCUIElementTypeButton[@name='Search']]<br/>01_02_2018_08_40_38_948 -  Fetching the Attribute : name - Element : [[IOSDriver:  on MAC (114d3d69-0993-466b-be1e-10bb67e88b45)] -> xpath: //XCUIElementTypeCell[1]//XCUIElementTypeButton[@name='Search']]<br/>01_02_2018_08_40_39_202 -  Waiting For Element : [[IOSDriver:  on MAC (114d3d69-0993-466b-be1e-10bb67e88b45)] -> xpath: //XCUIElementTypeCell[1]//XCUIElementTypeButton[@name='Search']]<br/>01_02_2018_08_40_40_160 -  Clicked :  [[IOSDriver:  on MAC (114d3d69-0993-466b-be1e-10bb67e88b45)] -> xpath: //XCUIElementTypeCell[1]//XCUIElementTypeButton[@name='Search']]<br/>01_02_2018_08_40_41_436 -  Waiting For Element : [[IOSDriver:  on MAC (114d3d69-0993-466b-be1e-10bb67e88b45)] -> xpath: //XCUIElementTypeCell[1]//XCUIElementTypeButton[@name='Tools']]<br/>01_02_2018_08_40_41_701 -  Waiting For Element : [[IOSDriver:  on MAC (114d3d69-0993-466b-be1e-10bb67e88b45)] -> xpath: //XCUIElementTypeCell[1]//XCUIElementTypeButton[@name='Tools']]<br/>01_02_2018_08_40_41_954 -  Fetching the Attribute : name - Element : [[IOSDriver:  on MAC (114d3d69-0993-466b-be1e-10bb67e88b45)] -> xpath: //XCUIElementTypeCell[1]//XCUIElementTypeButton[@name='Tools']]<br/>01_02_2018_08_40_42_212 -  Waiting For Element : [[IOSDriver:  on MAC (114d3d69-0993-466b-be1e-10bb67e88b45)] -> xpath: //XCUIElementTypeCell[1]//XCUIElementTypeButton[@name='Tools']]<br/>01_02_2018_08_40_43_082 -  Clicked :  [[IOSDriver:  on MAC (114d3d69-0993-466b-be1e-10bb67e88b45)] -> xpath: //XCUIElementTypeCell[1]//XCUIElementTypeButton[@name='Tools']]<br/>01_02_2018_08_41_03_214 -  Test Failed : test_07_UI_Catalog_SegmentedControls<br/></td><td style="text-align:right">20:40:23</td><td class="numi">00:00:40</td></tr>
<tr class="failedodd"><td>iOS.UI_Catalog.scripts.Test_08_UI_Catalog_Sliders</td><td><a href="#m6"><b>test_08_UI_Catalog_Sliders</b>  </a></td><td class="numi" style="text-align:left;padding-right:2em">org.openqa.selenium.WebDriverException: org.apache.http.conn.HttpHostConnectException: Connect to 127.0.0.1:4723 [/127.0.0.1] failed: Connection refused (Connection refused)<br/>01_02_2018_08_41_13_356 -  Started Test : test_08_UI_Catalog_Sliders<br/>01_02_2018_08_41_13_358 -  Test Failed : test_08_UI_Catalog_Sliders<br/></td><td style="text-align:right">20:41:13</td><td class="numi">00:00:00</td></tr>
<tr class="failedeven"><td>iOS.UI_Catalog.scripts.Test_09_UI_Catalog_Steppers</td><td><a href="#m7"><b>test_09_UI_Catalog_Steppers</b>  </a></td><td class="numi" style="text-align:left;padding-right:2em">org.openqa.selenium.WebDriverException: org.apache.http.conn.HttpHostConnectException: Connect to 127.0.0.1:4723 [/127.0.0.1] failed: Connection refused (Connection refused)<br/>01_02_2018_08_41_13_369 -  Started Test : test_09_UI_Catalog_Steppers<br/>01_02_2018_08_41_13_370 -  Test Failed : test_09_UI_Catalog_Steppers<br/></td><td style="text-align:right">20:41:13</td><td class="numi">00:00:00</td></tr>
<tr class="failedodd"><td>iOS.UI_Catalog.scripts.Test_10_UI_Catalog_Switches</td><td><a href="#m8"><b>test_10_UI_Catalog_Switches</b>  </a></td><td class="numi" style="text-align:left;padding-right:2em">org.openqa.selenium.WebDriverException: org.apache.http.conn.HttpHostConnectException: Connect to 127.0.0.1:4723 [/127.0.0.1] failed: Connection refused (Connection refused)<br/>01_02_2018_08_41_13_382 -  Started Test : test_10_UI_Catalog_Switches<br/>01_02_2018_08_41_13_384 -  Test Failed : test_10_UI_Catalog_Switches<br/></td><td style="text-align:right">20:41:13</td><td class="numi">00:00:00</td></tr>
<tr class="failedeven"><td>iOS.UI_Catalog.scripts.Test_11_UI_Catalog_TextFields</td><td><a href="#m9"><b>test_11_UI_Catalog_TextFields</b>  </a></td><td class="numi" style="text-align:left;padding-right:2em">org.openqa.selenium.WebDriverException: org.apache.http.conn.HttpHostConnectException: Connect to 127.0.0.1:4723 [/127.0.0.1] failed: Connection refused (Connection refused)<br/>01_02_2018_08_41_13_397 -  Started Test : test_11_UI_Catalog_TextFields<br/>01_02_2018_08_41_13_399 -  Test Failed : test_11_UI_Catalog_TextFields<br/></td><td style="text-align:right">20:41:13</td><td class="numi">00:00:00</td></tr>
<tr class="failedodd"><td>iOS.UI_Catalog.scripts.Test_12_UI_Catalog_TextView</td><td><a href="#m10"><b>test_12_UI_Catalog_TextView</b>  </a></td><td class="numi" style="text-align:left;padding-right:2em">org.openqa.selenium.WebDriverException: org.apache.http.conn.HttpHostConnectException: Connect to 127.0.0.1:4723 [/127.0.0.1] failed: Connection refused (Connection refused)<br/>01_02_2018_08_41_13_410 -  Started Test : test_12_UI_Catalog_TextView<br/>01_02_2018_08_41_13_412 -  Test Failed : test_12_UI_Catalog_TextView<br/></td><td style="text-align:right">20:41:13</td><td class="numi">00:00:00</td></tr>
<tr class="failedeven"><td>iOS.UI_Catalog.scripts.Test_13_UI_Catalog_SearchBars</td><td><a href="#m11"><b>test_13_UI_Catalog_TextView</b>  </a></td><td class="numi" style="text-align:left;padding-right:2em">org.openqa.selenium.WebDriverException: org.apache.http.conn.HttpHostConnectException: Connect to 127.0.0.1:4723 [/127.0.0.1] failed: Connection refused (Connection refused)<br/>01_02_2018_08_41_13_426 -  Started Test : test_13_UI_Catalog_TextView<br/>01_02_2018_08_41_13_428 -  Test Failed : test_13_UI_Catalog_TextView<br/></td><td style="text-align:right">20:41:13</td><td class="numi">00:00:00</td></tr>
<tr class="failedodd"><td>iOS.UI_Catalog.scripts.Test_14_UI_Catalog_ToolBars</td><td><a href="#m12"><b>test_14_UI_Catalog_ToolBars</b>  </a></td><td class="numi" style="text-align:left;padding-right:2em">org.openqa.selenium.WebDriverException: org.apache.http.conn.HttpHostConnectException: Connect to 127.0.0.1:4723 [/127.0.0.1] failed: Connection refused (Connection refused)<br/>01_02_2018_08_41_13_445 -  Started Test : test_14_UI_Catalog_ToolBars<br/>01_02_2018_08_41_13_447 -  Test Failed : test_14_UI_Catalog_ToolBars<br/></td><td style="text-align:right">20:41:13</td><td class="numi">00:00:00</td></tr>
<tr class="failedeven"><td>iOS.UI_Catalog.scripts.Test_15_UI_Catalog_WebView</td><td><a href="#m13"><b>test_15_UI_Catalog_WebView</b>  </a></td><td class="numi" style="text-align:left;padding-right:2em">org.openqa.selenium.WebDriverException: org.apache.http.conn.HttpHostConnectException: Connect to 127.0.0.1:4723 [/127.0.0.1] failed: Connection refused (Connection refused)<br/>01_02_2018_08_41_13_460 -  Started Test : test_15_UI_Catalog_WebView<br/>01_02_2018_08_41_13_461 -  Test Failed : test_15_UI_Catalog_WebView<br/></td><td style="text-align:right">20:41:13</td><td class="numi">00:00:00</td></tr>
<tr><th colspan="5">UI_Catalog_Test &#8212; passed</th></tr>
<tr class="passedodd"><td>iOS.UI_Catalog.scripts.Test_01_Launch_UI_Catalog_HomePage</td><td><a href="#m14"><b>test_01_Launch_UI_Catalog_HomePage</b>  ("Test UI Catalog APP -Smoke Test")</a></td><td class="numi" style="text-align:left;padding-right:2em"><br/></td><td style="text-align:right">20:34:40</td><td class="numi">00:00:33</td></tr>
<tr class="passedeven"><td>iOS.UI_Catalog.scripts.Test_02_UI_Catalog_ActionSheets</td><td><a href="#m15"><b>test_02_UI_Catalog_ActionSheets</b>  </a></td><td class="numi" style="text-align:left;padding-right:2em"><br/></td><td style="text-align:right">20:35:27</td><td class="numi">00:00:35</td></tr>
<tr class="passedodd"><td>iOS.UI_Catalog.scripts.Test_03_UI_Catalog_ActivityIndicators</td><td><a href="#m16"><b>test_03_UI_Catalog_ActivityIndicators</b>  </a></td><td class="numi" style="text-align:left;padding-right:2em"><br/></td><td style="text-align:right">20:36:17</td><td class="numi">00:00:14</td></tr>
<tr class="passedeven"><td>iOS.UI_Catalog.scripts.Test_04_UI_Catalog_AlertViews</td><td><a href="#m17"><b>test_04_UI_Catalog_AlertViews</b>  </a></td><td class="numi" style="text-align:left;padding-right:2em"><br/></td><td style="text-align:right">20:36:53</td><td class="numi">00:01:36</td></tr>
<tr class="passedodd"><td>iOS.UI_Catalog.scripts.Test_05_UI_Catalog_Buttons</td><td><a href="#m18"><b>test_05_UI_Catalog_Buttons</b>  </a></td><td class="numi" style="text-align:left;padding-right:2em"><br/></td><td style="text-align:right">20:38:53</td><td class="numi">00:00:24</td></tr>
<tr><th colspan="5">BbsrApp_Suite</th></tr>
<tr id="t3"><th colspan="5">BbsrApp_Test &#8212; failed</th></tr>
<tr class="failedodd"><td>iOS.Bbsr.scripts.Test_01_Bbsr_LaunchPage</td><td><a href="#m19"><b>test_01_Bbsr_LaunchPage</b>  </a></td><td class="numi" style="text-align:left;padding-right:2em">org.openqa.selenium.NoSuchSessionException: Session ID is null. Using WebDriver after calling quit()?<br/>01_02_2018_08_41_14_299 -  Started Test : test_01_Bbsr_LaunchPage<br/>01_02_2018_08_41_14_305 -  Test Failed : test_01_Bbsr_LaunchPage<br/></td><td style="text-align:right">20:41:14</td><td class="numi">00:00:00</td></tr>
<tr class="failedeven"><td>iOS.Bbsr.scripts.Test_02_Bbsr_SupportPage</td><td><a href="#m20"><b>test_02_Bbsr_SupportPage</b>  </a></td><td class="numi" style="text-align:left;padding-right:2em">org.openqa.selenium.NoSuchSessionException: Session ID is null. Using WebDriver after calling quit()?<br/>01_02_2018_08_41_14_313 -  Started Test : test_02_Bbsr_SupportPage<br/>01_02_2018_08_41_14_317 -  Test Failed : test_02_Bbsr_SupportPage<br/></td><td style="text-align:right">20:41:14</td><td class="numi">00:00:00</td></tr>
<tr><th colspan="5">HomeSafetyApp_Suite</th></tr>
<tr id="t4"><th colspan="5">HomeSafetyApp_Test &#8212; failed</th></tr>
<tr class="failedodd"><td>iOS.HomeSafetyApp.scripts.Test_01_HomeSafety_LaunchPage</td><td><a href="#m21"><b>test_01_HomeSafety_LaunchPage</b>  </a></td><td class="numi" style="text-align:left;padding-right:2em">org.openqa.selenium.NoSuchSessionException: Session ID is null. Using WebDriver after calling quit()?<br/>01_02_2018_08_41_14_548 -  Started Test : test_01_HomeSafety_LaunchPage<br/>01_02_2018_08_41_14_552 -  Test Failed : test_01_HomeSafety_LaunchPage<br/></td><td style="text-align:right">20:41:14</td><td class="numi">00:00:00</td></tr>
<tr><th colspan="5">AllSuites</th></tr>
<tr><th colspan="5">ShoppingCart_Suite</th></tr>
<tr id="t5"><th colspan="5">ShoppingCart_Test &#8212; failed</th></tr>
<tr class="failedodd"><td>iOS.ShoppingCart.scripts.Test_01_Validate_HomePage_Add_Items</td><td><a href="#m22"><b>test_01_Validate_HomePage_Add_Items</b>  </a></td><td class="numi" style="text-align:left;padding-right:2em">org.openqa.selenium.NoSuchSessionException: Session ID is null. Using WebDriver after calling quit()?<br/>01_02_2018_08_41_14_431 -  Started Test : test_01_Validate_HomePage_Add_Items<br/>01_02_2018_08_41_14_435 -  Test Failed : test_01_Validate_HomePage_Add_Items<br/></td><td style="text-align:right">20:41:14</td><td class="numi">00:00:00</td></tr>
<tr class="failedeven"><td>iOS.ShoppingCart.scripts.Test_02_Validate_PlaceOrder_Add_Items</td><td><a href="#m23"><b>test_02_Validate_PlaceOrder_Add_Items</b>  </a></td><td class="numi" style="text-align:left;padding-right:2em">org.openqa.selenium.NoSuchSessionException: Session ID is null. Using WebDriver after calling quit()?<br/>01_02_2018_08_41_14_420 -  Started Test : test_02_Validate_PlaceOrder_Add_Items<br/>01_02_2018_08_41_14_425 -  Test Failed : test_02_Validate_PlaceOrder_Add_Items<br/></td><td style="text-align:right">20:41:14</td><td class="numi">00:00:00</td></tr>
<tr class="failedodd"><td>iOS.ShoppingCart.scripts.Test_03_Validate_Purchase_Items_ContinueShopping</td><td><a href="#m24"><b>test_03_Validate_Purchase_Items_ContinueShopping</b>  </a></td><td class="numi" style="text-align:left;padding-right:2em">org.openqa.selenium.NoSuchSessionException: Session ID is null. Using WebDriver after calling quit()?<br/>01_02_2018_08_41_14_445 -  Started Test : test_03_Validate_Purchase_Items_ContinueShopping<br/>01_02_2018_08_41_14_449 -  Test Failed : test_03_Validate_Purchase_Items_ContinueShopping<br/></td><td style="text-align:right">20:41:14</td><td class="numi">00:00:00</td></tr>
</table>
<h1>TestApp_Test</h1>
<h2 id="m1">iOS.TestApp.scripts.Test_01_Compute_Sum:test_01_Compute_Sum</h2>
<table cellspacing="0" cellpadding="0" class="result">
<tr class="param"><th>Param.1</th></tr>
<tr class="param stripe"><td>{Script_name=Test_01_Compute_Sum, TestData_2=100, TestData_1=200, TestData_10=, TestData_11=, TestData_12=, TestData_13=, TestData_14=, TestData_4=, TestData_3=300, TestData_6=, TestData_5=, TestData_8=, TestData_7=, TestData_9=}</td>
</tr>
<tr><td>
<h3>Test Messages</h3>
01_02_2018_08_41_13_776 -  Started Test : test_01_Compute_Sum<br/>
01_02_2018_08_41_13_792 -  Test Failed : test_01_Compute_Sum<br/>
<h3>Failure</h3>
<div class="stacktrace">org.openqa.selenium.NoSuchSessionException: Session ID is null. Using WebDriver after calling quit()?
Build info: version: &apos;3.3.1&apos;, revision: &apos;5234b32&apos;, time: &apos;2017-03-10 09:04:52 -0800&apos;
System info: host: &apos;Sambeets-MacBook-Air.local&apos;, ip: &apos;fe80:0:0:0:c4:4fd:8ddb:f3db%en0&apos;, os.name: &apos;Mac OS X&apos;, os.arch: &apos;x86_64&apos;, os.version: &apos;10.13.2&apos;, java.version: &apos;1.8.0_131&apos;
Driver info: driver.version: IOSDriver
	at org.openqa.selenium.remote.HttpCommandExecutor.execute(HttpCommandExecutor.java:130)
	at io.appium.java_client.remote.AppiumCommandExecutor.execute(AppiumCommandExecutor.java:69)
	at org.openqa.selenium.remote.RemoteWebDriver.execute(RemoteWebDriver.java:604)
	at io.appium.java_client.DefaultGenericMobileDriver.execute(DefaultGenericMobileDriver.java:40)
	at io.appium.java_client.AppiumDriver.execute(AppiumDriver.java:1)
	at io.appium.java_client.ios.IOSDriver.execute(IOSDriver.java:1)
	at org.openqa.selenium.remote.RemoteWebDriver.findElement(RemoteWebDriver.java:371)
	at io.appium.java_client.DefaultGenericMobileDriver.findElement(DefaultGenericMobileDriver.java:56)
	at io.appium.java_client.AppiumDriver.findElement(AppiumDriver.java:1)
	at io.appium.java_client.ios.IOSDriver.findElement(IOSDriver.java:1)
	at org.openqa.selenium.remote.RemoteWebDriver.findElementByXPath(RemoteWebDriver.java:476)
	at io.appium.java_client.DefaultGenericMobileDriver.findElementByXPath(DefaultGenericMobileDriver.java:134)
	at io.appium.java_client.AppiumDriver.findElementByXPath(AppiumDriver.java:1)
	at io.appium.java_client.ios.IOSDriver.findElementByXPath(IOSDriver.java:1)
	at iOS.POMLibrary.Get_WebElement_XML.getElementByXpath(Unknown Source)
	at iOS.TestApp.scripts.Test_01_Compute_Sum.test_01_Compute_Sum(Unknown Source)
	at sun.reflect.NativeMethodAccessorImpl.invoke0(Native Method)
	at sun.reflect.NativeMethodAccessorImpl.invoke(NativeMethodAccessorImpl.java:62)
	at sun.reflect.DelegatingMethodAccessorImpl.invoke(DelegatingMethodAccessorImpl.java:43)
	at java.lang.reflect.Method.invoke(Method.java:498)
	at org.testng.internal.MethodInvocationHelper.invokeMethod(MethodInvocationHelper.java:104)
	at org.testng.internal.Invoker.invokeMethod(Invoker.java:645)
	at org.testng.internal.Invoker.invokeTestMethod(Invoker.java:851)
	at org.testng.internal.Invoker.invokeTestMethods(Invoker.java:1177)
	at org.testng.internal.TestMethodWorker.invokeTestMethods(TestMethodWorker.java:129)
	at org.testng.internal.TestMethodWorker.run(TestMethodWorker.java:112)
	at org.testng.TestRunner.privateRun(TestRunner.java:756)
	at org.testng.TestRunner.run(TestRunner.java:610)
	at org.testng.SuiteRunner.runTest(SuiteRunner.java:387)
	at org.testng.SuiteRunner.runSequentially(SuiteRunner.java:382)
	at org.testng.SuiteRunner.privateRun(SuiteRunner.java:340)
	at org.testng.SuiteRunner.run(SuiteRunner.java:289)
	at org.testng.SuiteRunnerWorker.runSuite(SuiteRunnerWorker.java:52)
	at org.testng.SuiteRunnerWorker.run(SuiteRunnerWorker.java:86)
	at org.testng.TestNG.runSuitesSequentially(TestNG.java:1293)
	at org.testng.TestNG.runSuitesSequentially(TestNG.java:1289)
	at org.testng.TestNG.runSuitesLocally(TestNG.java:1218)
	at org.testng.TestNG.runSuites(TestNG.java:1133)
	at org.testng.TestNG.run(TestNG.java:1104)
	at org.testng.TestNG.privateMain(TestNG.java:1434)
	at org.testng.TestNG.main(TestNG.java:1403)
</div>
</td></tr>
</table>
<p class="totop"><a href="#summary">back to summary</a></p>
<h2 id="m2">iOS.TestApp.scripts.Test_02_Alerts_TestApp:test_02_Alerts_TestApp</h2>
<table cellspacing="0" cellpadding="0" class="result">
<tr class="param"><th>Param.1</th></tr>
<tr class="param stripe"><td>{Script_name=Test_02_Alerts_TestApp, TestData_2=Calendar Authorization Status, TestData_1=Cool title, TestData_10=, TestData_11=, TestData_12=, TestData_13=, TestData_14=, TestData_4=, TestData_3=50%, TestData_6=, TestData_5=, TestData_8=, TestData_7=, TestData_9=}</td>
</tr>
<tr><td>
<h3>Test Messages</h3>
01_02_2018_08_41_13_801 -  Started Test : test_02_Alerts_TestApp<br/>
01_02_2018_08_41_13_805 -  Test Failed : test_02_Alerts_TestApp<br/>
<h3>Failure</h3>
<div class="stacktrace">org.openqa.selenium.NoSuchSessionException: Session ID is null. Using WebDriver after calling quit()?
Build info: version: &apos;3.3.1&apos;, revision: &apos;5234b32&apos;, time: &apos;2017-03-10 09:04:52 -0800&apos;
System info: host: &apos;Sambeets-MacBook-Air.local&apos;, ip: &apos;fe80:0:0:0:c4:4fd:8ddb:f3db%en0&apos;, os.name: &apos;Mac OS X&apos;, os.arch: &apos;x86_64&apos;, os.version: &apos;10.13.2&apos;, java.version: &apos;1.8.0_131&apos;
Driver info: driver.version: IOSDriver
	at org.openqa.selenium.remote.HttpCommandExecutor.execute(HttpCommandExecutor.java:130)
	at io.appium.java_client.remote.AppiumCommandExecutor.execute(AppiumCommandExecutor.java:69)
	at org.openqa.selenium.remote.RemoteWebDriver.execute(RemoteWebDriver.java:604)
	at io.appium.java_client.DefaultGenericMobileDriver.execute(DefaultGenericMobileDriver.java:40)
	at io.appium.java_client.AppiumDriver.execute(AppiumDriver.java:1)
	at io.appium.java_client.ios.IOSDriver.execute(IOSDriver.java:1)
	at org.openqa.selenium.remote.RemoteWebDriver.findElement(RemoteWebDriver.java:371)
	at io.appium.java_client.DefaultGenericMobileDriver.findElement(DefaultGenericMobileDriver.java:56)
	at io.appium.java_client.AppiumDriver.findElement(AppiumDriver.java:1)
	at io.appium.java_client.ios.IOSDriver.findElement(IOSDriver.java:1)
	at org.openqa.selenium.remote.RemoteWebDriver.findElementByXPath(RemoteWebDriver.java:476)
	at io.appium.java_client.DefaultGenericMobileDriver.findElementByXPath(DefaultGenericMobileDriver.java:134)
	at io.appium.java_client.AppiumDriver.findElementByXPath(AppiumDriver.java:1)
	at io.appium.java_client.ios.IOSDriver.findElementByXPath(IOSDriver.java:1)
	at iOS.POMLibrary.Get_WebElement_XML.getElementByXpath(Unknown Source)
	at iOS.TestApp.scripts.Test_02_Alerts_TestApp.test_02_Alerts_TestApp(Unknown Source)
	at sun.reflect.NativeMethodAccessorImpl.invoke0(Native Method)
	at sun.reflect.NativeMethodAccessorImpl.invoke(NativeMethodAccessorImpl.java:62)
	at sun.reflect.DelegatingMethodAccessorImpl.invoke(DelegatingMethodAccessorImpl.java:43)
	at java.lang.reflect.Method.invoke(Method.java:498)
	at org.testng.internal.MethodInvocationHelper.invokeMethod(MethodInvocationHelper.java:104)
	at org.testng.internal.Invoker.invokeMethod(Invoker.java:645)
	at org.testng.internal.Invoker.invokeTestMethod(Invoker.java:851)
	at org.testng.internal.Invoker.invokeTestMethods(Invoker.java:1177)
	at org.testng.internal.TestMethodWorker.invokeTestMethods(TestMethodWorker.java:129)
	at org.testng.internal.TestMethodWorker.run(TestMethodWorker.java:112)
	at org.testng.TestRunner.privateRun(TestRunner.java:756)
	at org.testng.TestRunner.run(TestRunner.java:610)
	at org.testng.SuiteRunner.runTest(SuiteRunner.java:387)
	at org.testng.SuiteRunner.runSequentially(SuiteRunner.java:382)
	at org.testng.SuiteRunner.privateRun(SuiteRunner.java:340)
	at org.testng.SuiteRunner.run(SuiteRunner.java:289)
	at org.testng.SuiteRunnerWorker.runSuite(SuiteRunnerWorker.java:52)
	at org.testng.SuiteRunnerWorker.run(SuiteRunnerWorker.java:86)
	at org.testng.TestNG.runSuitesSequentially(TestNG.java:1293)
	at org.testng.TestNG.runSuitesSequentially(TestNG.java:1289)
	at org.testng.TestNG.runSuitesLocally(TestNG.java:1218)
	at org.testng.TestNG.runSuites(TestNG.java:1133)
	at org.testng.TestNG.run(TestNG.java:1104)
	at org.testng.TestNG.privateMain(TestNG.java:1434)
	at org.testng.TestNG.main(TestNG.java:1403)
</div>
</td></tr>
</table>
<p class="totop"><a href="#summary">back to summary</a></p>
<h1>UI_Catalog_Test</h1>
<h2 id="m3">iOS.UI_Catalog.scripts.Test_01_Launch_UI_Catalog_HomePage:after_Suite</h2>
<div>
<div class="stacktrace">org.openqa.selenium.WebDriverException: org.apache.http.conn.HttpHostConnectException: Connect to 127.0.0.1:4723 [/127.0.0.1] failed: Connection refused (Connection refused)
Build info: version: &apos;3.3.1&apos;, revision: &apos;5234b32&apos;, time: &apos;2017-03-10 09:04:52 -0800&apos;
System info: host: &apos;Sambeets-MacBook-Air.local&apos;, ip: &apos;fe80:0:0:0:c4:4fd:8ddb:f3db%en0&apos;, os.name: &apos;Mac OS X&apos;, os.arch: &apos;x86_64&apos;, os.version: &apos;10.13.2&apos;, java.version: &apos;1.8.0_131&apos;
Driver info: driver.version: RemoteWebDriver
	at io.appium.java_client.remote.AppiumCommandExecutor.execute(AppiumCommandExecutor.java:84)
	at org.openqa.selenium.remote.RemoteWebDriver.execute(RemoteWebDriver.java:604)
	at io.appium.java_client.DefaultGenericMobileDriver.execute(DefaultGenericMobileDriver.java:40)
	at io.appium.java_client.AppiumDriver.execute(AppiumDriver.java:235)
	at org.openqa.selenium.remote.RemoteWebDriver.quit(RemoteWebDriver.java:500)
	at iOS.BaseClass.Base_Class.after_Suite(Unknown Source)
	at sun.reflect.NativeMethodAccessorImpl.invoke0(Native Method)
	at sun.reflect.NativeMethodAccessorImpl.invoke(NativeMethodAccessorImpl.java:62)
	at sun.reflect.DelegatingMethodAccessorImpl.invoke(DelegatingMethodAccessorImpl.java:43)
	at java.lang.reflect.Method.invoke(Method.java:498)
	at org.testng.internal.MethodInvocationHelper.invokeMethod(MethodInvocationHelper.java:104)
	at org.testng.internal.Invoker.invokeConfigurationMethod(Invoker.java:515)
	at org.testng.internal.Invoker.invokeConfigurations(Invoker.java:217)
	at org.testng.internal.Invoker.invokeConfigurations(Invoker.java:144)
	at org.testng.SuiteRunner.privateRun(SuiteRunner.java:357)
	at org.testng.SuiteRunner.run(SuiteRunner.java:289)
	at org.testng.SuiteRunnerWorker.runSuite(SuiteRunnerWorker.java:52)
	at org.testng.SuiteRunnerWorker.run(SuiteRunnerWorker.java:86)
	at org.testng.TestNG.runSuitesSequentially(TestNG.java:1293)
	at org.testng.TestNG.runSuitesSequentially(TestNG.java:1289)
	at org.testng.TestNG.runSuitesLocally(TestNG.java:1218)
	at org.testng.TestNG.runSuites(TestNG.java:1133)
	at org.testng.TestNG.run(TestNG.java:1104)
	at org.testng.TestNG.privateMain(TestNG.java:1434)
	at org.testng.TestNG.main(TestNG.java:1403)
Caused by: org.apache.http.conn.HttpHostConnectException: Connect to 127.0.0.1:4723 [/127.0.0.1] failed: Connection refused (Connection refused)
	at org.apache.http.impl.conn.DefaultHttpClientConnectionOperator.connect(DefaultHttpClientConnectionOperator.java:158)
	at org.apache.http.impl.conn.PoolingHttpClientConnectionManager.connect(PoolingHttpClientConnectionManager.java:353)
	at org.apache.http.impl.execchain.MainClientExec.establishRoute(MainClientExec.java:380)
	at org.apache.http.impl.execchain.MainClientExec.execute(MainClientExec.java:236)
	at org.apache.http.impl.execchain.ProtocolExec.execute(ProtocolExec.java:184)
	at org.apache.http.impl.execchain.RetryExec.execute(RetryExec.java:88)
	at org.apache.http.impl.execchain.RedirectExec.execute(RedirectExec.java:110)
	at org.apache.http.impl.client.InternalHttpClient.doExecute(InternalHttpClient.java:184)
	at org.apache.http.impl.client.CloseableHttpClient.execute(CloseableHttpClient.java:71)
	at org.apache.http.impl.client.CloseableHttpClient.execute(CloseableHttpClient.java:55)
	at org.openqa.selenium.remote.internal.ApacheHttpClient.fallBackExecute(ApacheHttpClient.java:142)
	at org.openqa.selenium.remote.internal.ApacheHttpClient.execute(ApacheHttpClient.java:88)
	at org.openqa.selenium.remote.HttpCommandExecutor.execute(HttpCommandExecutor.java:160)
	at io.appium.java_client.remote.AppiumCommandExecutor.execute(AppiumCommandExecutor.java:69)
	... 24 more
Caused by: java.net.ConnectException: Connection refused (Connection refused)
	at java.net.PlainSocketImpl.socketConnect(Native Method)
	at java.net.AbstractPlainSocketImpl.doConnect(AbstractPlainSocketImpl.java:350)
	at java.net.AbstractPlainSocketImpl.connectToAddress(AbstractPlainSocketImpl.java:206)
	at java.net.AbstractPlainSocketImpl.connect(AbstractPlainSocketImpl.java:188)
	at java.net.SocksSocketImpl.connect(SocksSocketImpl.java:392)
	at java.net.Socket.connect(Socket.java:589)
	at org.apache.http.conn.socket.PlainConnectionSocketFactory.connectSocket(PlainConnectionSocketFactory.java:74)
	at org.apache.http.impl.conn.DefaultHttpClientConnectionOperator.connect(DefaultHttpClientConnectionOperator.java:141)
	... 37 more
</div>
</div>
<p class="totop"><a href="#summary">back to summary</a></p>
<h2 id="m4">iOS.UI_Catalog.scripts.Test_06_UI_Catalog_DatePicker:test_06_UI_Catalog_DatePicker</h2>
<div>
<h3>Test Messages</h3>
01_02_2018_08_39_40_490 -  Started Test : test_06_UI_Catalog_DatePicker<br/>
01_02_2018_08_39_40_837 -  Waiting For Element : [[IOSDriver:  on MAC (91e6fd50-f578-423e-a276-d2419f526492)] -> accessibility id: Date Picker]<br/>
01_02_2018_08_39_41_169 -  Is the Element Displayed on Screen : [[IOSDriver:  on MAC (91e6fd50-f578-423e-a276-d2419f526492)] -> accessibility id: Date Picker]<br/>
01_02_2018_08_39_41_477 -  Waiting For Element : [[IOSDriver:  on MAC (91e6fd50-f578-423e-a276-d2419f526492)] -> accessibility id: Date Picker]<br/>
01_02_2018_08_39_41_816 -  Fetching the text : [[IOSDriver:  on MAC (91e6fd50-f578-423e-a276-d2419f526492)] -> accessibility id: Date Picker]<br/>
01_02_2018_08_39_42_134 -  Waiting For Element : [[IOSDriver:  on MAC (91e6fd50-f578-423e-a276-d2419f526492)] -> accessibility id: Date Picker]<br/>
01_02_2018_08_39_43_231 -  Clicked :  [[IOSDriver:  on MAC (91e6fd50-f578-423e-a276-d2419f526492)] -> accessibility id: Date Picker]<br/>
01_02_2018_08_39_43_231 -  Waiting for : 1 second(s)<br/>
01_02_2018_08_39_44_300 -  Capturing Screenshot and Adding to Extent Reports<br/>
01_02_2018_08_39_44_398 -  Is the Element Displayed on Screen : [[IOSDriver:  on MAC (91e6fd50-f578-423e-a276-d2419f526492)] -> accessibility id: Date Picker]<br/>
01_02_2018_08_40_07_160 -  Test Failed : test_06_UI_Catalog_DatePicker<br/>
<h3>Failure</h3>
<div class="stacktrace">org.openqa.selenium.NoSuchElementException: An element could not be located on the page using the given search parameters. (WARNING: The server did not provide any stacktrace information)
Command duration or timeout: 22.46 seconds
For documentation on this error, please visit: http://seleniumhq.org/exceptions/no_such_element.html
Build info: version: &apos;3.3.1&apos;, revision: &apos;5234b32&apos;, time: &apos;2017-03-10 09:04:52 -0800&apos;
System info: host: &apos;Sambeets-MacBook-Air.local&apos;, ip: &apos;fe80:0:0:0:c4:4fd:8ddb:f3db%en0&apos;, os.name: &apos;Mac OS X&apos;, os.arch: &apos;x86_64&apos;, os.version: &apos;10.13.2&apos;, java.version: &apos;1.8.0_131&apos;
Driver info: io.appium.java_client.ios.IOSDriver
Capabilities [{networkConnectionEnabled=false, noReset=true, bundleId=com.example.apple-samplecode.UICatalog, databaseEnabled=false, deviceName=iPhone 7, platform=MAC, platformVersion=10.3, webStorageEnabled=false, locationContextEnabled=false, browserName=, takesScreenshot=true, javascriptEnabled=true, platformName=iOS, udid=702C4E08-F609-4476-BE92-F21EECE76F33}]
Session ID: 91e6fd50-f578-423e-a276-d2419f526492
*** Element info: {Using=xpath, value=//XCUIElementTypeStaticText[contains(@name,&apos;2017&apos;)]}
	at sun.reflect.NativeConstructorAccessorImpl.newInstance0(Native Method)
	at sun.reflect.NativeConstructorAccessorImpl.newInstance(NativeConstructorAccessorImpl.java:62)
	at sun.reflect.DelegatingConstructorAccessorImpl.newInstance(DelegatingConstructorAccessorImpl.java:45)
	at java.lang.reflect.Constructor.newInstance(Constructor.java:423)
	at org.openqa.selenium.remote.ErrorHandler.createThrowable(ErrorHandler.java:216)
	at org.openqa.selenium.remote.ErrorHandler.throwIfResponseFailed(ErrorHandler.java:168)
	at org.openqa.selenium.remote.RemoteWebDriver.execute(RemoteWebDriver.java:638)
	at io.appium.java_client.DefaultGenericMobileDriver.execute(DefaultGenericMobileDriver.java:40)
	at io.appium.java_client.AppiumDriver.execute(AppiumDriver.java:1)
	at io.appium.java_client.ios.IOSDriver.execute(IOSDriver.java:1)
	at org.openqa.selenium.remote.RemoteWebDriver.findElement(RemoteWebDriver.java:371)
	at io.appium.java_client.DefaultGenericMobileDriver.findElement(DefaultGenericMobileDriver.java:56)
	at io.appium.java_client.AppiumDriver.findElement(AppiumDriver.java:1)
	at io.appium.java_client.ios.IOSDriver.findElement(IOSDriver.java:1)
	at org.openqa.selenium.remote.RemoteWebDriver.findElementByXPath(RemoteWebDriver.java:476)
	at io.appium.java_client.DefaultGenericMobileDriver.findElementByXPath(DefaultGenericMobileDriver.java:134)
	at io.appium.java_client.AppiumDriver.findElementByXPath(AppiumDriver.java:1)
	at io.appium.java_client.ios.IOSDriver.findElementByXPath(IOSDriver.java:1)
	at iOS.POMLibrary.Get_WebElement_JSON.getElementByXpath(Unknown Source)
	at iOS.UI_Catalog.scripts.Test_06_UI_Catalog_DatePicker.test_06_UI_Catalog_DatePicker(Unknown Source)
	at sun.reflect.NativeMethodAccessorImpl.invoke0(Native Method)
	at sun.reflect.NativeMethodAccessorImpl.invoke(NativeMethodAccessorImpl.java:62)
	at sun.reflect.DelegatingMethodAccessorImpl.invoke(DelegatingMethodAccessorImpl.java:43)
	at java.lang.reflect.Method.invoke(Method.java:498)
	at org.testng.internal.MethodInvocationHelper.invokeMethod(MethodInvocationHelper.java:104)
	at org.testng.internal.Invoker.invokeMethod(Invoker.java:645)
	at org.testng.internal.Invoker.invokeTestMethod(Invoker.java:851)
	at org.testng.internal.Invoker.invokeTestMethods(Invoker.java:1177)
	at org.testng.internal.TestMethodWorker.invokeTestMethods(TestMethodWorker.java:129)
	at org.testng.internal.TestMethodWorker.run(TestMethodWorker.java:112)
	at org.testng.TestRunner.privateRun(TestRunner.java:756)
	at org.testng.TestRunner.run(TestRunner.java:610)
	at org.testng.SuiteRunner.runTest(SuiteRunner.java:387)
	at org.testng.SuiteRunner.runSequentially(SuiteRunner.java:382)
	at org.testng.SuiteRunner.privateRun(SuiteRunner.java:340)
	at org.testng.SuiteRunner.run(SuiteRunner.java:289)
	at org.testng.SuiteRunnerWorker.runSuite(SuiteRunnerWorker.java:52)
	at org.testng.SuiteRunnerWorker.run(SuiteRunnerWorker.java:86)
	at org.testng.TestNG.runSuitesSequentially(TestNG.java:1293)
	at org.testng.TestNG.runSuitesSequentially(TestNG.java:1289)
	at org.testng.TestNG.runSuitesLocally(TestNG.java:1218)
	at org.testng.TestNG.runSuites(TestNG.java:1133)
	at org.testng.TestNG.run(TestNG.java:1104)
	at org.testng.TestNG.privateMain(TestNG.java:1434)
	at org.testng.TestNG.main(TestNG.java:1403)
</div>
</div>
<p class="totop"><a href="#summary">back to summary</a></p>
<h2 id="m5">iOS.UI_Catalog.scripts.Test_07_UI_Catalog_SegmentedControls:test_07_UI_Catalog_SegmentedControls</h2>
<table cellspacing="0" cellpadding="0" class="result">
<tr class="param"><th>Param.1</th></tr>
<tr class="param stripe"><td>{Script_name=Test_07_UI_Catalog_SegmentedControls, TestData_2=TINTED, TestData_1=DEFAULT, TestData_10=, TestData_11=, TestData_12=, TestData_13=, TestData_14=, TestData_4=Search, TestData_3=Check, TestData_6=CUSTOM SEGMENTS, TestData_5=Tools, TestData_8=Search, TestData_7=Done, TestData_9=Settings}</td>
</tr>
<tr><td>
<h3>Test Messages</h3>
01_02_2018_08_40_23_231 -  Started Test : test_07_UI_Catalog_SegmentedControls<br/>
01_02_2018_08_40_23_513 -  Swiping Vertically Down <br/>
01_02_2018_08_40_27_733 -  Waiting For Element : [[IOSDriver:  on MAC (114d3d69-0993-466b-be1e-10bb67e88b45)] -> accessibility id: Segmented Controls]<br/>
01_02_2018_08_40_28_051 -  Is the Element Displayed on Screen : [[IOSDriver:  on MAC (114d3d69-0993-466b-be1e-10bb67e88b45)] -> accessibility id: Segmented Controls]<br/>
01_02_2018_08_40_28_345 -  Waiting For Element : [[IOSDriver:  on MAC (114d3d69-0993-466b-be1e-10bb67e88b45)] -> accessibility id: Segmented Controls]<br/>
01_02_2018_08_40_28_660 -  Fetching the text : [[IOSDriver:  on MAC (114d3d69-0993-466b-be1e-10bb67e88b45)] -> accessibility id: Segmented Controls]<br/>
01_02_2018_08_40_28_963 -  Waiting For Element : [[IOSDriver:  on MAC (114d3d69-0993-466b-be1e-10bb67e88b45)] -> accessibility id: Segmented Controls]<br/>
01_02_2018_08_40_29_956 -  Clicked :  [[IOSDriver:  on MAC (114d3d69-0993-466b-be1e-10bb67e88b45)] -> accessibility id: Segmented Controls]<br/>
01_02_2018_08_40_29_956 -  Waiting for : 1 second(s)<br/>
01_02_2018_08_40_31_030 -  Capturing Screenshot and Adding to Extent Reports<br/>
01_02_2018_08_40_31_112 -  Is the Element Displayed on Screen : [[IOSDriver:  on MAC (114d3d69-0993-466b-be1e-10bb67e88b45)] -> accessibility id: Segmented Controls]<br/>
01_02_2018_08_40_32_710 -  Waiting For Element : [[IOSDriver:  on MAC (114d3d69-0993-466b-be1e-10bb67e88b45)] -> xpath: //XCUIElementTypeOther[@name='DEFAULT']]<br/>
01_02_2018_08_40_33_013 -  Fetching the text : [[IOSDriver:  on MAC (114d3d69-0993-466b-be1e-10bb67e88b45)] -> xpath: //XCUIElementTypeOther[@name='DEFAULT']]<br/>
01_02_2018_08_40_34_713 -  Waiting For Element : [[IOSDriver:  on MAC (114d3d69-0993-466b-be1e-10bb67e88b45)] -> xpath: //XCUIElementTypeCell[1]//XCUIElementTypeButton[@name='Check']]<br/>
01_02_2018_08_40_35_025 -  Waiting For Element : [[IOSDriver:  on MAC (114d3d69-0993-466b-be1e-10bb67e88b45)] -> xpath: //XCUIElementTypeCell[1]//XCUIElementTypeButton[@name='Check']]<br/>
01_02_2018_08_40_35_397 -  Fetching the Attribute : name - Element : [[IOSDriver:  on MAC (114d3d69-0993-466b-be1e-10bb67e88b45)] -> xpath: //XCUIElementTypeCell[1]//XCUIElementTypeButton[@name='Check']]<br/>
01_02_2018_08_40_35_720 -  Waiting For Element : [[IOSDriver:  on MAC (114d3d69-0993-466b-be1e-10bb67e88b45)] -> xpath: //XCUIElementTypeCell[1]//XCUIElementTypeButton[@name='Check']]<br/>
01_02_2018_08_40_36_818 -  Clicked :  [[IOSDriver:  on MAC (114d3d69-0993-466b-be1e-10bb67e88b45)] -> xpath: //XCUIElementTypeCell[1]//XCUIElementTypeButton[@name='Check']]<br/>
01_02_2018_08_40_38_256 -  Waiting For Element : [[IOSDriver:  on MAC (114d3d69-0993-466b-be1e-10bb67e88b45)] -> xpath: //XCUIElementTypeCell[1]//XCUIElementTypeButton[@name='Search']]<br/>
01_02_2018_08_40_38_611 -  Waiting For Element : [[IOSDriver:  on MAC (114d3d69-0993-466b-be1e-10bb67e88b45)] -> xpath: //XCUIElementTypeCell[1]//XCUIElementTypeButton[@name='Search']]<br/>
01_02_2018_08_40_38_948 -  Fetching the Attribute : name - Element : [[IOSDriver:  on MAC (114d3d69-0993-466b-be1e-10bb67e88b45)] -> xpath: //XCUIElementTypeCell[1]//XCUIElementTypeButton[@name='Search']]<br/>
01_02_2018_08_40_39_202 -  Waiting For Element : [[IOSDriver:  on MAC (114d3d69-0993-466b-be1e-10bb67e88b45)] -> xpath: //XCUIElementTypeCell[1]//XCUIElementTypeButton[@name='Search']]<br/>
01_02_2018_08_40_40_160 -  Clicked :  [[IOSDriver:  on MAC (114d3d69-0993-466b-be1e-10bb67e88b45)] -> xpath: //XCUIElementTypeCell[1]//XCUIElementTypeButton[@name='Search']]<br/>
01_02_2018_08_40_41_436 -  Waiting For Element : [[IOSDriver:  on MAC (114d3d69-0993-466b-be1e-10bb67e88b45)] -> xpath: //XCUIElementTypeCell[1]//XCUIElementTypeButton[@name='Tools']]<br/>
01_02_2018_08_40_41_701 -  Waiting For Element : [[IOSDriver:  on MAC (114d3d69-0993-466b-be1e-10bb67e88b45)] -> xpath: //XCUIElementTypeCell[1]//XCUIElementTypeButton[@name='Tools']]<br/>
01_02_2018_08_40_41_954 -  Fetching the Attribute : name - Element : [[IOSDriver:  on MAC (114d3d69-0993-466b-be1e-10bb67e88b45)] -> xpath: //XCUIElementTypeCell[1]//XCUIElementTypeButton[@name='Tools']]<br/>
01_02_2018_08_40_42_212 -  Waiting For Element : [[IOSDriver:  on MAC (114d3d69-0993-466b-be1e-10bb67e88b45)] -> xpath: //XCUIElementTypeCell[1]//XCUIElementTypeButton[@name='Tools']]<br/>
01_02_2018_08_40_43_082 -  Clicked :  [[IOSDriver:  on MAC (114d3d69-0993-466b-be1e-10bb67e88b45)] -> xpath: //XCUIElementTypeCell[1]//XCUIElementTypeButton[@name='Tools']]<br/>
01_02_2018_08_41_03_214 -  Test Failed : test_07_UI_Catalog_SegmentedControls<br/>
<h3>Failure</h3>
<div class="stacktrace">org.openqa.selenium.NoSuchElementException: An element could not be located on the page using the given search parameters. (WARNING: The server did not provide any stacktrace information)
Command duration or timeout: 20.13 seconds
For documentation on this error, please visit: http://seleniumhq.org/exceptions/no_such_element.html
Build info: version: &apos;3.3.1&apos;, revision: &apos;5234b32&apos;, time: &apos;2017-03-10 09:04:52 -0800&apos;
System info: host: &apos;Sambeets-MacBook-Air.local&apos;, ip: &apos;fe80:0:0:0:c4:4fd:8ddb:f3db%en0&apos;, os.name: &apos;Mac OS X&apos;, os.arch: &apos;x86_64&apos;, os.version: &apos;10.13.2&apos;, java.version: &apos;1.8.0_131&apos;
Driver info: io.appium.java_client.ios.IOSDriver
Capabilities [{networkConnectionEnabled=false, noReset=true, bundleId=com.example.apple-samplecode.UICatalog, databaseEnabled=false, deviceName=iPhone 7, platform=MAC, platformVersion=10.3, webStorageEnabled=false, locationContextEnabled=false, browserName=, takesScreenshot=true, javascriptEnabled=true, platformName=iOS, udid=702C4E08-F609-4476-BE92-F21EECE76F33}]
Session ID: 114d3d69-0993-466b-be1e-10bb67e88b45
*** Element info: {Using=xpath, value=//XCUIElementTypeOther[@name=&apos;TINTED&apos;]}
	at sun.reflect.NativeConstructorAccessorImpl.newInstance0(Native Method)
	at sun.reflect.NativeConstructorAccessorImpl.newInstance(NativeConstructorAccessorImpl.java:62)
	at sun.reflect.DelegatingConstructorAccessorImpl.newInstance(DelegatingConstructorAccessorImpl.java:45)
	at java.lang.reflect.Constructor.newInstance(Constructor.java:423)
	at org.openqa.selenium.remote.ErrorHandler.createThrowable(ErrorHandler.java:216)
	at org.openqa.selenium.remote.ErrorHandler.throwIfResponseFailed(ErrorHandler.java:168)
	at org.openqa.selenium.remote.RemoteWebDriver.execute(RemoteWebDriver.java:638)
	at io.appium.java_client.DefaultGenericMobileDriver.execute(DefaultGenericMobileDriver.java:40)
	at io.appium.java_client.AppiumDriver.execute(AppiumDriver.java:1)
	at io.appium.java_client.ios.IOSDriver.execute(IOSDriver.java:1)
	at org.openqa.selenium.remote.RemoteWebDriver.findElement(RemoteWebDriver.java:371)
	at io.appium.java_client.DefaultGenericMobileDriver.findElement(DefaultGenericMobileDriver.java:56)
	at io.appium.java_client.AppiumDriver.findElement(AppiumDriver.java:1)
	at io.appium.java_client.ios.IOSDriver.findElement(IOSDriver.java:1)
	at org.openqa.selenium.remote.RemoteWebDriver.findElementByXPath(RemoteWebDriver.java:476)
	at io.appium.java_client.DefaultGenericMobileDriver.findElementByXPath(DefaultGenericMobileDriver.java:134)
	at io.appium.java_client.AppiumDriver.findElementByXPath(AppiumDriver.java:1)
	at io.appium.java_client.ios.IOSDriver.findElementByXPath(IOSDriver.java:1)
	at iOS.POMLibrary.Get_WebElement_JSON.getElementByXpath(Unknown Source)
	at iOS.UI_Catalog.scripts.Test_07_UI_Catalog_SegmentedControls.test_07_UI_Catalog_SegmentedControls(Unknown Source)
	at sun.reflect.NativeMethodAccessorImpl.invoke0(Native Method)
	at sun.reflect.NativeMethodAccessorImpl.invoke(NativeMethodAccessorImpl.java:62)
	at sun.reflect.DelegatingMethodAccessorImpl.invoke(DelegatingMethodAccessorImpl.java:43)
	at java.lang.reflect.Method.invoke(Method.java:498)
	at org.testng.internal.MethodInvocationHelper.invokeMethod(MethodInvocationHelper.java:104)
	at org.testng.internal.Invoker.invokeMethod(Invoker.java:645)
	at org.testng.internal.Invoker.invokeTestMethod(Invoker.java:851)
	at org.testng.internal.Invoker.invokeTestMethods(Invoker.java:1177)
	at org.testng.internal.TestMethodWorker.invokeTestMethods(TestMethodWorker.java:129)
	at org.testng.internal.TestMethodWorker.run(TestMethodWorker.java:112)
	at org.testng.TestRunner.privateRun(TestRunner.java:756)
	at org.testng.TestRunner.run(TestRunner.java:610)
	at org.testng.SuiteRunner.runTest(SuiteRunner.java:387)
	at org.testng.SuiteRunner.runSequentially(SuiteRunner.java:382)
	at org.testng.SuiteRunner.privateRun(SuiteRunner.java:340)
	at org.testng.SuiteRunner.run(SuiteRunner.java:289)
	at org.testng.SuiteRunnerWorker.runSuite(SuiteRunnerWorker.java:52)
	at org.testng.SuiteRunnerWorker.run(SuiteRunnerWorker.java:86)
	at org.testng.TestNG.runSuitesSequentially(TestNG.java:1293)
	at org.testng.TestNG.runSuitesSequentially(TestNG.java:1289)
	at org.testng.TestNG.runSuitesLocally(TestNG.java:1218)
	at org.testng.TestNG.runSuites(TestNG.java:1133)
	at org.testng.TestNG.run(TestNG.java:1104)
	at org.testng.TestNG.privateMain(TestNG.java:1434)
	at org.testng.TestNG.main(TestNG.java:1403)
</div>
</td></tr>
</table>
<p class="totop"><a href="#summary">back to summary</a></p>
<h2 id="m6">iOS.UI_Catalog.scripts.Test_08_UI_Catalog_Sliders:test_08_UI_Catalog_Sliders</h2>
<div>
<h3>Test Messages</h3>
01_02_2018_08_41_13_356 -  Started Test : test_08_UI_Catalog_Sliders<br/>
01_02_2018_08_41_13_358 -  Test Failed : test_08_UI_Catalog_Sliders<br/>
<h3>Failure</h3>
<div class="stacktrace">org.openqa.selenium.WebDriverException: org.apache.http.conn.HttpHostConnectException: Connect to 127.0.0.1:4723 [/127.0.0.1] failed: Connection refused (Connection refused)
Build info: version: &apos;3.3.1&apos;, revision: &apos;5234b32&apos;, time: &apos;2017-03-10 09:04:52 -0800&apos;
System info: host: &apos;Sambeets-MacBook-Air.local&apos;, ip: &apos;fe80:0:0:0:c4:4fd:8ddb:f3db%en0&apos;, os.name: &apos;Mac OS X&apos;, os.arch: &apos;x86_64&apos;, os.version: &apos;10.13.2&apos;, java.version: &apos;1.8.0_131&apos;
Driver info: driver.version: AppiumDriver
	at io.appium.java_client.remote.AppiumCommandExecutor.execute(AppiumCommandExecutor.java:84)
	at org.openqa.selenium.remote.RemoteWebDriver.execute(RemoteWebDriver.java:604)
	at io.appium.java_client.DefaultGenericMobileDriver.execute(DefaultGenericMobileDriver.java:40)
	at io.appium.java_client.AppiumDriver.execute(AppiumDriver.java:235)
	at org.openqa.selenium.remote.RemoteWebDriver$RemoteWebDriverOptions$RemoteWindow.getSize(RemoteWebDriver.java:871)
	at iOS.Utilities.Utility.swipeDown_Vertical(Unknown Source)
	at iOS.UI_Catalog.scripts.Test_08_UI_Catalog_Sliders.test_08_UI_Catalog_Sliders(Unknown Source)
	at sun.reflect.NativeMethodAccessorImpl.invoke0(Native Method)
	at sun.reflect.NativeMethodAccessorImpl.invoke(NativeMethodAccessorImpl.java:62)
	at sun.reflect.DelegatingMethodAccessorImpl.invoke(DelegatingMethodAccessorImpl.java:43)
	at java.lang.reflect.Method.invoke(Method.java:498)
	at org.testng.internal.MethodInvocationHelper.invokeMethod(MethodInvocationHelper.java:104)
	at org.testng.internal.Invoker.invokeMethod(Invoker.java:645)
	at org.testng.internal.Invoker.invokeTestMethod(Invoker.java:851)
	at org.testng.internal.Invoker.invokeTestMethods(Invoker.java:1177)
	at org.testng.internal.TestMethodWorker.invokeTestMethods(TestMethodWorker.java:129)
	at org.testng.internal.TestMethodWorker.run(TestMethodWorker.java:112)
	at org.testng.TestRunner.privateRun(TestRunner.java:756)
	at org.testng.TestRunner.run(TestRunner.java:610)
	at org.testng.SuiteRunner.runTest(SuiteRunner.java:387)
	at org.testng.SuiteRunner.runSequentially(SuiteRunner.java:382)
	at org.testng.SuiteRunner.privateRun(SuiteRunner.java:340)
	at org.testng.SuiteRunner.run(SuiteRunner.java:289)
	at org.testng.SuiteRunnerWorker.runSuite(SuiteRunnerWorker.java:52)
	at org.testng.SuiteRunnerWorker.run(SuiteRunnerWorker.java:86)
	at org.testng.TestNG.runSuitesSequentially(TestNG.java:1293)
	at org.testng.TestNG.runSuitesSequentially(TestNG.java:1289)
	at org.testng.TestNG.runSuitesLocally(TestNG.java:1218)
	at org.testng.TestNG.runSuites(TestNG.java:1133)
	at org.testng.TestNG.run(TestNG.java:1104)
	at org.testng.TestNG.privateMain(TestNG.java:1434)
	at org.testng.TestNG.main(TestNG.java:1403)
Caused by: org.apache.http.conn.HttpHostConnectException: Connect to 127.0.0.1:4723 [/127.0.0.1] failed: Connection refused (Connection refused)
	at org.apache.http.impl.conn.DefaultHttpClientConnectionOperator.connect(DefaultHttpClientConnectionOperator.java:158)
	at org.apache.http.impl.conn.PoolingHttpClientConnectionManager.connect(PoolingHttpClientConnectionManager.java:353)
	at org.apache.http.impl.execchain.MainClientExec.establishRoute(MainClientExec.java:380)
	at org.apache.http.impl.execchain.MainClientExec.execute(MainClientExec.java:236)
	at org.apache.http.impl.execchain.ProtocolExec.execute(ProtocolExec.java:184)
	at org.apache.http.impl.execchain.RetryExec.execute(RetryExec.java:88)
	at org.apache.http.impl.execchain.RedirectExec.execute(RedirectExec.java:110)
	at org.apache.http.impl.client.InternalHttpClient.doExecute(InternalHttpClient.java:184)
	at org.apache.http.impl.client.CloseableHttpClient.execute(CloseableHttpClient.java:71)
	at org.apache.http.impl.client.CloseableHttpClient.execute(CloseableHttpClient.java:55)
	at org.openqa.selenium.remote.internal.ApacheHttpClient.fallBackExecute(ApacheHttpClient.java:142)
	at org.openqa.selenium.remote.internal.ApacheHttpClient.execute(ApacheHttpClient.java:88)
	at org.openqa.selenium.remote.HttpCommandExecutor.execute(HttpCommandExecutor.java:160)
	at io.appium.java_client.remote.AppiumCommandExecutor.execute(AppiumCommandExecutor.java:69)
	... 31 more
Caused by: java.net.ConnectException: Connection refused (Connection refused)
	at java.net.PlainSocketImpl.socketConnect(Native Method)
	at java.net.AbstractPlainSocketImpl.doConnect(AbstractPlainSocketImpl.java:350)
	at java.net.AbstractPlainSocketImpl.connectToAddress(AbstractPlainSocketImpl.java:206)
	at java.net.AbstractPlainSocketImpl.connect(AbstractPlainSocketImpl.java:188)
	at java.net.SocksSocketImpl.connect(SocksSocketImpl.java:392)
	at java.net.Socket.connect(Socket.java:589)
	at org.apache.http.conn.socket.PlainConnectionSocketFactory.connectSocket(PlainConnectionSocketFactory.java:74)
	at org.apache.http.impl.conn.DefaultHttpClientConnectionOperator.connect(DefaultHttpClientConnectionOperator.java:141)
	... 44 more
</div>
</div>
<p class="totop"><a href="#summary">back to summary</a></p>
<h2 id="m7">iOS.UI_Catalog.scripts.Test_09_UI_Catalog_Steppers:test_09_UI_Catalog_Steppers</h2>
<table cellspacing="0" cellpadding="0" class="result">
<tr class="param"><th>Param.1</th></tr>
<tr class="param stripe"><td>{Script_name=Test_09_UI_Catalog_Steppers, TestData_2=TINTED, TestData_1=DEFAULT, TestData_10=, TestData_11=, TestData_12=, TestData_13=, TestData_14=, TestData_4=Decrement, TestData_3=CUSTOM, TestData_6=10, TestData_5=Increment, TestData_8=, TestData_7=, TestData_9=}</td>
</tr>
<tr><td>
<h3>Test Messages</h3>
01_02_2018_08_41_13_369 -  Started Test : test_09_UI_Catalog_Steppers<br/>
01_02_2018_08_41_13_370 -  Test Failed : test_09_UI_Catalog_Steppers<br/>
<h3>Failure</h3>
<div class="stacktrace">org.openqa.selenium.WebDriverException: org.apache.http.conn.HttpHostConnectException: Connect to 127.0.0.1:4723 [/127.0.0.1] failed: Connection refused (Connection refused)
Build info: version: &apos;3.3.1&apos;, revision: &apos;5234b32&apos;, time: &apos;2017-03-10 09:04:52 -0800&apos;
System info: host: &apos;Sambeets-MacBook-Air.local&apos;, ip: &apos;fe80:0:0:0:c4:4fd:8ddb:f3db%en0&apos;, os.name: &apos;Mac OS X&apos;, os.arch: &apos;x86_64&apos;, os.version: &apos;10.13.2&apos;, java.version: &apos;1.8.0_131&apos;
Driver info: driver.version: AppiumDriver
	at io.appium.java_client.remote.AppiumCommandExecutor.execute(AppiumCommandExecutor.java:84)
	at org.openqa.selenium.remote.RemoteWebDriver.execute(RemoteWebDriver.java:604)
	at io.appium.java_client.DefaultGenericMobileDriver.execute(DefaultGenericMobileDriver.java:40)
	at io.appium.java_client.AppiumDriver.execute(AppiumDriver.java:235)
	at org.openqa.selenium.remote.RemoteWebDriver$RemoteWebDriverOptions$RemoteWindow.getSize(RemoteWebDriver.java:871)
	at iOS.Utilities.Utility.swipeDown_Vertical(Unknown Source)
	at iOS.UI_Catalog.scripts.Test_09_UI_Catalog_Steppers.test_09_UI_Catalog_Steppers(Unknown Source)
	at sun.reflect.NativeMethodAccessorImpl.invoke0(Native Method)
	at sun.reflect.NativeMethodAccessorImpl.invoke(NativeMethodAccessorImpl.java:62)
	at sun.reflect.DelegatingMethodAccessorImpl.invoke(DelegatingMethodAccessorImpl.java:43)
	at java.lang.reflect.Method.invoke(Method.java:498)
	at org.testng.internal.MethodInvocationHelper.invokeMethod(MethodInvocationHelper.java:104)
	at org.testng.internal.Invoker.invokeMethod(Invoker.java:645)
	at org.testng.internal.Invoker.invokeTestMethod(Invoker.java:851)
	at org.testng.internal.Invoker.invokeTestMethods(Invoker.java:1177)
	at org.testng.internal.TestMethodWorker.invokeTestMethods(TestMethodWorker.java:129)
	at org.testng.internal.TestMethodWorker.run(TestMethodWorker.java:112)
	at org.testng.TestRunner.privateRun(TestRunner.java:756)
	at org.testng.TestRunner.run(TestRunner.java:610)
	at org.testng.SuiteRunner.runTest(SuiteRunner.java:387)
	at org.testng.SuiteRunner.runSequentially(SuiteRunner.java:382)
	at org.testng.SuiteRunner.privateRun(SuiteRunner.java:340)
	at org.testng.SuiteRunner.run(SuiteRunner.java:289)
	at org.testng.SuiteRunnerWorker.runSuite(SuiteRunnerWorker.java:52)
	at org.testng.SuiteRunnerWorker.run(SuiteRunnerWorker.java:86)
	at org.testng.TestNG.runSuitesSequentially(TestNG.java:1293)
	at org.testng.TestNG.runSuitesSequentially(TestNG.java:1289)
	at org.testng.TestNG.runSuitesLocally(TestNG.java:1218)
	at org.testng.TestNG.runSuites(TestNG.java:1133)
	at org.testng.TestNG.run(TestNG.java:1104)
	at org.testng.TestNG.privateMain(TestNG.java:1434)
	at org.testng.TestNG.main(TestNG.java:1403)
Caused by: org.apache.http.conn.HttpHostConnectException: Connect to 127.0.0.1:4723 [/127.0.0.1] failed: Connection refused (Connection refused)
	at org.apache.http.impl.conn.DefaultHttpClientConnectionOperator.connect(DefaultHttpClientConnectionOperator.java:158)
	at org.apache.http.impl.conn.PoolingHttpClientConnectionManager.connect(PoolingHttpClientConnectionManager.java:353)
	at org.apache.http.impl.execchain.MainClientExec.establishRoute(MainClientExec.java:380)
	at org.apache.http.impl.execchain.MainClientExec.execute(MainClientExec.java:236)
	at org.apache.http.impl.execchain.ProtocolExec.execute(ProtocolExec.java:184)
	at org.apache.http.impl.execchain.RetryExec.execute(RetryExec.java:88)
	at org.apache.http.impl.execchain.RedirectExec.execute(RedirectExec.java:110)
	at org.apache.http.impl.client.InternalHttpClient.doExecute(InternalHttpClient.java:184)
	at org.apache.http.impl.client.CloseableHttpClient.execute(CloseableHttpClient.java:71)
	at org.apache.http.impl.client.CloseableHttpClient.execute(CloseableHttpClient.java:55)
	at org.openqa.selenium.remote.internal.ApacheHttpClient.fallBackExecute(ApacheHttpClient.java:142)
	at org.openqa.selenium.remote.internal.ApacheHttpClient.execute(ApacheHttpClient.java:88)
	at org.openqa.selenium.remote.HttpCommandExecutor.execute(HttpCommandExecutor.java:160)
	at io.appium.java_client.remote.AppiumCommandExecutor.execute(AppiumCommandExecutor.java:69)
	... 31 more
Caused by: java.net.ConnectException: Connection refused (Connection refused)
	at java.net.PlainSocketImpl.socketConnect(Native Method)
	at java.net.AbstractPlainSocketImpl.doConnect(AbstractPlainSocketImpl.java:350)
	at java.net.AbstractPlainSocketImpl.connectToAddress(AbstractPlainSocketImpl.java:206)
	at java.net.AbstractPlainSocketImpl.connect(AbstractPlainSocketImpl.java:188)
	at java.net.SocksSocketImpl.connect(SocksSocketImpl.java:392)
	at java.net.Socket.connect(Socket.java:589)
	at org.apache.http.conn.socket.PlainConnectionSocketFactory.connectSocket(PlainConnectionSocketFactory.java:74)
	at org.apache.http.impl.conn.DefaultHttpClientConnectionOperator.connect(DefaultHttpClientConnectionOperator.java:141)
	... 44 more
</div>
</td></tr>
</table>
<p class="totop"><a href="#summary">back to summary</a></p>
<h2 id="m8">iOS.UI_Catalog.scripts.Test_10_UI_Catalog_Switches:test_10_UI_Catalog_Switches</h2>
<table cellspacing="0" cellpadding="0" class="result">
<tr class="param"><th>Param.1</th></tr>
<tr class="param stripe"><td>{Script_name=Test_10_UI_Catalog_Switches, TestData_2=TINTED, TestData_1=DEFAULT, TestData_10=, TestData_11=, TestData_12=, TestData_13=, TestData_14=, TestData_4=, TestData_3=, TestData_6=, TestData_5=, TestData_8=, TestData_7=, TestData_9=}</td>
</tr>
<tr><td>
<h3>Test Messages</h3>
01_02_2018_08_41_13_382 -  Started Test : test_10_UI_Catalog_Switches<br/>
01_02_2018_08_41_13_384 -  Test Failed : test_10_UI_Catalog_Switches<br/>
<h3>Failure</h3>
<div class="stacktrace">org.openqa.selenium.WebDriverException: org.apache.http.conn.HttpHostConnectException: Connect to 127.0.0.1:4723 [/127.0.0.1] failed: Connection refused (Connection refused)
Build info: version: &apos;3.3.1&apos;, revision: &apos;5234b32&apos;, time: &apos;2017-03-10 09:04:52 -0800&apos;
System info: host: &apos;Sambeets-MacBook-Air.local&apos;, ip: &apos;fe80:0:0:0:c4:4fd:8ddb:f3db%en0&apos;, os.name: &apos;Mac OS X&apos;, os.arch: &apos;x86_64&apos;, os.version: &apos;10.13.2&apos;, java.version: &apos;1.8.0_131&apos;
Driver info: driver.version: AppiumDriver
	at io.appium.java_client.remote.AppiumCommandExecutor.execute(AppiumCommandExecutor.java:84)
	at org.openqa.selenium.remote.RemoteWebDriver.execute(RemoteWebDriver.java:604)
	at io.appium.java_client.DefaultGenericMobileDriver.execute(DefaultGenericMobileDriver.java:40)
	at io.appium.java_client.AppiumDriver.execute(AppiumDriver.java:235)
	at org.openqa.selenium.remote.RemoteWebDriver$RemoteWebDriverOptions$RemoteWindow.getSize(RemoteWebDriver.java:871)
	at iOS.Utilities.Utility.swipeDown_Vertical(Unknown Source)
	at iOS.UI_Catalog.scripts.Test_10_UI_Catalog_Switches.test_10_UI_Catalog_Switches(Unknown Source)
	at sun.reflect.NativeMethodAccessorImpl.invoke0(Native Method)
	at sun.reflect.NativeMethodAccessorImpl.invoke(NativeMethodAccessorImpl.java:62)
	at sun.reflect.DelegatingMethodAccessorImpl.invoke(DelegatingMethodAccessorImpl.java:43)
	at java.lang.reflect.Method.invoke(Method.java:498)
	at org.testng.internal.MethodInvocationHelper.invokeMethod(MethodInvocationHelper.java:104)
	at org.testng.internal.Invoker.invokeMethod(Invoker.java:645)
	at org.testng.internal.Invoker.invokeTestMethod(Invoker.java:851)
	at org.testng.internal.Invoker.invokeTestMethods(Invoker.java:1177)
	at org.testng.internal.TestMethodWorker.invokeTestMethods(TestMethodWorker.java:129)
	at org.testng.internal.TestMethodWorker.run(TestMethodWorker.java:112)
	at org.testng.TestRunner.privateRun(TestRunner.java:756)
	at org.testng.TestRunner.run(TestRunner.java:610)
	at org.testng.SuiteRunner.runTest(SuiteRunner.java:387)
	at org.testng.SuiteRunner.runSequentially(SuiteRunner.java:382)
	at org.testng.SuiteRunner.privateRun(SuiteRunner.java:340)
	at org.testng.SuiteRunner.run(SuiteRunner.java:289)
	at org.testng.SuiteRunnerWorker.runSuite(SuiteRunnerWorker.java:52)
	at org.testng.SuiteRunnerWorker.run(SuiteRunnerWorker.java:86)
	at org.testng.TestNG.runSuitesSequentially(TestNG.java:1293)
	at org.testng.TestNG.runSuitesSequentially(TestNG.java:1289)
	at org.testng.TestNG.runSuitesLocally(TestNG.java:1218)
	at org.testng.TestNG.runSuites(TestNG.java:1133)
	at org.testng.TestNG.run(TestNG.java:1104)
	at org.testng.TestNG.privateMain(TestNG.java:1434)
	at org.testng.TestNG.main(TestNG.java:1403)
Caused by: org.apache.http.conn.HttpHostConnectException: Connect to 127.0.0.1:4723 [/127.0.0.1] failed: Connection refused (Connection refused)
	at org.apache.http.impl.conn.DefaultHttpClientConnectionOperator.connect(DefaultHttpClientConnectionOperator.java:158)
	at org.apache.http.impl.conn.PoolingHttpClientConnectionManager.connect(PoolingHttpClientConnectionManager.java:353)
	at org.apache.http.impl.execchain.MainClientExec.establishRoute(MainClientExec.java:380)
	at org.apache.http.impl.execchain.MainClientExec.execute(MainClientExec.java:236)
	at org.apache.http.impl.execchain.ProtocolExec.execute(ProtocolExec.java:184)
	at org.apache.http.impl.execchain.RetryExec.execute(RetryExec.java:88)
	at org.apache.http.impl.execchain.RedirectExec.execute(RedirectExec.java:110)
	at org.apache.http.impl.client.InternalHttpClient.doExecute(InternalHttpClient.java:184)
	at org.apache.http.impl.client.CloseableHttpClient.execute(CloseableHttpClient.java:71)
	at org.apache.http.impl.client.CloseableHttpClient.execute(CloseableHttpClient.java:55)
	at org.openqa.selenium.remote.internal.ApacheHttpClient.fallBackExecute(ApacheHttpClient.java:142)
	at org.openqa.selenium.remote.internal.ApacheHttpClient.execute(ApacheHttpClient.java:88)
	at org.openqa.selenium.remote.HttpCommandExecutor.execute(HttpCommandExecutor.java:160)
	at io.appium.java_client.remote.AppiumCommandExecutor.execute(AppiumCommandExecutor.java:69)
	... 31 more
Caused by: java.net.ConnectException: Connection refused (Connection refused)
	at java.net.PlainSocketImpl.socketConnect(Native Method)
	at java.net.AbstractPlainSocketImpl.doConnect(AbstractPlainSocketImpl.java:350)
	at java.net.AbstractPlainSocketImpl.connectToAddress(AbstractPlainSocketImpl.java:206)
	at java.net.AbstractPlainSocketImpl.connect(AbstractPlainSocketImpl.java:188)
	at java.net.SocksSocketImpl.connect(SocksSocketImpl.java:392)
	at java.net.Socket.connect(Socket.java:589)
	at org.apache.http.conn.socket.PlainConnectionSocketFactory.connectSocket(PlainConnectionSocketFactory.java:74)
	at org.apache.http.impl.conn.DefaultHttpClientConnectionOperator.connect(DefaultHttpClientConnectionOperator.java:141)
	... 44 more
</div>
</td></tr>
</table>
<p class="totop"><a href="#summary">back to summary</a></p>
<h2 id="m9">iOS.UI_Catalog.scripts.Test_11_UI_Catalog_TextFields:test_11_UI_Catalog_TextFields</h2>
<table cellspacing="0" cellpadding="0" class="result">
<tr class="param"><th>Param.1</th></tr>
<tr class="param stripe"><td>{Script_name=Test_11_UI_Catalog_TextFields, TestData_2=TINTED, TestData_1=DEFAULT, TestData_10=Specific_Text_DU, TestData_11=Custom Made Text &amp;@, TestData_12=, TestData_13=, TestData_14=, TestData_4=SPECIFIC KEYBOARD, TestData_3=SECURE, TestData_6=Placeholder text, TestData_5=CUSTOM, TestData_8=Tinted_Text_Pin2, TestData_7=Default_Text_Sam1, TestData_9=Secure_TextP}</td>
</tr>
<tr><td>
<h3>Test Messages</h3>
01_02_2018_08_41_13_397 -  Started Test : test_11_UI_Catalog_TextFields<br/>
01_02_2018_08_41_13_399 -  Test Failed : test_11_UI_Catalog_TextFields<br/>
<h3>Failure</h3>
<div class="stacktrace">org.openqa.selenium.WebDriverException: org.apache.http.conn.HttpHostConnectException: Connect to 127.0.0.1:4723 [/127.0.0.1] failed: Connection refused (Connection refused)
Build info: version: &apos;3.3.1&apos;, revision: &apos;5234b32&apos;, time: &apos;2017-03-10 09:04:52 -0800&apos;
System info: host: &apos;Sambeets-MacBook-Air.local&apos;, ip: &apos;fe80:0:0:0:c4:4fd:8ddb:f3db%en0&apos;, os.name: &apos;Mac OS X&apos;, os.arch: &apos;x86_64&apos;, os.version: &apos;10.13.2&apos;, java.version: &apos;1.8.0_131&apos;
Driver info: driver.version: AppiumDriver
	at io.appium.java_client.remote.AppiumCommandExecutor.execute(AppiumCommandExecutor.java:84)
	at org.openqa.selenium.remote.RemoteWebDriver.execute(RemoteWebDriver.java:604)
	at io.appium.java_client.DefaultGenericMobileDriver.execute(DefaultGenericMobileDriver.java:40)
	at io.appium.java_client.AppiumDriver.execute(AppiumDriver.java:235)
	at org.openqa.selenium.remote.RemoteWebDriver$RemoteWebDriverOptions$RemoteWindow.getSize(RemoteWebDriver.java:871)
	at iOS.Utilities.Utility.swipeDown_Vertical(Unknown Source)
	at iOS.UI_Catalog.scripts.Test_11_UI_Catalog_TextFields.test_11_UI_Catalog_TextFields(Unknown Source)
	at sun.reflect.NativeMethodAccessorImpl.invoke0(Native Method)
	at sun.reflect.NativeMethodAccessorImpl.invoke(NativeMethodAccessorImpl.java:62)
	at sun.reflect.DelegatingMethodAccessorImpl.invoke(DelegatingMethodAccessorImpl.java:43)
	at java.lang.reflect.Method.invoke(Method.java:498)
	at org.testng.internal.MethodInvocationHelper.invokeMethod(MethodInvocationHelper.java:104)
	at org.testng.internal.Invoker.invokeMethod(Invoker.java:645)
	at org.testng.internal.Invoker.invokeTestMethod(Invoker.java:851)
	at org.testng.internal.Invoker.invokeTestMethods(Invoker.java:1177)
	at org.testng.internal.TestMethodWorker.invokeTestMethods(TestMethodWorker.java:129)
	at org.testng.internal.TestMethodWorker.run(TestMethodWorker.java:112)
	at org.testng.TestRunner.privateRun(TestRunner.java:756)
	at org.testng.TestRunner.run(TestRunner.java:610)
	at org.testng.SuiteRunner.runTest(SuiteRunner.java:387)
	at org.testng.SuiteRunner.runSequentially(SuiteRunner.java:382)
	at org.testng.SuiteRunner.privateRun(SuiteRunner.java:340)
	at org.testng.SuiteRunner.run(SuiteRunner.java:289)
	at org.testng.SuiteRunnerWorker.runSuite(SuiteRunnerWorker.java:52)
	at org.testng.SuiteRunnerWorker.run(SuiteRunnerWorker.java:86)
	at org.testng.TestNG.runSuitesSequentially(TestNG.java:1293)
	at org.testng.TestNG.runSuitesSequentially(TestNG.java:1289)
	at org.testng.TestNG.runSuitesLocally(TestNG.java:1218)
	at org.testng.TestNG.runSuites(TestNG.java:1133)
	at org.testng.TestNG.run(TestNG.java:1104)
	at org.testng.TestNG.privateMain(TestNG.java:1434)
	at org.testng.TestNG.main(TestNG.java:1403)
Caused by: org.apache.http.conn.HttpHostConnectException: Connect to 127.0.0.1:4723 [/127.0.0.1] failed: Connection refused (Connection refused)
	at org.apache.http.impl.conn.DefaultHttpClientConnectionOperator.connect(DefaultHttpClientConnectionOperator.java:158)
	at org.apache.http.impl.conn.PoolingHttpClientConnectionManager.connect(PoolingHttpClientConnectionManager.java:353)
	at org.apache.http.impl.execchain.MainClientExec.establishRoute(MainClientExec.java:380)
	at org.apache.http.impl.execchain.MainClientExec.execute(MainClientExec.java:236)
	at org.apache.http.impl.execchain.ProtocolExec.execute(ProtocolExec.java:184)
	at org.apache.http.impl.execchain.RetryExec.execute(RetryExec.java:88)
	at org.apache.http.impl.execchain.RedirectExec.execute(RedirectExec.java:110)
	at org.apache.http.impl.client.InternalHttpClient.doExecute(InternalHttpClient.java:184)
	at org.apache.http.impl.client.CloseableHttpClient.execute(CloseableHttpClient.java:71)
	at org.apache.http.impl.client.CloseableHttpClient.execute(CloseableHttpClient.java:55)
	at org.openqa.selenium.remote.internal.ApacheHttpClient.fallBackExecute(ApacheHttpClient.java:142)
	at org.openqa.selenium.remote.internal.ApacheHttpClient.execute(ApacheHttpClient.java:88)
	at org.openqa.selenium.remote.HttpCommandExecutor.execute(HttpCommandExecutor.java:160)
	at io.appium.java_client.remote.AppiumCommandExecutor.execute(AppiumCommandExecutor.java:69)
	... 31 more
Caused by: java.net.ConnectException: Connection refused (Connection refused)
	at java.net.PlainSocketImpl.socketConnect(Native Method)
	at java.net.AbstractPlainSocketImpl.doConnect(AbstractPlainSocketImpl.java:350)
	at java.net.AbstractPlainSocketImpl.connectToAddress(AbstractPlainSocketImpl.java:206)
	at java.net.AbstractPlainSocketImpl.connect(AbstractPlainSocketImpl.java:188)
	at java.net.SocksSocketImpl.connect(SocksSocketImpl.java:392)
	at java.net.Socket.connect(Socket.java:589)
	at org.apache.http.conn.socket.PlainConnectionSocketFactory.connectSocket(PlainConnectionSocketFactory.java:74)
	at org.apache.http.impl.conn.DefaultHttpClientConnectionOperator.connect(DefaultHttpClientConnectionOperator.java:141)
	... 44 more
</div>
</td></tr>
</table>
<p class="totop"><a href="#summary">back to summary</a></p>
<h2 id="m10">iOS.UI_Catalog.scripts.Test_12_UI_Catalog_TextView:test_12_UI_Catalog_TextView</h2>
<div>
<h3>Test Messages</h3>
01_02_2018_08_41_13_410 -  Started Test : test_12_UI_Catalog_TextView<br/>
01_02_2018_08_41_13_412 -  Test Failed : test_12_UI_Catalog_TextView<br/>
<h3>Failure</h3>
<div class="stacktrace">org.openqa.selenium.WebDriverException: org.apache.http.conn.HttpHostConnectException: Connect to 127.0.0.1:4723 [/127.0.0.1] failed: Connection refused (Connection refused)
Build info: version: &apos;3.3.1&apos;, revision: &apos;5234b32&apos;, time: &apos;2017-03-10 09:04:52 -0800&apos;
System info: host: &apos;Sambeets-MacBook-Air.local&apos;, ip: &apos;fe80:0:0:0:c4:4fd:8ddb:f3db%en0&apos;, os.name: &apos;Mac OS X&apos;, os.arch: &apos;x86_64&apos;, os.version: &apos;10.13.2&apos;, java.version: &apos;1.8.0_131&apos;
Driver info: driver.version: AppiumDriver
	at io.appium.java_client.remote.AppiumCommandExecutor.execute(AppiumCommandExecutor.java:84)
	at org.openqa.selenium.remote.RemoteWebDriver.execute(RemoteWebDriver.java:604)
	at io.appium.java_client.DefaultGenericMobileDriver.execute(DefaultGenericMobileDriver.java:40)
	at io.appium.java_client.AppiumDriver.execute(AppiumDriver.java:235)
	at org.openqa.selenium.remote.RemoteWebDriver$RemoteWebDriverOptions$RemoteWindow.getSize(RemoteWebDriver.java:871)
	at iOS.Utilities.Utility.swipeDown_Vertical(Unknown Source)
	at iOS.UI_Catalog.scripts.Test_12_UI_Catalog_TextView.test_12_UI_Catalog_TextView(Unknown Source)
	at sun.reflect.NativeMethodAccessorImpl.invoke0(Native Method)
	at sun.reflect.NativeMethodAccessorImpl.invoke(NativeMethodAccessorImpl.java:62)
	at sun.reflect.DelegatingMethodAccessorImpl.invoke(DelegatingMethodAccessorImpl.java:43)
	at java.lang.reflect.Method.invoke(Method.java:498)
	at org.testng.internal.MethodInvocationHelper.invokeMethod(MethodInvocationHelper.java:104)
	at org.testng.internal.Invoker.invokeMethod(Invoker.java:645)
	at org.testng.internal.Invoker.invokeTestMethod(Invoker.java:851)
	at org.testng.internal.Invoker.invokeTestMethods(Invoker.java:1177)
	at org.testng.internal.TestMethodWorker.invokeTestMethods(TestMethodWorker.java:129)
	at org.testng.internal.TestMethodWorker.run(TestMethodWorker.java:112)
	at org.testng.TestRunner.privateRun(TestRunner.java:756)
	at org.testng.TestRunner.run(TestRunner.java:610)
	at org.testng.SuiteRunner.runTest(SuiteRunner.java:387)
	at org.testng.SuiteRunner.runSequentially(SuiteRunner.java:382)
	at org.testng.SuiteRunner.privateRun(SuiteRunner.java:340)
	at org.testng.SuiteRunner.run(SuiteRunner.java:289)
	at org.testng.SuiteRunnerWorker.runSuite(SuiteRunnerWorker.java:52)
	at org.testng.SuiteRunnerWorker.run(SuiteRunnerWorker.java:86)
	at org.testng.TestNG.runSuitesSequentially(TestNG.java:1293)
	at org.testng.TestNG.runSuitesSequentially(TestNG.java:1289)
	at org.testng.TestNG.runSuitesLocally(TestNG.java:1218)
	at org.testng.TestNG.runSuites(TestNG.java:1133)
	at org.testng.TestNG.run(TestNG.java:1104)
	at org.testng.TestNG.privateMain(TestNG.java:1434)
	at org.testng.TestNG.main(TestNG.java:1403)
Caused by: org.apache.http.conn.HttpHostConnectException: Connect to 127.0.0.1:4723 [/127.0.0.1] failed: Connection refused (Connection refused)
	at org.apache.http.impl.conn.DefaultHttpClientConnectionOperator.connect(DefaultHttpClientConnectionOperator.java:158)
	at org.apache.http.impl.conn.PoolingHttpClientConnectionManager.connect(PoolingHttpClientConnectionManager.java:353)
	at org.apache.http.impl.execchain.MainClientExec.establishRoute(MainClientExec.java:380)
	at org.apache.http.impl.execchain.MainClientExec.execute(MainClientExec.java:236)
	at org.apache.http.impl.execchain.ProtocolExec.execute(ProtocolExec.java:184)
	at org.apache.http.impl.execchain.RetryExec.execute(RetryExec.java:88)
	at org.apache.http.impl.execchain.RedirectExec.execute(RedirectExec.java:110)
	at org.apache.http.impl.client.InternalHttpClient.doExecute(InternalHttpClient.java:184)
	at org.apache.http.impl.client.CloseableHttpClient.execute(CloseableHttpClient.java:71)
	at org.apache.http.impl.client.CloseableHttpClient.execute(CloseableHttpClient.java:55)
	at org.openqa.selenium.remote.internal.ApacheHttpClient.fallBackExecute(ApacheHttpClient.java:142)
	at org.openqa.selenium.remote.internal.ApacheHttpClient.execute(ApacheHttpClient.java:88)
	at org.openqa.selenium.remote.HttpCommandExecutor.execute(HttpCommandExecutor.java:160)
	at io.appium.java_client.remote.AppiumCommandExecutor.execute(AppiumCommandExecutor.java:69)
	... 31 more
Caused by: java.net.ConnectException: Connection refused (Connection refused)
	at java.net.PlainSocketImpl.socketConnect(Native Method)
	at java.net.AbstractPlainSocketImpl.doConnect(AbstractPlainSocketImpl.java:350)
	at java.net.AbstractPlainSocketImpl.connectToAddress(AbstractPlainSocketImpl.java:206)
	at java.net.AbstractPlainSocketImpl.connect(AbstractPlainSocketImpl.java:188)
	at java.net.SocksSocketImpl.connect(SocksSocketImpl.java:392)
	at java.net.Socket.connect(Socket.java:589)
	at org.apache.http.conn.socket.PlainConnectionSocketFactory.connectSocket(PlainConnectionSocketFactory.java:74)
	at org.apache.http.impl.conn.DefaultHttpClientConnectionOperator.connect(DefaultHttpClientConnectionOperator.java:141)
	... 44 more
</div>
</div>
<p class="totop"><a href="#summary">back to summary</a></p>
<h2 id="m11">iOS.UI_Catalog.scripts.Test_13_UI_Catalog_SearchBars:test_13_UI_Catalog_TextView</h2>
<table cellspacing="0" cellpadding="0" class="result">
<tr class="param"><th>Param.1</th></tr>
<tr class="param stripe"><td>{Script_name=Test_13_UI_Catalog_SearchBars, TestData_2=, TestData_1=Hello_There, TestData_10=, TestData_11=, TestData_12=, TestData_13=, TestData_14=, TestData_4=, TestData_3=, TestData_6=, TestData_5=, TestData_8=, TestData_7=, TestData_9=}</td>
</tr>
<tr><td>
<h3>Test Messages</h3>
01_02_2018_08_41_13_426 -  Started Test : test_13_UI_Catalog_TextView<br/>
01_02_2018_08_41_13_428 -  Test Failed : test_13_UI_Catalog_TextView<br/>
<h3>Failure</h3>
<div class="stacktrace">org.openqa.selenium.WebDriverException: org.apache.http.conn.HttpHostConnectException: Connect to 127.0.0.1:4723 [/127.0.0.1] failed: Connection refused (Connection refused)
Build info: version: &apos;3.3.1&apos;, revision: &apos;5234b32&apos;, time: &apos;2017-03-10 09:04:52 -0800&apos;
System info: host: &apos;Sambeets-MacBook-Air.local&apos;, ip: &apos;fe80:0:0:0:c4:4fd:8ddb:f3db%en0&apos;, os.name: &apos;Mac OS X&apos;, os.arch: &apos;x86_64&apos;, os.version: &apos;10.13.2&apos;, java.version: &apos;1.8.0_131&apos;
Driver info: driver.version: AppiumDriver
	at io.appium.java_client.remote.AppiumCommandExecutor.execute(AppiumCommandExecutor.java:84)
	at org.openqa.selenium.remote.RemoteWebDriver.execute(RemoteWebDriver.java:604)
	at io.appium.java_client.DefaultGenericMobileDriver.execute(DefaultGenericMobileDriver.java:40)
	at io.appium.java_client.AppiumDriver.execute(AppiumDriver.java:235)
	at org.openqa.selenium.remote.RemoteWebDriver$RemoteWebDriverOptions$RemoteWindow.getSize(RemoteWebDriver.java:871)
	at iOS.Utilities.Utility.swipeDown_Vertical(Unknown Source)
	at iOS.UI_Catalog.scripts.Test_13_UI_Catalog_SearchBars.test_13_UI_Catalog_TextView(Unknown Source)
	at sun.reflect.NativeMethodAccessorImpl.invoke0(Native Method)
	at sun.reflect.NativeMethodAccessorImpl.invoke(NativeMethodAccessorImpl.java:62)
	at sun.reflect.DelegatingMethodAccessorImpl.invoke(DelegatingMethodAccessorImpl.java:43)
	at java.lang.reflect.Method.invoke(Method.java:498)
	at org.testng.internal.MethodInvocationHelper.invokeMethod(MethodInvocationHelper.java:104)
	at org.testng.internal.Invoker.invokeMethod(Invoker.java:645)
	at org.testng.internal.Invoker.invokeTestMethod(Invoker.java:851)
	at org.testng.internal.Invoker.invokeTestMethods(Invoker.java:1177)
	at org.testng.internal.TestMethodWorker.invokeTestMethods(TestMethodWorker.java:129)
	at org.testng.internal.TestMethodWorker.run(TestMethodWorker.java:112)
	at org.testng.TestRunner.privateRun(TestRunner.java:756)
	at org.testng.TestRunner.run(TestRunner.java:610)
	at org.testng.SuiteRunner.runTest(SuiteRunner.java:387)
	at org.testng.SuiteRunner.runSequentially(SuiteRunner.java:382)
	at org.testng.SuiteRunner.privateRun(SuiteRunner.java:340)
	at org.testng.SuiteRunner.run(SuiteRunner.java:289)
	at org.testng.SuiteRunnerWorker.runSuite(SuiteRunnerWorker.java:52)
	at org.testng.SuiteRunnerWorker.run(SuiteRunnerWorker.java:86)
	at org.testng.TestNG.runSuitesSequentially(TestNG.java:1293)
	at org.testng.TestNG.runSuitesSequentially(TestNG.java:1289)
	at org.testng.TestNG.runSuitesLocally(TestNG.java:1218)
	at org.testng.TestNG.runSuites(TestNG.java:1133)
	at org.testng.TestNG.run(TestNG.java:1104)
	at org.testng.TestNG.privateMain(TestNG.java:1434)
	at org.testng.TestNG.main(TestNG.java:1403)
Caused by: org.apache.http.conn.HttpHostConnectException: Connect to 127.0.0.1:4723 [/127.0.0.1] failed: Connection refused (Connection refused)
	at org.apache.http.impl.conn.DefaultHttpClientConnectionOperator.connect(DefaultHttpClientConnectionOperator.java:158)
	at org.apache.http.impl.conn.PoolingHttpClientConnectionManager.connect(PoolingHttpClientConnectionManager.java:353)
	at org.apache.http.impl.execchain.MainClientExec.establishRoute(MainClientExec.java:380)
	at org.apache.http.impl.execchain.MainClientExec.execute(MainClientExec.java:236)
	at org.apache.http.impl.execchain.ProtocolExec.execute(ProtocolExec.java:184)
	at org.apache.http.impl.execchain.RetryExec.execute(RetryExec.java:88)
	at org.apache.http.impl.execchain.RedirectExec.execute(RedirectExec.java:110)
	at org.apache.http.impl.client.InternalHttpClient.doExecute(InternalHttpClient.java:184)
	at org.apache.http.impl.client.CloseableHttpClient.execute(CloseableHttpClient.java:71)
	at org.apache.http.impl.client.CloseableHttpClient.execute(CloseableHttpClient.java:55)
	at org.openqa.selenium.remote.internal.ApacheHttpClient.fallBackExecute(ApacheHttpClient.java:142)
	at org.openqa.selenium.remote.internal.ApacheHttpClient.execute(ApacheHttpClient.java:88)
	at org.openqa.selenium.remote.HttpCommandExecutor.execute(HttpCommandExecutor.java:160)
	at io.appium.java_client.remote.AppiumCommandExecutor.execute(AppiumCommandExecutor.java:69)
	... 31 more
Caused by: java.net.ConnectException: Connection refused (Connection refused)
	at java.net.PlainSocketImpl.socketConnect(Native Method)
	at java.net.AbstractPlainSocketImpl.doConnect(AbstractPlainSocketImpl.java:350)
	at java.net.AbstractPlainSocketImpl.connectToAddress(AbstractPlainSocketImpl.java:206)
	at java.net.AbstractPlainSocketImpl.connect(AbstractPlainSocketImpl.java:188)
	at java.net.SocksSocketImpl.connect(SocksSocketImpl.java:392)
	at java.net.Socket.connect(Socket.java:589)
	at org.apache.http.conn.socket.PlainConnectionSocketFactory.connectSocket(PlainConnectionSocketFactory.java:74)
	at org.apache.http.impl.conn.DefaultHttpClientConnectionOperator.connect(DefaultHttpClientConnectionOperator.java:141)
	... 44 more
</div>
</td></tr>
</table>
<p class="totop"><a href="#summary">back to summary</a></p>
<h2 id="m12">iOS.UI_Catalog.scripts.Test_14_UI_Catalog_ToolBars:test_14_UI_Catalog_ToolBars</h2>
<div>
<h3>Test Messages</h3>
01_02_2018_08_41_13_445 -  Started Test : test_14_UI_Catalog_ToolBars<br/>
01_02_2018_08_41_13_447 -  Test Failed : test_14_UI_Catalog_ToolBars<br/>
<h3>Failure</h3>
<div class="stacktrace">org.openqa.selenium.WebDriverException: org.apache.http.conn.HttpHostConnectException: Connect to 127.0.0.1:4723 [/127.0.0.1] failed: Connection refused (Connection refused)
Build info: version: &apos;3.3.1&apos;, revision: &apos;5234b32&apos;, time: &apos;2017-03-10 09:04:52 -0800&apos;
System info: host: &apos;Sambeets-MacBook-Air.local&apos;, ip: &apos;fe80:0:0:0:c4:4fd:8ddb:f3db%en0&apos;, os.name: &apos;Mac OS X&apos;, os.arch: &apos;x86_64&apos;, os.version: &apos;10.13.2&apos;, java.version: &apos;1.8.0_131&apos;
Driver info: driver.version: AppiumDriver
	at io.appium.java_client.remote.AppiumCommandExecutor.execute(AppiumCommandExecutor.java:84)
	at org.openqa.selenium.remote.RemoteWebDriver.execute(RemoteWebDriver.java:604)
	at io.appium.java_client.DefaultGenericMobileDriver.execute(DefaultGenericMobileDriver.java:40)
	at io.appium.java_client.AppiumDriver.execute(AppiumDriver.java:235)
	at org.openqa.selenium.remote.RemoteWebDriver$RemoteWebDriverOptions$RemoteWindow.getSize(RemoteWebDriver.java:871)
	at iOS.Utilities.Utility.swipeDown_Vertical(Unknown Source)
	at iOS.UI_Catalog.scripts.Test_14_UI_Catalog_ToolBars.test_14_UI_Catalog_ToolBars(Unknown Source)
	at sun.reflect.NativeMethodAccessorImpl.invoke0(Native Method)
	at sun.reflect.NativeMethodAccessorImpl.invoke(NativeMethodAccessorImpl.java:62)
	at sun.reflect.DelegatingMethodAccessorImpl.invoke(DelegatingMethodAccessorImpl.java:43)
	at java.lang.reflect.Method.invoke(Method.java:498)
	at org.testng.internal.MethodInvocationHelper.invokeMethod(MethodInvocationHelper.java:104)
	at org.testng.internal.Invoker.invokeMethod(Invoker.java:645)
	at org.testng.internal.Invoker.invokeTestMethod(Invoker.java:851)
	at org.testng.internal.Invoker.invokeTestMethods(Invoker.java:1177)
	at org.testng.internal.TestMethodWorker.invokeTestMethods(TestMethodWorker.java:129)
	at org.testng.internal.TestMethodWorker.run(TestMethodWorker.java:112)
	at org.testng.TestRunner.privateRun(TestRunner.java:756)
	at org.testng.TestRunner.run(TestRunner.java:610)
	at org.testng.SuiteRunner.runTest(SuiteRunner.java:387)
	at org.testng.SuiteRunner.runSequentially(SuiteRunner.java:382)
	at org.testng.SuiteRunner.privateRun(SuiteRunner.java:340)
	at org.testng.SuiteRunner.run(SuiteRunner.java:289)
	at org.testng.SuiteRunnerWorker.runSuite(SuiteRunnerWorker.java:52)
	at org.testng.SuiteRunnerWorker.run(SuiteRunnerWorker.java:86)
	at org.testng.TestNG.runSuitesSequentially(TestNG.java:1293)
	at org.testng.TestNG.runSuitesSequentially(TestNG.java:1289)
	at org.testng.TestNG.runSuitesLocally(TestNG.java:1218)
	at org.testng.TestNG.runSuites(TestNG.java:1133)
	at org.testng.TestNG.run(TestNG.java:1104)
	at org.testng.TestNG.privateMain(TestNG.java:1434)
	at org.testng.TestNG.main(TestNG.java:1403)
Caused by: org.apache.http.conn.HttpHostConnectException: Connect to 127.0.0.1:4723 [/127.0.0.1] failed: Connection refused (Connection refused)
	at org.apache.http.impl.conn.DefaultHttpClientConnectionOperator.connect(DefaultHttpClientConnectionOperator.java:158)
	at org.apache.http.impl.conn.PoolingHttpClientConnectionManager.connect(PoolingHttpClientConnectionManager.java:353)
	at org.apache.http.impl.execchain.MainClientExec.establishRoute(MainClientExec.java:380)
	at org.apache.http.impl.execchain.MainClientExec.execute(MainClientExec.java:236)
	at org.apache.http.impl.execchain.ProtocolExec.execute(ProtocolExec.java:184)
	at org.apache.http.impl.execchain.RetryExec.execute(RetryExec.java:88)
	at org.apache.http.impl.execchain.RedirectExec.execute(RedirectExec.java:110)
	at org.apache.http.impl.client.InternalHttpClient.doExecute(InternalHttpClient.java:184)
	at org.apache.http.impl.client.CloseableHttpClient.execute(CloseableHttpClient.java:71)
	at org.apache.http.impl.client.CloseableHttpClient.execute(CloseableHttpClient.java:55)
	at org.openqa.selenium.remote.internal.ApacheHttpClient.fallBackExecute(ApacheHttpClient.java:142)
	at org.openqa.selenium.remote.internal.ApacheHttpClient.execute(ApacheHttpClient.java:88)
	at org.openqa.selenium.remote.HttpCommandExecutor.execute(HttpCommandExecutor.java:160)
	at io.appium.java_client.remote.AppiumCommandExecutor.execute(AppiumCommandExecutor.java:69)
	... 31 more
Caused by: java.net.ConnectException: Connection refused (Connection refused)
	at java.net.PlainSocketImpl.socketConnect(Native Method)
	at java.net.AbstractPlainSocketImpl.doConnect(AbstractPlainSocketImpl.java:350)
	at java.net.AbstractPlainSocketImpl.connectToAddress(AbstractPlainSocketImpl.java:206)
	at java.net.AbstractPlainSocketImpl.connect(AbstractPlainSocketImpl.java:188)
	at java.net.SocksSocketImpl.connect(SocksSocketImpl.java:392)
	at java.net.Socket.connect(Socket.java:589)
	at org.apache.http.conn.socket.PlainConnectionSocketFactory.connectSocket(PlainConnectionSocketFactory.java:74)
	at org.apache.http.impl.conn.DefaultHttpClientConnectionOperator.connect(DefaultHttpClientConnectionOperator.java:141)
	... 44 more
</div>
</div>
<p class="totop"><a href="#summary">back to summary</a></p>
<h2 id="m13">iOS.UI_Catalog.scripts.Test_15_UI_Catalog_WebView:test_15_UI_Catalog_WebView</h2>
<table cellspacing="0" cellpadding="0" class="result">
<tr class="param"><th>Param.1</th></tr>
<tr class="param stripe"><td>{Script_name=Test_15_UI_Catalog_WebView, TestData_2=Printed Chiffon Dress, TestData_1=Printed Dress, TestData_10=, TestData_11=, TestData_12=, TestData_13=, TestData_14=, TestData_4=, TestData_3=, TestData_6=, TestData_5=, TestData_8=, TestData_7=, TestData_9=}</td>
</tr>
<tr><td>
<h3>Test Messages</h3>
01_02_2018_08_41_13_460 -  Started Test : test_15_UI_Catalog_WebView<br/>
01_02_2018_08_41_13_461 -  Test Failed : test_15_UI_Catalog_WebView<br/>
<h3>Failure</h3>
<div class="stacktrace">org.openqa.selenium.WebDriverException: org.apache.http.conn.HttpHostConnectException: Connect to 127.0.0.1:4723 [/127.0.0.1] failed: Connection refused (Connection refused)
Build info: version: &apos;3.3.1&apos;, revision: &apos;5234b32&apos;, time: &apos;2017-03-10 09:04:52 -0800&apos;
System info: host: &apos;Sambeets-MacBook-Air.local&apos;, ip: &apos;fe80:0:0:0:c4:4fd:8ddb:f3db%en0&apos;, os.name: &apos;Mac OS X&apos;, os.arch: &apos;x86_64&apos;, os.version: &apos;10.13.2&apos;, java.version: &apos;1.8.0_131&apos;
Driver info: driver.version: AppiumDriver
	at io.appium.java_client.remote.AppiumCommandExecutor.execute(AppiumCommandExecutor.java:84)
	at org.openqa.selenium.remote.RemoteWebDriver.execute(RemoteWebDriver.java:604)
	at io.appium.java_client.DefaultGenericMobileDriver.execute(DefaultGenericMobileDriver.java:40)
	at io.appium.java_client.AppiumDriver.execute(AppiumDriver.java:235)
	at org.openqa.selenium.remote.RemoteWebDriver$RemoteWebDriverOptions$RemoteWindow.getSize(RemoteWebDriver.java:871)
	at iOS.Utilities.Utility.swipeDown_Vertical(Unknown Source)
	at iOS.UI_Catalog.scripts.Test_15_UI_Catalog_WebView.test_15_UI_Catalog_WebView(Unknown Source)
	at sun.reflect.NativeMethodAccessorImpl.invoke0(Native Method)
	at sun.reflect.NativeMethodAccessorImpl.invoke(NativeMethodAccessorImpl.java:62)
	at sun.reflect.DelegatingMethodAccessorImpl.invoke(DelegatingMethodAccessorImpl.java:43)
	at java.lang.reflect.Method.invoke(Method.java:498)
	at org.testng.internal.MethodInvocationHelper.invokeMethod(MethodInvocationHelper.java:104)
	at org.testng.internal.Invoker.invokeMethod(Invoker.java:645)
	at org.testng.internal.Invoker.invokeTestMethod(Invoker.java:851)
	at org.testng.internal.Invoker.invokeTestMethods(Invoker.java:1177)
	at org.testng.internal.TestMethodWorker.invokeTestMethods(TestMethodWorker.java:129)
	at org.testng.internal.TestMethodWorker.run(TestMethodWorker.java:112)
	at org.testng.TestRunner.privateRun(TestRunner.java:756)
	at org.testng.TestRunner.run(TestRunner.java:610)
	at org.testng.SuiteRunner.runTest(SuiteRunner.java:387)
	at org.testng.SuiteRunner.runSequentially(SuiteRunner.java:382)
	at org.testng.SuiteRunner.privateRun(SuiteRunner.java:340)
	at org.testng.SuiteRunner.run(SuiteRunner.java:289)
	at org.testng.SuiteRunnerWorker.runSuite(SuiteRunnerWorker.java:52)
	at org.testng.SuiteRunnerWorker.run(SuiteRunnerWorker.java:86)
	at org.testng.TestNG.runSuitesSequentially(TestNG.java:1293)
	at org.testng.TestNG.runSuitesSequentially(TestNG.java:1289)
	at org.testng.TestNG.runSuitesLocally(TestNG.java:1218)
	at org.testng.TestNG.runSuites(TestNG.java:1133)
	at org.testng.TestNG.run(TestNG.java:1104)
	at org.testng.TestNG.privateMain(TestNG.java:1434)
	at org.testng.TestNG.main(TestNG.java:1403)
Caused by: org.apache.http.conn.HttpHostConnectException: Connect to 127.0.0.1:4723 [/127.0.0.1] failed: Connection refused (Connection refused)
	at org.apache.http.impl.conn.DefaultHttpClientConnectionOperator.connect(DefaultHttpClientConnectionOperator.java:158)
	at org.apache.http.impl.conn.PoolingHttpClientConnectionManager.connect(PoolingHttpClientConnectionManager.java:353)
	at org.apache.http.impl.execchain.MainClientExec.establishRoute(MainClientExec.java:380)
	at org.apache.http.impl.execchain.MainClientExec.execute(MainClientExec.java:236)
	at org.apache.http.impl.execchain.ProtocolExec.execute(ProtocolExec.java:184)
	at org.apache.http.impl.execchain.RetryExec.execute(RetryExec.java:88)
	at org.apache.http.impl.execchain.RedirectExec.execute(RedirectExec.java:110)
	at org.apache.http.impl.client.InternalHttpClient.doExecute(InternalHttpClient.java:184)
	at org.apache.http.impl.client.CloseableHttpClient.execute(CloseableHttpClient.java:71)
	at org.apache.http.impl.client.CloseableHttpClient.execute(CloseableHttpClient.java:55)
	at org.openqa.selenium.remote.internal.ApacheHttpClient.fallBackExecute(ApacheHttpClient.java:142)
	at org.openqa.selenium.remote.internal.ApacheHttpClient.execute(ApacheHttpClient.java:88)
	at org.openqa.selenium.remote.HttpCommandExecutor.execute(HttpCommandExecutor.java:160)
	at io.appium.java_client.remote.AppiumCommandExecutor.execute(AppiumCommandExecutor.java:69)
	... 31 more
Caused by: java.net.ConnectException: Connection refused (Connection refused)
	at java.net.PlainSocketImpl.socketConnect(Native Method)
	at java.net.AbstractPlainSocketImpl.doConnect(AbstractPlainSocketImpl.java:350)
	at java.net.AbstractPlainSocketImpl.connectToAddress(AbstractPlainSocketImpl.java:206)
	at java.net.AbstractPlainSocketImpl.connect(AbstractPlainSocketImpl.java:188)
	at java.net.SocksSocketImpl.connect(SocksSocketImpl.java:392)
	at java.net.Socket.connect(Socket.java:589)
	at org.apache.http.conn.socket.PlainConnectionSocketFactory.connectSocket(PlainConnectionSocketFactory.java:74)
	at org.apache.http.impl.conn.DefaultHttpClientConnectionOperator.connect(DefaultHttpClientConnectionOperator.java:141)
	... 44 more
</div>
</td></tr>
</table>
<p class="totop"><a href="#summary">back to summary</a></p>
<h2 id="m14">iOS.UI_Catalog.scripts.Test_01_Launch_UI_Catalog_HomePage:test_01_Launch_UI_Catalog_HomePage</h2>
<div>
01_02_2018_08_34_40_953 -  Started Test : test_01_Launch_UI_Catalog_HomePage<br/>
01_02_2018_08_34_41_316 -  Waiting For Element : [[IOSDriver:  on MAC (5148fe5f-7e9e-4f8c-b27c-04c3518b8233)] -> accessibility id: Action Sheets]<br/>
01_02_2018_08_34_41_627 -  Is the Element Displayed on Screen : [[IOSDriver:  on MAC (5148fe5f-7e9e-4f8c-b27c-04c3518b8233)] -> accessibility id: Action Sheets]<br/>
01_02_2018_08_34_41_912 -  Waiting For Element : [[IOSDriver:  on MAC (5148fe5f-7e9e-4f8c-b27c-04c3518b8233)] -> accessibility id: Action Sheets]<br/>
01_02_2018_08_34_42_217 -  Fetching the text : [[IOSDriver:  on MAC (5148fe5f-7e9e-4f8c-b27c-04c3518b8233)] -> accessibility id: Action Sheets]<br/>
01_02_2018_08_34_42_475 -  Waiting For Element : [[IOSDriver:  on MAC (5148fe5f-7e9e-4f8c-b27c-04c3518b8233)] -> accessibility id: Action Sheets]<br/>
01_02_2018_08_34_43_476 -  Clicked :  [[IOSDriver:  on MAC (5148fe5f-7e9e-4f8c-b27c-04c3518b8233)] -> accessibility id: Action Sheets]<br/>
01_02_2018_08_34_43_476 -  Waiting for : 1 second(s)<br/>
01_02_2018_08_34_44_519 -  Capturing Screenshot and Adding to Extent Reports<br/>
01_02_2018_08_34_45_906 -  Go Back<br/>
01_02_2018_08_34_45_907 -  Is the Element Displayed on Screen : [[IOSDriver:  on MAC (5148fe5f-7e9e-4f8c-b27c-04c3518b8233)] -> accessibility id: Action Sheets]<br/>
01_02_2018_08_34_46_309 -  Waiting For Element : [[IOSDriver:  on MAC (5148fe5f-7e9e-4f8c-b27c-04c3518b8233)] -> accessibility id: Action Sheets]<br/>
01_02_2018_08_34_46_714 -  Fetching the text : [[IOSDriver:  on MAC (5148fe5f-7e9e-4f8c-b27c-04c3518b8233)] -> accessibility id: Action Sheets]<br/>
01_02_2018_08_34_47_967 -  Swiping Down to Element[[IOSDriver:  on MAC (5148fe5f-7e9e-4f8c-b27c-04c3518b8233)] -> accessibility id: Toolbars]<br/>
01_02_2018_08_34_52_445 -  Swiping Down to Element[[IOSDriver:  on MAC (5148fe5f-7e9e-4f8c-b27c-04c3518b8233)] -> accessibility id: Toolbars]<br/>
01_02_2018_08_34_59_449 -  Single Tap On Element : [[IOSDriver:  on MAC (5148fe5f-7e9e-4f8c-b27c-04c3518b8233)] -> accessibility id: Toolbars]<br/>
01_02_2018_08_34_59_683 -  Waiting For Element : [[IOSDriver:  on MAC (5148fe5f-7e9e-4f8c-b27c-04c3518b8233)] -> accessibility id: Toolbars]<br/>
01_02_2018_08_34_59_940 -  Waiting for : 1 second(s)<br/>
01_02_2018_08_35_01_006 -  Capturing Screenshot and Adding to Extent Reports<br/>
01_02_2018_08_35_02_571 -  Go Back<br/>
01_02_2018_08_35_02_572 -  Waiting For Element : [[IOSDriver:  on MAC (5148fe5f-7e9e-4f8c-b27c-04c3518b8233)] -> accessibility id: Toolbars]<br/>
01_02_2018_08_35_02_947 -  Fetching the text : [[IOSDriver:  on MAC (5148fe5f-7e9e-4f8c-b27c-04c3518b8233)] -> accessibility id: Toolbars]<br/>
01_02_2018_08_35_04_212 -  Swiping Down to Element[[IOSDriver:  on MAC (5148fe5f-7e9e-4f8c-b27c-04c3518b8233)] -> accessibility id: Action Sheets]<br/>
01_02_2018_08_35_08_703 -  Swiping Down to Element[[IOSDriver:  on MAC (5148fe5f-7e9e-4f8c-b27c-04c3518b8233)] -> accessibility id: Action Sheets]<br/>
01_02_2018_08_35_13_221 -  Test Passed :  test_01_Launch_UI_Catalog_HomePage<br/>
</div>
<p class="totop"><a href="#summary">back to summary</a></p>
<h2 id="m15">iOS.UI_Catalog.scripts.Test_02_UI_Catalog_ActionSheets:test_02_UI_Catalog_ActionSheets</h2>
<div>
01_02_2018_08_35_27_625 -  Started Test : test_02_UI_Catalog_ActionSheets<br/>
01_02_2018_08_35_27_965 -  Waiting For Element : [[IOSDriver:  on MAC (17280548-8ce5-406f-9baf-c1589e41e225)] -> accessibility id: Action Sheets]<br/>
01_02_2018_08_35_28_248 -  Is the Element Displayed on Screen : [[IOSDriver:  on MAC (17280548-8ce5-406f-9baf-c1589e41e225)] -> accessibility id: Action Sheets]<br/>
01_02_2018_08_35_28_542 -  Waiting For Element : [[IOSDriver:  on MAC (17280548-8ce5-406f-9baf-c1589e41e225)] -> accessibility id: Action Sheets]<br/>
01_02_2018_08_35_28_814 -  Fetching the text : [[IOSDriver:  on MAC (17280548-8ce5-406f-9baf-c1589e41e225)] -> accessibility id: Action Sheets]<br/>
01_02_2018_08_35_29_093 -  Waiting For Element : [[IOSDriver:  on MAC (17280548-8ce5-406f-9baf-c1589e41e225)] -> accessibility id: Action Sheets]<br/>
01_02_2018_08_35_30_138 -  Clicked :  [[IOSDriver:  on MAC (17280548-8ce5-406f-9baf-c1589e41e225)] -> accessibility id: Action Sheets]<br/>
01_02_2018_08_35_30_576 -  Waiting For Element : [[IOSDriver:  on MAC (17280548-8ce5-406f-9baf-c1589e41e225)] -> accessibility id: Action Sheets]<br/>
01_02_2018_08_35_30_917 -  Is the Element Displayed on Screen : [[IOSDriver:  on MAC (17280548-8ce5-406f-9baf-c1589e41e225)] -> accessibility id: Action Sheets]<br/>
01_02_2018_08_35_31_359 -  Waiting For Element : [[IOSDriver:  on MAC (17280548-8ce5-406f-9baf-c1589e41e225)] -> accessibility id: Okay / Cancel]<br/>
01_02_2018_08_35_31_580 -  Is the Element Displayed on Screen : [[IOSDriver:  on MAC (17280548-8ce5-406f-9baf-c1589e41e225)] -> accessibility id: Okay / Cancel]<br/>
01_02_2018_08_35_32_062 -  Waiting For Element : [[IOSDriver:  on MAC (17280548-8ce5-406f-9baf-c1589e41e225)] -> accessibility id: Other]<br/>
01_02_2018_08_35_32_279 -  Is the Element Displayed on Screen : [[IOSDriver:  on MAC (17280548-8ce5-406f-9baf-c1589e41e225)] -> accessibility id: Other]<br/>
01_02_2018_08_35_32_762 -  Waiting For Element : [[IOSDriver:  on MAC (17280548-8ce5-406f-9baf-c1589e41e225)] -> accessibility id: Back]<br/>
01_02_2018_08_35_32_991 -  Is the Element Displayed on Screen : [[IOSDriver:  on MAC (17280548-8ce5-406f-9baf-c1589e41e225)] -> accessibility id: Back]<br/>
01_02_2018_08_35_33_441 -  Waiting For Element : [[IOSDriver:  on MAC (17280548-8ce5-406f-9baf-c1589e41e225)] -> accessibility id: UICatalog]<br/>
01_02_2018_08_35_33_682 -  Is the Element Displayed on Screen : [[IOSDriver:  on MAC (17280548-8ce5-406f-9baf-c1589e41e225)] -> accessibility id: UICatalog]<br/>
01_02_2018_08_35_34_153 -  Waiting For Element : [[IOSDriver:  on MAC (17280548-8ce5-406f-9baf-c1589e41e225)] -> accessibility id: Okay / Cancel]<br/>
01_02_2018_08_35_34_932 -  Clicked :  [[IOSDriver:  on MAC (17280548-8ce5-406f-9baf-c1589e41e225)] -> accessibility id: Okay / Cancel]<br/>
01_02_2018_08_35_35_178 -  Waiting For Element : [[IOSDriver:  on MAC (17280548-8ce5-406f-9baf-c1589e41e225)] -> accessibility id: OK]<br/>
01_02_2018_08_35_35_380 -  Is the Element Displayed on Screen : [[IOSDriver:  on MAC (17280548-8ce5-406f-9baf-c1589e41e225)] -> accessibility id: OK]<br/>
01_02_2018_08_35_35_804 -  Waiting For Element : [[IOSDriver:  on MAC (17280548-8ce5-406f-9baf-c1589e41e225)] -> accessibility id: Cancel]<br/>
01_02_2018_08_35_35_942 -  Is the Element Displayed on Screen : [[IOSDriver:  on MAC (17280548-8ce5-406f-9baf-c1589e41e225)] -> accessibility id: Cancel]<br/>
01_02_2018_08_35_36_274 -  Waiting For Element : [[IOSDriver:  on MAC (17280548-8ce5-406f-9baf-c1589e41e225)] -> accessibility id: OK]<br/>
01_02_2018_08_35_36_425 -  Fetching the text : [[IOSDriver:  on MAC (17280548-8ce5-406f-9baf-c1589e41e225)] -> accessibility id: OK]<br/>
01_02_2018_08_35_36_546 -  Waiting for : 1 second(s)<br/>
01_02_2018_08_35_37_579 -  Capturing Screenshot and Adding to Extent Reports<br/>
01_02_2018_08_35_37_861 -  Waiting For Element : [[IOSDriver:  on MAC (17280548-8ce5-406f-9baf-c1589e41e225)] -> accessibility id: OK]<br/>
01_02_2018_08_35_38_633 -  Clicked :  [[IOSDriver:  on MAC (17280548-8ce5-406f-9baf-c1589e41e225)] -> accessibility id: OK]<br/>
01_02_2018_08_35_39_946 -  Waiting For Element : [[IOSDriver:  on MAC (17280548-8ce5-406f-9baf-c1589e41e225)] -> accessibility id: Action Sheets]<br/>
01_02_2018_08_35_40_178 -  Is the Element Displayed on Screen : [[IOSDriver:  on MAC (17280548-8ce5-406f-9baf-c1589e41e225)] -> accessibility id: Action Sheets]<br/>
01_02_2018_08_35_40_610 -  Waiting For Element : [[IOSDriver:  on MAC (17280548-8ce5-406f-9baf-c1589e41e225)] -> accessibility id: Okay / Cancel]<br/>
01_02_2018_08_35_41_484 -  Clicked :  [[IOSDriver:  on MAC (17280548-8ce5-406f-9baf-c1589e41e225)] -> accessibility id: Okay / Cancel]<br/>
01_02_2018_08_35_41_697 -  Waiting For Element : [[IOSDriver:  on MAC (17280548-8ce5-406f-9baf-c1589e41e225)] -> accessibility id: Cancel]<br/>
01_02_2018_08_35_42_513 -  Clicked :  [[IOSDriver:  on MAC (17280548-8ce5-406f-9baf-c1589e41e225)] -> accessibility id: Cancel]<br/>
01_02_2018_08_35_43_643 -  Waiting For Element : [[IOSDriver:  on MAC (17280548-8ce5-406f-9baf-c1589e41e225)] -> accessibility id: Action Sheets]<br/>
01_02_2018_08_35_43_873 -  Is the Element Displayed on Screen : [[IOSDriver:  on MAC (17280548-8ce5-406f-9baf-c1589e41e225)] -> accessibility id: Action Sheets]<br/>
01_02_2018_08_35_46_741 -  Single Tap On Element : [[IOSDriver:  on MAC (17280548-8ce5-406f-9baf-c1589e41e225)] -> accessibility id: Other]<br/>
01_02_2018_08_35_46_895 -  Waiting For Element : [[IOSDriver:  on MAC (17280548-8ce5-406f-9baf-c1589e41e225)] -> accessibility id: Safe Choice]<br/>
01_02_2018_08_35_47_033 -  Is the Element Displayed on Screen : [[IOSDriver:  on MAC (17280548-8ce5-406f-9baf-c1589e41e225)] -> accessibility id: Safe Choice]<br/>
01_02_2018_08_35_47_338 -  Waiting For Element : [[IOSDriver:  on MAC (17280548-8ce5-406f-9baf-c1589e41e225)] -> accessibility id: Destructive Choice]<br/>
01_02_2018_08_35_47_469 -  Is the Element Displayed on Screen : [[IOSDriver:  on MAC (17280548-8ce5-406f-9baf-c1589e41e225)] -> accessibility id: Destructive Choice]<br/>
01_02_2018_08_35_47_756 -  Waiting For Element : [[IOSDriver:  on MAC (17280548-8ce5-406f-9baf-c1589e41e225)] -> accessibility id: Safe Choice]<br/>
01_02_2018_08_35_47_884 -  Fetching the text : [[IOSDriver:  on MAC (17280548-8ce5-406f-9baf-c1589e41e225)] -> accessibility id: Safe Choice]<br/>
01_02_2018_08_35_48_169 -  Waiting For Element : [[IOSDriver:  on MAC (17280548-8ce5-406f-9baf-c1589e41e225)] -> accessibility id: Destructive Choice]<br/>
01_02_2018_08_35_48_301 -  Fetching the text : [[IOSDriver:  on MAC (17280548-8ce5-406f-9baf-c1589e41e225)] -> accessibility id: Destructive Choice]<br/>
01_02_2018_08_35_48_428 -  Waiting for : 1 second(s)<br/>
01_02_2018_08_35_49_490 -  Capturing Screenshot and Adding to Extent Reports<br/>
01_02_2018_08_35_52_058 -  Single Tap On Element : [[IOSDriver:  on MAC (17280548-8ce5-406f-9baf-c1589e41e225)] -> accessibility id: Safe Choice]<br/>
01_02_2018_08_35_54_636 -  Single Tap On Element : [[IOSDriver:  on MAC (17280548-8ce5-406f-9baf-c1589e41e225)] -> accessibility id: Other]<br/>
01_02_2018_08_35_57_209 -  Single Tap On Element : [[IOSDriver:  on MAC (17280548-8ce5-406f-9baf-c1589e41e225)] -> accessibility id: Destructive Choice]<br/>
01_02_2018_08_35_58_519 -  Go Back<br/>
01_02_2018_08_35_58_519 -  Waiting For Element : [[IOSDriver:  on MAC (17280548-8ce5-406f-9baf-c1589e41e225)] -> accessibility id: Action Sheets]<br/>
01_02_2018_08_35_59_700 -  Clicked :  [[IOSDriver:  on MAC (17280548-8ce5-406f-9baf-c1589e41e225)] -> accessibility id: Action Sheets]<br/>
01_02_2018_08_36_02_644 -  Single Tap On Element : [[IOSDriver:  on MAC (17280548-8ce5-406f-9baf-c1589e41e225)] -> accessibility id: Back]<br/>
01_02_2018_08_36_02_644 -  Test Passed :  test_02_UI_Catalog_ActionSheets<br/>
</div>
<p class="totop"><a href="#summary">back to summary</a></p>
<h2 id="m16">iOS.UI_Catalog.scripts.Test_03_UI_Catalog_ActivityIndicators:test_03_UI_Catalog_ActivityIndicators</h2>
<div>
01_02_2018_08_36_17_204 -  Started Test : test_03_UI_Catalog_ActivityIndicators<br/>
01_02_2018_08_36_17_582 -  Waiting For Element : [[IOSDriver:  on MAC (35f24820-790d-4c1e-babe-a1cec329d1a4)] -> accessibility id: Activity Indicators]<br/>
01_02_2018_08_36_17_941 -  Is the Element Displayed on Screen : [[IOSDriver:  on MAC (35f24820-790d-4c1e-babe-a1cec329d1a4)] -> accessibility id: Activity Indicators]<br/>
01_02_2018_08_36_18_274 -  Waiting For Element : [[IOSDriver:  on MAC (35f24820-790d-4c1e-babe-a1cec329d1a4)] -> accessibility id: Activity Indicators]<br/>
01_02_2018_08_36_18_608 -  Fetching the text : [[IOSDriver:  on MAC (35f24820-790d-4c1e-babe-a1cec329d1a4)] -> accessibility id: Activity Indicators]<br/>
01_02_2018_08_36_19_045 -  Waiting For Element : [[IOSDriver:  on MAC (35f24820-790d-4c1e-babe-a1cec329d1a4)] -> accessibility id: Activity Indicators]<br/>
01_02_2018_08_36_20_084 -  Clicked :  [[IOSDriver:  on MAC (35f24820-790d-4c1e-babe-a1cec329d1a4)] -> accessibility id: Activity Indicators]<br/>
01_02_2018_08_36_20_531 -  Waiting For Element : [[IOSDriver:  on MAC (35f24820-790d-4c1e-babe-a1cec329d1a4)] -> accessibility id: Activity Indicators]<br/>
01_02_2018_08_36_20_845 -  Is the Element Displayed on Screen : [[IOSDriver:  on MAC (35f24820-790d-4c1e-babe-a1cec329d1a4)] -> accessibility id: Activity Indicators]<br/>
01_02_2018_08_36_21_368 -  Waiting For Element : [[IOSDriver:  on MAC (35f24820-790d-4c1e-babe-a1cec329d1a4)] -> accessibility id: GRAY]<br/>
01_02_2018_08_36_21_716 -  Is the Element Displayed on Screen : [[IOSDriver:  on MAC (35f24820-790d-4c1e-babe-a1cec329d1a4)] -> accessibility id: GRAY]<br/>
01_02_2018_08_36_22_287 -  Waiting For Element : [[IOSDriver:  on MAC (35f24820-790d-4c1e-babe-a1cec329d1a4)] -> accessibility id: TINTED]<br/>
01_02_2018_08_36_22_580 -  Is the Element Displayed on Screen : [[IOSDriver:  on MAC (35f24820-790d-4c1e-babe-a1cec329d1a4)] -> accessibility id: TINTED]<br/>
01_02_2018_08_36_23_822 -  Waiting For Element : [[IOSDriver:  on MAC (35f24820-790d-4c1e-babe-a1cec329d1a4)] -> xpath: //XCUIElementTypeActivityIndicator[1]]<br/>
01_02_2018_08_36_24_758 -  Waiting for : 1 second(s)<br/>
01_02_2018_08_36_25_805 -  Capturing Screenshot and Adding to Extent Reports<br/>
01_02_2018_08_36_27_325 -  Go Back<br/>
01_02_2018_08_36_27_325 -  Waiting For Element : [[IOSDriver:  on MAC (35f24820-790d-4c1e-babe-a1cec329d1a4)] -> accessibility id: Activity Indicators]<br/>
01_02_2018_08_36_28_595 -  Clicked :  [[IOSDriver:  on MAC (35f24820-790d-4c1e-babe-a1cec329d1a4)] -> accessibility id: Activity Indicators]<br/>
01_02_2018_08_36_31_536 -  Single Tap On Element : [[IOSDriver:  on MAC (35f24820-790d-4c1e-babe-a1cec329d1a4)] -> accessibility id: Back]<br/>
01_02_2018_08_36_31_536 -  Test Passed :  test_03_UI_Catalog_ActivityIndicators<br/>
</div>
<p class="totop"><a href="#summary">back to summary</a></p>
<h2 id="m17">iOS.UI_Catalog.scripts.Test_04_UI_Catalog_AlertViews:test_04_UI_Catalog_AlertViews</h2>
<table cellspacing="0" cellpadding="0" class="result">
<tr class="param"><th>Param.1</th></tr>
<tr class="param stripe"><td>{Script_name=Test_04_UI_Catalog_AlertViews, TestData_2=A message should be a short, complete sentence., TestData_1=A Short Title Is Best, TestData_10=, TestData_11=, TestData_12=, TestData_13=, TestData_14=, TestData_4=, TestData_3=Hello, Thank You , TestData_6=, TestData_5=, TestData_8=, TestData_7=, TestData_9=}</td>
</tr>
<tr><td>
01_02_2018_08_36_53_105 -  Started Test : test_04_UI_Catalog_AlertViews<br/>
01_02_2018_08_36_53_450 -  Waiting For Element : [[IOSDriver:  on MAC (e643fed7-401e-4e65-b686-ba7ad6848d29)] -> accessibility id: Alert Views]<br/>
01_02_2018_08_36_53_798 -  Is the Element Displayed on Screen : [[IOSDriver:  on MAC (e643fed7-401e-4e65-b686-ba7ad6848d29)] -> accessibility id: Alert Views]<br/>
01_02_2018_08_36_54_129 -  Waiting For Element : [[IOSDriver:  on MAC (e643fed7-401e-4e65-b686-ba7ad6848d29)] -> accessibility id: Alert Views]<br/>
01_02_2018_08_36_54_452 -  Fetching the text : [[IOSDriver:  on MAC (e643fed7-401e-4e65-b686-ba7ad6848d29)] -> accessibility id: Alert Views]<br/>
01_02_2018_08_36_54_780 -  Waiting For Element : [[IOSDriver:  on MAC (e643fed7-401e-4e65-b686-ba7ad6848d29)] -> accessibility id: Alert Views]<br/>
01_02_2018_08_36_55_902 -  Clicked :  [[IOSDriver:  on MAC (e643fed7-401e-4e65-b686-ba7ad6848d29)] -> accessibility id: Alert Views]<br/>
01_02_2018_08_36_56_394 -  Waiting For Element : [[IOSDriver:  on MAC (e643fed7-401e-4e65-b686-ba7ad6848d29)] -> accessibility id: Alert Views]<br/>
01_02_2018_08_36_56_633 -  Is the Element Displayed on Screen : [[IOSDriver:  on MAC (e643fed7-401e-4e65-b686-ba7ad6848d29)] -> accessibility id: Alert Views]<br/>
01_02_2018_08_36_57_131 -  Waiting For Element : [[IOSDriver:  on MAC (e643fed7-401e-4e65-b686-ba7ad6848d29)] -> accessibility id: Simple]<br/>
01_02_2018_08_36_57_377 -  Is the Element Displayed on Screen : [[IOSDriver:  on MAC (e643fed7-401e-4e65-b686-ba7ad6848d29)] -> accessibility id: Simple]<br/>
01_02_2018_08_36_57_854 -  Waiting For Element : [[IOSDriver:  on MAC (e643fed7-401e-4e65-b686-ba7ad6848d29)] -> accessibility id: Okay / Cancel]<br/>
01_02_2018_08_36_58_089 -  Is the Element Displayed on Screen : [[IOSDriver:  on MAC (e643fed7-401e-4e65-b686-ba7ad6848d29)] -> accessibility id: Okay / Cancel]<br/>
01_02_2018_08_36_58_583 -  Waiting For Element : [[IOSDriver:  on MAC (e643fed7-401e-4e65-b686-ba7ad6848d29)] -> accessibility id: Other]<br/>
01_02_2018_08_36_58_811 -  Is the Element Displayed on Screen : [[IOSDriver:  on MAC (e643fed7-401e-4e65-b686-ba7ad6848d29)] -> accessibility id: Other]<br/>
01_02_2018_08_36_59_313 -  Waiting For Element : [[IOSDriver:  on MAC (e643fed7-401e-4e65-b686-ba7ad6848d29)] -> accessibility id: Text Entry]<br/>
01_02_2018_08_36_59_542 -  Is the Element Displayed on Screen : [[IOSDriver:  on MAC (e643fed7-401e-4e65-b686-ba7ad6848d29)] -> accessibility id: Text Entry]<br/>
01_02_2018_08_37_00_032 -  Waiting For Element : [[IOSDriver:  on MAC (e643fed7-401e-4e65-b686-ba7ad6848d29)] -> accessibility id: Secure Text Entry]<br/>
01_02_2018_08_37_00_305 -  Is the Element Displayed on Screen : [[IOSDriver:  on MAC (e643fed7-401e-4e65-b686-ba7ad6848d29)] -> accessibility id: Secure Text Entry]<br/>
01_02_2018_08_37_00_777 -  Waiting For Element : [[IOSDriver:  on MAC (e643fed7-401e-4e65-b686-ba7ad6848d29)] -> accessibility id: Simple]<br/>
01_02_2018_08_37_01_681 -  Clicked :  [[IOSDriver:  on MAC (e643fed7-401e-4e65-b686-ba7ad6848d29)] -> accessibility id: Simple]<br/>
01_02_2018_08_37_01_681 -  Waiting For alert to be displayed <br/>
01_02_2018_08_37_02_392 -  Waiting for : 1 second(s)<br/>
01_02_2018_08_37_03_398 -  Capturing Screenshot and Adding to Extent Reports<br/>
01_02_2018_08_37_03_659 -  Waiting For Element : [[IOSDriver:  on MAC (e643fed7-401e-4e65-b686-ba7ad6848d29)] -> accessibility id: A Short Title Is Best]<br/>
01_02_2018_08_37_03_812 -  Is the Element Displayed on Screen : [[IOSDriver:  on MAC (e643fed7-401e-4e65-b686-ba7ad6848d29)] -> accessibility id: A Short Title Is Best]<br/>
01_02_2018_08_37_03_958 -  Waiting For Element : [[IOSDriver:  on MAC (e643fed7-401e-4e65-b686-ba7ad6848d29)] -> accessibility id: A Short Title Is Best]<br/>
01_02_2018_08_37_04_114 -  Fetching the text : [[IOSDriver:  on MAC (e643fed7-401e-4e65-b686-ba7ad6848d29)] -> accessibility id: A Short Title Is Best]<br/>
01_02_2018_08_37_04_259 -  Waiting For Element : [[IOSDriver:  on MAC (e643fed7-401e-4e65-b686-ba7ad6848d29)] -> accessibility id: A Short Title Is Best]<br/>
01_02_2018_08_37_04_435 -  Fetching the text : [[IOSDriver:  on MAC (e643fed7-401e-4e65-b686-ba7ad6848d29)] -> accessibility id: A Short Title Is Best]<br/>
01_02_2018_08_37_04_794 -  Waiting For Element : [[IOSDriver:  on MAC (e643fed7-401e-4e65-b686-ba7ad6848d29)] -> accessibility id: A message should be a short, complete sentence.]<br/>
01_02_2018_08_37_04_943 -  Is the Element Displayed on Screen : [[IOSDriver:  on MAC (e643fed7-401e-4e65-b686-ba7ad6848d29)] -> accessibility id: A message should be a short, complete sentence.]<br/>
01_02_2018_08_37_05_107 -  Waiting For Element : [[IOSDriver:  on MAC (e643fed7-401e-4e65-b686-ba7ad6848d29)] -> accessibility id: A message should be a short, complete sentence.]<br/>
01_02_2018_08_37_05_260 -  Fetching the text : [[IOSDriver:  on MAC (e643fed7-401e-4e65-b686-ba7ad6848d29)] -> accessibility id: A message should be a short, complete sentence.]<br/>
01_02_2018_08_37_05_420 -  Waiting For Element : [[IOSDriver:  on MAC (e643fed7-401e-4e65-b686-ba7ad6848d29)] -> accessibility id: A message should be a short, complete sentence.]<br/>
01_02_2018_08_37_05_566 -  Fetching the text : [[IOSDriver:  on MAC (e643fed7-401e-4e65-b686-ba7ad6848d29)] -> accessibility id: A message should be a short, complete sentence.]<br/>
01_02_2018_08_37_05_909 -  Waiting For Element : [[IOSDriver:  on MAC (e643fed7-401e-4e65-b686-ba7ad6848d29)] -> accessibility id: OK]<br/>
01_02_2018_08_37_06_076 -  Is the Element Displayed on Screen : [[IOSDriver:  on MAC (e643fed7-401e-4e65-b686-ba7ad6848d29)] -> accessibility id: OK]<br/>
01_02_2018_08_37_07_643 -  Accepted Alert<br/>
01_02_2018_08_37_08_750 -  Waiting For Element : [[IOSDriver:  on MAC (e643fed7-401e-4e65-b686-ba7ad6848d29)] -> xpath: //XCUIElementTypeStaticText[@name='Okay / Cancel']]<br/>
01_02_2018_08_37_09_605 -  Clicked :  [[IOSDriver:  on MAC (e643fed7-401e-4e65-b686-ba7ad6848d29)] -> xpath: //XCUIElementTypeStaticText[@name='Okay / Cancel']]<br/>
01_02_2018_08_37_09_605 -  Waiting For alert to be displayed <br/>
01_02_2018_08_37_10_320 -  Waiting for : 1 second(s)<br/>
01_02_2018_08_37_11_389 -  Capturing Screenshot and Adding to Extent Reports<br/>
01_02_2018_08_37_11_538 -  Is the Element Displayed on Screen : [[IOSDriver:  on MAC (e643fed7-401e-4e65-b686-ba7ad6848d29)] -> accessibility id: A Short Title Is Best]<br/>
01_02_2018_08_37_11_694 -  Waiting For Element : [[IOSDriver:  on MAC (e643fed7-401e-4e65-b686-ba7ad6848d29)] -> accessibility id: A Short Title Is Best]<br/>
01_02_2018_08_37_11_844 -  Fetching the text : [[IOSDriver:  on MAC (e643fed7-401e-4e65-b686-ba7ad6848d29)] -> accessibility id: A Short Title Is Best]<br/>
01_02_2018_08_37_11_990 -  Is the Element Displayed on Screen : [[IOSDriver:  on MAC (e643fed7-401e-4e65-b686-ba7ad6848d29)] -> accessibility id: A message should be a short, complete sentence.]<br/>
01_02_2018_08_37_12_172 -  Waiting For Element : [[IOSDriver:  on MAC (e643fed7-401e-4e65-b686-ba7ad6848d29)] -> accessibility id: A message should be a short, complete sentence.]<br/>
01_02_2018_08_37_12_333 -  Fetching the text : [[IOSDriver:  on MAC (e643fed7-401e-4e65-b686-ba7ad6848d29)] -> accessibility id: A message should be a short, complete sentence.]<br/>
01_02_2018_08_37_14_064 -  Accepted Alert<br/>
01_02_2018_08_37_15_113 -  Waiting For Element : [[IOSDriver:  on MAC (e643fed7-401e-4e65-b686-ba7ad6848d29)] -> xpath: //XCUIElementTypeStaticText[@name='Okay / Cancel']]<br/>
01_02_2018_08_37_16_023 -  Clicked :  [[IOSDriver:  on MAC (e643fed7-401e-4e65-b686-ba7ad6848d29)] -> xpath: //XCUIElementTypeStaticText[@name='Okay / Cancel']]<br/>
01_02_2018_08_37_16_023 -  Waiting For alert to be displayed <br/>
01_02_2018_08_37_19_384 -  Dismissed Alert<br/>
01_02_2018_08_37_19_724 -  Waiting For Element : [[IOSDriver:  on MAC (e643fed7-401e-4e65-b686-ba7ad6848d29)] -> accessibility id: Other]<br/>
01_02_2018_08_37_20_744 -  Clicked :  [[IOSDriver:  on MAC (e643fed7-401e-4e65-b686-ba7ad6848d29)] -> accessibility id: Other]<br/>
01_02_2018_08_37_20_745 -  Waiting For alert to be displayed <br/>
01_02_2018_08_37_21_876 -  Is the Element Displayed on Screen : [[IOSDriver:  on MAC (e643fed7-401e-4e65-b686-ba7ad6848d29)] -> accessibility id: A Short Title Is Best]<br/>
01_02_2018_08_37_22_119 -  Waiting For Element : [[IOSDriver:  on MAC (e643fed7-401e-4e65-b686-ba7ad6848d29)] -> accessibility id: A Short Title Is Best]<br/>
01_02_2018_08_37_22_321 -  Fetching the text : [[IOSDriver:  on MAC (e643fed7-401e-4e65-b686-ba7ad6848d29)] -> accessibility id: A Short Title Is Best]<br/>
01_02_2018_08_37_22_483 -  Is the Element Displayed on Screen : [[IOSDriver:  on MAC (e643fed7-401e-4e65-b686-ba7ad6848d29)] -> accessibility id: A message should be a short, complete sentence.]<br/>
01_02_2018_08_37_22_672 -  Waiting For Element : [[IOSDriver:  on MAC (e643fed7-401e-4e65-b686-ba7ad6848d29)] -> accessibility id: A message should be a short, complete sentence.]<br/>
01_02_2018_08_37_22_863 -  Fetching the text : [[IOSDriver:  on MAC (e643fed7-401e-4e65-b686-ba7ad6848d29)] -> accessibility id: A message should be a short, complete sentence.]<br/>
01_02_2018_08_37_23_224 -  Waiting For Element : [[IOSDriver:  on MAC (e643fed7-401e-4e65-b686-ba7ad6848d29)] -> accessibility id: Choice One]<br/>
01_02_2018_08_37_23_394 -  Is the Element Displayed on Screen : [[IOSDriver:  on MAC (e643fed7-401e-4e65-b686-ba7ad6848d29)] -> accessibility id: Choice One]<br/>
01_02_2018_08_37_25_351 -  Waiting For Element : [[IOSDriver:  on MAC (e643fed7-401e-4e65-b686-ba7ad6848d29)] -> xpath: //XCUIElementTypeButton[@name='Choice Two']]<br/>
01_02_2018_08_37_25_500 -  Is the Element Displayed on Screen : [[IOSDriver:  on MAC (e643fed7-401e-4e65-b686-ba7ad6848d29)] -> xpath: //XCUIElementTypeButton[@name='Choice Two']]<br/>
01_02_2018_08_37_28_340 -  Single Tap On Element : [[IOSDriver:  on MAC (e643fed7-401e-4e65-b686-ba7ad6848d29)] -> accessibility id: Choice One]<br/>
01_02_2018_08_37_28_588 -  Waiting For Element : [[IOSDriver:  on MAC (e643fed7-401e-4e65-b686-ba7ad6848d29)] -> accessibility id: Other]<br/>
01_02_2018_08_37_29_531 -  Clicked :  [[IOSDriver:  on MAC (e643fed7-401e-4e65-b686-ba7ad6848d29)] -> accessibility id: Other]<br/>
01_02_2018_08_37_29_532 -  Waiting For alert to be displayed <br/>
01_02_2018_08_37_30_408 -  Waiting for : 1 second(s)<br/>
01_02_2018_08_37_31_464 -  Capturing Screenshot and Adding to Extent Reports<br/>
01_02_2018_08_37_36_037 -  Single Tap On Element : [[IOSDriver:  on MAC (e643fed7-401e-4e65-b686-ba7ad6848d29)] -> xpath: //XCUIElementTypeButton[@name='Choice Two']]<br/>
01_02_2018_08_37_36_338 -  Waiting For Element : [[IOSDriver:  on MAC (e643fed7-401e-4e65-b686-ba7ad6848d29)] -> accessibility id: Other]<br/>
01_02_2018_08_37_37_282 -  Clicked :  [[IOSDriver:  on MAC (e643fed7-401e-4e65-b686-ba7ad6848d29)] -> accessibility id: Other]<br/>
01_02_2018_08_37_37_282 -  Waiting For alert to be displayed <br/>
01_02_2018_08_37_40_093 -  Dismissed Alert<br/>
01_02_2018_08_37_40_479 -  Waiting For Element : [[IOSDriver:  on MAC (e643fed7-401e-4e65-b686-ba7ad6848d29)] -> accessibility id: Text Entry]<br/>
01_02_2018_08_37_41_465 -  Clicked :  [[IOSDriver:  on MAC (e643fed7-401e-4e65-b686-ba7ad6848d29)] -> accessibility id: Text Entry]<br/>
01_02_2018_08_37_41_465 -  Waiting For alert to be displayed <br/>
01_02_2018_08_37_43_082 -  Waiting For Element : [[IOSDriver:  on MAC (e643fed7-401e-4e65-b686-ba7ad6848d29)] -> accessibility id: A Short Title Is Best]<br/>
01_02_2018_08_37_43_372 -  Fetching the text : [[IOSDriver:  on MAC (e643fed7-401e-4e65-b686-ba7ad6848d29)] -> accessibility id: A Short Title Is Best]<br/>
01_02_2018_08_37_43_646 -  Waiting For Element : [[IOSDriver:  on MAC (e643fed7-401e-4e65-b686-ba7ad6848d29)] -> accessibility id: A message should be a short, complete sentence.]<br/>
01_02_2018_08_37_43_877 -  Fetching the text : [[IOSDriver:  on MAC (e643fed7-401e-4e65-b686-ba7ad6848d29)] -> accessibility id: A message should be a short, complete sentence.]<br/>
01_02_2018_08_37_47_782 -  Waiting For Element : [[IOSDriver:  on MAC (e643fed7-401e-4e65-b686-ba7ad6848d29)] -> xpath: //XCUIElementTypeAlert[@name='A Short Title Is Best']//XCUIElementTypeTextField]<br/>
01_02_2018_08_37_48_189 -  Is the Element Displayed on Screen : [[IOSDriver:  on MAC (e643fed7-401e-4e65-b686-ba7ad6848d29)] -> xpath: //XCUIElementTypeAlert[@name='A Short Title Is Best']//XCUIElementTypeTextField]<br/>
01_02_2018_08_37_53_017 -  Waiting for : 1 second(s)<br/>
01_02_2018_08_37_54_079 -  Capturing Screenshot and Adding to Extent Reports<br/>
01_02_2018_08_37_56_566 -  Accepted Alert<br/>
01_02_2018_08_37_57_143 -  Waiting For Element : [[IOSDriver:  on MAC (e643fed7-401e-4e65-b686-ba7ad6848d29)] -> accessibility id: Text Entry]<br/>
01_02_2018_08_37_58_145 -  Clicked :  [[IOSDriver:  on MAC (e643fed7-401e-4e65-b686-ba7ad6848d29)] -> accessibility id: Text Entry]<br/>
01_02_2018_08_37_58_145 -  Waiting For alert to be displayed <br/>
01_02_2018_08_38_05_527 -  Dismissed Alert<br/>
01_02_2018_08_38_06_059 -  Waiting For Element : [[IOSDriver:  on MAC (e643fed7-401e-4e65-b686-ba7ad6848d29)] -> accessibility id: Secure Text Entry]<br/>
01_02_2018_08_38_07_046 -  Clicked :  [[IOSDriver:  on MAC (e643fed7-401e-4e65-b686-ba7ad6848d29)] -> accessibility id: Secure Text Entry]<br/>
01_02_2018_08_38_07_046 -  Waiting For alert to be displayed <br/>
01_02_2018_08_38_08_047 -  Waiting For Element : [[IOSDriver:  on MAC (e643fed7-401e-4e65-b686-ba7ad6848d29)] -> accessibility id: A Short Title Is Best]<br/>
01_02_2018_08_38_08_299 -  Fetching the text : [[IOSDriver:  on MAC (e643fed7-401e-4e65-b686-ba7ad6848d29)] -> accessibility id: A Short Title Is Best]<br/>
01_02_2018_08_38_08_540 -  Waiting For Element : [[IOSDriver:  on MAC (e643fed7-401e-4e65-b686-ba7ad6848d29)] -> accessibility id: A message should be a short, complete sentence.]<br/>
01_02_2018_08_38_08_891 -  Fetching the text : [[IOSDriver:  on MAC (e643fed7-401e-4e65-b686-ba7ad6848d29)] -> accessibility id: A message should be a short, complete sentence.]<br/>
01_02_2018_08_38_11_700 -  Waiting For Element : [[IOSDriver:  on MAC (e643fed7-401e-4e65-b686-ba7ad6848d29)] -> xpath: //XCUIElementTypeAlert[@name='A Short Title Is Best']//XCUIElementTypeSecureTextField]<br/>
01_02_2018_08_38_11_956 -  Is the Element Displayed on Screen : [[IOSDriver:  on MAC (e643fed7-401e-4e65-b686-ba7ad6848d29)] -> xpath: //XCUIElementTypeAlert[@name='A Short Title Is Best']//XCUIElementTypeSecureTextField]<br/>
01_02_2018_08_38_16_182 -  Waiting for : 1 second(s)<br/>
01_02_2018_08_38_17_184 -  Capturing Screenshot and Adding to Extent Reports<br/>
01_02_2018_08_38_19_904 -  Accepted Alert<br/>
01_02_2018_08_38_20_416 -  Waiting For Element : [[IOSDriver:  on MAC (e643fed7-401e-4e65-b686-ba7ad6848d29)] -> accessibility id: Secure Text Entry]<br/>
01_02_2018_08_38_21_308 -  Clicked :  [[IOSDriver:  on MAC (e643fed7-401e-4e65-b686-ba7ad6848d29)] -> accessibility id: Secure Text Entry]<br/>
01_02_2018_08_38_21_308 -  Waiting For alert to be displayed <br/>
01_02_2018_08_38_27_990 -  Dismissed Alert<br/>
01_02_2018_08_38_29_593 -  Go Back<br/>
01_02_2018_08_38_29_593 -  Test Passed :  test_04_UI_Catalog_AlertViews<br/>
</td></tr>
</table>
<p class="totop"><a href="#summary">back to summary</a></p>
<h2 id="m18">iOS.UI_Catalog.scripts.Test_05_UI_Catalog_Buttons:test_05_UI_Catalog_Buttons</h2>
<div>
01_02_2018_08_38_53_018 -  Started Test : test_05_UI_Catalog_Buttons<br/>
01_02_2018_08_38_53_354 -  Waiting For Element : [[IOSDriver:  on MAC (ecd7dee1-a38b-449e-aaff-55242a92e852)] -> accessibility id: Buttons]<br/>
01_02_2018_08_38_53_675 -  Is the Element Displayed on Screen : [[IOSDriver:  on MAC (ecd7dee1-a38b-449e-aaff-55242a92e852)] -> accessibility id: Buttons]<br/>
01_02_2018_08_38_54_018 -  Waiting For Element : [[IOSDriver:  on MAC (ecd7dee1-a38b-449e-aaff-55242a92e852)] -> accessibility id: Buttons]<br/>
01_02_2018_08_38_54_341 -  Fetching the text : [[IOSDriver:  on MAC (ecd7dee1-a38b-449e-aaff-55242a92e852)] -> accessibility id: Buttons]<br/>
01_02_2018_08_38_54_677 -  Waiting For Element : [[IOSDriver:  on MAC (ecd7dee1-a38b-449e-aaff-55242a92e852)] -> accessibility id: Buttons]<br/>
01_02_2018_08_38_55_730 -  Clicked :  [[IOSDriver:  on MAC (ecd7dee1-a38b-449e-aaff-55242a92e852)] -> accessibility id: Buttons]<br/>
01_02_2018_08_38_55_730 -  Waiting for : 1 second(s)<br/>
01_02_2018_08_38_56_759 -  Capturing Screenshot and Adding to Extent Reports<br/>
01_02_2018_08_38_56_857 -  Is the Element Displayed on Screen : [[IOSDriver:  on MAC (ecd7dee1-a38b-449e-aaff-55242a92e852)] -> accessibility id: Buttons]<br/>
01_02_2018_08_38_58_369 -  Waiting For Element : [[IOSDriver:  on MAC (ecd7dee1-a38b-449e-aaff-55242a92e852)] -> xpath: //XCUIElementTypeOther[@label='SYSTEM (TEXT)']]<br/>
01_02_2018_08_38_58_625 -  Is the Element Displayed on Screen : [[IOSDriver:  on MAC (ecd7dee1-a38b-449e-aaff-55242a92e852)] -> xpath: //XCUIElementTypeOther[@label='SYSTEM (TEXT)']]<br/>
01_02_2018_08_39_00_130 -  Waiting For Element : [[IOSDriver:  on MAC (ecd7dee1-a38b-449e-aaff-55242a92e852)] -> xpath: //XCUIElementTypeButton[@name='Button']]<br/>
01_02_2018_08_39_00_405 -  Is the Element Displayed on Screen : [[IOSDriver:  on MAC (ecd7dee1-a38b-449e-aaff-55242a92e852)] -> xpath: //XCUIElementTypeButton[@name='Button']]<br/>
01_02_2018_08_39_01_787 -  Waiting For Element : [[IOSDriver:  on MAC (ecd7dee1-a38b-449e-aaff-55242a92e852)] -> xpath: //XCUIElementTypeOther[@label='SYSTEM (CONTACT ADD)']]<br/>
01_02_2018_08_39_02_017 -  Is the Element Displayed on Screen : [[IOSDriver:  on MAC (ecd7dee1-a38b-449e-aaff-55242a92e852)] -> xpath: //XCUIElementTypeOther[@label='SYSTEM (CONTACT ADD)']]<br/>
01_02_2018_08_39_02_589 -  Waiting For Element : [[IOSDriver:  on MAC (ecd7dee1-a38b-449e-aaff-55242a92e852)] -> accessibility id: SYSTEM (DETAIL DISCLOSURE)]<br/>
01_02_2018_08_39_02_875 -  Is the Element Displayed on Screen : [[IOSDriver:  on MAC (ecd7dee1-a38b-449e-aaff-55242a92e852)] -> accessibility id: SYSTEM (DETAIL DISCLOSURE)]<br/>
01_02_2018_08_39_03_504 -  Waiting For Element : [[IOSDriver:  on MAC (ecd7dee1-a38b-449e-aaff-55242a92e852)] -> accessibility id: More Info]<br/>
01_02_2018_08_39_03_806 -  Is the Element Displayed on Screen : [[IOSDriver:  on MAC (ecd7dee1-a38b-449e-aaff-55242a92e852)] -> accessibility id: More Info]<br/>
01_02_2018_08_39_04_416 -  Waiting For Element : [[IOSDriver:  on MAC (ecd7dee1-a38b-449e-aaff-55242a92e852)] -> accessibility id: X Button]<br/>
01_02_2018_08_39_04_712 -  Is the Element Displayed on Screen : [[IOSDriver:  on MAC (ecd7dee1-a38b-449e-aaff-55242a92e852)] -> accessibility id: X Button]<br/>
01_02_2018_08_39_05_336 -  Waiting For Element : [[IOSDriver:  on MAC (ecd7dee1-a38b-449e-aaff-55242a92e852)] -> accessibility id: IMAGE]<br/>
01_02_2018_08_39_05_647 -  Is the Element Displayed on Screen : [[IOSDriver:  on MAC (ecd7dee1-a38b-449e-aaff-55242a92e852)] -> accessibility id: IMAGE]<br/>
01_02_2018_08_39_06_351 -  Waiting For Element : [[IOSDriver:  on MAC (ecd7dee1-a38b-449e-aaff-55242a92e852)] -> accessibility id: ATTRIBUTED TEXT]<br/>
01_02_2018_08_39_06_652 -  Is the Element Displayed on Screen : [[IOSDriver:  on MAC (ecd7dee1-a38b-449e-aaff-55242a92e852)] -> accessibility id: ATTRIBUTED TEXT]<br/>
01_02_2018_08_39_07_205 -  Swiping Vertically Down <br/>
01_02_2018_08_39_17_054 -  Go Back<br/>
01_02_2018_08_39_17_055 -  Test Passed :  test_05_UI_Catalog_Buttons<br/>
</div>
<p class="totop"><a href="#summary">back to summary</a></p>
<h1>BbsrApp_Test</h1>
<h2 id="m19">iOS.Bbsr.scripts.Test_01_Bbsr_LaunchPage:test_01_Bbsr_LaunchPage</h2>
<table cellspacing="0" cellpadding="0" class="result">
<tr class="param"><th>Param.1</th></tr>
<tr class="param stripe"><td>{Script_name=Test_01_Bbsr_LaunchPage, TestData_2=Images Of Bhubaneswar, TestData_1=BHUBANESWAR, TestData_10=, TestData_11=, TestData_12=, TestData_13=, TestData_14=, TestData_4=, TestData_3=Support, TestData_6=, TestData_5=, TestData_8=, TestData_7=, TestData_9=}</td>
</tr>
<tr><td>
<h3>Test Messages</h3>
01_02_2018_08_41_14_299 -  Started Test : test_01_Bbsr_LaunchPage<br/>
01_02_2018_08_41_14_305 -  Test Failed : test_01_Bbsr_LaunchPage<br/>
<h3>Failure</h3>
<div class="stacktrace">org.openqa.selenium.NoSuchSessionException: Session ID is null. Using WebDriver after calling quit()?
Build info: version: &apos;3.3.1&apos;, revision: &apos;5234b32&apos;, time: &apos;2017-03-10 09:04:52 -0800&apos;
System info: host: &apos;Sambeets-MacBook-Air.local&apos;, ip: &apos;fe80:0:0:0:c4:4fd:8ddb:f3db%en0&apos;, os.name: &apos;Mac OS X&apos;, os.arch: &apos;x86_64&apos;, os.version: &apos;10.13.2&apos;, java.version: &apos;1.8.0_131&apos;
Driver info: driver.version: IOSDriver
	at org.openqa.selenium.remote.HttpCommandExecutor.execute(HttpCommandExecutor.java:130)
	at io.appium.java_client.remote.AppiumCommandExecutor.execute(AppiumCommandExecutor.java:69)
	at org.openqa.selenium.remote.RemoteWebDriver.execute(RemoteWebDriver.java:604)
	at io.appium.java_client.DefaultGenericMobileDriver.execute(DefaultGenericMobileDriver.java:40)
	at io.appium.java_client.AppiumDriver.execute(AppiumDriver.java:1)
	at io.appium.java_client.ios.IOSDriver.execute(IOSDriver.java:1)
	at org.openqa.selenium.remote.RemoteWebDriver.findElement(RemoteWebDriver.java:371)
	at io.appium.java_client.DefaultGenericMobileDriver.findElement(DefaultGenericMobileDriver.java:56)
	at io.appium.java_client.AppiumDriver.findElement(AppiumDriver.java:1)
	at io.appium.java_client.ios.IOSDriver.findElement(IOSDriver.java:1)
	at org.openqa.selenium.remote.RemoteWebDriver.findElementByXPath(RemoteWebDriver.java:476)
	at io.appium.java_client.DefaultGenericMobileDriver.findElementByXPath(DefaultGenericMobileDriver.java:134)
	at io.appium.java_client.AppiumDriver.findElementByXPath(AppiumDriver.java:1)
	at io.appium.java_client.ios.IOSDriver.findElementByXPath(IOSDriver.java:1)
	at iOS.POMLibrary.Get_WebElement_XML.getElementByXpath(Unknown Source)
	at iOS.Bbsr.scripts.Test_01_Bbsr_LaunchPage.test_01_Bbsr_LaunchPage(Unknown Source)
	at sun.reflect.NativeMethodAccessorImpl.invoke0(Native Method)
	at sun.reflect.NativeMethodAccessorImpl.invoke(NativeMethodAccessorImpl.java:62)
	at sun.reflect.DelegatingMethodAccessorImpl.invoke(DelegatingMethodAccessorImpl.java:43)
	at java.lang.reflect.Method.invoke(Method.java:498)
	at org.testng.internal.MethodInvocationHelper.invokeMethod(MethodInvocationHelper.java:104)
	at org.testng.internal.Invoker.invokeMethod(Invoker.java:645)
	at org.testng.internal.Invoker.invokeTestMethod(Invoker.java:851)
	at org.testng.internal.Invoker.invokeTestMethods(Invoker.java:1177)
	at org.testng.internal.TestMethodWorker.invokeTestMethods(TestMethodWorker.java:129)
	at org.testng.internal.TestMethodWorker.run(TestMethodWorker.java:112)
	at org.testng.TestRunner.privateRun(TestRunner.java:756)
	at org.testng.TestRunner.run(TestRunner.java:610)
	at org.testng.SuiteRunner.runTest(SuiteRunner.java:387)
	at org.testng.SuiteRunner.runSequentially(SuiteRunner.java:382)
	at org.testng.SuiteRunner.privateRun(SuiteRunner.java:340)
	at org.testng.SuiteRunner.run(SuiteRunner.java:289)
	at org.testng.SuiteRunnerWorker.runSuite(SuiteRunnerWorker.java:52)
	at org.testng.SuiteRunnerWorker.run(SuiteRunnerWorker.java:86)
	at org.testng.TestNG.runSuitesSequentially(TestNG.java:1293)
	at org.testng.TestNG.runSuitesSequentially(TestNG.java:1289)
	at org.testng.TestNG.runSuitesLocally(TestNG.java:1218)
	at org.testng.TestNG.runSuites(TestNG.java:1133)
	at org.testng.TestNG.run(TestNG.java:1104)
	at org.testng.TestNG.privateMain(TestNG.java:1434)
	at org.testng.TestNG.main(TestNG.java:1403)
</div>
</td></tr>
</table>
<p class="totop"><a href="#summary">back to summary</a></p>
<h2 id="m20">iOS.Bbsr.scripts.Test_02_Bbsr_SupportPage:test_02_Bbsr_SupportPage</h2>
<table cellspacing="0" cellpadding="0" class="result">
<tr class="param"><th>Param.1</th></tr>
<tr class="param stripe"><td>{Script_name=Test_02_Bbsr_SupportPage, TestData_2=Images Of Bhubaneswar, TestData_1=BHUBANESWAR, TestData_10=, TestData_11=, TestData_12=, TestData_13=, TestData_14=, TestData_4=Saved Your Query, Thanks !! , TestData_3=Support, TestData_6=, TestData_5=, TestData_8=, TestData_7=, TestData_9=}</td>
</tr>
<tr><td>
<h3>Test Messages</h3>
01_02_2018_08_41_14_313 -  Started Test : test_02_Bbsr_SupportPage<br/>
01_02_2018_08_41_14_317 -  Test Failed : test_02_Bbsr_SupportPage<br/>
<h3>Failure</h3>
<div class="stacktrace">org.openqa.selenium.NoSuchSessionException: Session ID is null. Using WebDriver after calling quit()?
Build info: version: &apos;3.3.1&apos;, revision: &apos;5234b32&apos;, time: &apos;2017-03-10 09:04:52 -0800&apos;
System info: host: &apos;Sambeets-MacBook-Air.local&apos;, ip: &apos;fe80:0:0:0:c4:4fd:8ddb:f3db%en0&apos;, os.name: &apos;Mac OS X&apos;, os.arch: &apos;x86_64&apos;, os.version: &apos;10.13.2&apos;, java.version: &apos;1.8.0_131&apos;
Driver info: driver.version: IOSDriver
	at org.openqa.selenium.remote.HttpCommandExecutor.execute(HttpCommandExecutor.java:130)
	at io.appium.java_client.remote.AppiumCommandExecutor.execute(AppiumCommandExecutor.java:69)
	at org.openqa.selenium.remote.RemoteWebDriver.execute(RemoteWebDriver.java:604)
	at io.appium.java_client.DefaultGenericMobileDriver.execute(DefaultGenericMobileDriver.java:40)
	at io.appium.java_client.AppiumDriver.execute(AppiumDriver.java:1)
	at io.appium.java_client.ios.IOSDriver.execute(IOSDriver.java:1)
	at org.openqa.selenium.remote.RemoteWebDriver.findElement(RemoteWebDriver.java:371)
	at io.appium.java_client.DefaultGenericMobileDriver.findElement(DefaultGenericMobileDriver.java:56)
	at io.appium.java_client.AppiumDriver.findElement(AppiumDriver.java:1)
	at io.appium.java_client.ios.IOSDriver.findElement(IOSDriver.java:1)
	at org.openqa.selenium.remote.RemoteWebDriver.findElementByXPath(RemoteWebDriver.java:476)
	at io.appium.java_client.DefaultGenericMobileDriver.findElementByXPath(DefaultGenericMobileDriver.java:134)
	at io.appium.java_client.AppiumDriver.findElementByXPath(AppiumDriver.java:1)
	at io.appium.java_client.ios.IOSDriver.findElementByXPath(IOSDriver.java:1)
	at iOS.POMLibrary.Get_WebElement_XML.getElementByXpath(Unknown Source)
	at iOS.Bbsr.scripts.Test_02_Bbsr_SupportPage.test_02_Bbsr_SupportPage(Unknown Source)
	at sun.reflect.NativeMethodAccessorImpl.invoke0(Native Method)
	at sun.reflect.NativeMethodAccessorImpl.invoke(NativeMethodAccessorImpl.java:62)
	at sun.reflect.DelegatingMethodAccessorImpl.invoke(DelegatingMethodAccessorImpl.java:43)
	at java.lang.reflect.Method.invoke(Method.java:498)
	at org.testng.internal.MethodInvocationHelper.invokeMethod(MethodInvocationHelper.java:104)
	at org.testng.internal.Invoker.invokeMethod(Invoker.java:645)
	at org.testng.internal.Invoker.invokeTestMethod(Invoker.java:851)
	at org.testng.internal.Invoker.invokeTestMethods(Invoker.java:1177)
	at org.testng.internal.TestMethodWorker.invokeTestMethods(TestMethodWorker.java:129)
	at org.testng.internal.TestMethodWorker.run(TestMethodWorker.java:112)
	at org.testng.TestRunner.privateRun(TestRunner.java:756)
	at org.testng.TestRunner.run(TestRunner.java:610)
	at org.testng.SuiteRunner.runTest(SuiteRunner.java:387)
	at org.testng.SuiteRunner.runSequentially(SuiteRunner.java:382)
	at org.testng.SuiteRunner.privateRun(SuiteRunner.java:340)
	at org.testng.SuiteRunner.run(SuiteRunner.java:289)
	at org.testng.SuiteRunnerWorker.runSuite(SuiteRunnerWorker.java:52)
	at org.testng.SuiteRunnerWorker.run(SuiteRunnerWorker.java:86)
	at org.testng.TestNG.runSuitesSequentially(TestNG.java:1293)
	at org.testng.TestNG.runSuitesSequentially(TestNG.java:1289)
	at org.testng.TestNG.runSuitesLocally(TestNG.java:1218)
	at org.testng.TestNG.runSuites(TestNG.java:1133)
	at org.testng.TestNG.run(TestNG.java:1104)
	at org.testng.TestNG.privateMain(TestNG.java:1434)
	at org.testng.TestNG.main(TestNG.java:1403)
</div>
</td></tr>
</table>
<p class="totop"><a href="#summary">back to summary</a></p>
<h1>HomeSafetyApp_Test</h1>
<h2 id="m21">iOS.HomeSafetyApp.scripts.Test_01_HomeSafety_LaunchPage:test_01_HomeSafety_LaunchPage</h2>
<table cellspacing="0" cellpadding="0" class="result">
<tr class="param"><th>Param.1</th></tr>
<tr class="param stripe"><td>{Script_name=Test_01_HomeSafety_LaunchPage, TestData_2=, TestData_1=Choose a room or area to learn about common hazards in these locations and how to make them safe for children., TestData_10=, TestData_11=, TestData_12=, TestData_13=, TestData_14=, TestData_4=, TestData_3=, TestData_6=, TestData_5=, TestData_8=, TestData_7=, TestData_9=}</td>
</tr>
<tr><td>
<h3>Test Messages</h3>
01_02_2018_08_41_14_548 -  Started Test : test_01_HomeSafety_LaunchPage<br/>
01_02_2018_08_41_14_552 -  Test Failed : test_01_HomeSafety_LaunchPage<br/>
<h3>Failure</h3>
<div class="stacktrace">org.openqa.selenium.NoSuchSessionException: Session ID is null. Using WebDriver after calling quit()?
Build info: version: &apos;3.3.1&apos;, revision: &apos;5234b32&apos;, time: &apos;2017-03-10 09:04:52 -0800&apos;
System info: host: &apos;Sambeets-MacBook-Air.local&apos;, ip: &apos;fe80:0:0:0:c4:4fd:8ddb:f3db%en0&apos;, os.name: &apos;Mac OS X&apos;, os.arch: &apos;x86_64&apos;, os.version: &apos;10.13.2&apos;, java.version: &apos;1.8.0_131&apos;
Driver info: driver.version: IOSDriver
	at org.openqa.selenium.remote.HttpCommandExecutor.execute(HttpCommandExecutor.java:130)
	at io.appium.java_client.remote.AppiumCommandExecutor.execute(AppiumCommandExecutor.java:69)
	at org.openqa.selenium.remote.RemoteWebDriver.execute(RemoteWebDriver.java:604)
	at io.appium.java_client.DefaultGenericMobileDriver.execute(DefaultGenericMobileDriver.java:40)
	at io.appium.java_client.AppiumDriver.execute(AppiumDriver.java:1)
	at io.appium.java_client.ios.IOSDriver.execute(IOSDriver.java:1)
	at org.openqa.selenium.remote.RemoteWebDriver.findElement(RemoteWebDriver.java:371)
	at io.appium.java_client.DefaultGenericMobileDriver.findElement(DefaultGenericMobileDriver.java:56)
	at io.appium.java_client.AppiumDriver.findElement(AppiumDriver.java:1)
	at io.appium.java_client.ios.IOSDriver.findElement(IOSDriver.java:1)
	at org.openqa.selenium.remote.RemoteWebDriver.findElementByXPath(RemoteWebDriver.java:476)
	at io.appium.java_client.DefaultGenericMobileDriver.findElementByXPath(DefaultGenericMobileDriver.java:134)
	at io.appium.java_client.AppiumDriver.findElementByXPath(AppiumDriver.java:1)
	at io.appium.java_client.ios.IOSDriver.findElementByXPath(IOSDriver.java:1)
	at iOS.POMLibrary.Get_WebElement_XML.getElementByXpath(Unknown Source)
	at iOS.HomeSafetyApp.scripts.Test_01_HomeSafety_LaunchPage.test_01_HomeSafety_LaunchPage(Unknown Source)
	at sun.reflect.NativeMethodAccessorImpl.invoke0(Native Method)
	at sun.reflect.NativeMethodAccessorImpl.invoke(NativeMethodAccessorImpl.java:62)
	at sun.reflect.DelegatingMethodAccessorImpl.invoke(DelegatingMethodAccessorImpl.java:43)
	at java.lang.reflect.Method.invoke(Method.java:498)
	at org.testng.internal.MethodInvocationHelper.invokeMethod(MethodInvocationHelper.java:104)
	at org.testng.internal.Invoker.invokeMethod(Invoker.java:645)
	at org.testng.internal.Invoker.invokeTestMethod(Invoker.java:851)
	at org.testng.internal.Invoker.invokeTestMethods(Invoker.java:1177)
	at org.testng.internal.TestMethodWorker.invokeTestMethods(TestMethodWorker.java:129)
	at org.testng.internal.TestMethodWorker.run(TestMethodWorker.java:112)
	at org.testng.TestRunner.privateRun(TestRunner.java:756)
	at org.testng.TestRunner.run(TestRunner.java:610)
	at org.testng.SuiteRunner.runTest(SuiteRunner.java:387)
	at org.testng.SuiteRunner.runSequentially(SuiteRunner.java:382)
	at org.testng.SuiteRunner.privateRun(SuiteRunner.java:340)
	at org.testng.SuiteRunner.run(SuiteRunner.java:289)
	at org.testng.SuiteRunnerWorker.runSuite(SuiteRunnerWorker.java:52)
	at org.testng.SuiteRunnerWorker.run(SuiteRunnerWorker.java:86)
	at org.testng.TestNG.runSuitesSequentially(TestNG.java:1293)
	at org.testng.TestNG.runSuitesSequentially(TestNG.java:1289)
	at org.testng.TestNG.runSuitesLocally(TestNG.java:1218)
	at org.testng.TestNG.runSuites(TestNG.java:1133)
	at org.testng.TestNG.run(TestNG.java:1104)
	at org.testng.TestNG.privateMain(TestNG.java:1434)
	at org.testng.TestNG.main(TestNG.java:1403)
</div>
</td></tr>
</table>
<p class="totop"><a href="#summary">back to summary</a></p>
<h1>ShoppingCart_Test</h1>
<h2 id="m22">iOS.ShoppingCart.scripts.Test_01_Validate_HomePage_Add_Items:test_01_Validate_HomePage_Add_Items</h2>
<table cellspacing="0" cellpadding="0" class="result">
<tr class="param"><th>Param.1</th></tr>
<tr class="param stripe"><td>{Script_name=Test_01_Validate_HomePage_Add_Items, TestData_2=Apple Watch, TestData_1=Cart, TestData_10=, TestData_11=, TestData_12=, TestData_13=, TestData_14=, TestData_15=, TestData_4=Apple TV, TestData_3=Ipad Mini, TestData_6=Place Order -&gt;, TestData_5=Total, TestData_8=, TestData_7=, TestData_9=}</td>
</tr>
<tr><td>
<h3>Test Messages</h3>
01_02_2018_08_41_14_431 -  Started Test : test_01_Validate_HomePage_Add_Items<br/>
01_02_2018_08_41_14_435 -  Test Failed : test_01_Validate_HomePage_Add_Items<br/>
<h3>Failure</h3>
<div class="stacktrace">org.openqa.selenium.NoSuchSessionException: Session ID is null. Using WebDriver after calling quit()?
Build info: version: &apos;3.3.1&apos;, revision: &apos;5234b32&apos;, time: &apos;2017-03-10 09:04:52 -0800&apos;
System info: host: &apos;Sambeets-MacBook-Air.local&apos;, ip: &apos;fe80:0:0:0:c4:4fd:8ddb:f3db%en0&apos;, os.name: &apos;Mac OS X&apos;, os.arch: &apos;x86_64&apos;, os.version: &apos;10.13.2&apos;, java.version: &apos;1.8.0_131&apos;
Driver info: driver.version: IOSDriver
	at org.openqa.selenium.remote.HttpCommandExecutor.execute(HttpCommandExecutor.java:130)
	at io.appium.java_client.remote.AppiumCommandExecutor.execute(AppiumCommandExecutor.java:69)
	at org.openqa.selenium.remote.RemoteWebDriver.execute(RemoteWebDriver.java:604)
	at io.appium.java_client.DefaultGenericMobileDriver.execute(DefaultGenericMobileDriver.java:40)
	at io.appium.java_client.AppiumDriver.execute(AppiumDriver.java:1)
	at io.appium.java_client.ios.IOSDriver.execute(IOSDriver.java:1)
	at org.openqa.selenium.remote.RemoteWebDriver.findElement(RemoteWebDriver.java:371)
	at io.appium.java_client.DefaultGenericMobileDriver.findElement(DefaultGenericMobileDriver.java:56)
	at io.appium.java_client.AppiumDriver.findElement(AppiumDriver.java:1)
	at io.appium.java_client.ios.IOSDriver.findElement(IOSDriver.java:1)
	at org.openqa.selenium.remote.RemoteWebDriver.findElementByXPath(RemoteWebDriver.java:476)
	at io.appium.java_client.DefaultGenericMobileDriver.findElementByXPath(DefaultGenericMobileDriver.java:134)
	at io.appium.java_client.AppiumDriver.findElementByXPath(AppiumDriver.java:1)
	at io.appium.java_client.ios.IOSDriver.findElementByXPath(IOSDriver.java:1)
	at iOS.POMLibrary.Get_WebElement_XML.getElementByXpath(Unknown Source)
	at iOS.ShoppingCart.scripts.Test_01_Validate_HomePage_Add_Items.test_01_Validate_HomePage_Add_Items(Unknown Source)
	at sun.reflect.NativeMethodAccessorImpl.invoke0(Native Method)
	at sun.reflect.NativeMethodAccessorImpl.invoke(NativeMethodAccessorImpl.java:62)
	at sun.reflect.DelegatingMethodAccessorImpl.invoke(DelegatingMethodAccessorImpl.java:43)
	at java.lang.reflect.Method.invoke(Method.java:498)
	at org.testng.internal.MethodInvocationHelper.invokeMethod(MethodInvocationHelper.java:104)
	at org.testng.internal.Invoker.invokeMethod(Invoker.java:645)
	at org.testng.internal.Invoker.invokeTestMethod(Invoker.java:851)
	at org.testng.internal.Invoker.invokeTestMethods(Invoker.java:1177)
	at org.testng.internal.TestMethodWorker.invokeTestMethods(TestMethodWorker.java:129)
	at org.testng.internal.TestMethodWorker.run(TestMethodWorker.java:112)
	at org.testng.TestRunner.privateRun(TestRunner.java:756)
	at org.testng.TestRunner.run(TestRunner.java:610)
	at org.testng.SuiteRunner.runTest(SuiteRunner.java:387)
	at org.testng.SuiteRunner.runSequentially(SuiteRunner.java:382)
	at org.testng.SuiteRunner.privateRun(SuiteRunner.java:340)
	at org.testng.SuiteRunner.run(SuiteRunner.java:289)
	at org.testng.SuiteRunnerWorker.runSuite(SuiteRunnerWorker.java:52)
	at org.testng.SuiteRunnerWorker.run(SuiteRunnerWorker.java:86)
	at org.testng.TestNG.runSuitesSequentially(TestNG.java:1293)
	at org.testng.TestNG.runSuitesSequentially(TestNG.java:1289)
	at org.testng.TestNG.runSuitesLocally(TestNG.java:1218)
	at org.testng.TestNG.runSuites(TestNG.java:1133)
	at org.testng.TestNG.run(TestNG.java:1104)
	at org.testng.TestNG.privateMain(TestNG.java:1434)
	at org.testng.TestNG.main(TestNG.java:1403)
</div>
</td></tr>
</table>
<p class="totop"><a href="#summary">back to summary</a></p>
<h2 id="m23">iOS.ShoppingCart.scripts.Test_02_Validate_PlaceOrder_Add_Items:test_02_Validate_PlaceOrder_Add_Items</h2>
<table cellspacing="0" cellpadding="0" class="result">
<tr class="param"><th>Param.1</th></tr>
<tr class="param stripe"><td>{Script_name=Test_02_Validate_PlaceOrder_Add_Items, TestData_2=total Including taxes, TestData_1=Cart, TestData_10=, TestData_11=, TestData_12=, TestData_13=, TestData_14=, TestData_15=, TestData_4=$15.00, TestData_3=Free, TestData_6=, TestData_5=Place Order -&gt;, TestData_8=, TestData_7=, TestData_9=}</td>
</tr>
<tr><td>
<h3>Test Messages</h3>
01_02_2018_08_41_14_420 -  Started Test : test_02_Validate_PlaceOrder_Add_Items<br/>
01_02_2018_08_41_14_425 -  Test Failed : test_02_Validate_PlaceOrder_Add_Items<br/>
<h3>Failure</h3>
<div class="stacktrace">org.openqa.selenium.NoSuchSessionException: Session ID is null. Using WebDriver after calling quit()?
Build info: version: &apos;3.3.1&apos;, revision: &apos;5234b32&apos;, time: &apos;2017-03-10 09:04:52 -0800&apos;
System info: host: &apos;Sambeets-MacBook-Air.local&apos;, ip: &apos;fe80:0:0:0:c4:4fd:8ddb:f3db%en0&apos;, os.name: &apos;Mac OS X&apos;, os.arch: &apos;x86_64&apos;, os.version: &apos;10.13.2&apos;, java.version: &apos;1.8.0_131&apos;
Driver info: driver.version: IOSDriver
	at org.openqa.selenium.remote.HttpCommandExecutor.execute(HttpCommandExecutor.java:130)
	at io.appium.java_client.remote.AppiumCommandExecutor.execute(AppiumCommandExecutor.java:69)
	at org.openqa.selenium.remote.RemoteWebDriver.execute(RemoteWebDriver.java:604)
	at io.appium.java_client.DefaultGenericMobileDriver.execute(DefaultGenericMobileDriver.java:40)
	at io.appium.java_client.AppiumDriver.execute(AppiumDriver.java:1)
	at io.appium.java_client.ios.IOSDriver.execute(IOSDriver.java:1)
	at org.openqa.selenium.remote.RemoteWebDriver.findElement(RemoteWebDriver.java:371)
	at io.appium.java_client.DefaultGenericMobileDriver.findElement(DefaultGenericMobileDriver.java:56)
	at io.appium.java_client.AppiumDriver.findElement(AppiumDriver.java:1)
	at io.appium.java_client.ios.IOSDriver.findElement(IOSDriver.java:1)
	at org.openqa.selenium.remote.RemoteWebDriver.findElementByXPath(RemoteWebDriver.java:476)
	at io.appium.java_client.DefaultGenericMobileDriver.findElementByXPath(DefaultGenericMobileDriver.java:134)
	at io.appium.java_client.AppiumDriver.findElementByXPath(AppiumDriver.java:1)
	at io.appium.java_client.ios.IOSDriver.findElementByXPath(IOSDriver.java:1)
	at iOS.POMLibrary.Get_WebElement_XML.getElementByXpath(Unknown Source)
	at iOS.ShoppingCart.scripts.Test_02_Validate_PlaceOrder_Add_Items.test_02_Validate_PlaceOrder_Add_Items(Unknown Source)
	at sun.reflect.NativeMethodAccessorImpl.invoke0(Native Method)
	at sun.reflect.NativeMethodAccessorImpl.invoke(NativeMethodAccessorImpl.java:62)
	at sun.reflect.DelegatingMethodAccessorImpl.invoke(DelegatingMethodAccessorImpl.java:43)
	at java.lang.reflect.Method.invoke(Method.java:498)
	at org.testng.internal.MethodInvocationHelper.invokeMethod(MethodInvocationHelper.java:104)
	at org.testng.internal.Invoker.invokeMethod(Invoker.java:645)
	at org.testng.internal.Invoker.invokeTestMethod(Invoker.java:851)
	at org.testng.internal.Invoker.invokeTestMethods(Invoker.java:1177)
	at org.testng.internal.TestMethodWorker.invokeTestMethods(TestMethodWorker.java:129)
	at org.testng.internal.TestMethodWorker.run(TestMethodWorker.java:112)
	at org.testng.TestRunner.privateRun(TestRunner.java:756)
	at org.testng.TestRunner.run(TestRunner.java:610)
	at org.testng.SuiteRunner.runTest(SuiteRunner.java:387)
	at org.testng.SuiteRunner.runSequentially(SuiteRunner.java:382)
	at org.testng.SuiteRunner.privateRun(SuiteRunner.java:340)
	at org.testng.SuiteRunner.run(SuiteRunner.java:289)
	at org.testng.SuiteRunnerWorker.runSuite(SuiteRunnerWorker.java:52)
	at org.testng.SuiteRunnerWorker.run(SuiteRunnerWorker.java:86)
	at org.testng.TestNG.runSuitesSequentially(TestNG.java:1293)
	at org.testng.TestNG.runSuitesSequentially(TestNG.java:1289)
	at org.testng.TestNG.runSuitesLocally(TestNG.java:1218)
	at org.testng.TestNG.runSuites(TestNG.java:1133)
	at org.testng.TestNG.run(TestNG.java:1104)
	at org.testng.TestNG.privateMain(TestNG.java:1434)
	at org.testng.TestNG.main(TestNG.java:1403)
</div>
</td></tr>
</table>
<p class="totop"><a href="#summary">back to summary</a></p>
<h2 id="m24">iOS.ShoppingCart.scripts.Test_03_Validate_Purchase_Items_ContinueShopping:test_03_Validate_Purchase_Items_ContinueShopping</h2>
<table cellspacing="0" cellpadding="0" class="result">
<tr class="param"><th>Param.1</th></tr>
<tr class="param stripe"><td>{Script_name=Test_03_Validate_Purchase_Items_ContinueShopping, TestData_2=total Including taxes, TestData_1=Cart, TestData_10=, TestData_11=, TestData_12=, TestData_13=, TestData_14=, TestData_15=, TestData_4=$15.00, TestData_3=Free, TestData_6=Thank you, TestData_5=Confirm Order, TestData_8=, TestData_7=Continue Shopping, TestData_9=}</td>
</tr>
<tr><td>
<h3>Test Messages</h3>
01_02_2018_08_41_14_445 -  Started Test : test_03_Validate_Purchase_Items_ContinueShopping<br/>
01_02_2018_08_41_14_449 -  Test Failed : test_03_Validate_Purchase_Items_ContinueShopping<br/>
<h3>Failure</h3>
<div class="stacktrace">org.openqa.selenium.NoSuchSessionException: Session ID is null. Using WebDriver after calling quit()?
Build info: version: &apos;3.3.1&apos;, revision: &apos;5234b32&apos;, time: &apos;2017-03-10 09:04:52 -0800&apos;
System info: host: &apos;Sambeets-MacBook-Air.local&apos;, ip: &apos;fe80:0:0:0:c4:4fd:8ddb:f3db%en0&apos;, os.name: &apos;Mac OS X&apos;, os.arch: &apos;x86_64&apos;, os.version: &apos;10.13.2&apos;, java.version: &apos;1.8.0_131&apos;
Driver info: driver.version: IOSDriver
	at org.openqa.selenium.remote.HttpCommandExecutor.execute(HttpCommandExecutor.java:130)
	at io.appium.java_client.remote.AppiumCommandExecutor.execute(AppiumCommandExecutor.java:69)
	at org.openqa.selenium.remote.RemoteWebDriver.execute(RemoteWebDriver.java:604)
	at io.appium.java_client.DefaultGenericMobileDriver.execute(DefaultGenericMobileDriver.java:40)
	at io.appium.java_client.AppiumDriver.execute(AppiumDriver.java:1)
	at io.appium.java_client.ios.IOSDriver.execute(IOSDriver.java:1)
	at org.openqa.selenium.remote.RemoteWebDriver.findElement(RemoteWebDriver.java:371)
	at io.appium.java_client.DefaultGenericMobileDriver.findElement(DefaultGenericMobileDriver.java:56)
	at io.appium.java_client.AppiumDriver.findElement(AppiumDriver.java:1)
	at io.appium.java_client.ios.IOSDriver.findElement(IOSDriver.java:1)
	at org.openqa.selenium.remote.RemoteWebDriver.findElementByXPath(RemoteWebDriver.java:476)
	at io.appium.java_client.DefaultGenericMobileDriver.findElementByXPath(DefaultGenericMobileDriver.java:134)
	at io.appium.java_client.AppiumDriver.findElementByXPath(AppiumDriver.java:1)
	at io.appium.java_client.ios.IOSDriver.findElementByXPath(IOSDriver.java:1)
	at iOS.POMLibrary.Get_WebElement_XML.getElementByXpath(Unknown Source)
	at iOS.ShoppingCart.scripts.Test_03_Validate_Purchase_Items_ContinueShopping.test_03_Validate_Purchase_Items_ContinueShopping(Unknown Source)
	at sun.reflect.NativeMethodAccessorImpl.invoke0(Native Method)
	at sun.reflect.NativeMethodAccessorImpl.invoke(NativeMethodAccessorImpl.java:62)
	at sun.reflect.DelegatingMethodAccessorImpl.invoke(DelegatingMethodAccessorImpl.java:43)
	at java.lang.reflect.Method.invoke(Method.java:498)
	at org.testng.internal.MethodInvocationHelper.invokeMethod(MethodInvocationHelper.java:104)
	at org.testng.internal.Invoker.invokeMethod(Invoker.java:645)
	at org.testng.internal.Invoker.invokeTestMethod(Invoker.java:851)
	at org.testng.internal.Invoker.invokeTestMethods(Invoker.java:1177)
	at org.testng.internal.TestMethodWorker.invokeTestMethods(TestMethodWorker.java:129)
	at org.testng.internal.TestMethodWorker.run(TestMethodWorker.java:112)
	at org.testng.TestRunner.privateRun(TestRunner.java:756)
	at org.testng.TestRunner.run(TestRunner.java:610)
	at org.testng.SuiteRunner.runTest(SuiteRunner.java:387)
	at org.testng.SuiteRunner.runSequentially(SuiteRunner.java:382)
	at org.testng.SuiteRunner.privateRun(SuiteRunner.java:340)
	at org.testng.SuiteRunner.run(SuiteRunner.java:289)
	at org.testng.SuiteRunnerWorker.runSuite(SuiteRunnerWorker.java:52)
	at org.testng.SuiteRunnerWorker.run(SuiteRunnerWorker.java:86)
	at org.testng.TestNG.runSuitesSequentially(TestNG.java:1293)
	at org.testng.TestNG.runSuitesSequentially(TestNG.java:1289)
	at org.testng.TestNG.runSuitesLocally(TestNG.java:1218)
	at org.testng.TestNG.runSuites(TestNG.java:1133)
	at org.testng.TestNG.run(TestNG.java:1104)
	at org.testng.TestNG.privateMain(TestNG.java:1434)
	at org.testng.TestNG.main(TestNG.java:1403)
</div>
</td></tr>
</table>
<p class="totop"><a href="#summary">back to summary</a></p>
<center> iOS Automation Report </center>
</body></html>
