<?xml version="1.0" encoding="utf-8" ?>
<!DOCTYPE html PUBLIC "-//W3C//DTD XHTML 1.0 Strict//EN"
        "http://www.w3.org/TR/xhtml1/DTD/xhtml1-strict.dtd">
<html xmlns="http://www.w3.org/1999/xhtml" xml:lang="" lang="">
<head>
  <title>Test Results Report - BbsrApp_Test</title>
  <meta http-equiv="Content-Type" content="text/html;charset=utf-8" />
  <meta name="description" content="TestNG unit test results." />
  <link href="reportng.css" rel="stylesheet" type="text/css" />
    <script type="text/javascript" src="reportng.js"></script>
</head>
<body>
<h1>BbsrApp_Test</h1>
<p>
  Test duration: 0.112s
</p>



  <table class="resultsTable">
    <tr><th colspan="3" class="header failed">Failed Tests</th></tr>
          <tr>
        <td colspan="3" class="group">iOS.Bbsr.scripts.Test_01_Bbsr_LaunchPage</td>
      </tr>
            
<tr>
  <td class="method">
                  test_01_Bbsr_LaunchPage
      </td>
  <td class="duration">
    0.006s
  </td>
  <td class="result">
        
          <i>Method arguments: </i><span class="arguments">{Script_name=Test_01_Bbsr_LaunchPage, TestData_2=Images Of Bhubaneswar, TestData_1=BHUBANESWAR, TestData_10=, TestData_11=, TestData_12=, TestData_13=, TestData_14=, TestData_4=, TestData_3=Support, TestData_6=, TestData_5=, TestData_8=, TestData_7=, TestData_9=}</span><br />
    
            <div class="testOutput">
                        01_02_2018_08_41_14_299 -&nbsp; Started Test : test_01_Bbsr_LaunchPage<br />
                                01_02_2018_08_41_14_305 -&nbsp; Test Failed : test_01_Bbsr_LaunchPage<br />
                  </div>
    

        <a href="javascript:toggleElement('exception-0', 'block')" title="Click to expand/collapse"><b>org.openqa.selenium.NoSuchSessionException: Session ID is null. Using WebDriver after calling quit()?<br/>
Build info: version: &apos;3.3.1&apos;, revision: &apos;5234b32&apos;, time: &apos;2017-03-10 09:04:52 -0800&apos;<br/>
System info: host: &apos;Sambeets-MacBook-Air.local&apos;, ip: &apos;fe80:0:0:0:c4:4fd:8ddb:f3db%en0&apos;, os.name: &apos;Mac OS X&apos;, os.arch: &apos;x86_64&apos;, os.version: &apos;10.13.2&apos;, java.version: &apos;1.8.0_131&apos;<br/>
Driver info: driver.version: IOSDriver</b></a><br />
    <div class="stackTrace" id="exception-0">
              org.openqa.selenium.remote.HttpCommandExecutor.execute(HttpCommandExecutor.java:130)<br />
              io.appium.java_client.remote.AppiumCommandExecutor.execute(AppiumCommandExecutor.java:69)<br />
              org.openqa.selenium.remote.RemoteWebDriver.execute(RemoteWebDriver.java:604)<br />
              io.appium.java_client.DefaultGenericMobileDriver.execute(DefaultGenericMobileDriver.java:40)<br />
              io.appium.java_client.AppiumDriver.execute(AppiumDriver.java:1)<br />
              io.appium.java_client.ios.IOSDriver.execute(IOSDriver.java:1)<br />
              org.openqa.selenium.remote.RemoteWebDriver.findElement(RemoteWebDriver.java:371)<br />
              io.appium.java_client.DefaultGenericMobileDriver.findElement(DefaultGenericMobileDriver.java:56)<br />
              io.appium.java_client.AppiumDriver.findElement(AppiumDriver.java:1)<br />
              io.appium.java_client.ios.IOSDriver.findElement(IOSDriver.java:1)<br />
              org.openqa.selenium.remote.RemoteWebDriver.findElementByXPath(RemoteWebDriver.java:476)<br />
              io.appium.java_client.DefaultGenericMobileDriver.findElementByXPath(DefaultGenericMobileDriver.java:134)<br />
              io.appium.java_client.AppiumDriver.findElementByXPath(AppiumDriver.java:1)<br />
              io.appium.java_client.ios.IOSDriver.findElementByXPath(IOSDriver.java:1)<br />
              iOS.POMLibrary.Get_WebElement_XML.getElementByXpath(Unknown Source)<br />
              iOS.Bbsr.scripts.Test_01_Bbsr_LaunchPage.test_01_Bbsr_LaunchPage(Unknown Source)<br />
              sun.reflect.NativeMethodAccessorImpl.invoke0(Native Method)<br />
              sun.reflect.NativeMethodAccessorImpl.invoke(NativeMethodAccessorImpl.java:62)<br />
              sun.reflect.DelegatingMethodAccessorImpl.invoke(DelegatingMethodAccessorImpl.java:43)<br />
              java.lang.reflect.Method.invoke(Method.java:498)<br />
              org.testng.internal.MethodInvocationHelper.invokeMethod(MethodInvocationHelper.java:104)<br />
              org.testng.internal.Invoker.invokeMethod(Invoker.java:645)<br />
              org.testng.internal.Invoker.invokeTestMethod(Invoker.java:851)<br />
              org.testng.internal.Invoker.invokeTestMethods(Invoker.java:1177)<br />
              org.testng.internal.TestMethodWorker.invokeTestMethods(TestMethodWorker.java:129)<br />
              org.testng.internal.TestMethodWorker.run(TestMethodWorker.java:112)<br />
              org.testng.TestRunner.privateRun(TestRunner.java:756)<br />
              org.testng.TestRunner.run(TestRunner.java:610)<br />
              org.testng.SuiteRunner.runTest(SuiteRunner.java:387)<br />
              org.testng.SuiteRunner.runSequentially(SuiteRunner.java:382)<br />
              org.testng.SuiteRunner.privateRun(SuiteRunner.java:340)<br />
              org.testng.SuiteRunner.run(SuiteRunner.java:289)<br />
              org.testng.SuiteRunnerWorker.runSuite(SuiteRunnerWorker.java:52)<br />
              org.testng.SuiteRunnerWorker.run(SuiteRunnerWorker.java:86)<br />
              org.testng.TestNG.runSuitesSequentially(TestNG.java:1293)<br />
              org.testng.TestNG.runSuitesSequentially(TestNG.java:1289)<br />
              org.testng.TestNG.runSuitesLocally(TestNG.java:1218)<br />
              org.testng.TestNG.runSuites(TestNG.java:1133)<br />
              org.testng.TestNG.run(TestNG.java:1104)<br />
              org.testng.TestNG.privateMain(TestNG.java:1434)<br />
              org.testng.TestNG.main(TestNG.java:1403)<br />
                </div>
      </td>
</tr>
          <tr>
        <td colspan="3" class="group">iOS.Bbsr.scripts.Test_02_Bbsr_SupportPage</td>
      </tr>
            
<tr>
  <td class="method">
                  test_02_Bbsr_SupportPage
      </td>
  <td class="duration">
    0.004s
  </td>
  <td class="result">
        
          <i>Method arguments: </i><span class="arguments">{Script_name=Test_02_Bbsr_SupportPage, TestData_2=Images Of Bhubaneswar, TestData_1=BHUBANESWAR, TestData_10=, TestData_11=, TestData_12=, TestData_13=, TestData_14=, TestData_4=Saved Your Query, Thanks !! , TestData_3=Support, TestData_6=, TestData_5=, TestData_8=, TestData_7=, TestData_9=}</span><br />
    
            <div class="testOutput">
                        01_02_2018_08_41_14_313 -&nbsp; Started Test : test_02_Bbsr_SupportPage<br />
                                01_02_2018_08_41_14_317 -&nbsp; Test Failed : test_02_Bbsr_SupportPage<br />
                  </div>
    

        <a href="javascript:toggleElement('exception-1', 'block')" title="Click to expand/collapse"><b>org.openqa.selenium.NoSuchSessionException: Session ID is null. Using WebDriver after calling quit()?<br/>
Build info: version: &apos;3.3.1&apos;, revision: &apos;5234b32&apos;, time: &apos;2017-03-10 09:04:52 -0800&apos;<br/>
System info: host: &apos;Sambeets-MacBook-Air.local&apos;, ip: &apos;fe80:0:0:0:c4:4fd:8ddb:f3db%en0&apos;, os.name: &apos;Mac OS X&apos;, os.arch: &apos;x86_64&apos;, os.version: &apos;10.13.2&apos;, java.version: &apos;1.8.0_131&apos;<br/>
Driver info: driver.version: IOSDriver</b></a><br />
    <div class="stackTrace" id="exception-1">
              org.openqa.selenium.remote.HttpCommandExecutor.execute(HttpCommandExecutor.java:130)<br />
              io.appium.java_client.remote.AppiumCommandExecutor.execute(AppiumCommandExecutor.java:69)<br />
              org.openqa.selenium.remote.RemoteWebDriver.execute(RemoteWebDriver.java:604)<br />
              io.appium.java_client.DefaultGenericMobileDriver.execute(DefaultGenericMobileDriver.java:40)<br />
              io.appium.java_client.AppiumDriver.execute(AppiumDriver.java:1)<br />
              io.appium.java_client.ios.IOSDriver.execute(IOSDriver.java:1)<br />
              org.openqa.selenium.remote.RemoteWebDriver.findElement(RemoteWebDriver.java:371)<br />
              io.appium.java_client.DefaultGenericMobileDriver.findElement(DefaultGenericMobileDriver.java:56)<br />
              io.appium.java_client.AppiumDriver.findElement(AppiumDriver.java:1)<br />
              io.appium.java_client.ios.IOSDriver.findElement(IOSDriver.java:1)<br />
              org.openqa.selenium.remote.RemoteWebDriver.findElementByXPath(RemoteWebDriver.java:476)<br />
              io.appium.java_client.DefaultGenericMobileDriver.findElementByXPath(DefaultGenericMobileDriver.java:134)<br />
              io.appium.java_client.AppiumDriver.findElementByXPath(AppiumDriver.java:1)<br />
              io.appium.java_client.ios.IOSDriver.findElementByXPath(IOSDriver.java:1)<br />
              iOS.POMLibrary.Get_WebElement_XML.getElementByXpath(Unknown Source)<br />
              iOS.Bbsr.scripts.Test_02_Bbsr_SupportPage.test_02_Bbsr_SupportPage(Unknown Source)<br />
              sun.reflect.NativeMethodAccessorImpl.invoke0(Native Method)<br />
              sun.reflect.NativeMethodAccessorImpl.invoke(NativeMethodAccessorImpl.java:62)<br />
              sun.reflect.DelegatingMethodAccessorImpl.invoke(DelegatingMethodAccessorImpl.java:43)<br />
              java.lang.reflect.Method.invoke(Method.java:498)<br />
              org.testng.internal.MethodInvocationHelper.invokeMethod(MethodInvocationHelper.java:104)<br />
              org.testng.internal.Invoker.invokeMethod(Invoker.java:645)<br />
              org.testng.internal.Invoker.invokeTestMethod(Invoker.java:851)<br />
              org.testng.internal.Invoker.invokeTestMethods(Invoker.java:1177)<br />
              org.testng.internal.TestMethodWorker.invokeTestMethods(TestMethodWorker.java:129)<br />
              org.testng.internal.TestMethodWorker.run(TestMethodWorker.java:112)<br />
              org.testng.TestRunner.privateRun(TestRunner.java:756)<br />
              org.testng.TestRunner.run(TestRunner.java:610)<br />
              org.testng.SuiteRunner.runTest(SuiteRunner.java:387)<br />
              org.testng.SuiteRunner.runSequentially(SuiteRunner.java:382)<br />
              org.testng.SuiteRunner.privateRun(SuiteRunner.java:340)<br />
              org.testng.SuiteRunner.run(SuiteRunner.java:289)<br />
              org.testng.SuiteRunnerWorker.runSuite(SuiteRunnerWorker.java:52)<br />
              org.testng.SuiteRunnerWorker.run(SuiteRunnerWorker.java:86)<br />
              org.testng.TestNG.runSuitesSequentially(TestNG.java:1293)<br />
              org.testng.TestNG.runSuitesSequentially(TestNG.java:1289)<br />
              org.testng.TestNG.runSuitesLocally(TestNG.java:1218)<br />
              org.testng.TestNG.runSuites(TestNG.java:1133)<br />
              org.testng.TestNG.run(TestNG.java:1104)<br />
              org.testng.TestNG.privateMain(TestNG.java:1434)<br />
              org.testng.TestNG.main(TestNG.java:1403)<br />
                </div>
      </td>
</tr>
      </table>


  
</body>
</html>
