<?xml version="1.0" encoding="utf-8" ?>
<!DOCTYPE html PUBLIC "-//W3C//DTD XHTML 1.0 Strict//EN"
        "http://www.w3.org/TR/xhtml1/DTD/xhtml1-strict.dtd">
<html xmlns="http://www.w3.org/1999/xhtml" xml:lang="" lang="">
<head>
  <title>Test Results Report - UI_Catalog_Test</title>
  <meta http-equiv="Content-Type" content="text/html;charset=utf-8" />
  <meta name="description" content="TestNG unit test results." />
  <link href="reportng.css" rel="stylesheet" type="text/css" />
    <script type="text/javascript" src="reportng.js"></script>
</head>
<body>
<h1>UI_Catalog_Test</h1>
<p>
  Test duration: 437.047s
</p>

  <table class="resultsTable configTable">
    <tr><th colspan="3" class="header failedConfig">Failed Configuration</th></tr>
              <tr class="group">
        <td colspan="3">iOS.UI_Catalog.scripts.Test_01_Launch_UI_Catalog_HomePage</td>
      </tr>
            
<tr>
  <td class="method">
                  after_Suite
      </td>
  <td class="duration">
    0.000s
  </td>
  <td class="result">
        
    
        

        <a href="javascript:toggleElement('exception-0', 'block')" title="Click to expand/collapse"><b>org.openqa.selenium.WebDriverException: org.apache.http.conn.HttpHostConnectException: Connect to 127.0.0.1:4723 [/127.0.0.1] failed: Connection refused (Connection refused)<br/>
Build info: version: &apos;3.3.1&apos;, revision: &apos;5234b32&apos;, time: &apos;2017-03-10 09:04:52 -0800&apos;<br/>
System info: host: &apos;Sambeets-MacBook-Air.local&apos;, ip: &apos;fe80:0:0:0:c4:4fd:8ddb:f3db%en0&apos;, os.name: &apos;Mac OS X&apos;, os.arch: &apos;x86_64&apos;, os.version: &apos;10.13.2&apos;, java.version: &apos;1.8.0_131&apos;<br/>
Driver info: driver.version: RemoteWebDriver</b></a><br />
    <div class="stackTrace" id="exception-0">
              io.appium.java_client.remote.AppiumCommandExecutor.execute(AppiumCommandExecutor.java:84)<br />
              org.openqa.selenium.remote.RemoteWebDriver.execute(RemoteWebDriver.java:604)<br />
              io.appium.java_client.DefaultGenericMobileDriver.execute(DefaultGenericMobileDriver.java:40)<br />
              io.appium.java_client.AppiumDriver.execute(AppiumDriver.java:235)<br />
              org.openqa.selenium.remote.RemoteWebDriver.quit(RemoteWebDriver.java:500)<br />
              iOS.BaseClass.Base_Class.after_Suite(Unknown Source)<br />
              sun.reflect.NativeMethodAccessorImpl.invoke0(Native Method)<br />
              sun.reflect.NativeMethodAccessorImpl.invoke(NativeMethodAccessorImpl.java:62)<br />
              sun.reflect.DelegatingMethodAccessorImpl.invoke(DelegatingMethodAccessorImpl.java:43)<br />
              java.lang.reflect.Method.invoke(Method.java:498)<br />
              org.testng.internal.MethodInvocationHelper.invokeMethod(MethodInvocationHelper.java:104)<br />
              org.testng.internal.Invoker.invokeConfigurationMethod(Invoker.java:515)<br />
              org.testng.internal.Invoker.invokeConfigurations(Invoker.java:217)<br />
              org.testng.internal.Invoker.invokeConfigurations(Invoker.java:144)<br />
              org.testng.SuiteRunner.privateRun(SuiteRunner.java:357)<br />
              org.testng.SuiteRunner.run(SuiteRunner.java:289)<br />
              org.testng.SuiteRunnerWorker.runSuite(SuiteRunnerWorker.java:52)<br />
              org.testng.SuiteRunnerWorker.run(SuiteRunnerWorker.java:86)<br />
              org.testng.TestNG.runSuitesSequentially(TestNG.java:1293)<br />
              org.testng.TestNG.runSuitesSequentially(TestNG.java:1289)<br />
              org.testng.TestNG.runSuitesLocally(TestNG.java:1218)<br />
              org.testng.TestNG.runSuites(TestNG.java:1133)<br />
              org.testng.TestNG.run(TestNG.java:1104)<br />
              org.testng.TestNG.privateMain(TestNG.java:1434)<br />
              org.testng.TestNG.main(TestNG.java:1403)<br />
                    <b>Caused by: </b> <a href="javascript:toggleElement('exception-1', 'block')" title="Click to expand/collapse">org.apache.http.conn.HttpHostConnectException: Connect to 127.0.0.1:4723 [/127.0.0.1] failed: Connection refused (Connection refused)</a><br />
        <div class="stackTrace" id="exception-1">
                      org.apache.http.impl.conn.DefaultHttpClientConnectionOperator.connect(DefaultHttpClientConnectionOperator.java:158)<br />
                      org.apache.http.impl.conn.PoolingHttpClientConnectionManager.connect(PoolingHttpClientConnectionManager.java:353)<br />
                      org.apache.http.impl.execchain.MainClientExec.establishRoute(MainClientExec.java:380)<br />
                      org.apache.http.impl.execchain.MainClientExec.execute(MainClientExec.java:236)<br />
                      org.apache.http.impl.execchain.ProtocolExec.execute(ProtocolExec.java:184)<br />
                      org.apache.http.impl.execchain.RetryExec.execute(RetryExec.java:88)<br />
                      org.apache.http.impl.execchain.RedirectExec.execute(RedirectExec.java:110)<br />
                      org.apache.http.impl.client.InternalHttpClient.doExecute(InternalHttpClient.java:184)<br />
                      org.apache.http.impl.client.CloseableHttpClient.execute(CloseableHttpClient.java:71)<br />
                      org.apache.http.impl.client.CloseableHttpClient.execute(CloseableHttpClient.java:55)<br />
                      org.openqa.selenium.remote.internal.ApacheHttpClient.fallBackExecute(ApacheHttpClient.java:142)<br />
                      org.openqa.selenium.remote.internal.ApacheHttpClient.execute(ApacheHttpClient.java:88)<br />
                      org.openqa.selenium.remote.HttpCommandExecutor.execute(HttpCommandExecutor.java:160)<br />
                      io.appium.java_client.remote.AppiumCommandExecutor.execute(AppiumCommandExecutor.java:69)<br />
                      org.openqa.selenium.remote.RemoteWebDriver.execute(RemoteWebDriver.java:604)<br />
                      io.appium.java_client.DefaultGenericMobileDriver.execute(DefaultGenericMobileDriver.java:40)<br />
                      io.appium.java_client.AppiumDriver.execute(AppiumDriver.java:235)<br />
                      org.openqa.selenium.remote.RemoteWebDriver.quit(RemoteWebDriver.java:500)<br />
                      iOS.BaseClass.Base_Class.after_Suite(Unknown Source)<br />
                      sun.reflect.NativeMethodAccessorImpl.invoke0(Native Method)<br />
                      sun.reflect.NativeMethodAccessorImpl.invoke(NativeMethodAccessorImpl.java:62)<br />
                      sun.reflect.DelegatingMethodAccessorImpl.invoke(DelegatingMethodAccessorImpl.java:43)<br />
                      java.lang.reflect.Method.invoke(Method.java:498)<br />
                      org.testng.internal.MethodInvocationHelper.invokeMethod(MethodInvocationHelper.java:104)<br />
                      org.testng.internal.Invoker.invokeConfigurationMethod(Invoker.java:515)<br />
                      org.testng.internal.Invoker.invokeConfigurations(Invoker.java:217)<br />
                      org.testng.internal.Invoker.invokeConfigurations(Invoker.java:144)<br />
                      org.testng.SuiteRunner.privateRun(SuiteRunner.java:357)<br />
                      org.testng.SuiteRunner.run(SuiteRunner.java:289)<br />
                      org.testng.SuiteRunnerWorker.runSuite(SuiteRunnerWorker.java:52)<br />
                      org.testng.SuiteRunnerWorker.run(SuiteRunnerWorker.java:86)<br />
                      org.testng.TestNG.runSuitesSequentially(TestNG.java:1293)<br />
                      org.testng.TestNG.runSuitesSequentially(TestNG.java:1289)<br />
                      org.testng.TestNG.runSuitesLocally(TestNG.java:1218)<br />
                      org.testng.TestNG.runSuites(TestNG.java:1133)<br />
                      org.testng.TestNG.run(TestNG.java:1104)<br />
                      org.testng.TestNG.privateMain(TestNG.java:1434)<br />
                      org.testng.TestNG.main(TestNG.java:1403)<br />
                  </div>
              <b>Caused by: </b> <a href="javascript:toggleElement('exception-2', 'block')" title="Click to expand/collapse">java.net.ConnectException: Connection refused (Connection refused)</a><br />
        <div class="stackTrace" id="exception-2">
                      java.net.PlainSocketImpl.socketConnect(Native Method)<br />
                      java.net.AbstractPlainSocketImpl.doConnect(AbstractPlainSocketImpl.java:350)<br />
                      java.net.AbstractPlainSocketImpl.connectToAddress(AbstractPlainSocketImpl.java:206)<br />
                      java.net.AbstractPlainSocketImpl.connect(AbstractPlainSocketImpl.java:188)<br />
                      java.net.SocksSocketImpl.connect(SocksSocketImpl.java:392)<br />
                      java.net.Socket.connect(Socket.java:589)<br />
                      org.apache.http.conn.socket.PlainConnectionSocketFactory.connectSocket(PlainConnectionSocketFactory.java:74)<br />
                      org.apache.http.impl.conn.DefaultHttpClientConnectionOperator.connect(DefaultHttpClientConnectionOperator.java:141)<br />
                      org.apache.http.impl.conn.PoolingHttpClientConnectionManager.connect(PoolingHttpClientConnectionManager.java:353)<br />
                      org.apache.http.impl.execchain.MainClientExec.establishRoute(MainClientExec.java:380)<br />
                      org.apache.http.impl.execchain.MainClientExec.execute(MainClientExec.java:236)<br />
                      org.apache.http.impl.execchain.ProtocolExec.execute(ProtocolExec.java:184)<br />
                      org.apache.http.impl.execchain.RetryExec.execute(RetryExec.java:88)<br />
                      org.apache.http.impl.execchain.RedirectExec.execute(RedirectExec.java:110)<br />
                      org.apache.http.impl.client.InternalHttpClient.doExecute(InternalHttpClient.java:184)<br />
                      org.apache.http.impl.client.CloseableHttpClient.execute(CloseableHttpClient.java:71)<br />
                      org.apache.http.impl.client.CloseableHttpClient.execute(CloseableHttpClient.java:55)<br />
                      org.openqa.selenium.remote.internal.ApacheHttpClient.fallBackExecute(ApacheHttpClient.java:142)<br />
                      org.openqa.selenium.remote.internal.ApacheHttpClient.execute(ApacheHttpClient.java:88)<br />
                      org.openqa.selenium.remote.HttpCommandExecutor.execute(HttpCommandExecutor.java:160)<br />
                      io.appium.java_client.remote.AppiumCommandExecutor.execute(AppiumCommandExecutor.java:69)<br />
                      org.openqa.selenium.remote.RemoteWebDriver.execute(RemoteWebDriver.java:604)<br />
                      io.appium.java_client.DefaultGenericMobileDriver.execute(DefaultGenericMobileDriver.java:40)<br />
                      io.appium.java_client.AppiumDriver.execute(AppiumDriver.java:235)<br />
                      org.openqa.selenium.remote.RemoteWebDriver.quit(RemoteWebDriver.java:500)<br />
                      iOS.BaseClass.Base_Class.after_Suite(Unknown Source)<br />
                      sun.reflect.NativeMethodAccessorImpl.invoke0(Native Method)<br />
                      sun.reflect.NativeMethodAccessorImpl.invoke(NativeMethodAccessorImpl.java:62)<br />
                      sun.reflect.DelegatingMethodAccessorImpl.invoke(DelegatingMethodAccessorImpl.java:43)<br />
                      java.lang.reflect.Method.invoke(Method.java:498)<br />
                      org.testng.internal.MethodInvocationHelper.invokeMethod(MethodInvocationHelper.java:104)<br />
                      org.testng.internal.Invoker.invokeConfigurationMethod(Invoker.java:515)<br />
                      org.testng.internal.Invoker.invokeConfigurations(Invoker.java:217)<br />
                      org.testng.internal.Invoker.invokeConfigurations(Invoker.java:144)<br />
                      org.testng.SuiteRunner.privateRun(SuiteRunner.java:357)<br />
                      org.testng.SuiteRunner.run(SuiteRunner.java:289)<br />
                      org.testng.SuiteRunnerWorker.runSuite(SuiteRunnerWorker.java:52)<br />
                      org.testng.SuiteRunnerWorker.run(SuiteRunnerWorker.java:86)<br />
                      org.testng.TestNG.runSuitesSequentially(TestNG.java:1293)<br />
                      org.testng.TestNG.runSuitesSequentially(TestNG.java:1289)<br />
                      org.testng.TestNG.runSuitesLocally(TestNG.java:1218)<br />
                      org.testng.TestNG.runSuites(TestNG.java:1133)<br />
                      org.testng.TestNG.run(TestNG.java:1104)<br />
                      org.testng.TestNG.privateMain(TestNG.java:1434)<br />
                      org.testng.TestNG.main(TestNG.java:1403)<br />
                  </div>
          </div>
      </td>
</tr>
    
      </table>


  <table class="resultsTable">
    <tr><th colspan="3" class="header failed">Failed Tests</th></tr>
          <tr>
        <td colspan="3" class="group">iOS.UI_Catalog.scripts.Test_06_UI_Catalog_DatePicker</td>
      </tr>
            
<tr>
  <td class="method">
                  test_06_UI_Catalog_DatePicker
      </td>
  <td class="duration">
    26.670s
  </td>
  <td class="result">
        
    
            <div class="testOutput">
                        01_02_2018_08_39_40_490 -&nbsp; Started Test : test_06_UI_Catalog_DatePicker<br />
                                01_02_2018_08_39_40_837 -&nbsp; Waiting For Element : [[IOSDriver:&nbsp; on MAC (91e6fd50-f578-423e-a276-d2419f526492)] -&gt; accessibility id: Date Picker]<br />
                                01_02_2018_08_39_41_169 -&nbsp; Is the Element Displayed on Screen : [[IOSDriver:&nbsp; on MAC (91e6fd50-f578-423e-a276-d2419f526492)] -&gt; accessibility id: Date Picker]<br />
                                01_02_2018_08_39_41_477 -&nbsp; Waiting For Element : [[IOSDriver:&nbsp; on MAC (91e6fd50-f578-423e-a276-d2419f526492)] -&gt; accessibility id: Date Picker]<br />
                                01_02_2018_08_39_41_816 -&nbsp; Fetching the text : [[IOSDriver:&nbsp; on MAC (91e6fd50-f578-423e-a276-d2419f526492)] -&gt; accessibility id: Date Picker]<br />
                                01_02_2018_08_39_42_134 -&nbsp; Waiting For Element : [[IOSDriver:&nbsp; on MAC (91e6fd50-f578-423e-a276-d2419f526492)] -&gt; accessibility id: Date Picker]<br />
                                01_02_2018_08_39_43_231 -&nbsp; Clicked :&nbsp; [[IOSDriver:&nbsp; on MAC (91e6fd50-f578-423e-a276-d2419f526492)] -&gt; accessibility id: Date Picker]<br />
                                01_02_2018_08_39_43_231 -&nbsp; Waiting for : 1 second(s)<br />
                                01_02_2018_08_39_44_300 -&nbsp; Capturing Screenshot and Adding to Extent Reports<br />
                                01_02_2018_08_39_44_398 -&nbsp; Is the Element Displayed on Screen : [[IOSDriver:&nbsp; on MAC (91e6fd50-f578-423e-a276-d2419f526492)] -&gt; accessibility id: Date Picker]<br />
                                01_02_2018_08_40_07_160 -&nbsp; Test Failed : test_06_UI_Catalog_DatePicker<br />
                  </div>
    

        <a href="javascript:toggleElement('exception-3', 'block')" title="Click to expand/collapse"><b>org.openqa.selenium.NoSuchElementException: An element could not be located on the page using the given search parameters. (WARNING: The server did not provide any stacktrace information)<br/>
Command duration or timeout: 22.46 seconds<br/>
For documentation on this error, please visit: http://seleniumhq.org/exceptions/no_such_element.html<br/>
Build info: version: &apos;3.3.1&apos;, revision: &apos;5234b32&apos;, time: &apos;2017-03-10 09:04:52 -0800&apos;<br/>
System info: host: &apos;Sambeets-MacBook-Air.local&apos;, ip: &apos;fe80:0:0:0:c4:4fd:8ddb:f3db%en0&apos;, os.name: &apos;Mac OS X&apos;, os.arch: &apos;x86_64&apos;, os.version: &apos;10.13.2&apos;, java.version: &apos;1.8.0_131&apos;<br/>
Driver info: io.appium.java_client.ios.IOSDriver<br/>
Capabilities [{networkConnectionEnabled=false, noReset=true, bundleId=com.example.apple-samplecode.UICatalog, databaseEnabled=false, deviceName=iPhone 7, platform=MAC, platformVersion=10.3, webStorageEnabled=false, locationContextEnabled=false, browserName=, takesScreenshot=true, javascriptEnabled=true, platformName=iOS, udid=702C4E08-F609-4476-BE92-F21EECE76F33}]<br/>
Session ID: 91e6fd50-f578-423e-a276-d2419f526492<br/>
*** Element info: {Using=xpath, value=//XCUIElementTypeStaticText[contains(@name,&apos;2017&apos;)]}</b></a><br />
    <div class="stackTrace" id="exception-3">
              sun.reflect.NativeConstructorAccessorImpl.newInstance0(Native Method)<br />
              sun.reflect.NativeConstructorAccessorImpl.newInstance(NativeConstructorAccessorImpl.java:62)<br />
              sun.reflect.DelegatingConstructorAccessorImpl.newInstance(DelegatingConstructorAccessorImpl.java:45)<br />
              java.lang.reflect.Constructor.newInstance(Constructor.java:423)<br />
              org.openqa.selenium.remote.ErrorHandler.createThrowable(ErrorHandler.java:216)<br />
              org.openqa.selenium.remote.ErrorHandler.throwIfResponseFailed(ErrorHandler.java:168)<br />
              org.openqa.selenium.remote.RemoteWebDriver.execute(RemoteWebDriver.java:638)<br />
              io.appium.java_client.DefaultGenericMobileDriver.execute(DefaultGenericMobileDriver.java:40)<br />
              io.appium.java_client.AppiumDriver.execute(AppiumDriver.java:1)<br />
              io.appium.java_client.ios.IOSDriver.execute(IOSDriver.java:1)<br />
              org.openqa.selenium.remote.RemoteWebDriver.findElement(RemoteWebDriver.java:371)<br />
              io.appium.java_client.DefaultGenericMobileDriver.findElement(DefaultGenericMobileDriver.java:56)<br />
              io.appium.java_client.AppiumDriver.findElement(AppiumDriver.java:1)<br />
              io.appium.java_client.ios.IOSDriver.findElement(IOSDriver.java:1)<br />
              org.openqa.selenium.remote.RemoteWebDriver.findElementByXPath(RemoteWebDriver.java:476)<br />
              io.appium.java_client.DefaultGenericMobileDriver.findElementByXPath(DefaultGenericMobileDriver.java:134)<br />
              io.appium.java_client.AppiumDriver.findElementByXPath(AppiumDriver.java:1)<br />
              io.appium.java_client.ios.IOSDriver.findElementByXPath(IOSDriver.java:1)<br />
              iOS.POMLibrary.Get_WebElement_JSON.getElementByXpath(Unknown Source)<br />
              iOS.UI_Catalog.scripts.Test_06_UI_Catalog_DatePicker.test_06_UI_Catalog_DatePicker(Unknown Source)<br />
              sun.reflect.NativeMethodAccessorImpl.invoke0(Native Method)<br />
              sun.reflect.NativeMethodAccessorImpl.invoke(NativeMethodAccessorImpl.java:62)<br />
              sun.reflect.DelegatingMethodAccessorImpl.invoke(DelegatingMethodAccessorImpl.java:43)<br />
              java.lang.reflect.Method.invoke(Method.java:498)<br />
              org.testng.internal.MethodInvocationHelper.invokeMethod(MethodInvocationHelper.java:104)<br />
              org.testng.internal.Invoker.invokeMethod(Invoker.java:645)<br />
              org.testng.internal.Invoker.invokeTestMethod(Invoker.java:851)<br />
              org.testng.internal.Invoker.invokeTestMethods(Invoker.java:1177)<br />
              org.testng.internal.TestMethodWorker.invokeTestMethods(TestMethodWorker.java:129)<br />
              org.testng.internal.TestMethodWorker.run(TestMethodWorker.java:112)<br />
              org.testng.TestRunner.privateRun(TestRunner.java:756)<br />
              org.testng.TestRunner.run(TestRunner.java:610)<br />
              org.testng.SuiteRunner.runTest(SuiteRunner.java:387)<br />
              org.testng.SuiteRunner.runSequentially(SuiteRunner.java:382)<br />
              org.testng.SuiteRunner.privateRun(SuiteRunner.java:340)<br />
              org.testng.SuiteRunner.run(SuiteRunner.java:289)<br />
              org.testng.SuiteRunnerWorker.runSuite(SuiteRunnerWorker.java:52)<br />
              org.testng.SuiteRunnerWorker.run(SuiteRunnerWorker.java:86)<br />
              org.testng.TestNG.runSuitesSequentially(TestNG.java:1293)<br />
              org.testng.TestNG.runSuitesSequentially(TestNG.java:1289)<br />
              org.testng.TestNG.runSuitesLocally(TestNG.java:1218)<br />
              org.testng.TestNG.runSuites(TestNG.java:1133)<br />
              org.testng.TestNG.run(TestNG.java:1104)<br />
              org.testng.TestNG.privateMain(TestNG.java:1434)<br />
              org.testng.TestNG.main(TestNG.java:1403)<br />
                </div>
      </td>
</tr>
          <tr>
        <td colspan="3" class="group">iOS.UI_Catalog.scripts.Test_07_UI_Catalog_SegmentedControls</td>
      </tr>
            
<tr>
  <td class="method">
                  test_07_UI_Catalog_SegmentedControls
      </td>
  <td class="duration">
    39.983s
  </td>
  <td class="result">
        
          <i>Method arguments: </i><span class="arguments">{Script_name=Test_07_UI_Catalog_SegmentedControls, TestData_2=TINTED, TestData_1=DEFAULT, TestData_10=, TestData_11=, TestData_12=, TestData_13=, TestData_14=, TestData_4=Search, TestData_3=Check, TestData_6=CUSTOM SEGMENTS, TestData_5=Tools, TestData_8=Search, TestData_7=Done, TestData_9=Settings}</span><br />
    
            <div class="testOutput">
                        01_02_2018_08_40_23_231 -&nbsp; Started Test : test_07_UI_Catalog_SegmentedControls<br />
                                01_02_2018_08_40_23_513 -&nbsp; Swiping Vertically Down <br />
                                01_02_2018_08_40_27_733 -&nbsp; Waiting For Element : [[IOSDriver:&nbsp; on MAC (114d3d69-0993-466b-be1e-10bb67e88b45)] -&gt; accessibility id: Segmented Controls]<br />
                                01_02_2018_08_40_28_051 -&nbsp; Is the Element Displayed on Screen : [[IOSDriver:&nbsp; on MAC (114d3d69-0993-466b-be1e-10bb67e88b45)] -&gt; accessibility id: Segmented Controls]<br />
                                01_02_2018_08_40_28_345 -&nbsp; Waiting For Element : [[IOSDriver:&nbsp; on MAC (114d3d69-0993-466b-be1e-10bb67e88b45)] -&gt; accessibility id: Segmented Controls]<br />
                                01_02_2018_08_40_28_660 -&nbsp; Fetching the text : [[IOSDriver:&nbsp; on MAC (114d3d69-0993-466b-be1e-10bb67e88b45)] -&gt; accessibility id: Segmented Controls]<br />
                                01_02_2018_08_40_28_963 -&nbsp; Waiting For Element : [[IOSDriver:&nbsp; on MAC (114d3d69-0993-466b-be1e-10bb67e88b45)] -&gt; accessibility id: Segmented Controls]<br />
                                01_02_2018_08_40_29_956 -&nbsp; Clicked :&nbsp; [[IOSDriver:&nbsp; on MAC (114d3d69-0993-466b-be1e-10bb67e88b45)] -&gt; accessibility id: Segmented Controls]<br />
                                01_02_2018_08_40_29_956 -&nbsp; Waiting for : 1 second(s)<br />
                                01_02_2018_08_40_31_030 -&nbsp; Capturing Screenshot and Adding to Extent Reports<br />
                                01_02_2018_08_40_31_112 -&nbsp; Is the Element Displayed on Screen : [[IOSDriver:&nbsp; on MAC (114d3d69-0993-466b-be1e-10bb67e88b45)] -&gt; accessibility id: Segmented Controls]<br />
                                01_02_2018_08_40_32_710 -&nbsp; Waiting For Element : [[IOSDriver:&nbsp; on MAC (114d3d69-0993-466b-be1e-10bb67e88b45)] -&gt; xpath: //XCUIElementTypeOther[@name=&apos;DEFAULT&apos;]]<br />
                                01_02_2018_08_40_33_013 -&nbsp; Fetching the text : [[IOSDriver:&nbsp; on MAC (114d3d69-0993-466b-be1e-10bb67e88b45)] -&gt; xpath: //XCUIElementTypeOther[@name=&apos;DEFAULT&apos;]]<br />
                                01_02_2018_08_40_34_713 -&nbsp; Waiting For Element : [[IOSDriver:&nbsp; on MAC (114d3d69-0993-466b-be1e-10bb67e88b45)] -&gt; xpath: //XCUIElementTypeCell[1]//XCUIElementTypeButton[@name=&apos;Check&apos;]]<br />
                                01_02_2018_08_40_35_025 -&nbsp; Waiting For Element : [[IOSDriver:&nbsp; on MAC (114d3d69-0993-466b-be1e-10bb67e88b45)] -&gt; xpath: //XCUIElementTypeCell[1]//XCUIElementTypeButton[@name=&apos;Check&apos;]]<br />
                                01_02_2018_08_40_35_397 -&nbsp; Fetching the Attribute : name - Element : [[IOSDriver:&nbsp; on MAC (114d3d69-0993-466b-be1e-10bb67e88b45)] -&gt; xpath: //XCUIElementTypeCell[1]//XCUIElementTypeButton[@name=&apos;Check&apos;]]<br />
                                01_02_2018_08_40_35_720 -&nbsp; Waiting For Element : [[IOSDriver:&nbsp; on MAC (114d3d69-0993-466b-be1e-10bb67e88b45)] -&gt; xpath: //XCUIElementTypeCell[1]//XCUIElementTypeButton[@name=&apos;Check&apos;]]<br />
                                01_02_2018_08_40_36_818 -&nbsp; Clicked :&nbsp; [[IOSDriver:&nbsp; on MAC (114d3d69-0993-466b-be1e-10bb67e88b45)] -&gt; xpath: //XCUIElementTypeCell[1]//XCUIElementTypeButton[@name=&apos;Check&apos;]]<br />
                                01_02_2018_08_40_38_256 -&nbsp; Waiting For Element : [[IOSDriver:&nbsp; on MAC (114d3d69-0993-466b-be1e-10bb67e88b45)] -&gt; xpath: //XCUIElementTypeCell[1]//XCUIElementTypeButton[@name=&apos;Search&apos;]]<br />
                                01_02_2018_08_40_38_611 -&nbsp; Waiting For Element : [[IOSDriver:&nbsp; on MAC (114d3d69-0993-466b-be1e-10bb67e88b45)] -&gt; xpath: //XCUIElementTypeCell[1]//XCUIElementTypeButton[@name=&apos;Search&apos;]]<br />
                                01_02_2018_08_40_38_948 -&nbsp; Fetching the Attribute : name - Element : [[IOSDriver:&nbsp; on MAC (114d3d69-0993-466b-be1e-10bb67e88b45)] -&gt; xpath: //XCUIElementTypeCell[1]//XCUIElementTypeButton[@name=&apos;Search&apos;]]<br />
                                01_02_2018_08_40_39_202 -&nbsp; Waiting For Element : [[IOSDriver:&nbsp; on MAC (114d3d69-0993-466b-be1e-10bb67e88b45)] -&gt; xpath: //XCUIElementTypeCell[1]//XCUIElementTypeButton[@name=&apos;Search&apos;]]<br />
                                01_02_2018_08_40_40_160 -&nbsp; Clicked :&nbsp; [[IOSDriver:&nbsp; on MAC (114d3d69-0993-466b-be1e-10bb67e88b45)] -&gt; xpath: //XCUIElementTypeCell[1]//XCUIElementTypeButton[@name=&apos;Search&apos;]]<br />
                                01_02_2018_08_40_41_436 -&nbsp; Waiting For Element : [[IOSDriver:&nbsp; on MAC (114d3d69-0993-466b-be1e-10bb67e88b45)] -&gt; xpath: //XCUIElementTypeCell[1]//XCUIElementTypeButton[@name=&apos;Tools&apos;]]<br />
                                01_02_2018_08_40_41_701 -&nbsp; Waiting For Element : [[IOSDriver:&nbsp; on MAC (114d3d69-0993-466b-be1e-10bb67e88b45)] -&gt; xpath: //XCUIElementTypeCell[1]//XCUIElementTypeButton[@name=&apos;Tools&apos;]]<br />
                                01_02_2018_08_40_41_954 -&nbsp; Fetching the Attribute : name - Element : [[IOSDriver:&nbsp; on MAC (114d3d69-0993-466b-be1e-10bb67e88b45)] -&gt; xpath: //XCUIElementTypeCell[1]//XCUIElementTypeButton[@name=&apos;Tools&apos;]]<br />
                                01_02_2018_08_40_42_212 -&nbsp; Waiting For Element : [[IOSDriver:&nbsp; on MAC (114d3d69-0993-466b-be1e-10bb67e88b45)] -&gt; xpath: //XCUIElementTypeCell[1]//XCUIElementTypeButton[@name=&apos;Tools&apos;]]<br />
                                01_02_2018_08_40_43_082 -&nbsp; Clicked :&nbsp; [[IOSDriver:&nbsp; on MAC (114d3d69-0993-466b-be1e-10bb67e88b45)] -&gt; xpath: //XCUIElementTypeCell[1]//XCUIElementTypeButton[@name=&apos;Tools&apos;]]<br />
                                01_02_2018_08_41_03_214 -&nbsp; Test Failed : test_07_UI_Catalog_SegmentedControls<br />
                  </div>
    

        <a href="javascript:toggleElement('exception-4', 'block')" title="Click to expand/collapse"><b>org.openqa.selenium.NoSuchElementException: An element could not be located on the page using the given search parameters. (WARNING: The server did not provide any stacktrace information)<br/>
Command duration or timeout: 20.13 seconds<br/>
For documentation on this error, please visit: http://seleniumhq.org/exceptions/no_such_element.html<br/>
Build info: version: &apos;3.3.1&apos;, revision: &apos;5234b32&apos;, time: &apos;2017-03-10 09:04:52 -0800&apos;<br/>
System info: host: &apos;Sambeets-MacBook-Air.local&apos;, ip: &apos;fe80:0:0:0:c4:4fd:8ddb:f3db%en0&apos;, os.name: &apos;Mac OS X&apos;, os.arch: &apos;x86_64&apos;, os.version: &apos;10.13.2&apos;, java.version: &apos;1.8.0_131&apos;<br/>
Driver info: io.appium.java_client.ios.IOSDriver<br/>
Capabilities [{networkConnectionEnabled=false, noReset=true, bundleId=com.example.apple-samplecode.UICatalog, databaseEnabled=false, deviceName=iPhone 7, platform=MAC, platformVersion=10.3, webStorageEnabled=false, locationContextEnabled=false, browserName=, takesScreenshot=true, javascriptEnabled=true, platformName=iOS, udid=702C4E08-F609-4476-BE92-F21EECE76F33}]<br/>
Session ID: 114d3d69-0993-466b-be1e-10bb67e88b45<br/>
*** Element info: {Using=xpath, value=//XCUIElementTypeOther[@name=&apos;TINTED&apos;]}</b></a><br />
    <div class="stackTrace" id="exception-4">
              sun.reflect.NativeConstructorAccessorImpl.newInstance0(Native Method)<br />
              sun.reflect.NativeConstructorAccessorImpl.newInstance(NativeConstructorAccessorImpl.java:62)<br />
              sun.reflect.DelegatingConstructorAccessorImpl.newInstance(DelegatingConstructorAccessorImpl.java:45)<br />
              java.lang.reflect.Constructor.newInstance(Constructor.java:423)<br />
              org.openqa.selenium.remote.ErrorHandler.createThrowable(ErrorHandler.java:216)<br />
              org.openqa.selenium.remote.ErrorHandler.throwIfResponseFailed(ErrorHandler.java:168)<br />
              org.openqa.selenium.remote.RemoteWebDriver.execute(RemoteWebDriver.java:638)<br />
              io.appium.java_client.DefaultGenericMobileDriver.execute(DefaultGenericMobileDriver.java:40)<br />
              io.appium.java_client.AppiumDriver.execute(AppiumDriver.java:1)<br />
              io.appium.java_client.ios.IOSDriver.execute(IOSDriver.java:1)<br />
              org.openqa.selenium.remote.RemoteWebDriver.findElement(RemoteWebDriver.java:371)<br />
              io.appium.java_client.DefaultGenericMobileDriver.findElement(DefaultGenericMobileDriver.java:56)<br />
              io.appium.java_client.AppiumDriver.findElement(AppiumDriver.java:1)<br />
              io.appium.java_client.ios.IOSDriver.findElement(IOSDriver.java:1)<br />
              org.openqa.selenium.remote.RemoteWebDriver.findElementByXPath(RemoteWebDriver.java:476)<br />
              io.appium.java_client.DefaultGenericMobileDriver.findElementByXPath(DefaultGenericMobileDriver.java:134)<br />
              io.appium.java_client.AppiumDriver.findElementByXPath(AppiumDriver.java:1)<br />
              io.appium.java_client.ios.IOSDriver.findElementByXPath(IOSDriver.java:1)<br />
              iOS.POMLibrary.Get_WebElement_JSON.getElementByXpath(Unknown Source)<br />
              iOS.UI_Catalog.scripts.Test_07_UI_Catalog_SegmentedControls.test_07_UI_Catalog_SegmentedControls(Unknown Source)<br />
              sun.reflect.NativeMethodAccessorImpl.invoke0(Native Method)<br />
              sun.reflect.NativeMethodAccessorImpl.invoke(NativeMethodAccessorImpl.java:62)<br />
              sun.reflect.DelegatingMethodAccessorImpl.invoke(DelegatingMethodAccessorImpl.java:43)<br />
              java.lang.reflect.Method.invoke(Method.java:498)<br />
              org.testng.internal.MethodInvocationHelper.invokeMethod(MethodInvocationHelper.java:104)<br />
              org.testng.internal.Invoker.invokeMethod(Invoker.java:645)<br />
              org.testng.internal.Invoker.invokeTestMethod(Invoker.java:851)<br />
              org.testng.internal.Invoker.invokeTestMethods(Invoker.java:1177)<br />
              org.testng.internal.TestMethodWorker.invokeTestMethods(TestMethodWorker.java:129)<br />
              org.testng.internal.TestMethodWorker.run(TestMethodWorker.java:112)<br />
              org.testng.TestRunner.privateRun(TestRunner.java:756)<br />
              org.testng.TestRunner.run(TestRunner.java:610)<br />
              org.testng.SuiteRunner.runTest(SuiteRunner.java:387)<br />
              org.testng.SuiteRunner.runSequentially(SuiteRunner.java:382)<br />
              org.testng.SuiteRunner.privateRun(SuiteRunner.java:340)<br />
              org.testng.SuiteRunner.run(SuiteRunner.java:289)<br />
              org.testng.SuiteRunnerWorker.runSuite(SuiteRunnerWorker.java:52)<br />
              org.testng.SuiteRunnerWorker.run(SuiteRunnerWorker.java:86)<br />
              org.testng.TestNG.runSuitesSequentially(TestNG.java:1293)<br />
              org.testng.TestNG.runSuitesSequentially(TestNG.java:1289)<br />
              org.testng.TestNG.runSuitesLocally(TestNG.java:1218)<br />
              org.testng.TestNG.runSuites(TestNG.java:1133)<br />
              org.testng.TestNG.run(TestNG.java:1104)<br />
              org.testng.TestNG.privateMain(TestNG.java:1434)<br />
              org.testng.TestNG.main(TestNG.java:1403)<br />
                </div>
      </td>
</tr>
          <tr>
        <td colspan="3" class="group">iOS.UI_Catalog.scripts.Test_08_UI_Catalog_Sliders</td>
      </tr>
            
<tr>
  <td class="method">
                  test_08_UI_Catalog_Sliders
      </td>
  <td class="duration">
    0.002s
  </td>
  <td class="result">
        
    
            <div class="testOutput">
                        01_02_2018_08_41_13_356 -&nbsp; Started Test : test_08_UI_Catalog_Sliders<br />
                                01_02_2018_08_41_13_358 -&nbsp; Test Failed : test_08_UI_Catalog_Sliders<br />
                  </div>
    

        <a href="javascript:toggleElement('exception-5', 'block')" title="Click to expand/collapse"><b>org.openqa.selenium.WebDriverException: org.apache.http.conn.HttpHostConnectException: Connect to 127.0.0.1:4723 [/127.0.0.1] failed: Connection refused (Connection refused)<br/>
Build info: version: &apos;3.3.1&apos;, revision: &apos;5234b32&apos;, time: &apos;2017-03-10 09:04:52 -0800&apos;<br/>
System info: host: &apos;Sambeets-MacBook-Air.local&apos;, ip: &apos;fe80:0:0:0:c4:4fd:8ddb:f3db%en0&apos;, os.name: &apos;Mac OS X&apos;, os.arch: &apos;x86_64&apos;, os.version: &apos;10.13.2&apos;, java.version: &apos;1.8.0_131&apos;<br/>
Driver info: driver.version: AppiumDriver</b></a><br />
    <div class="stackTrace" id="exception-5">
              io.appium.java_client.remote.AppiumCommandExecutor.execute(AppiumCommandExecutor.java:84)<br />
              org.openqa.selenium.remote.RemoteWebDriver.execute(RemoteWebDriver.java:604)<br />
              io.appium.java_client.DefaultGenericMobileDriver.execute(DefaultGenericMobileDriver.java:40)<br />
              io.appium.java_client.AppiumDriver.execute(AppiumDriver.java:235)<br />
              org.openqa.selenium.remote.RemoteWebDriver$RemoteWebDriverOptions$RemoteWindow.getSize(RemoteWebDriver.java:871)<br />
              iOS.Utilities.Utility.swipeDown_Vertical(Unknown Source)<br />
              iOS.UI_Catalog.scripts.Test_08_UI_Catalog_Sliders.test_08_UI_Catalog_Sliders(Unknown Source)<br />
              sun.reflect.NativeMethodAccessorImpl.invoke0(Native Method)<br />
              sun.reflect.NativeMethodAccessorImpl.invoke(NativeMethodAccessorImpl.java:62)<br />
              sun.reflect.DelegatingMethodAccessorImpl.invoke(DelegatingMethodAccessorImpl.java:43)<br />
              java.lang.reflect.Method.invoke(Method.java:498)<br />
              org.testng.internal.MethodInvocationHelper.invokeMethod(MethodInvocationHelper.java:104)<br />
              org.testng.internal.Invoker.invokeMethod(Invoker.java:645)<br />
              org.testng.internal.Invoker.invokeTestMethod(Invoker.java:851)<br />
              org.testng.internal.Invoker.invokeTestMethods(Invoker.java:1177)<br />
              org.testng.internal.TestMethodWorker.invokeTestMethods(TestMethodWorker.java:129)<br />
              org.testng.internal.TestMethodWorker.run(TestMethodWorker.java:112)<br />
              org.testng.TestRunner.privateRun(TestRunner.java:756)<br />
              org.testng.TestRunner.run(TestRunner.java:610)<br />
              org.testng.SuiteRunner.runTest(SuiteRunner.java:387)<br />
              org.testng.SuiteRunner.runSequentially(SuiteRunner.java:382)<br />
              org.testng.SuiteRunner.privateRun(SuiteRunner.java:340)<br />
              org.testng.SuiteRunner.run(SuiteRunner.java:289)<br />
              org.testng.SuiteRunnerWorker.runSuite(SuiteRunnerWorker.java:52)<br />
              org.testng.SuiteRunnerWorker.run(SuiteRunnerWorker.java:86)<br />
              org.testng.TestNG.runSuitesSequentially(TestNG.java:1293)<br />
              org.testng.TestNG.runSuitesSequentially(TestNG.java:1289)<br />
              org.testng.TestNG.runSuitesLocally(TestNG.java:1218)<br />
              org.testng.TestNG.runSuites(TestNG.java:1133)<br />
              org.testng.TestNG.run(TestNG.java:1104)<br />
              org.testng.TestNG.privateMain(TestNG.java:1434)<br />
              org.testng.TestNG.main(TestNG.java:1403)<br />
                    <b>Caused by: </b> <a href="javascript:toggleElement('exception-6', 'block')" title="Click to expand/collapse">org.apache.http.conn.HttpHostConnectException: Connect to 127.0.0.1:4723 [/127.0.0.1] failed: Connection refused (Connection refused)</a><br />
        <div class="stackTrace" id="exception-6">
                      org.apache.http.impl.conn.DefaultHttpClientConnectionOperator.connect(DefaultHttpClientConnectionOperator.java:158)<br />
                      org.apache.http.impl.conn.PoolingHttpClientConnectionManager.connect(PoolingHttpClientConnectionManager.java:353)<br />
                      org.apache.http.impl.execchain.MainClientExec.establishRoute(MainClientExec.java:380)<br />
                      org.apache.http.impl.execchain.MainClientExec.execute(MainClientExec.java:236)<br />
                      org.apache.http.impl.execchain.ProtocolExec.execute(ProtocolExec.java:184)<br />
                      org.apache.http.impl.execchain.RetryExec.execute(RetryExec.java:88)<br />
                      org.apache.http.impl.execchain.RedirectExec.execute(RedirectExec.java:110)<br />
                      org.apache.http.impl.client.InternalHttpClient.doExecute(InternalHttpClient.java:184)<br />
                      org.apache.http.impl.client.CloseableHttpClient.execute(CloseableHttpClient.java:71)<br />
                      org.apache.http.impl.client.CloseableHttpClient.execute(CloseableHttpClient.java:55)<br />
                      org.openqa.selenium.remote.internal.ApacheHttpClient.fallBackExecute(ApacheHttpClient.java:142)<br />
                      org.openqa.selenium.remote.internal.ApacheHttpClient.execute(ApacheHttpClient.java:88)<br />
                      org.openqa.selenium.remote.HttpCommandExecutor.execute(HttpCommandExecutor.java:160)<br />
                      io.appium.java_client.remote.AppiumCommandExecutor.execute(AppiumCommandExecutor.java:69)<br />
                      org.openqa.selenium.remote.RemoteWebDriver.execute(RemoteWebDriver.java:604)<br />
                      io.appium.java_client.DefaultGenericMobileDriver.execute(DefaultGenericMobileDriver.java:40)<br />
                      io.appium.java_client.AppiumDriver.execute(AppiumDriver.java:235)<br />
                      org.openqa.selenium.remote.RemoteWebDriver$RemoteWebDriverOptions$RemoteWindow.getSize(RemoteWebDriver.java:871)<br />
                      iOS.Utilities.Utility.swipeDown_Vertical(Unknown Source)<br />
                      iOS.UI_Catalog.scripts.Test_08_UI_Catalog_Sliders.test_08_UI_Catalog_Sliders(Unknown Source)<br />
                      sun.reflect.NativeMethodAccessorImpl.invoke0(Native Method)<br />
                      sun.reflect.NativeMethodAccessorImpl.invoke(NativeMethodAccessorImpl.java:62)<br />
                      sun.reflect.DelegatingMethodAccessorImpl.invoke(DelegatingMethodAccessorImpl.java:43)<br />
                      java.lang.reflect.Method.invoke(Method.java:498)<br />
                      org.testng.internal.MethodInvocationHelper.invokeMethod(MethodInvocationHelper.java:104)<br />
                      org.testng.internal.Invoker.invokeMethod(Invoker.java:645)<br />
                      org.testng.internal.Invoker.invokeTestMethod(Invoker.java:851)<br />
                      org.testng.internal.Invoker.invokeTestMethods(Invoker.java:1177)<br />
                      org.testng.internal.TestMethodWorker.invokeTestMethods(TestMethodWorker.java:129)<br />
                      org.testng.internal.TestMethodWorker.run(TestMethodWorker.java:112)<br />
                      org.testng.TestRunner.privateRun(TestRunner.java:756)<br />
                      org.testng.TestRunner.run(TestRunner.java:610)<br />
                      org.testng.SuiteRunner.runTest(SuiteRunner.java:387)<br />
                      org.testng.SuiteRunner.runSequentially(SuiteRunner.java:382)<br />
                      org.testng.SuiteRunner.privateRun(SuiteRunner.java:340)<br />
                      org.testng.SuiteRunner.run(SuiteRunner.java:289)<br />
                      org.testng.SuiteRunnerWorker.runSuite(SuiteRunnerWorker.java:52)<br />
                      org.testng.SuiteRunnerWorker.run(SuiteRunnerWorker.java:86)<br />
                      org.testng.TestNG.runSuitesSequentially(TestNG.java:1293)<br />
                      org.testng.TestNG.runSuitesSequentially(TestNG.java:1289)<br />
                      org.testng.TestNG.runSuitesLocally(TestNG.java:1218)<br />
                      org.testng.TestNG.runSuites(TestNG.java:1133)<br />
                      org.testng.TestNG.run(TestNG.java:1104)<br />
                      org.testng.TestNG.privateMain(TestNG.java:1434)<br />
                      org.testng.TestNG.main(TestNG.java:1403)<br />
                  </div>
              <b>Caused by: </b> <a href="javascript:toggleElement('exception-7', 'block')" title="Click to expand/collapse">java.net.ConnectException: Connection refused (Connection refused)</a><br />
        <div class="stackTrace" id="exception-7">
                      java.net.PlainSocketImpl.socketConnect(Native Method)<br />
                      java.net.AbstractPlainSocketImpl.doConnect(AbstractPlainSocketImpl.java:350)<br />
                      java.net.AbstractPlainSocketImpl.connectToAddress(AbstractPlainSocketImpl.java:206)<br />
                      java.net.AbstractPlainSocketImpl.connect(AbstractPlainSocketImpl.java:188)<br />
                      java.net.SocksSocketImpl.connect(SocksSocketImpl.java:392)<br />
                      java.net.Socket.connect(Socket.java:589)<br />
                      org.apache.http.conn.socket.PlainConnectionSocketFactory.connectSocket(PlainConnectionSocketFactory.java:74)<br />
                      org.apache.http.impl.conn.DefaultHttpClientConnectionOperator.connect(DefaultHttpClientConnectionOperator.java:141)<br />
                      org.apache.http.impl.conn.PoolingHttpClientConnectionManager.connect(PoolingHttpClientConnectionManager.java:353)<br />
                      org.apache.http.impl.execchain.MainClientExec.establishRoute(MainClientExec.java:380)<br />
                      org.apache.http.impl.execchain.MainClientExec.execute(MainClientExec.java:236)<br />
                      org.apache.http.impl.execchain.ProtocolExec.execute(ProtocolExec.java:184)<br />
                      org.apache.http.impl.execchain.RetryExec.execute(RetryExec.java:88)<br />
                      org.apache.http.impl.execchain.RedirectExec.execute(RedirectExec.java:110)<br />
                      org.apache.http.impl.client.InternalHttpClient.doExecute(InternalHttpClient.java:184)<br />
                      org.apache.http.impl.client.CloseableHttpClient.execute(CloseableHttpClient.java:71)<br />
                      org.apache.http.impl.client.CloseableHttpClient.execute(CloseableHttpClient.java:55)<br />
                      org.openqa.selenium.remote.internal.ApacheHttpClient.fallBackExecute(ApacheHttpClient.java:142)<br />
                      org.openqa.selenium.remote.internal.ApacheHttpClient.execute(ApacheHttpClient.java:88)<br />
                      org.openqa.selenium.remote.HttpCommandExecutor.execute(HttpCommandExecutor.java:160)<br />
                      io.appium.java_client.remote.AppiumCommandExecutor.execute(AppiumCommandExecutor.java:69)<br />
                      org.openqa.selenium.remote.RemoteWebDriver.execute(RemoteWebDriver.java:604)<br />
                      io.appium.java_client.DefaultGenericMobileDriver.execute(DefaultGenericMobileDriver.java:40)<br />
                      io.appium.java_client.AppiumDriver.execute(AppiumDriver.java:235)<br />
                      org.openqa.selenium.remote.RemoteWebDriver$RemoteWebDriverOptions$RemoteWindow.getSize(RemoteWebDriver.java:871)<br />
                      iOS.Utilities.Utility.swipeDown_Vertical(Unknown Source)<br />
                      iOS.UI_Catalog.scripts.Test_08_UI_Catalog_Sliders.test_08_UI_Catalog_Sliders(Unknown Source)<br />
                      sun.reflect.NativeMethodAccessorImpl.invoke0(Native Method)<br />
                      sun.reflect.NativeMethodAccessorImpl.invoke(NativeMethodAccessorImpl.java:62)<br />
                      sun.reflect.DelegatingMethodAccessorImpl.invoke(DelegatingMethodAccessorImpl.java:43)<br />
                      java.lang.reflect.Method.invoke(Method.java:498)<br />
                      org.testng.internal.MethodInvocationHelper.invokeMethod(MethodInvocationHelper.java:104)<br />
                      org.testng.internal.Invoker.invokeMethod(Invoker.java:645)<br />
                      org.testng.internal.Invoker.invokeTestMethod(Invoker.java:851)<br />
                      org.testng.internal.Invoker.invokeTestMethods(Invoker.java:1177)<br />
                      org.testng.internal.TestMethodWorker.invokeTestMethods(TestMethodWorker.java:129)<br />
                      org.testng.internal.TestMethodWorker.run(TestMethodWorker.java:112)<br />
                      org.testng.TestRunner.privateRun(TestRunner.java:756)<br />
                      org.testng.TestRunner.run(TestRunner.java:610)<br />
                      org.testng.SuiteRunner.runTest(SuiteRunner.java:387)<br />
                      org.testng.SuiteRunner.runSequentially(SuiteRunner.java:382)<br />
                      org.testng.SuiteRunner.privateRun(SuiteRunner.java:340)<br />
                      org.testng.SuiteRunner.run(SuiteRunner.java:289)<br />
                      org.testng.SuiteRunnerWorker.runSuite(SuiteRunnerWorker.java:52)<br />
                      org.testng.SuiteRunnerWorker.run(SuiteRunnerWorker.java:86)<br />
                      org.testng.TestNG.runSuitesSequentially(TestNG.java:1293)<br />
                      org.testng.TestNG.runSuitesSequentially(TestNG.java:1289)<br />
                      org.testng.TestNG.runSuitesLocally(TestNG.java:1218)<br />
                      org.testng.TestNG.runSuites(TestNG.java:1133)<br />
                      org.testng.TestNG.run(TestNG.java:1104)<br />
                      org.testng.TestNG.privateMain(TestNG.java:1434)<br />
                      org.testng.TestNG.main(TestNG.java:1403)<br />
                  </div>
          </div>
      </td>
</tr>
          <tr>
        <td colspan="3" class="group">iOS.UI_Catalog.scripts.Test_09_UI_Catalog_Steppers</td>
      </tr>
            
<tr>
  <td class="method">
                  test_09_UI_Catalog_Steppers
      </td>
  <td class="duration">
    0.001s
  </td>
  <td class="result">
        
          <i>Method arguments: </i><span class="arguments">{Script_name=Test_09_UI_Catalog_Steppers, TestData_2=TINTED, TestData_1=DEFAULT, TestData_10=, TestData_11=, TestData_12=, TestData_13=, TestData_14=, TestData_4=Decrement, TestData_3=CUSTOM, TestData_6=10, TestData_5=Increment, TestData_8=, TestData_7=, TestData_9=}</span><br />
    
            <div class="testOutput">
                        01_02_2018_08_41_13_369 -&nbsp; Started Test : test_09_UI_Catalog_Steppers<br />
                                01_02_2018_08_41_13_370 -&nbsp; Test Failed : test_09_UI_Catalog_Steppers<br />
                  </div>
    

        <a href="javascript:toggleElement('exception-8', 'block')" title="Click to expand/collapse"><b>org.openqa.selenium.WebDriverException: org.apache.http.conn.HttpHostConnectException: Connect to 127.0.0.1:4723 [/127.0.0.1] failed: Connection refused (Connection refused)<br/>
Build info: version: &apos;3.3.1&apos;, revision: &apos;5234b32&apos;, time: &apos;2017-03-10 09:04:52 -0800&apos;<br/>
System info: host: &apos;Sambeets-MacBook-Air.local&apos;, ip: &apos;fe80:0:0:0:c4:4fd:8ddb:f3db%en0&apos;, os.name: &apos;Mac OS X&apos;, os.arch: &apos;x86_64&apos;, os.version: &apos;10.13.2&apos;, java.version: &apos;1.8.0_131&apos;<br/>
Driver info: driver.version: AppiumDriver</b></a><br />
    <div class="stackTrace" id="exception-8">
              io.appium.java_client.remote.AppiumCommandExecutor.execute(AppiumCommandExecutor.java:84)<br />
              org.openqa.selenium.remote.RemoteWebDriver.execute(RemoteWebDriver.java:604)<br />
              io.appium.java_client.DefaultGenericMobileDriver.execute(DefaultGenericMobileDriver.java:40)<br />
              io.appium.java_client.AppiumDriver.execute(AppiumDriver.java:235)<br />
              org.openqa.selenium.remote.RemoteWebDriver$RemoteWebDriverOptions$RemoteWindow.getSize(RemoteWebDriver.java:871)<br />
              iOS.Utilities.Utility.swipeDown_Vertical(Unknown Source)<br />
              iOS.UI_Catalog.scripts.Test_09_UI_Catalog_Steppers.test_09_UI_Catalog_Steppers(Unknown Source)<br />
              sun.reflect.NativeMethodAccessorImpl.invoke0(Native Method)<br />
              sun.reflect.NativeMethodAccessorImpl.invoke(NativeMethodAccessorImpl.java:62)<br />
              sun.reflect.DelegatingMethodAccessorImpl.invoke(DelegatingMethodAccessorImpl.java:43)<br />
              java.lang.reflect.Method.invoke(Method.java:498)<br />
              org.testng.internal.MethodInvocationHelper.invokeMethod(MethodInvocationHelper.java:104)<br />
              org.testng.internal.Invoker.invokeMethod(Invoker.java:645)<br />
              org.testng.internal.Invoker.invokeTestMethod(Invoker.java:851)<br />
              org.testng.internal.Invoker.invokeTestMethods(Invoker.java:1177)<br />
              org.testng.internal.TestMethodWorker.invokeTestMethods(TestMethodWorker.java:129)<br />
              org.testng.internal.TestMethodWorker.run(TestMethodWorker.java:112)<br />
              org.testng.TestRunner.privateRun(TestRunner.java:756)<br />
              org.testng.TestRunner.run(TestRunner.java:610)<br />
              org.testng.SuiteRunner.runTest(SuiteRunner.java:387)<br />
              org.testng.SuiteRunner.runSequentially(SuiteRunner.java:382)<br />
              org.testng.SuiteRunner.privateRun(SuiteRunner.java:340)<br />
              org.testng.SuiteRunner.run(SuiteRunner.java:289)<br />
              org.testng.SuiteRunnerWorker.runSuite(SuiteRunnerWorker.java:52)<br />
              org.testng.SuiteRunnerWorker.run(SuiteRunnerWorker.java:86)<br />
              org.testng.TestNG.runSuitesSequentially(TestNG.java:1293)<br />
              org.testng.TestNG.runSuitesSequentially(TestNG.java:1289)<br />
              org.testng.TestNG.runSuitesLocally(TestNG.java:1218)<br />
              org.testng.TestNG.runSuites(TestNG.java:1133)<br />
              org.testng.TestNG.run(TestNG.java:1104)<br />
              org.testng.TestNG.privateMain(TestNG.java:1434)<br />
              org.testng.TestNG.main(TestNG.java:1403)<br />
                    <b>Caused by: </b> <a href="javascript:toggleElement('exception-9', 'block')" title="Click to expand/collapse">org.apache.http.conn.HttpHostConnectException: Connect to 127.0.0.1:4723 [/127.0.0.1] failed: Connection refused (Connection refused)</a><br />
        <div class="stackTrace" id="exception-9">
                      org.apache.http.impl.conn.DefaultHttpClientConnectionOperator.connect(DefaultHttpClientConnectionOperator.java:158)<br />
                      org.apache.http.impl.conn.PoolingHttpClientConnectionManager.connect(PoolingHttpClientConnectionManager.java:353)<br />
                      org.apache.http.impl.execchain.MainClientExec.establishRoute(MainClientExec.java:380)<br />
                      org.apache.http.impl.execchain.MainClientExec.execute(MainClientExec.java:236)<br />
                      org.apache.http.impl.execchain.ProtocolExec.execute(ProtocolExec.java:184)<br />
                      org.apache.http.impl.execchain.RetryExec.execute(RetryExec.java:88)<br />
                      org.apache.http.impl.execchain.RedirectExec.execute(RedirectExec.java:110)<br />
                      org.apache.http.impl.client.InternalHttpClient.doExecute(InternalHttpClient.java:184)<br />
                      org.apache.http.impl.client.CloseableHttpClient.execute(CloseableHttpClient.java:71)<br />
                      org.apache.http.impl.client.CloseableHttpClient.execute(CloseableHttpClient.java:55)<br />
                      org.openqa.selenium.remote.internal.ApacheHttpClient.fallBackExecute(ApacheHttpClient.java:142)<br />
                      org.openqa.selenium.remote.internal.ApacheHttpClient.execute(ApacheHttpClient.java:88)<br />
                      org.openqa.selenium.remote.HttpCommandExecutor.execute(HttpCommandExecutor.java:160)<br />
                      io.appium.java_client.remote.AppiumCommandExecutor.execute(AppiumCommandExecutor.java:69)<br />
                      org.openqa.selenium.remote.RemoteWebDriver.execute(RemoteWebDriver.java:604)<br />
                      io.appium.java_client.DefaultGenericMobileDriver.execute(DefaultGenericMobileDriver.java:40)<br />
                      io.appium.java_client.AppiumDriver.execute(AppiumDriver.java:235)<br />
                      org.openqa.selenium.remote.RemoteWebDriver$RemoteWebDriverOptions$RemoteWindow.getSize(RemoteWebDriver.java:871)<br />
                      iOS.Utilities.Utility.swipeDown_Vertical(Unknown Source)<br />
                      iOS.UI_Catalog.scripts.Test_09_UI_Catalog_Steppers.test_09_UI_Catalog_Steppers(Unknown Source)<br />
                      sun.reflect.NativeMethodAccessorImpl.invoke0(Native Method)<br />
                      sun.reflect.NativeMethodAccessorImpl.invoke(NativeMethodAccessorImpl.java:62)<br />
                      sun.reflect.DelegatingMethodAccessorImpl.invoke(DelegatingMethodAccessorImpl.java:43)<br />
                      java.lang.reflect.Method.invoke(Method.java:498)<br />
                      org.testng.internal.MethodInvocationHelper.invokeMethod(MethodInvocationHelper.java:104)<br />
                      org.testng.internal.Invoker.invokeMethod(Invoker.java:645)<br />
                      org.testng.internal.Invoker.invokeTestMethod(Invoker.java:851)<br />
                      org.testng.internal.Invoker.invokeTestMethods(Invoker.java:1177)<br />
                      org.testng.internal.TestMethodWorker.invokeTestMethods(TestMethodWorker.java:129)<br />
                      org.testng.internal.TestMethodWorker.run(TestMethodWorker.java:112)<br />
                      org.testng.TestRunner.privateRun(TestRunner.java:756)<br />
                      org.testng.TestRunner.run(TestRunner.java:610)<br />
                      org.testng.SuiteRunner.runTest(SuiteRunner.java:387)<br />
                      org.testng.SuiteRunner.runSequentially(SuiteRunner.java:382)<br />
                      org.testng.SuiteRunner.privateRun(SuiteRunner.java:340)<br />
                      org.testng.SuiteRunner.run(SuiteRunner.java:289)<br />
                      org.testng.SuiteRunnerWorker.runSuite(SuiteRunnerWorker.java:52)<br />
                      org.testng.SuiteRunnerWorker.run(SuiteRunnerWorker.java:86)<br />
                      org.testng.TestNG.runSuitesSequentially(TestNG.java:1293)<br />
                      org.testng.TestNG.runSuitesSequentially(TestNG.java:1289)<br />
                      org.testng.TestNG.runSuitesLocally(TestNG.java:1218)<br />
                      org.testng.TestNG.runSuites(TestNG.java:1133)<br />
                      org.testng.TestNG.run(TestNG.java:1104)<br />
                      org.testng.TestNG.privateMain(TestNG.java:1434)<br />
                      org.testng.TestNG.main(TestNG.java:1403)<br />
                  </div>
              <b>Caused by: </b> <a href="javascript:toggleElement('exception-10', 'block')" title="Click to expand/collapse">java.net.ConnectException: Connection refused (Connection refused)</a><br />
        <div class="stackTrace" id="exception-10">
                      java.net.PlainSocketImpl.socketConnect(Native Method)<br />
                      java.net.AbstractPlainSocketImpl.doConnect(AbstractPlainSocketImpl.java:350)<br />
                      java.net.AbstractPlainSocketImpl.connectToAddress(AbstractPlainSocketImpl.java:206)<br />
                      java.net.AbstractPlainSocketImpl.connect(AbstractPlainSocketImpl.java:188)<br />
                      java.net.SocksSocketImpl.connect(SocksSocketImpl.java:392)<br />
                      java.net.Socket.connect(Socket.java:589)<br />
                      org.apache.http.conn.socket.PlainConnectionSocketFactory.connectSocket(PlainConnectionSocketFactory.java:74)<br />
                      org.apache.http.impl.conn.DefaultHttpClientConnectionOperator.connect(DefaultHttpClientConnectionOperator.java:141)<br />
                      org.apache.http.impl.conn.PoolingHttpClientConnectionManager.connect(PoolingHttpClientConnectionManager.java:353)<br />
                      org.apache.http.impl.execchain.MainClientExec.establishRoute(MainClientExec.java:380)<br />
                      org.apache.http.impl.execchain.MainClientExec.execute(MainClientExec.java:236)<br />
                      org.apache.http.impl.execchain.ProtocolExec.execute(ProtocolExec.java:184)<br />
                      org.apache.http.impl.execchain.RetryExec.execute(RetryExec.java:88)<br />
                      org.apache.http.impl.execchain.RedirectExec.execute(RedirectExec.java:110)<br />
                      org.apache.http.impl.client.InternalHttpClient.doExecute(InternalHttpClient.java:184)<br />
                      org.apache.http.impl.client.CloseableHttpClient.execute(CloseableHttpClient.java:71)<br />
                      org.apache.http.impl.client.CloseableHttpClient.execute(CloseableHttpClient.java:55)<br />
                      org.openqa.selenium.remote.internal.ApacheHttpClient.fallBackExecute(ApacheHttpClient.java:142)<br />
                      org.openqa.selenium.remote.internal.ApacheHttpClient.execute(ApacheHttpClient.java:88)<br />
                      org.openqa.selenium.remote.HttpCommandExecutor.execute(HttpCommandExecutor.java:160)<br />
                      io.appium.java_client.remote.AppiumCommandExecutor.execute(AppiumCommandExecutor.java:69)<br />
                      org.openqa.selenium.remote.RemoteWebDriver.execute(RemoteWebDriver.java:604)<br />
                      io.appium.java_client.DefaultGenericMobileDriver.execute(DefaultGenericMobileDriver.java:40)<br />
                      io.appium.java_client.AppiumDriver.execute(AppiumDriver.java:235)<br />
                      org.openqa.selenium.remote.RemoteWebDriver$RemoteWebDriverOptions$RemoteWindow.getSize(RemoteWebDriver.java:871)<br />
                      iOS.Utilities.Utility.swipeDown_Vertical(Unknown Source)<br />
                      iOS.UI_Catalog.scripts.Test_09_UI_Catalog_Steppers.test_09_UI_Catalog_Steppers(Unknown Source)<br />
                      sun.reflect.NativeMethodAccessorImpl.invoke0(Native Method)<br />
                      sun.reflect.NativeMethodAccessorImpl.invoke(NativeMethodAccessorImpl.java:62)<br />
                      sun.reflect.DelegatingMethodAccessorImpl.invoke(DelegatingMethodAccessorImpl.java:43)<br />
                      java.lang.reflect.Method.invoke(Method.java:498)<br />
                      org.testng.internal.MethodInvocationHelper.invokeMethod(MethodInvocationHelper.java:104)<br />
                      org.testng.internal.Invoker.invokeMethod(Invoker.java:645)<br />
                      org.testng.internal.Invoker.invokeTestMethod(Invoker.java:851)<br />
                      org.testng.internal.Invoker.invokeTestMethods(Invoker.java:1177)<br />
                      org.testng.internal.TestMethodWorker.invokeTestMethods(TestMethodWorker.java:129)<br />
                      org.testng.internal.TestMethodWorker.run(TestMethodWorker.java:112)<br />
                      org.testng.TestRunner.privateRun(TestRunner.java:756)<br />
                      org.testng.TestRunner.run(TestRunner.java:610)<br />
                      org.testng.SuiteRunner.runTest(SuiteRunner.java:387)<br />
                      org.testng.SuiteRunner.runSequentially(SuiteRunner.java:382)<br />
                      org.testng.SuiteRunner.privateRun(SuiteRunner.java:340)<br />
                      org.testng.SuiteRunner.run(SuiteRunner.java:289)<br />
                      org.testng.SuiteRunnerWorker.runSuite(SuiteRunnerWorker.java:52)<br />
                      org.testng.SuiteRunnerWorker.run(SuiteRunnerWorker.java:86)<br />
                      org.testng.TestNG.runSuitesSequentially(TestNG.java:1293)<br />
                      org.testng.TestNG.runSuitesSequentially(TestNG.java:1289)<br />
                      org.testng.TestNG.runSuitesLocally(TestNG.java:1218)<br />
                      org.testng.TestNG.runSuites(TestNG.java:1133)<br />
                      org.testng.TestNG.run(TestNG.java:1104)<br />
                      org.testng.TestNG.privateMain(TestNG.java:1434)<br />
                      org.testng.TestNG.main(TestNG.java:1403)<br />
                  </div>
          </div>
      </td>
</tr>
          <tr>
        <td colspan="3" class="group">iOS.UI_Catalog.scripts.Test_10_UI_Catalog_Switches</td>
      </tr>
            
<tr>
  <td class="method">
                  test_10_UI_Catalog_Switches
      </td>
  <td class="duration">
    0.001s
  </td>
  <td class="result">
        
          <i>Method arguments: </i><span class="arguments">{Script_name=Test_10_UI_Catalog_Switches, TestData_2=TINTED, TestData_1=DEFAULT, TestData_10=, TestData_11=, TestData_12=, TestData_13=, TestData_14=, TestData_4=, TestData_3=, TestData_6=, TestData_5=, TestData_8=, TestData_7=, TestData_9=}</span><br />
    
            <div class="testOutput">
                        01_02_2018_08_41_13_382 -&nbsp; Started Test : test_10_UI_Catalog_Switches<br />
                                01_02_2018_08_41_13_384 -&nbsp; Test Failed : test_10_UI_Catalog_Switches<br />
                  </div>
    

        <a href="javascript:toggleElement('exception-11', 'block')" title="Click to expand/collapse"><b>org.openqa.selenium.WebDriverException: org.apache.http.conn.HttpHostConnectException: Connect to 127.0.0.1:4723 [/127.0.0.1] failed: Connection refused (Connection refused)<br/>
Build info: version: &apos;3.3.1&apos;, revision: &apos;5234b32&apos;, time: &apos;2017-03-10 09:04:52 -0800&apos;<br/>
System info: host: &apos;Sambeets-MacBook-Air.local&apos;, ip: &apos;fe80:0:0:0:c4:4fd:8ddb:f3db%en0&apos;, os.name: &apos;Mac OS X&apos;, os.arch: &apos;x86_64&apos;, os.version: &apos;10.13.2&apos;, java.version: &apos;1.8.0_131&apos;<br/>
Driver info: driver.version: AppiumDriver</b></a><br />
    <div class="stackTrace" id="exception-11">
              io.appium.java_client.remote.AppiumCommandExecutor.execute(AppiumCommandExecutor.java:84)<br />
              org.openqa.selenium.remote.RemoteWebDriver.execute(RemoteWebDriver.java:604)<br />
              io.appium.java_client.DefaultGenericMobileDriver.execute(DefaultGenericMobileDriver.java:40)<br />
              io.appium.java_client.AppiumDriver.execute(AppiumDriver.java:235)<br />
              org.openqa.selenium.remote.RemoteWebDriver$RemoteWebDriverOptions$RemoteWindow.getSize(RemoteWebDriver.java:871)<br />
              iOS.Utilities.Utility.swipeDown_Vertical(Unknown Source)<br />
              iOS.UI_Catalog.scripts.Test_10_UI_Catalog_Switches.test_10_UI_Catalog_Switches(Unknown Source)<br />
              sun.reflect.NativeMethodAccessorImpl.invoke0(Native Method)<br />
              sun.reflect.NativeMethodAccessorImpl.invoke(NativeMethodAccessorImpl.java:62)<br />
              sun.reflect.DelegatingMethodAccessorImpl.invoke(DelegatingMethodAccessorImpl.java:43)<br />
              java.lang.reflect.Method.invoke(Method.java:498)<br />
              org.testng.internal.MethodInvocationHelper.invokeMethod(MethodInvocationHelper.java:104)<br />
              org.testng.internal.Invoker.invokeMethod(Invoker.java:645)<br />
              org.testng.internal.Invoker.invokeTestMethod(Invoker.java:851)<br />
              org.testng.internal.Invoker.invokeTestMethods(Invoker.java:1177)<br />
              org.testng.internal.TestMethodWorker.invokeTestMethods(TestMethodWorker.java:129)<br />
              org.testng.internal.TestMethodWorker.run(TestMethodWorker.java:112)<br />
              org.testng.TestRunner.privateRun(TestRunner.java:756)<br />
              org.testng.TestRunner.run(TestRunner.java:610)<br />
              org.testng.SuiteRunner.runTest(SuiteRunner.java:387)<br />
              org.testng.SuiteRunner.runSequentially(SuiteRunner.java:382)<br />
              org.testng.SuiteRunner.privateRun(SuiteRunner.java:340)<br />
              org.testng.SuiteRunner.run(SuiteRunner.java:289)<br />
              org.testng.SuiteRunnerWorker.runSuite(SuiteRunnerWorker.java:52)<br />
              org.testng.SuiteRunnerWorker.run(SuiteRunnerWorker.java:86)<br />
              org.testng.TestNG.runSuitesSequentially(TestNG.java:1293)<br />
              org.testng.TestNG.runSuitesSequentially(TestNG.java:1289)<br />
              org.testng.TestNG.runSuitesLocally(TestNG.java:1218)<br />
              org.testng.TestNG.runSuites(TestNG.java:1133)<br />
              org.testng.TestNG.run(TestNG.java:1104)<br />
              org.testng.TestNG.privateMain(TestNG.java:1434)<br />
              org.testng.TestNG.main(TestNG.java:1403)<br />
                    <b>Caused by: </b> <a href="javascript:toggleElement('exception-12', 'block')" title="Click to expand/collapse">org.apache.http.conn.HttpHostConnectException: Connect to 127.0.0.1:4723 [/127.0.0.1] failed: Connection refused (Connection refused)</a><br />
        <div class="stackTrace" id="exception-12">
                      org.apache.http.impl.conn.DefaultHttpClientConnectionOperator.connect(DefaultHttpClientConnectionOperator.java:158)<br />
                      org.apache.http.impl.conn.PoolingHttpClientConnectionManager.connect(PoolingHttpClientConnectionManager.java:353)<br />
                      org.apache.http.impl.execchain.MainClientExec.establishRoute(MainClientExec.java:380)<br />
                      org.apache.http.impl.execchain.MainClientExec.execute(MainClientExec.java:236)<br />
                      org.apache.http.impl.execchain.ProtocolExec.execute(ProtocolExec.java:184)<br />
                      org.apache.http.impl.execchain.RetryExec.execute(RetryExec.java:88)<br />
                      org.apache.http.impl.execchain.RedirectExec.execute(RedirectExec.java:110)<br />
                      org.apache.http.impl.client.InternalHttpClient.doExecute(InternalHttpClient.java:184)<br />
                      org.apache.http.impl.client.CloseableHttpClient.execute(CloseableHttpClient.java:71)<br />
                      org.apache.http.impl.client.CloseableHttpClient.execute(CloseableHttpClient.java:55)<br />
                      org.openqa.selenium.remote.internal.ApacheHttpClient.fallBackExecute(ApacheHttpClient.java:142)<br />
                      org.openqa.selenium.remote.internal.ApacheHttpClient.execute(ApacheHttpClient.java:88)<br />
                      org.openqa.selenium.remote.HttpCommandExecutor.execute(HttpCommandExecutor.java:160)<br />
                      io.appium.java_client.remote.AppiumCommandExecutor.execute(AppiumCommandExecutor.java:69)<br />
                      org.openqa.selenium.remote.RemoteWebDriver.execute(RemoteWebDriver.java:604)<br />
                      io.appium.java_client.DefaultGenericMobileDriver.execute(DefaultGenericMobileDriver.java:40)<br />
                      io.appium.java_client.AppiumDriver.execute(AppiumDriver.java:235)<br />
                      org.openqa.selenium.remote.RemoteWebDriver$RemoteWebDriverOptions$RemoteWindow.getSize(RemoteWebDriver.java:871)<br />
                      iOS.Utilities.Utility.swipeDown_Vertical(Unknown Source)<br />
                      iOS.UI_Catalog.scripts.Test_10_UI_Catalog_Switches.test_10_UI_Catalog_Switches(Unknown Source)<br />
                      sun.reflect.NativeMethodAccessorImpl.invoke0(Native Method)<br />
                      sun.reflect.NativeMethodAccessorImpl.invoke(NativeMethodAccessorImpl.java:62)<br />
                      sun.reflect.DelegatingMethodAccessorImpl.invoke(DelegatingMethodAccessorImpl.java:43)<br />
                      java.lang.reflect.Method.invoke(Method.java:498)<br />
                      org.testng.internal.MethodInvocationHelper.invokeMethod(MethodInvocationHelper.java:104)<br />
                      org.testng.internal.Invoker.invokeMethod(Invoker.java:645)<br />
                      org.testng.internal.Invoker.invokeTestMethod(Invoker.java:851)<br />
                      org.testng.internal.Invoker.invokeTestMethods(Invoker.java:1177)<br />
                      org.testng.internal.TestMethodWorker.invokeTestMethods(TestMethodWorker.java:129)<br />
                      org.testng.internal.TestMethodWorker.run(TestMethodWorker.java:112)<br />
                      org.testng.TestRunner.privateRun(TestRunner.java:756)<br />
                      org.testng.TestRunner.run(TestRunner.java:610)<br />
                      org.testng.SuiteRunner.runTest(SuiteRunner.java:387)<br />
                      org.testng.SuiteRunner.runSequentially(SuiteRunner.java:382)<br />
                      org.testng.SuiteRunner.privateRun(SuiteRunner.java:340)<br />
                      org.testng.SuiteRunner.run(SuiteRunner.java:289)<br />
                      org.testng.SuiteRunnerWorker.runSuite(SuiteRunnerWorker.java:52)<br />
                      org.testng.SuiteRunnerWorker.run(SuiteRunnerWorker.java:86)<br />
                      org.testng.TestNG.runSuitesSequentially(TestNG.java:1293)<br />
                      org.testng.TestNG.runSuitesSequentially(TestNG.java:1289)<br />
                      org.testng.TestNG.runSuitesLocally(TestNG.java:1218)<br />
                      org.testng.TestNG.runSuites(TestNG.java:1133)<br />
                      org.testng.TestNG.run(TestNG.java:1104)<br />
                      org.testng.TestNG.privateMain(TestNG.java:1434)<br />
                      org.testng.TestNG.main(TestNG.java:1403)<br />
                  </div>
              <b>Caused by: </b> <a href="javascript:toggleElement('exception-13', 'block')" title="Click to expand/collapse">java.net.ConnectException: Connection refused (Connection refused)</a><br />
        <div class="stackTrace" id="exception-13">
                      java.net.PlainSocketImpl.socketConnect(Native Method)<br />
                      java.net.AbstractPlainSocketImpl.doConnect(AbstractPlainSocketImpl.java:350)<br />
                      java.net.AbstractPlainSocketImpl.connectToAddress(AbstractPlainSocketImpl.java:206)<br />
                      java.net.AbstractPlainSocketImpl.connect(AbstractPlainSocketImpl.java:188)<br />
                      java.net.SocksSocketImpl.connect(SocksSocketImpl.java:392)<br />
                      java.net.Socket.connect(Socket.java:589)<br />
                      org.apache.http.conn.socket.PlainConnectionSocketFactory.connectSocket(PlainConnectionSocketFactory.java:74)<br />
                      org.apache.http.impl.conn.DefaultHttpClientConnectionOperator.connect(DefaultHttpClientConnectionOperator.java:141)<br />
                      org.apache.http.impl.conn.PoolingHttpClientConnectionManager.connect(PoolingHttpClientConnectionManager.java:353)<br />
                      org.apache.http.impl.execchain.MainClientExec.establishRoute(MainClientExec.java:380)<br />
                      org.apache.http.impl.execchain.MainClientExec.execute(MainClientExec.java:236)<br />
                      org.apache.http.impl.execchain.ProtocolExec.execute(ProtocolExec.java:184)<br />
                      org.apache.http.impl.execchain.RetryExec.execute(RetryExec.java:88)<br />
                      org.apache.http.impl.execchain.RedirectExec.execute(RedirectExec.java:110)<br />
                      org.apache.http.impl.client.InternalHttpClient.doExecute(InternalHttpClient.java:184)<br />
                      org.apache.http.impl.client.CloseableHttpClient.execute(CloseableHttpClient.java:71)<br />
                      org.apache.http.impl.client.CloseableHttpClient.execute(CloseableHttpClient.java:55)<br />
                      org.openqa.selenium.remote.internal.ApacheHttpClient.fallBackExecute(ApacheHttpClient.java:142)<br />
                      org.openqa.selenium.remote.internal.ApacheHttpClient.execute(ApacheHttpClient.java:88)<br />
                      org.openqa.selenium.remote.HttpCommandExecutor.execute(HttpCommandExecutor.java:160)<br />
                      io.appium.java_client.remote.AppiumCommandExecutor.execute(AppiumCommandExecutor.java:69)<br />
                      org.openqa.selenium.remote.RemoteWebDriver.execute(RemoteWebDriver.java:604)<br />
                      io.appium.java_client.DefaultGenericMobileDriver.execute(DefaultGenericMobileDriver.java:40)<br />
                      io.appium.java_client.AppiumDriver.execute(AppiumDriver.java:235)<br />
                      org.openqa.selenium.remote.RemoteWebDriver$RemoteWebDriverOptions$RemoteWindow.getSize(RemoteWebDriver.java:871)<br />
                      iOS.Utilities.Utility.swipeDown_Vertical(Unknown Source)<br />
                      iOS.UI_Catalog.scripts.Test_10_UI_Catalog_Switches.test_10_UI_Catalog_Switches(Unknown Source)<br />
                      sun.reflect.NativeMethodAccessorImpl.invoke0(Native Method)<br />
                      sun.reflect.NativeMethodAccessorImpl.invoke(NativeMethodAccessorImpl.java:62)<br />
                      sun.reflect.DelegatingMethodAccessorImpl.invoke(DelegatingMethodAccessorImpl.java:43)<br />
                      java.lang.reflect.Method.invoke(Method.java:498)<br />
                      org.testng.internal.MethodInvocationHelper.invokeMethod(MethodInvocationHelper.java:104)<br />
                      org.testng.internal.Invoker.invokeMethod(Invoker.java:645)<br />
                      org.testng.internal.Invoker.invokeTestMethod(Invoker.java:851)<br />
                      org.testng.internal.Invoker.invokeTestMethods(Invoker.java:1177)<br />
                      org.testng.internal.TestMethodWorker.invokeTestMethods(TestMethodWorker.java:129)<br />
                      org.testng.internal.TestMethodWorker.run(TestMethodWorker.java:112)<br />
                      org.testng.TestRunner.privateRun(TestRunner.java:756)<br />
                      org.testng.TestRunner.run(TestRunner.java:610)<br />
                      org.testng.SuiteRunner.runTest(SuiteRunner.java:387)<br />
                      org.testng.SuiteRunner.runSequentially(SuiteRunner.java:382)<br />
                      org.testng.SuiteRunner.privateRun(SuiteRunner.java:340)<br />
                      org.testng.SuiteRunner.run(SuiteRunner.java:289)<br />
                      org.testng.SuiteRunnerWorker.runSuite(SuiteRunnerWorker.java:52)<br />
                      org.testng.SuiteRunnerWorker.run(SuiteRunnerWorker.java:86)<br />
                      org.testng.TestNG.runSuitesSequentially(TestNG.java:1293)<br />
                      org.testng.TestNG.runSuitesSequentially(TestNG.java:1289)<br />
                      org.testng.TestNG.runSuitesLocally(TestNG.java:1218)<br />
                      org.testng.TestNG.runSuites(TestNG.java:1133)<br />
                      org.testng.TestNG.run(TestNG.java:1104)<br />
                      org.testng.TestNG.privateMain(TestNG.java:1434)<br />
                      org.testng.TestNG.main(TestNG.java:1403)<br />
                  </div>
          </div>
      </td>
</tr>
          <tr>
        <td colspan="3" class="group">iOS.UI_Catalog.scripts.Test_11_UI_Catalog_TextFields</td>
      </tr>
            
<tr>
  <td class="method">
                  test_11_UI_Catalog_TextFields
      </td>
  <td class="duration">
    0.001s
  </td>
  <td class="result">
        
          <i>Method arguments: </i><span class="arguments">{Script_name=Test_11_UI_Catalog_TextFields, TestData_2=TINTED, TestData_1=DEFAULT, TestData_10=Specific_Text_DU, TestData_11=Custom Made Text &@, TestData_12=, TestData_13=, TestData_14=, TestData_4=SPECIFIC KEYBOARD, TestData_3=SECURE, TestData_6=Placeholder text, TestData_5=CUSTOM, TestData_8=Tinted_Text_Pin2, TestData_7=Default_Text_Sam1, TestData_9=Secure_TextP}</span><br />
    
            <div class="testOutput">
                        01_02_2018_08_41_13_397 -&nbsp; Started Test : test_11_UI_Catalog_TextFields<br />
                                01_02_2018_08_41_13_399 -&nbsp; Test Failed : test_11_UI_Catalog_TextFields<br />
                  </div>
    

        <a href="javascript:toggleElement('exception-14', 'block')" title="Click to expand/collapse"><b>org.openqa.selenium.WebDriverException: org.apache.http.conn.HttpHostConnectException: Connect to 127.0.0.1:4723 [/127.0.0.1] failed: Connection refused (Connection refused)<br/>
Build info: version: &apos;3.3.1&apos;, revision: &apos;5234b32&apos;, time: &apos;2017-03-10 09:04:52 -0800&apos;<br/>
System info: host: &apos;Sambeets-MacBook-Air.local&apos;, ip: &apos;fe80:0:0:0:c4:4fd:8ddb:f3db%en0&apos;, os.name: &apos;Mac OS X&apos;, os.arch: &apos;x86_64&apos;, os.version: &apos;10.13.2&apos;, java.version: &apos;1.8.0_131&apos;<br/>
Driver info: driver.version: AppiumDriver</b></a><br />
    <div class="stackTrace" id="exception-14">
              io.appium.java_client.remote.AppiumCommandExecutor.execute(AppiumCommandExecutor.java:84)<br />
              org.openqa.selenium.remote.RemoteWebDriver.execute(RemoteWebDriver.java:604)<br />
              io.appium.java_client.DefaultGenericMobileDriver.execute(DefaultGenericMobileDriver.java:40)<br />
              io.appium.java_client.AppiumDriver.execute(AppiumDriver.java:235)<br />
              org.openqa.selenium.remote.RemoteWebDriver$RemoteWebDriverOptions$RemoteWindow.getSize(RemoteWebDriver.java:871)<br />
              iOS.Utilities.Utility.swipeDown_Vertical(Unknown Source)<br />
              iOS.UI_Catalog.scripts.Test_11_UI_Catalog_TextFields.test_11_UI_Catalog_TextFields(Unknown Source)<br />
              sun.reflect.NativeMethodAccessorImpl.invoke0(Native Method)<br />
              sun.reflect.NativeMethodAccessorImpl.invoke(NativeMethodAccessorImpl.java:62)<br />
              sun.reflect.DelegatingMethodAccessorImpl.invoke(DelegatingMethodAccessorImpl.java:43)<br />
              java.lang.reflect.Method.invoke(Method.java:498)<br />
              org.testng.internal.MethodInvocationHelper.invokeMethod(MethodInvocationHelper.java:104)<br />
              org.testng.internal.Invoker.invokeMethod(Invoker.java:645)<br />
              org.testng.internal.Invoker.invokeTestMethod(Invoker.java:851)<br />
              org.testng.internal.Invoker.invokeTestMethods(Invoker.java:1177)<br />
              org.testng.internal.TestMethodWorker.invokeTestMethods(TestMethodWorker.java:129)<br />
              org.testng.internal.TestMethodWorker.run(TestMethodWorker.java:112)<br />
              org.testng.TestRunner.privateRun(TestRunner.java:756)<br />
              org.testng.TestRunner.run(TestRunner.java:610)<br />
              org.testng.SuiteRunner.runTest(SuiteRunner.java:387)<br />
              org.testng.SuiteRunner.runSequentially(SuiteRunner.java:382)<br />
              org.testng.SuiteRunner.privateRun(SuiteRunner.java:340)<br />
              org.testng.SuiteRunner.run(SuiteRunner.java:289)<br />
              org.testng.SuiteRunnerWorker.runSuite(SuiteRunnerWorker.java:52)<br />
              org.testng.SuiteRunnerWorker.run(SuiteRunnerWorker.java:86)<br />
              org.testng.TestNG.runSuitesSequentially(TestNG.java:1293)<br />
              org.testng.TestNG.runSuitesSequentially(TestNG.java:1289)<br />
              org.testng.TestNG.runSuitesLocally(TestNG.java:1218)<br />
              org.testng.TestNG.runSuites(TestNG.java:1133)<br />
              org.testng.TestNG.run(TestNG.java:1104)<br />
              org.testng.TestNG.privateMain(TestNG.java:1434)<br />
              org.testng.TestNG.main(TestNG.java:1403)<br />
                    <b>Caused by: </b> <a href="javascript:toggleElement('exception-15', 'block')" title="Click to expand/collapse">org.apache.http.conn.HttpHostConnectException: Connect to 127.0.0.1:4723 [/127.0.0.1] failed: Connection refused (Connection refused)</a><br />
        <div class="stackTrace" id="exception-15">
                      org.apache.http.impl.conn.DefaultHttpClientConnectionOperator.connect(DefaultHttpClientConnectionOperator.java:158)<br />
                      org.apache.http.impl.conn.PoolingHttpClientConnectionManager.connect(PoolingHttpClientConnectionManager.java:353)<br />
                      org.apache.http.impl.execchain.MainClientExec.establishRoute(MainClientExec.java:380)<br />
                      org.apache.http.impl.execchain.MainClientExec.execute(MainClientExec.java:236)<br />
                      org.apache.http.impl.execchain.ProtocolExec.execute(ProtocolExec.java:184)<br />
                      org.apache.http.impl.execchain.RetryExec.execute(RetryExec.java:88)<br />
                      org.apache.http.impl.execchain.RedirectExec.execute(RedirectExec.java:110)<br />
                      org.apache.http.impl.client.InternalHttpClient.doExecute(InternalHttpClient.java:184)<br />
                      org.apache.http.impl.client.CloseableHttpClient.execute(CloseableHttpClient.java:71)<br />
                      org.apache.http.impl.client.CloseableHttpClient.execute(CloseableHttpClient.java:55)<br />
                      org.openqa.selenium.remote.internal.ApacheHttpClient.fallBackExecute(ApacheHttpClient.java:142)<br />
                      org.openqa.selenium.remote.internal.ApacheHttpClient.execute(ApacheHttpClient.java:88)<br />
                      org.openqa.selenium.remote.HttpCommandExecutor.execute(HttpCommandExecutor.java:160)<br />
                      io.appium.java_client.remote.AppiumCommandExecutor.execute(AppiumCommandExecutor.java:69)<br />
                      org.openqa.selenium.remote.RemoteWebDriver.execute(RemoteWebDriver.java:604)<br />
                      io.appium.java_client.DefaultGenericMobileDriver.execute(DefaultGenericMobileDriver.java:40)<br />
                      io.appium.java_client.AppiumDriver.execute(AppiumDriver.java:235)<br />
                      org.openqa.selenium.remote.RemoteWebDriver$RemoteWebDriverOptions$RemoteWindow.getSize(RemoteWebDriver.java:871)<br />
                      iOS.Utilities.Utility.swipeDown_Vertical(Unknown Source)<br />
                      iOS.UI_Catalog.scripts.Test_11_UI_Catalog_TextFields.test_11_UI_Catalog_TextFields(Unknown Source)<br />
                      sun.reflect.NativeMethodAccessorImpl.invoke0(Native Method)<br />
                      sun.reflect.NativeMethodAccessorImpl.invoke(NativeMethodAccessorImpl.java:62)<br />
                      sun.reflect.DelegatingMethodAccessorImpl.invoke(DelegatingMethodAccessorImpl.java:43)<br />
                      java.lang.reflect.Method.invoke(Method.java:498)<br />
                      org.testng.internal.MethodInvocationHelper.invokeMethod(MethodInvocationHelper.java:104)<br />
                      org.testng.internal.Invoker.invokeMethod(Invoker.java:645)<br />
                      org.testng.internal.Invoker.invokeTestMethod(Invoker.java:851)<br />
                      org.testng.internal.Invoker.invokeTestMethods(Invoker.java:1177)<br />
                      org.testng.internal.TestMethodWorker.invokeTestMethods(TestMethodWorker.java:129)<br />
                      org.testng.internal.TestMethodWorker.run(TestMethodWorker.java:112)<br />
                      org.testng.TestRunner.privateRun(TestRunner.java:756)<br />
                      org.testng.TestRunner.run(TestRunner.java:610)<br />
                      org.testng.SuiteRunner.runTest(SuiteRunner.java:387)<br />
                      org.testng.SuiteRunner.runSequentially(SuiteRunner.java:382)<br />
                      org.testng.SuiteRunner.privateRun(SuiteRunner.java:340)<br />
                      org.testng.SuiteRunner.run(SuiteRunner.java:289)<br />
                      org.testng.SuiteRunnerWorker.runSuite(SuiteRunnerWorker.java:52)<br />
                      org.testng.SuiteRunnerWorker.run(SuiteRunnerWorker.java:86)<br />
                      org.testng.TestNG.runSuitesSequentially(TestNG.java:1293)<br />
                      org.testng.TestNG.runSuitesSequentially(TestNG.java:1289)<br />
                      org.testng.TestNG.runSuitesLocally(TestNG.java:1218)<br />
                      org.testng.TestNG.runSuites(TestNG.java:1133)<br />
                      org.testng.TestNG.run(TestNG.java:1104)<br />
                      org.testng.TestNG.privateMain(TestNG.java:1434)<br />
                      org.testng.TestNG.main(TestNG.java:1403)<br />
                  </div>
              <b>Caused by: </b> <a href="javascript:toggleElement('exception-16', 'block')" title="Click to expand/collapse">java.net.ConnectException: Connection refused (Connection refused)</a><br />
        <div class="stackTrace" id="exception-16">
                      java.net.PlainSocketImpl.socketConnect(Native Method)<br />
                      java.net.AbstractPlainSocketImpl.doConnect(AbstractPlainSocketImpl.java:350)<br />
                      java.net.AbstractPlainSocketImpl.connectToAddress(AbstractPlainSocketImpl.java:206)<br />
                      java.net.AbstractPlainSocketImpl.connect(AbstractPlainSocketImpl.java:188)<br />
                      java.net.SocksSocketImpl.connect(SocksSocketImpl.java:392)<br />
                      java.net.Socket.connect(Socket.java:589)<br />
                      org.apache.http.conn.socket.PlainConnectionSocketFactory.connectSocket(PlainConnectionSocketFactory.java:74)<br />
                      org.apache.http.impl.conn.DefaultHttpClientConnectionOperator.connect(DefaultHttpClientConnectionOperator.java:141)<br />
                      org.apache.http.impl.conn.PoolingHttpClientConnectionManager.connect(PoolingHttpClientConnectionManager.java:353)<br />
                      org.apache.http.impl.execchain.MainClientExec.establishRoute(MainClientExec.java:380)<br />
                      org.apache.http.impl.execchain.MainClientExec.execute(MainClientExec.java:236)<br />
                      org.apache.http.impl.execchain.ProtocolExec.execute(ProtocolExec.java:184)<br />
                      org.apache.http.impl.execchain.RetryExec.execute(RetryExec.java:88)<br />
                      org.apache.http.impl.execchain.RedirectExec.execute(RedirectExec.java:110)<br />
                      org.apache.http.impl.client.InternalHttpClient.doExecute(InternalHttpClient.java:184)<br />
                      org.apache.http.impl.client.CloseableHttpClient.execute(CloseableHttpClient.java:71)<br />
                      org.apache.http.impl.client.CloseableHttpClient.execute(CloseableHttpClient.java:55)<br />
                      org.openqa.selenium.remote.internal.ApacheHttpClient.fallBackExecute(ApacheHttpClient.java:142)<br />
                      org.openqa.selenium.remote.internal.ApacheHttpClient.execute(ApacheHttpClient.java:88)<br />
                      org.openqa.selenium.remote.HttpCommandExecutor.execute(HttpCommandExecutor.java:160)<br />
                      io.appium.java_client.remote.AppiumCommandExecutor.execute(AppiumCommandExecutor.java:69)<br />
                      org.openqa.selenium.remote.RemoteWebDriver.execute(RemoteWebDriver.java:604)<br />
                      io.appium.java_client.DefaultGenericMobileDriver.execute(DefaultGenericMobileDriver.java:40)<br />
                      io.appium.java_client.AppiumDriver.execute(AppiumDriver.java:235)<br />
                      org.openqa.selenium.remote.RemoteWebDriver$RemoteWebDriverOptions$RemoteWindow.getSize(RemoteWebDriver.java:871)<br />
                      iOS.Utilities.Utility.swipeDown_Vertical(Unknown Source)<br />
                      iOS.UI_Catalog.scripts.Test_11_UI_Catalog_TextFields.test_11_UI_Catalog_TextFields(Unknown Source)<br />
                      sun.reflect.NativeMethodAccessorImpl.invoke0(Native Method)<br />
                      sun.reflect.NativeMethodAccessorImpl.invoke(NativeMethodAccessorImpl.java:62)<br />
                      sun.reflect.DelegatingMethodAccessorImpl.invoke(DelegatingMethodAccessorImpl.java:43)<br />
                      java.lang.reflect.Method.invoke(Method.java:498)<br />
                      org.testng.internal.MethodInvocationHelper.invokeMethod(MethodInvocationHelper.java:104)<br />
                      org.testng.internal.Invoker.invokeMethod(Invoker.java:645)<br />
                      org.testng.internal.Invoker.invokeTestMethod(Invoker.java:851)<br />
                      org.testng.internal.Invoker.invokeTestMethods(Invoker.java:1177)<br />
                      org.testng.internal.TestMethodWorker.invokeTestMethods(TestMethodWorker.java:129)<br />
                      org.testng.internal.TestMethodWorker.run(TestMethodWorker.java:112)<br />
                      org.testng.TestRunner.privateRun(TestRunner.java:756)<br />
                      org.testng.TestRunner.run(TestRunner.java:610)<br />
                      org.testng.SuiteRunner.runTest(SuiteRunner.java:387)<br />
                      org.testng.SuiteRunner.runSequentially(SuiteRunner.java:382)<br />
                      org.testng.SuiteRunner.privateRun(SuiteRunner.java:340)<br />
                      org.testng.SuiteRunner.run(SuiteRunner.java:289)<br />
                      org.testng.SuiteRunnerWorker.runSuite(SuiteRunnerWorker.java:52)<br />
                      org.testng.SuiteRunnerWorker.run(SuiteRunnerWorker.java:86)<br />
                      org.testng.TestNG.runSuitesSequentially(TestNG.java:1293)<br />
                      org.testng.TestNG.runSuitesSequentially(TestNG.java:1289)<br />
                      org.testng.TestNG.runSuitesLocally(TestNG.java:1218)<br />
                      org.testng.TestNG.runSuites(TestNG.java:1133)<br />
                      org.testng.TestNG.run(TestNG.java:1104)<br />
                      org.testng.TestNG.privateMain(TestNG.java:1434)<br />
                      org.testng.TestNG.main(TestNG.java:1403)<br />
                  </div>
          </div>
      </td>
</tr>
          <tr>
        <td colspan="3" class="group">iOS.UI_Catalog.scripts.Test_12_UI_Catalog_TextView</td>
      </tr>
            
<tr>
  <td class="method">
                  test_12_UI_Catalog_TextView
      </td>
  <td class="duration">
    0.001s
  </td>
  <td class="result">
        
    
            <div class="testOutput">
                        01_02_2018_08_41_13_410 -&nbsp; Started Test : test_12_UI_Catalog_TextView<br />
                                01_02_2018_08_41_13_412 -&nbsp; Test Failed : test_12_UI_Catalog_TextView<br />
                  </div>
    

        <a href="javascript:toggleElement('exception-17', 'block')" title="Click to expand/collapse"><b>org.openqa.selenium.WebDriverException: org.apache.http.conn.HttpHostConnectException: Connect to 127.0.0.1:4723 [/127.0.0.1] failed: Connection refused (Connection refused)<br/>
Build info: version: &apos;3.3.1&apos;, revision: &apos;5234b32&apos;, time: &apos;2017-03-10 09:04:52 -0800&apos;<br/>
System info: host: &apos;Sambeets-MacBook-Air.local&apos;, ip: &apos;fe80:0:0:0:c4:4fd:8ddb:f3db%en0&apos;, os.name: &apos;Mac OS X&apos;, os.arch: &apos;x86_64&apos;, os.version: &apos;10.13.2&apos;, java.version: &apos;1.8.0_131&apos;<br/>
Driver info: driver.version: AppiumDriver</b></a><br />
    <div class="stackTrace" id="exception-17">
              io.appium.java_client.remote.AppiumCommandExecutor.execute(AppiumCommandExecutor.java:84)<br />
              org.openqa.selenium.remote.RemoteWebDriver.execute(RemoteWebDriver.java:604)<br />
              io.appium.java_client.DefaultGenericMobileDriver.execute(DefaultGenericMobileDriver.java:40)<br />
              io.appium.java_client.AppiumDriver.execute(AppiumDriver.java:235)<br />
              org.openqa.selenium.remote.RemoteWebDriver$RemoteWebDriverOptions$RemoteWindow.getSize(RemoteWebDriver.java:871)<br />
              iOS.Utilities.Utility.swipeDown_Vertical(Unknown Source)<br />
              iOS.UI_Catalog.scripts.Test_12_UI_Catalog_TextView.test_12_UI_Catalog_TextView(Unknown Source)<br />
              sun.reflect.NativeMethodAccessorImpl.invoke0(Native Method)<br />
              sun.reflect.NativeMethodAccessorImpl.invoke(NativeMethodAccessorImpl.java:62)<br />
              sun.reflect.DelegatingMethodAccessorImpl.invoke(DelegatingMethodAccessorImpl.java:43)<br />
              java.lang.reflect.Method.invoke(Method.java:498)<br />
              org.testng.internal.MethodInvocationHelper.invokeMethod(MethodInvocationHelper.java:104)<br />
              org.testng.internal.Invoker.invokeMethod(Invoker.java:645)<br />
              org.testng.internal.Invoker.invokeTestMethod(Invoker.java:851)<br />
              org.testng.internal.Invoker.invokeTestMethods(Invoker.java:1177)<br />
              org.testng.internal.TestMethodWorker.invokeTestMethods(TestMethodWorker.java:129)<br />
              org.testng.internal.TestMethodWorker.run(TestMethodWorker.java:112)<br />
              org.testng.TestRunner.privateRun(TestRunner.java:756)<br />
              org.testng.TestRunner.run(TestRunner.java:610)<br />
              org.testng.SuiteRunner.runTest(SuiteRunner.java:387)<br />
              org.testng.SuiteRunner.runSequentially(SuiteRunner.java:382)<br />
              org.testng.SuiteRunner.privateRun(SuiteRunner.java:340)<br />
              org.testng.SuiteRunner.run(SuiteRunner.java:289)<br />
              org.testng.SuiteRunnerWorker.runSuite(SuiteRunnerWorker.java:52)<br />
              org.testng.SuiteRunnerWorker.run(SuiteRunnerWorker.java:86)<br />
              org.testng.TestNG.runSuitesSequentially(TestNG.java:1293)<br />
              org.testng.TestNG.runSuitesSequentially(TestNG.java:1289)<br />
              org.testng.TestNG.runSuitesLocally(TestNG.java:1218)<br />
              org.testng.TestNG.runSuites(TestNG.java:1133)<br />
              org.testng.TestNG.run(TestNG.java:1104)<br />
              org.testng.TestNG.privateMain(TestNG.java:1434)<br />
              org.testng.TestNG.main(TestNG.java:1403)<br />
                    <b>Caused by: </b> <a href="javascript:toggleElement('exception-18', 'block')" title="Click to expand/collapse">org.apache.http.conn.HttpHostConnectException: Connect to 127.0.0.1:4723 [/127.0.0.1] failed: Connection refused (Connection refused)</a><br />
        <div class="stackTrace" id="exception-18">
                      org.apache.http.impl.conn.DefaultHttpClientConnectionOperator.connect(DefaultHttpClientConnectionOperator.java:158)<br />
                      org.apache.http.impl.conn.PoolingHttpClientConnectionManager.connect(PoolingHttpClientConnectionManager.java:353)<br />
                      org.apache.http.impl.execchain.MainClientExec.establishRoute(MainClientExec.java:380)<br />
                      org.apache.http.impl.execchain.MainClientExec.execute(MainClientExec.java:236)<br />
                      org.apache.http.impl.execchain.ProtocolExec.execute(ProtocolExec.java:184)<br />
                      org.apache.http.impl.execchain.RetryExec.execute(RetryExec.java:88)<br />
                      org.apache.http.impl.execchain.RedirectExec.execute(RedirectExec.java:110)<br />
                      org.apache.http.impl.client.InternalHttpClient.doExecute(InternalHttpClient.java:184)<br />
                      org.apache.http.impl.client.CloseableHttpClient.execute(CloseableHttpClient.java:71)<br />
                      org.apache.http.impl.client.CloseableHttpClient.execute(CloseableHttpClient.java:55)<br />
                      org.openqa.selenium.remote.internal.ApacheHttpClient.fallBackExecute(ApacheHttpClient.java:142)<br />
                      org.openqa.selenium.remote.internal.ApacheHttpClient.execute(ApacheHttpClient.java:88)<br />
                      org.openqa.selenium.remote.HttpCommandExecutor.execute(HttpCommandExecutor.java:160)<br />
                      io.appium.java_client.remote.AppiumCommandExecutor.execute(AppiumCommandExecutor.java:69)<br />
                      org.openqa.selenium.remote.RemoteWebDriver.execute(RemoteWebDriver.java:604)<br />
                      io.appium.java_client.DefaultGenericMobileDriver.execute(DefaultGenericMobileDriver.java:40)<br />
                      io.appium.java_client.AppiumDriver.execute(AppiumDriver.java:235)<br />
                      org.openqa.selenium.remote.RemoteWebDriver$RemoteWebDriverOptions$RemoteWindow.getSize(RemoteWebDriver.java:871)<br />
                      iOS.Utilities.Utility.swipeDown_Vertical(Unknown Source)<br />
                      iOS.UI_Catalog.scripts.Test_12_UI_Catalog_TextView.test_12_UI_Catalog_TextView(Unknown Source)<br />
                      sun.reflect.NativeMethodAccessorImpl.invoke0(Native Method)<br />
                      sun.reflect.NativeMethodAccessorImpl.invoke(NativeMethodAccessorImpl.java:62)<br />
                      sun.reflect.DelegatingMethodAccessorImpl.invoke(DelegatingMethodAccessorImpl.java:43)<br />
                      java.lang.reflect.Method.invoke(Method.java:498)<br />
                      org.testng.internal.MethodInvocationHelper.invokeMethod(MethodInvocationHelper.java:104)<br />
                      org.testng.internal.Invoker.invokeMethod(Invoker.java:645)<br />
                      org.testng.internal.Invoker.invokeTestMethod(Invoker.java:851)<br />
                      org.testng.internal.Invoker.invokeTestMethods(Invoker.java:1177)<br />
                      org.testng.internal.TestMethodWorker.invokeTestMethods(TestMethodWorker.java:129)<br />
                      org.testng.internal.TestMethodWorker.run(TestMethodWorker.java:112)<br />
                      org.testng.TestRunner.privateRun(TestRunner.java:756)<br />
                      org.testng.TestRunner.run(TestRunner.java:610)<br />
                      org.testng.SuiteRunner.runTest(SuiteRunner.java:387)<br />
                      org.testng.SuiteRunner.runSequentially(SuiteRunner.java:382)<br />
                      org.testng.SuiteRunner.privateRun(SuiteRunner.java:340)<br />
                      org.testng.SuiteRunner.run(SuiteRunner.java:289)<br />
                      org.testng.SuiteRunnerWorker.runSuite(SuiteRunnerWorker.java:52)<br />
                      org.testng.SuiteRunnerWorker.run(SuiteRunnerWorker.java:86)<br />
                      org.testng.TestNG.runSuitesSequentially(TestNG.java:1293)<br />
                      org.testng.TestNG.runSuitesSequentially(TestNG.java:1289)<br />
                      org.testng.TestNG.runSuitesLocally(TestNG.java:1218)<br />
                      org.testng.TestNG.runSuites(TestNG.java:1133)<br />
                      org.testng.TestNG.run(TestNG.java:1104)<br />
                      org.testng.TestNG.privateMain(TestNG.java:1434)<br />
                      org.testng.TestNG.main(TestNG.java:1403)<br />
                  </div>
              <b>Caused by: </b> <a href="javascript:toggleElement('exception-19', 'block')" title="Click to expand/collapse">java.net.ConnectException: Connection refused (Connection refused)</a><br />
        <div class="stackTrace" id="exception-19">
                      java.net.PlainSocketImpl.socketConnect(Native Method)<br />
                      java.net.AbstractPlainSocketImpl.doConnect(AbstractPlainSocketImpl.java:350)<br />
                      java.net.AbstractPlainSocketImpl.connectToAddress(AbstractPlainSocketImpl.java:206)<br />
                      java.net.AbstractPlainSocketImpl.connect(AbstractPlainSocketImpl.java:188)<br />
                      java.net.SocksSocketImpl.connect(SocksSocketImpl.java:392)<br />
                      java.net.Socket.connect(Socket.java:589)<br />
                      org.apache.http.conn.socket.PlainConnectionSocketFactory.connectSocket(PlainConnectionSocketFactory.java:74)<br />
                      org.apache.http.impl.conn.DefaultHttpClientConnectionOperator.connect(DefaultHttpClientConnectionOperator.java:141)<br />
                      org.apache.http.impl.conn.PoolingHttpClientConnectionManager.connect(PoolingHttpClientConnectionManager.java:353)<br />
                      org.apache.http.impl.execchain.MainClientExec.establishRoute(MainClientExec.java:380)<br />
                      org.apache.http.impl.execchain.MainClientExec.execute(MainClientExec.java:236)<br />
                      org.apache.http.impl.execchain.ProtocolExec.execute(ProtocolExec.java:184)<br />
                      org.apache.http.impl.execchain.RetryExec.execute(RetryExec.java:88)<br />
                      org.apache.http.impl.execchain.RedirectExec.execute(RedirectExec.java:110)<br />
                      org.apache.http.impl.client.InternalHttpClient.doExecute(InternalHttpClient.java:184)<br />
                      org.apache.http.impl.client.CloseableHttpClient.execute(CloseableHttpClient.java:71)<br />
                      org.apache.http.impl.client.CloseableHttpClient.execute(CloseableHttpClient.java:55)<br />
                      org.openqa.selenium.remote.internal.ApacheHttpClient.fallBackExecute(ApacheHttpClient.java:142)<br />
                      org.openqa.selenium.remote.internal.ApacheHttpClient.execute(ApacheHttpClient.java:88)<br />
                      org.openqa.selenium.remote.HttpCommandExecutor.execute(HttpCommandExecutor.java:160)<br />
                      io.appium.java_client.remote.AppiumCommandExecutor.execute(AppiumCommandExecutor.java:69)<br />
                      org.openqa.selenium.remote.RemoteWebDriver.execute(RemoteWebDriver.java:604)<br />
                      io.appium.java_client.DefaultGenericMobileDriver.execute(DefaultGenericMobileDriver.java:40)<br />
                      io.appium.java_client.AppiumDriver.execute(AppiumDriver.java:235)<br />
                      org.openqa.selenium.remote.RemoteWebDriver$RemoteWebDriverOptions$RemoteWindow.getSize(RemoteWebDriver.java:871)<br />
                      iOS.Utilities.Utility.swipeDown_Vertical(Unknown Source)<br />
                      iOS.UI_Catalog.scripts.Test_12_UI_Catalog_TextView.test_12_UI_Catalog_TextView(Unknown Source)<br />
                      sun.reflect.NativeMethodAccessorImpl.invoke0(Native Method)<br />
                      sun.reflect.NativeMethodAccessorImpl.invoke(NativeMethodAccessorImpl.java:62)<br />
                      sun.reflect.DelegatingMethodAccessorImpl.invoke(DelegatingMethodAccessorImpl.java:43)<br />
                      java.lang.reflect.Method.invoke(Method.java:498)<br />
                      org.testng.internal.MethodInvocationHelper.invokeMethod(MethodInvocationHelper.java:104)<br />
                      org.testng.internal.Invoker.invokeMethod(Invoker.java:645)<br />
                      org.testng.internal.Invoker.invokeTestMethod(Invoker.java:851)<br />
                      org.testng.internal.Invoker.invokeTestMethods(Invoker.java:1177)<br />
                      org.testng.internal.TestMethodWorker.invokeTestMethods(TestMethodWorker.java:129)<br />
                      org.testng.internal.TestMethodWorker.run(TestMethodWorker.java:112)<br />
                      org.testng.TestRunner.privateRun(TestRunner.java:756)<br />
                      org.testng.TestRunner.run(TestRunner.java:610)<br />
                      org.testng.SuiteRunner.runTest(SuiteRunner.java:387)<br />
                      org.testng.SuiteRunner.runSequentially(SuiteRunner.java:382)<br />
                      org.testng.SuiteRunner.privateRun(SuiteRunner.java:340)<br />
                      org.testng.SuiteRunner.run(SuiteRunner.java:289)<br />
                      org.testng.SuiteRunnerWorker.runSuite(SuiteRunnerWorker.java:52)<br />
                      org.testng.SuiteRunnerWorker.run(SuiteRunnerWorker.java:86)<br />
                      org.testng.TestNG.runSuitesSequentially(TestNG.java:1293)<br />
                      org.testng.TestNG.runSuitesSequentially(TestNG.java:1289)<br />
                      org.testng.TestNG.runSuitesLocally(TestNG.java:1218)<br />
                      org.testng.TestNG.runSuites(TestNG.java:1133)<br />
                      org.testng.TestNG.run(TestNG.java:1104)<br />
                      org.testng.TestNG.privateMain(TestNG.java:1434)<br />
                      org.testng.TestNG.main(TestNG.java:1403)<br />
                  </div>
          </div>
      </td>
</tr>
          <tr>
        <td colspan="3" class="group">iOS.UI_Catalog.scripts.Test_13_UI_Catalog_SearchBars</td>
      </tr>
            
<tr>
  <td class="method">
                  test_13_UI_Catalog_TextView
      </td>
  <td class="duration">
    0.001s
  </td>
  <td class="result">
        
          <i>Method arguments: </i><span class="arguments">{Script_name=Test_13_UI_Catalog_SearchBars, TestData_2=, TestData_1=Hello_There, TestData_10=, TestData_11=, TestData_12=, TestData_13=, TestData_14=, TestData_4=, TestData_3=, TestData_6=, TestData_5=, TestData_8=, TestData_7=, TestData_9=}</span><br />
    
            <div class="testOutput">
                        01_02_2018_08_41_13_426 -&nbsp; Started Test : test_13_UI_Catalog_TextView<br />
                                01_02_2018_08_41_13_428 -&nbsp; Test Failed : test_13_UI_Catalog_TextView<br />
                  </div>
    

        <a href="javascript:toggleElement('exception-20', 'block')" title="Click to expand/collapse"><b>org.openqa.selenium.WebDriverException: org.apache.http.conn.HttpHostConnectException: Connect to 127.0.0.1:4723 [/127.0.0.1] failed: Connection refused (Connection refused)<br/>
Build info: version: &apos;3.3.1&apos;, revision: &apos;5234b32&apos;, time: &apos;2017-03-10 09:04:52 -0800&apos;<br/>
System info: host: &apos;Sambeets-MacBook-Air.local&apos;, ip: &apos;fe80:0:0:0:c4:4fd:8ddb:f3db%en0&apos;, os.name: &apos;Mac OS X&apos;, os.arch: &apos;x86_64&apos;, os.version: &apos;10.13.2&apos;, java.version: &apos;1.8.0_131&apos;<br/>
Driver info: driver.version: AppiumDriver</b></a><br />
    <div class="stackTrace" id="exception-20">
              io.appium.java_client.remote.AppiumCommandExecutor.execute(AppiumCommandExecutor.java:84)<br />
              org.openqa.selenium.remote.RemoteWebDriver.execute(RemoteWebDriver.java:604)<br />
              io.appium.java_client.DefaultGenericMobileDriver.execute(DefaultGenericMobileDriver.java:40)<br />
              io.appium.java_client.AppiumDriver.execute(AppiumDriver.java:235)<br />
              org.openqa.selenium.remote.RemoteWebDriver$RemoteWebDriverOptions$RemoteWindow.getSize(RemoteWebDriver.java:871)<br />
              iOS.Utilities.Utility.swipeDown_Vertical(Unknown Source)<br />
              iOS.UI_Catalog.scripts.Test_13_UI_Catalog_SearchBars.test_13_UI_Catalog_TextView(Unknown Source)<br />
              sun.reflect.NativeMethodAccessorImpl.invoke0(Native Method)<br />
              sun.reflect.NativeMethodAccessorImpl.invoke(NativeMethodAccessorImpl.java:62)<br />
              sun.reflect.DelegatingMethodAccessorImpl.invoke(DelegatingMethodAccessorImpl.java:43)<br />
              java.lang.reflect.Method.invoke(Method.java:498)<br />
              org.testng.internal.MethodInvocationHelper.invokeMethod(MethodInvocationHelper.java:104)<br />
              org.testng.internal.Invoker.invokeMethod(Invoker.java:645)<br />
              org.testng.internal.Invoker.invokeTestMethod(Invoker.java:851)<br />
              org.testng.internal.Invoker.invokeTestMethods(Invoker.java:1177)<br />
              org.testng.internal.TestMethodWorker.invokeTestMethods(TestMethodWorker.java:129)<br />
              org.testng.internal.TestMethodWorker.run(TestMethodWorker.java:112)<br />
              org.testng.TestRunner.privateRun(TestRunner.java:756)<br />
              org.testng.TestRunner.run(TestRunner.java:610)<br />
              org.testng.SuiteRunner.runTest(SuiteRunner.java:387)<br />
              org.testng.SuiteRunner.runSequentially(SuiteRunner.java:382)<br />
              org.testng.SuiteRunner.privateRun(SuiteRunner.java:340)<br />
              org.testng.SuiteRunner.run(SuiteRunner.java:289)<br />
              org.testng.SuiteRunnerWorker.runSuite(SuiteRunnerWorker.java:52)<br />
              org.testng.SuiteRunnerWorker.run(SuiteRunnerWorker.java:86)<br />
              org.testng.TestNG.runSuitesSequentially(TestNG.java:1293)<br />
              org.testng.TestNG.runSuitesSequentially(TestNG.java:1289)<br />
              org.testng.TestNG.runSuitesLocally(TestNG.java:1218)<br />
              org.testng.TestNG.runSuites(TestNG.java:1133)<br />
              org.testng.TestNG.run(TestNG.java:1104)<br />
              org.testng.TestNG.privateMain(TestNG.java:1434)<br />
              org.testng.TestNG.main(TestNG.java:1403)<br />
                    <b>Caused by: </b> <a href="javascript:toggleElement('exception-21', 'block')" title="Click to expand/collapse">org.apache.http.conn.HttpHostConnectException: Connect to 127.0.0.1:4723 [/127.0.0.1] failed: Connection refused (Connection refused)</a><br />
        <div class="stackTrace" id="exception-21">
                      org.apache.http.impl.conn.DefaultHttpClientConnectionOperator.connect(DefaultHttpClientConnectionOperator.java:158)<br />
                      org.apache.http.impl.conn.PoolingHttpClientConnectionManager.connect(PoolingHttpClientConnectionManager.java:353)<br />
                      org.apache.http.impl.execchain.MainClientExec.establishRoute(MainClientExec.java:380)<br />
                      org.apache.http.impl.execchain.MainClientExec.execute(MainClientExec.java:236)<br />
                      org.apache.http.impl.execchain.ProtocolExec.execute(ProtocolExec.java:184)<br />
                      org.apache.http.impl.execchain.RetryExec.execute(RetryExec.java:88)<br />
                      org.apache.http.impl.execchain.RedirectExec.execute(RedirectExec.java:110)<br />
                      org.apache.http.impl.client.InternalHttpClient.doExecute(InternalHttpClient.java:184)<br />
                      org.apache.http.impl.client.CloseableHttpClient.execute(CloseableHttpClient.java:71)<br />
                      org.apache.http.impl.client.CloseableHttpClient.execute(CloseableHttpClient.java:55)<br />
                      org.openqa.selenium.remote.internal.ApacheHttpClient.fallBackExecute(ApacheHttpClient.java:142)<br />
                      org.openqa.selenium.remote.internal.ApacheHttpClient.execute(ApacheHttpClient.java:88)<br />
                      org.openqa.selenium.remote.HttpCommandExecutor.execute(HttpCommandExecutor.java:160)<br />
                      io.appium.java_client.remote.AppiumCommandExecutor.execute(AppiumCommandExecutor.java:69)<br />
                      org.openqa.selenium.remote.RemoteWebDriver.execute(RemoteWebDriver.java:604)<br />
                      io.appium.java_client.DefaultGenericMobileDriver.execute(DefaultGenericMobileDriver.java:40)<br />
                      io.appium.java_client.AppiumDriver.execute(AppiumDriver.java:235)<br />
                      org.openqa.selenium.remote.RemoteWebDriver$RemoteWebDriverOptions$RemoteWindow.getSize(RemoteWebDriver.java:871)<br />
                      iOS.Utilities.Utility.swipeDown_Vertical(Unknown Source)<br />
                      iOS.UI_Catalog.scripts.Test_13_UI_Catalog_SearchBars.test_13_UI_Catalog_TextView(Unknown Source)<br />
                      sun.reflect.NativeMethodAccessorImpl.invoke0(Native Method)<br />
                      sun.reflect.NativeMethodAccessorImpl.invoke(NativeMethodAccessorImpl.java:62)<br />
                      sun.reflect.DelegatingMethodAccessorImpl.invoke(DelegatingMethodAccessorImpl.java:43)<br />
                      java.lang.reflect.Method.invoke(Method.java:498)<br />
                      org.testng.internal.MethodInvocationHelper.invokeMethod(MethodInvocationHelper.java:104)<br />
                      org.testng.internal.Invoker.invokeMethod(Invoker.java:645)<br />
                      org.testng.internal.Invoker.invokeTestMethod(Invoker.java:851)<br />
                      org.testng.internal.Invoker.invokeTestMethods(Invoker.java:1177)<br />
                      org.testng.internal.TestMethodWorker.invokeTestMethods(TestMethodWorker.java:129)<br />
                      org.testng.internal.TestMethodWorker.run(TestMethodWorker.java:112)<br />
                      org.testng.TestRunner.privateRun(TestRunner.java:756)<br />
                      org.testng.TestRunner.run(TestRunner.java:610)<br />
                      org.testng.SuiteRunner.runTest(SuiteRunner.java:387)<br />
                      org.testng.SuiteRunner.runSequentially(SuiteRunner.java:382)<br />
                      org.testng.SuiteRunner.privateRun(SuiteRunner.java:340)<br />
                      org.testng.SuiteRunner.run(SuiteRunner.java:289)<br />
                      org.testng.SuiteRunnerWorker.runSuite(SuiteRunnerWorker.java:52)<br />
                      org.testng.SuiteRunnerWorker.run(SuiteRunnerWorker.java:86)<br />
                      org.testng.TestNG.runSuitesSequentially(TestNG.java:1293)<br />
                      org.testng.TestNG.runSuitesSequentially(TestNG.java:1289)<br />
                      org.testng.TestNG.runSuitesLocally(TestNG.java:1218)<br />
                      org.testng.TestNG.runSuites(TestNG.java:1133)<br />
                      org.testng.TestNG.run(TestNG.java:1104)<br />
                      org.testng.TestNG.privateMain(TestNG.java:1434)<br />
                      org.testng.TestNG.main(TestNG.java:1403)<br />
                  </div>
              <b>Caused by: </b> <a href="javascript:toggleElement('exception-22', 'block')" title="Click to expand/collapse">java.net.ConnectException: Connection refused (Connection refused)</a><br />
        <div class="stackTrace" id="exception-22">
                      java.net.PlainSocketImpl.socketConnect(Native Method)<br />
                      java.net.AbstractPlainSocketImpl.doConnect(AbstractPlainSocketImpl.java:350)<br />
                      java.net.AbstractPlainSocketImpl.connectToAddress(AbstractPlainSocketImpl.java:206)<br />
                      java.net.AbstractPlainSocketImpl.connect(AbstractPlainSocketImpl.java:188)<br />
                      java.net.SocksSocketImpl.connect(SocksSocketImpl.java:392)<br />
                      java.net.Socket.connect(Socket.java:589)<br />
                      org.apache.http.conn.socket.PlainConnectionSocketFactory.connectSocket(PlainConnectionSocketFactory.java:74)<br />
                      org.apache.http.impl.conn.DefaultHttpClientConnectionOperator.connect(DefaultHttpClientConnectionOperator.java:141)<br />
                      org.apache.http.impl.conn.PoolingHttpClientConnectionManager.connect(PoolingHttpClientConnectionManager.java:353)<br />
                      org.apache.http.impl.execchain.MainClientExec.establishRoute(MainClientExec.java:380)<br />
                      org.apache.http.impl.execchain.MainClientExec.execute(MainClientExec.java:236)<br />
                      org.apache.http.impl.execchain.ProtocolExec.execute(ProtocolExec.java:184)<br />
                      org.apache.http.impl.execchain.RetryExec.execute(RetryExec.java:88)<br />
                      org.apache.http.impl.execchain.RedirectExec.execute(RedirectExec.java:110)<br />
                      org.apache.http.impl.client.InternalHttpClient.doExecute(InternalHttpClient.java:184)<br />
                      org.apache.http.impl.client.CloseableHttpClient.execute(CloseableHttpClient.java:71)<br />
                      org.apache.http.impl.client.CloseableHttpClient.execute(CloseableHttpClient.java:55)<br />
                      org.openqa.selenium.remote.internal.ApacheHttpClient.fallBackExecute(ApacheHttpClient.java:142)<br />
                      org.openqa.selenium.remote.internal.ApacheHttpClient.execute(ApacheHttpClient.java:88)<br />
                      org.openqa.selenium.remote.HttpCommandExecutor.execute(HttpCommandExecutor.java:160)<br />
                      io.appium.java_client.remote.AppiumCommandExecutor.execute(AppiumCommandExecutor.java:69)<br />
                      org.openqa.selenium.remote.RemoteWebDriver.execute(RemoteWebDriver.java:604)<br />
                      io.appium.java_client.DefaultGenericMobileDriver.execute(DefaultGenericMobileDriver.java:40)<br />
                      io.appium.java_client.AppiumDriver.execute(AppiumDriver.java:235)<br />
                      org.openqa.selenium.remote.RemoteWebDriver$RemoteWebDriverOptions$RemoteWindow.getSize(RemoteWebDriver.java:871)<br />
                      iOS.Utilities.Utility.swipeDown_Vertical(Unknown Source)<br />
                      iOS.UI_Catalog.scripts.Test_13_UI_Catalog_SearchBars.test_13_UI_Catalog_TextView(Unknown Source)<br />
                      sun.reflect.NativeMethodAccessorImpl.invoke0(Native Method)<br />
                      sun.reflect.NativeMethodAccessorImpl.invoke(NativeMethodAccessorImpl.java:62)<br />
                      sun.reflect.DelegatingMethodAccessorImpl.invoke(DelegatingMethodAccessorImpl.java:43)<br />
                      java.lang.reflect.Method.invoke(Method.java:498)<br />
                      org.testng.internal.MethodInvocationHelper.invokeMethod(MethodInvocationHelper.java:104)<br />
                      org.testng.internal.Invoker.invokeMethod(Invoker.java:645)<br />
                      org.testng.internal.Invoker.invokeTestMethod(Invoker.java:851)<br />
                      org.testng.internal.Invoker.invokeTestMethods(Invoker.java:1177)<br />
                      org.testng.internal.TestMethodWorker.invokeTestMethods(TestMethodWorker.java:129)<br />
                      org.testng.internal.TestMethodWorker.run(TestMethodWorker.java:112)<br />
                      org.testng.TestRunner.privateRun(TestRunner.java:756)<br />
                      org.testng.TestRunner.run(TestRunner.java:610)<br />
                      org.testng.SuiteRunner.runTest(SuiteRunner.java:387)<br />
                      org.testng.SuiteRunner.runSequentially(SuiteRunner.java:382)<br />
                      org.testng.SuiteRunner.privateRun(SuiteRunner.java:340)<br />
                      org.testng.SuiteRunner.run(SuiteRunner.java:289)<br />
                      org.testng.SuiteRunnerWorker.runSuite(SuiteRunnerWorker.java:52)<br />
                      org.testng.SuiteRunnerWorker.run(SuiteRunnerWorker.java:86)<br />
                      org.testng.TestNG.runSuitesSequentially(TestNG.java:1293)<br />
                      org.testng.TestNG.runSuitesSequentially(TestNG.java:1289)<br />
                      org.testng.TestNG.runSuitesLocally(TestNG.java:1218)<br />
                      org.testng.TestNG.runSuites(TestNG.java:1133)<br />
                      org.testng.TestNG.run(TestNG.java:1104)<br />
                      org.testng.TestNG.privateMain(TestNG.java:1434)<br />
                      org.testng.TestNG.main(TestNG.java:1403)<br />
                  </div>
          </div>
      </td>
</tr>
          <tr>
        <td colspan="3" class="group">iOS.UI_Catalog.scripts.Test_14_UI_Catalog_ToolBars</td>
      </tr>
            
<tr>
  <td class="method">
                  test_14_UI_Catalog_ToolBars
      </td>
  <td class="duration">
    0.002s
  </td>
  <td class="result">
        
    
            <div class="testOutput">
                        01_02_2018_08_41_13_445 -&nbsp; Started Test : test_14_UI_Catalog_ToolBars<br />
                                01_02_2018_08_41_13_447 -&nbsp; Test Failed : test_14_UI_Catalog_ToolBars<br />
                  </div>
    

        <a href="javascript:toggleElement('exception-23', 'block')" title="Click to expand/collapse"><b>org.openqa.selenium.WebDriverException: org.apache.http.conn.HttpHostConnectException: Connect to 127.0.0.1:4723 [/127.0.0.1] failed: Connection refused (Connection refused)<br/>
Build info: version: &apos;3.3.1&apos;, revision: &apos;5234b32&apos;, time: &apos;2017-03-10 09:04:52 -0800&apos;<br/>
System info: host: &apos;Sambeets-MacBook-Air.local&apos;, ip: &apos;fe80:0:0:0:c4:4fd:8ddb:f3db%en0&apos;, os.name: &apos;Mac OS X&apos;, os.arch: &apos;x86_64&apos;, os.version: &apos;10.13.2&apos;, java.version: &apos;1.8.0_131&apos;<br/>
Driver info: driver.version: AppiumDriver</b></a><br />
    <div class="stackTrace" id="exception-23">
              io.appium.java_client.remote.AppiumCommandExecutor.execute(AppiumCommandExecutor.java:84)<br />
              org.openqa.selenium.remote.RemoteWebDriver.execute(RemoteWebDriver.java:604)<br />
              io.appium.java_client.DefaultGenericMobileDriver.execute(DefaultGenericMobileDriver.java:40)<br />
              io.appium.java_client.AppiumDriver.execute(AppiumDriver.java:235)<br />
              org.openqa.selenium.remote.RemoteWebDriver$RemoteWebDriverOptions$RemoteWindow.getSize(RemoteWebDriver.java:871)<br />
              iOS.Utilities.Utility.swipeDown_Vertical(Unknown Source)<br />
              iOS.UI_Catalog.scripts.Test_14_UI_Catalog_ToolBars.test_14_UI_Catalog_ToolBars(Unknown Source)<br />
              sun.reflect.NativeMethodAccessorImpl.invoke0(Native Method)<br />
              sun.reflect.NativeMethodAccessorImpl.invoke(NativeMethodAccessorImpl.java:62)<br />
              sun.reflect.DelegatingMethodAccessorImpl.invoke(DelegatingMethodAccessorImpl.java:43)<br />
              java.lang.reflect.Method.invoke(Method.java:498)<br />
              org.testng.internal.MethodInvocationHelper.invokeMethod(MethodInvocationHelper.java:104)<br />
              org.testng.internal.Invoker.invokeMethod(Invoker.java:645)<br />
              org.testng.internal.Invoker.invokeTestMethod(Invoker.java:851)<br />
              org.testng.internal.Invoker.invokeTestMethods(Invoker.java:1177)<br />
              org.testng.internal.TestMethodWorker.invokeTestMethods(TestMethodWorker.java:129)<br />
              org.testng.internal.TestMethodWorker.run(TestMethodWorker.java:112)<br />
              org.testng.TestRunner.privateRun(TestRunner.java:756)<br />
              org.testng.TestRunner.run(TestRunner.java:610)<br />
              org.testng.SuiteRunner.runTest(SuiteRunner.java:387)<br />
              org.testng.SuiteRunner.runSequentially(SuiteRunner.java:382)<br />
              org.testng.SuiteRunner.privateRun(SuiteRunner.java:340)<br />
              org.testng.SuiteRunner.run(SuiteRunner.java:289)<br />
              org.testng.SuiteRunnerWorker.runSuite(SuiteRunnerWorker.java:52)<br />
              org.testng.SuiteRunnerWorker.run(SuiteRunnerWorker.java:86)<br />
              org.testng.TestNG.runSuitesSequentially(TestNG.java:1293)<br />
              org.testng.TestNG.runSuitesSequentially(TestNG.java:1289)<br />
              org.testng.TestNG.runSuitesLocally(TestNG.java:1218)<br />
              org.testng.TestNG.runSuites(TestNG.java:1133)<br />
              org.testng.TestNG.run(TestNG.java:1104)<br />
              org.testng.TestNG.privateMain(TestNG.java:1434)<br />
              org.testng.TestNG.main(TestNG.java:1403)<br />
                    <b>Caused by: </b> <a href="javascript:toggleElement('exception-24', 'block')" title="Click to expand/collapse">org.apache.http.conn.HttpHostConnectException: Connect to 127.0.0.1:4723 [/127.0.0.1] failed: Connection refused (Connection refused)</a><br />
        <div class="stackTrace" id="exception-24">
                      org.apache.http.impl.conn.DefaultHttpClientConnectionOperator.connect(DefaultHttpClientConnectionOperator.java:158)<br />
                      org.apache.http.impl.conn.PoolingHttpClientConnectionManager.connect(PoolingHttpClientConnectionManager.java:353)<br />
                      org.apache.http.impl.execchain.MainClientExec.establishRoute(MainClientExec.java:380)<br />
                      org.apache.http.impl.execchain.MainClientExec.execute(MainClientExec.java:236)<br />
                      org.apache.http.impl.execchain.ProtocolExec.execute(ProtocolExec.java:184)<br />
                      org.apache.http.impl.execchain.RetryExec.execute(RetryExec.java:88)<br />
                      org.apache.http.impl.execchain.RedirectExec.execute(RedirectExec.java:110)<br />
                      org.apache.http.impl.client.InternalHttpClient.doExecute(InternalHttpClient.java:184)<br />
                      org.apache.http.impl.client.CloseableHttpClient.execute(CloseableHttpClient.java:71)<br />
                      org.apache.http.impl.client.CloseableHttpClient.execute(CloseableHttpClient.java:55)<br />
                      org.openqa.selenium.remote.internal.ApacheHttpClient.fallBackExecute(ApacheHttpClient.java:142)<br />
                      org.openqa.selenium.remote.internal.ApacheHttpClient.execute(ApacheHttpClient.java:88)<br />
                      org.openqa.selenium.remote.HttpCommandExecutor.execute(HttpCommandExecutor.java:160)<br />
                      io.appium.java_client.remote.AppiumCommandExecutor.execute(AppiumCommandExecutor.java:69)<br />
                      org.openqa.selenium.remote.RemoteWebDriver.execute(RemoteWebDriver.java:604)<br />
                      io.appium.java_client.DefaultGenericMobileDriver.execute(DefaultGenericMobileDriver.java:40)<br />
                      io.appium.java_client.AppiumDriver.execute(AppiumDriver.java:235)<br />
                      org.openqa.selenium.remote.RemoteWebDriver$RemoteWebDriverOptions$RemoteWindow.getSize(RemoteWebDriver.java:871)<br />
                      iOS.Utilities.Utility.swipeDown_Vertical(Unknown Source)<br />
                      iOS.UI_Catalog.scripts.Test_14_UI_Catalog_ToolBars.test_14_UI_Catalog_ToolBars(Unknown Source)<br />
                      sun.reflect.NativeMethodAccessorImpl.invoke0(Native Method)<br />
                      sun.reflect.NativeMethodAccessorImpl.invoke(NativeMethodAccessorImpl.java:62)<br />
                      sun.reflect.DelegatingMethodAccessorImpl.invoke(DelegatingMethodAccessorImpl.java:43)<br />
                      java.lang.reflect.Method.invoke(Method.java:498)<br />
                      org.testng.internal.MethodInvocationHelper.invokeMethod(MethodInvocationHelper.java:104)<br />
                      org.testng.internal.Invoker.invokeMethod(Invoker.java:645)<br />
                      org.testng.internal.Invoker.invokeTestMethod(Invoker.java:851)<br />
                      org.testng.internal.Invoker.invokeTestMethods(Invoker.java:1177)<br />
                      org.testng.internal.TestMethodWorker.invokeTestMethods(TestMethodWorker.java:129)<br />
                      org.testng.internal.TestMethodWorker.run(TestMethodWorker.java:112)<br />
                      org.testng.TestRunner.privateRun(TestRunner.java:756)<br />
                      org.testng.TestRunner.run(TestRunner.java:610)<br />
                      org.testng.SuiteRunner.runTest(SuiteRunner.java:387)<br />
                      org.testng.SuiteRunner.runSequentially(SuiteRunner.java:382)<br />
                      org.testng.SuiteRunner.privateRun(SuiteRunner.java:340)<br />
                      org.testng.SuiteRunner.run(SuiteRunner.java:289)<br />
                      org.testng.SuiteRunnerWorker.runSuite(SuiteRunnerWorker.java:52)<br />
                      org.testng.SuiteRunnerWorker.run(SuiteRunnerWorker.java:86)<br />
                      org.testng.TestNG.runSuitesSequentially(TestNG.java:1293)<br />
                      org.testng.TestNG.runSuitesSequentially(TestNG.java:1289)<br />
                      org.testng.TestNG.runSuitesLocally(TestNG.java:1218)<br />
                      org.testng.TestNG.runSuites(TestNG.java:1133)<br />
                      org.testng.TestNG.run(TestNG.java:1104)<br />
                      org.testng.TestNG.privateMain(TestNG.java:1434)<br />
                      org.testng.TestNG.main(TestNG.java:1403)<br />
                  </div>
              <b>Caused by: </b> <a href="javascript:toggleElement('exception-25', 'block')" title="Click to expand/collapse">java.net.ConnectException: Connection refused (Connection refused)</a><br />
        <div class="stackTrace" id="exception-25">
                      java.net.PlainSocketImpl.socketConnect(Native Method)<br />
                      java.net.AbstractPlainSocketImpl.doConnect(AbstractPlainSocketImpl.java:350)<br />
                      java.net.AbstractPlainSocketImpl.connectToAddress(AbstractPlainSocketImpl.java:206)<br />
                      java.net.AbstractPlainSocketImpl.connect(AbstractPlainSocketImpl.java:188)<br />
                      java.net.SocksSocketImpl.connect(SocksSocketImpl.java:392)<br />
                      java.net.Socket.connect(Socket.java:589)<br />
                      org.apache.http.conn.socket.PlainConnectionSocketFactory.connectSocket(PlainConnectionSocketFactory.java:74)<br />
                      org.apache.http.impl.conn.DefaultHttpClientConnectionOperator.connect(DefaultHttpClientConnectionOperator.java:141)<br />
                      org.apache.http.impl.conn.PoolingHttpClientConnectionManager.connect(PoolingHttpClientConnectionManager.java:353)<br />
                      org.apache.http.impl.execchain.MainClientExec.establishRoute(MainClientExec.java:380)<br />
                      org.apache.http.impl.execchain.MainClientExec.execute(MainClientExec.java:236)<br />
                      org.apache.http.impl.execchain.ProtocolExec.execute(ProtocolExec.java:184)<br />
                      org.apache.http.impl.execchain.RetryExec.execute(RetryExec.java:88)<br />
                      org.apache.http.impl.execchain.RedirectExec.execute(RedirectExec.java:110)<br />
                      org.apache.http.impl.client.InternalHttpClient.doExecute(InternalHttpClient.java:184)<br />
                      org.apache.http.impl.client.CloseableHttpClient.execute(CloseableHttpClient.java:71)<br />
                      org.apache.http.impl.client.CloseableHttpClient.execute(CloseableHttpClient.java:55)<br />
                      org.openqa.selenium.remote.internal.ApacheHttpClient.fallBackExecute(ApacheHttpClient.java:142)<br />
                      org.openqa.selenium.remote.internal.ApacheHttpClient.execute(ApacheHttpClient.java:88)<br />
                      org.openqa.selenium.remote.HttpCommandExecutor.execute(HttpCommandExecutor.java:160)<br />
                      io.appium.java_client.remote.AppiumCommandExecutor.execute(AppiumCommandExecutor.java:69)<br />
                      org.openqa.selenium.remote.RemoteWebDriver.execute(RemoteWebDriver.java:604)<br />
                      io.appium.java_client.DefaultGenericMobileDriver.execute(DefaultGenericMobileDriver.java:40)<br />
                      io.appium.java_client.AppiumDriver.execute(AppiumDriver.java:235)<br />
                      org.openqa.selenium.remote.RemoteWebDriver$RemoteWebDriverOptions$RemoteWindow.getSize(RemoteWebDriver.java:871)<br />
                      iOS.Utilities.Utility.swipeDown_Vertical(Unknown Source)<br />
                      iOS.UI_Catalog.scripts.Test_14_UI_Catalog_ToolBars.test_14_UI_Catalog_ToolBars(Unknown Source)<br />
                      sun.reflect.NativeMethodAccessorImpl.invoke0(Native Method)<br />
                      sun.reflect.NativeMethodAccessorImpl.invoke(NativeMethodAccessorImpl.java:62)<br />
                      sun.reflect.DelegatingMethodAccessorImpl.invoke(DelegatingMethodAccessorImpl.java:43)<br />
                      java.lang.reflect.Method.invoke(Method.java:498)<br />
                      org.testng.internal.MethodInvocationHelper.invokeMethod(MethodInvocationHelper.java:104)<br />
                      org.testng.internal.Invoker.invokeMethod(Invoker.java:645)<br />
                      org.testng.internal.Invoker.invokeTestMethod(Invoker.java:851)<br />
                      org.testng.internal.Invoker.invokeTestMethods(Invoker.java:1177)<br />
                      org.testng.internal.TestMethodWorker.invokeTestMethods(TestMethodWorker.java:129)<br />
                      org.testng.internal.TestMethodWorker.run(TestMethodWorker.java:112)<br />
                      org.testng.TestRunner.privateRun(TestRunner.java:756)<br />
                      org.testng.TestRunner.run(TestRunner.java:610)<br />
                      org.testng.SuiteRunner.runTest(SuiteRunner.java:387)<br />
                      org.testng.SuiteRunner.runSequentially(SuiteRunner.java:382)<br />
                      org.testng.SuiteRunner.privateRun(SuiteRunner.java:340)<br />
                      org.testng.SuiteRunner.run(SuiteRunner.java:289)<br />
                      org.testng.SuiteRunnerWorker.runSuite(SuiteRunnerWorker.java:52)<br />
                      org.testng.SuiteRunnerWorker.run(SuiteRunnerWorker.java:86)<br />
                      org.testng.TestNG.runSuitesSequentially(TestNG.java:1293)<br />
                      org.testng.TestNG.runSuitesSequentially(TestNG.java:1289)<br />
                      org.testng.TestNG.runSuitesLocally(TestNG.java:1218)<br />
                      org.testng.TestNG.runSuites(TestNG.java:1133)<br />
                      org.testng.TestNG.run(TestNG.java:1104)<br />
                      org.testng.TestNG.privateMain(TestNG.java:1434)<br />
                      org.testng.TestNG.main(TestNG.java:1403)<br />
                  </div>
          </div>
      </td>
</tr>
          <tr>
        <td colspan="3" class="group">iOS.UI_Catalog.scripts.Test_15_UI_Catalog_WebView</td>
      </tr>
            
<tr>
  <td class="method">
                  test_15_UI_Catalog_WebView
      </td>
  <td class="duration">
    0.001s
  </td>
  <td class="result">
        
          <i>Method arguments: </i><span class="arguments">{Script_name=Test_15_UI_Catalog_WebView, TestData_2=Printed Chiffon Dress, TestData_1=Printed Dress, TestData_10=, TestData_11=, TestData_12=, TestData_13=, TestData_14=, TestData_4=, TestData_3=, TestData_6=, TestData_5=, TestData_8=, TestData_7=, TestData_9=}</span><br />
    
            <div class="testOutput">
                        01_02_2018_08_41_13_460 -&nbsp; Started Test : test_15_UI_Catalog_WebView<br />
                                01_02_2018_08_41_13_461 -&nbsp; Test Failed : test_15_UI_Catalog_WebView<br />
                  </div>
    

        <a href="javascript:toggleElement('exception-26', 'block')" title="Click to expand/collapse"><b>org.openqa.selenium.WebDriverException: org.apache.http.conn.HttpHostConnectException: Connect to 127.0.0.1:4723 [/127.0.0.1] failed: Connection refused (Connection refused)<br/>
Build info: version: &apos;3.3.1&apos;, revision: &apos;5234b32&apos;, time: &apos;2017-03-10 09:04:52 -0800&apos;<br/>
System info: host: &apos;Sambeets-MacBook-Air.local&apos;, ip: &apos;fe80:0:0:0:c4:4fd:8ddb:f3db%en0&apos;, os.name: &apos;Mac OS X&apos;, os.arch: &apos;x86_64&apos;, os.version: &apos;10.13.2&apos;, java.version: &apos;1.8.0_131&apos;<br/>
Driver info: driver.version: AppiumDriver</b></a><br />
    <div class="stackTrace" id="exception-26">
              io.appium.java_client.remote.AppiumCommandExecutor.execute(AppiumCommandExecutor.java:84)<br />
              org.openqa.selenium.remote.RemoteWebDriver.execute(RemoteWebDriver.java:604)<br />
              io.appium.java_client.DefaultGenericMobileDriver.execute(DefaultGenericMobileDriver.java:40)<br />
              io.appium.java_client.AppiumDriver.execute(AppiumDriver.java:235)<br />
              org.openqa.selenium.remote.RemoteWebDriver$RemoteWebDriverOptions$RemoteWindow.getSize(RemoteWebDriver.java:871)<br />
              iOS.Utilities.Utility.swipeDown_Vertical(Unknown Source)<br />
              iOS.UI_Catalog.scripts.Test_15_UI_Catalog_WebView.test_15_UI_Catalog_WebView(Unknown Source)<br />
              sun.reflect.NativeMethodAccessorImpl.invoke0(Native Method)<br />
              sun.reflect.NativeMethodAccessorImpl.invoke(NativeMethodAccessorImpl.java:62)<br />
              sun.reflect.DelegatingMethodAccessorImpl.invoke(DelegatingMethodAccessorImpl.java:43)<br />
              java.lang.reflect.Method.invoke(Method.java:498)<br />
              org.testng.internal.MethodInvocationHelper.invokeMethod(MethodInvocationHelper.java:104)<br />
              org.testng.internal.Invoker.invokeMethod(Invoker.java:645)<br />
              org.testng.internal.Invoker.invokeTestMethod(Invoker.java:851)<br />
              org.testng.internal.Invoker.invokeTestMethods(Invoker.java:1177)<br />
              org.testng.internal.TestMethodWorker.invokeTestMethods(TestMethodWorker.java:129)<br />
              org.testng.internal.TestMethodWorker.run(TestMethodWorker.java:112)<br />
              org.testng.TestRunner.privateRun(TestRunner.java:756)<br />
              org.testng.TestRunner.run(TestRunner.java:610)<br />
              org.testng.SuiteRunner.runTest(SuiteRunner.java:387)<br />
              org.testng.SuiteRunner.runSequentially(SuiteRunner.java:382)<br />
              org.testng.SuiteRunner.privateRun(SuiteRunner.java:340)<br />
              org.testng.SuiteRunner.run(SuiteRunner.java:289)<br />
              org.testng.SuiteRunnerWorker.runSuite(SuiteRunnerWorker.java:52)<br />
              org.testng.SuiteRunnerWorker.run(SuiteRunnerWorker.java:86)<br />
              org.testng.TestNG.runSuitesSequentially(TestNG.java:1293)<br />
              org.testng.TestNG.runSuitesSequentially(TestNG.java:1289)<br />
              org.testng.TestNG.runSuitesLocally(TestNG.java:1218)<br />
              org.testng.TestNG.runSuites(TestNG.java:1133)<br />
              org.testng.TestNG.run(TestNG.java:1104)<br />
              org.testng.TestNG.privateMain(TestNG.java:1434)<br />
              org.testng.TestNG.main(TestNG.java:1403)<br />
                    <b>Caused by: </b> <a href="javascript:toggleElement('exception-27', 'block')" title="Click to expand/collapse">org.apache.http.conn.HttpHostConnectException: Connect to 127.0.0.1:4723 [/127.0.0.1] failed: Connection refused (Connection refused)</a><br />
        <div class="stackTrace" id="exception-27">
                      org.apache.http.impl.conn.DefaultHttpClientConnectionOperator.connect(DefaultHttpClientConnectionOperator.java:158)<br />
                      org.apache.http.impl.conn.PoolingHttpClientConnectionManager.connect(PoolingHttpClientConnectionManager.java:353)<br />
                      org.apache.http.impl.execchain.MainClientExec.establishRoute(MainClientExec.java:380)<br />
                      org.apache.http.impl.execchain.MainClientExec.execute(MainClientExec.java:236)<br />
                      org.apache.http.impl.execchain.ProtocolExec.execute(ProtocolExec.java:184)<br />
                      org.apache.http.impl.execchain.RetryExec.execute(RetryExec.java:88)<br />
                      org.apache.http.impl.execchain.RedirectExec.execute(RedirectExec.java:110)<br />
                      org.apache.http.impl.client.InternalHttpClient.doExecute(InternalHttpClient.java:184)<br />
                      org.apache.http.impl.client.CloseableHttpClient.execute(CloseableHttpClient.java:71)<br />
                      org.apache.http.impl.client.CloseableHttpClient.execute(CloseableHttpClient.java:55)<br />
                      org.openqa.selenium.remote.internal.ApacheHttpClient.fallBackExecute(ApacheHttpClient.java:142)<br />
                      org.openqa.selenium.remote.internal.ApacheHttpClient.execute(ApacheHttpClient.java:88)<br />
                      org.openqa.selenium.remote.HttpCommandExecutor.execute(HttpCommandExecutor.java:160)<br />
                      io.appium.java_client.remote.AppiumCommandExecutor.execute(AppiumCommandExecutor.java:69)<br />
                      org.openqa.selenium.remote.RemoteWebDriver.execute(RemoteWebDriver.java:604)<br />
                      io.appium.java_client.DefaultGenericMobileDriver.execute(DefaultGenericMobileDriver.java:40)<br />
                      io.appium.java_client.AppiumDriver.execute(AppiumDriver.java:235)<br />
                      org.openqa.selenium.remote.RemoteWebDriver$RemoteWebDriverOptions$RemoteWindow.getSize(RemoteWebDriver.java:871)<br />
                      iOS.Utilities.Utility.swipeDown_Vertical(Unknown Source)<br />
                      iOS.UI_Catalog.scripts.Test_15_UI_Catalog_WebView.test_15_UI_Catalog_WebView(Unknown Source)<br />
                      sun.reflect.NativeMethodAccessorImpl.invoke0(Native Method)<br />
                      sun.reflect.NativeMethodAccessorImpl.invoke(NativeMethodAccessorImpl.java:62)<br />
                      sun.reflect.DelegatingMethodAccessorImpl.invoke(DelegatingMethodAccessorImpl.java:43)<br />
                      java.lang.reflect.Method.invoke(Method.java:498)<br />
                      org.testng.internal.MethodInvocationHelper.invokeMethod(MethodInvocationHelper.java:104)<br />
                      org.testng.internal.Invoker.invokeMethod(Invoker.java:645)<br />
                      org.testng.internal.Invoker.invokeTestMethod(Invoker.java:851)<br />
                      org.testng.internal.Invoker.invokeTestMethods(Invoker.java:1177)<br />
                      org.testng.internal.TestMethodWorker.invokeTestMethods(TestMethodWorker.java:129)<br />
                      org.testng.internal.TestMethodWorker.run(TestMethodWorker.java:112)<br />
                      org.testng.TestRunner.privateRun(TestRunner.java:756)<br />
                      org.testng.TestRunner.run(TestRunner.java:610)<br />
                      org.testng.SuiteRunner.runTest(SuiteRunner.java:387)<br />
                      org.testng.SuiteRunner.runSequentially(SuiteRunner.java:382)<br />
                      org.testng.SuiteRunner.privateRun(SuiteRunner.java:340)<br />
                      org.testng.SuiteRunner.run(SuiteRunner.java:289)<br />
                      org.testng.SuiteRunnerWorker.runSuite(SuiteRunnerWorker.java:52)<br />
                      org.testng.SuiteRunnerWorker.run(SuiteRunnerWorker.java:86)<br />
                      org.testng.TestNG.runSuitesSequentially(TestNG.java:1293)<br />
                      org.testng.TestNG.runSuitesSequentially(TestNG.java:1289)<br />
                      org.testng.TestNG.runSuitesLocally(TestNG.java:1218)<br />
                      org.testng.TestNG.runSuites(TestNG.java:1133)<br />
                      org.testng.TestNG.run(TestNG.java:1104)<br />
                      org.testng.TestNG.privateMain(TestNG.java:1434)<br />
                      org.testng.TestNG.main(TestNG.java:1403)<br />
                  </div>
              <b>Caused by: </b> <a href="javascript:toggleElement('exception-28', 'block')" title="Click to expand/collapse">java.net.ConnectException: Connection refused (Connection refused)</a><br />
        <div class="stackTrace" id="exception-28">
                      java.net.PlainSocketImpl.socketConnect(Native Method)<br />
                      java.net.AbstractPlainSocketImpl.doConnect(AbstractPlainSocketImpl.java:350)<br />
                      java.net.AbstractPlainSocketImpl.connectToAddress(AbstractPlainSocketImpl.java:206)<br />
                      java.net.AbstractPlainSocketImpl.connect(AbstractPlainSocketImpl.java:188)<br />
                      java.net.SocksSocketImpl.connect(SocksSocketImpl.java:392)<br />
                      java.net.Socket.connect(Socket.java:589)<br />
                      org.apache.http.conn.socket.PlainConnectionSocketFactory.connectSocket(PlainConnectionSocketFactory.java:74)<br />
                      org.apache.http.impl.conn.DefaultHttpClientConnectionOperator.connect(DefaultHttpClientConnectionOperator.java:141)<br />
                      org.apache.http.impl.conn.PoolingHttpClientConnectionManager.connect(PoolingHttpClientConnectionManager.java:353)<br />
                      org.apache.http.impl.execchain.MainClientExec.establishRoute(MainClientExec.java:380)<br />
                      org.apache.http.impl.execchain.MainClientExec.execute(MainClientExec.java:236)<br />
                      org.apache.http.impl.execchain.ProtocolExec.execute(ProtocolExec.java:184)<br />
                      org.apache.http.impl.execchain.RetryExec.execute(RetryExec.java:88)<br />
                      org.apache.http.impl.execchain.RedirectExec.execute(RedirectExec.java:110)<br />
                      org.apache.http.impl.client.InternalHttpClient.doExecute(InternalHttpClient.java:184)<br />
                      org.apache.http.impl.client.CloseableHttpClient.execute(CloseableHttpClient.java:71)<br />
                      org.apache.http.impl.client.CloseableHttpClient.execute(CloseableHttpClient.java:55)<br />
                      org.openqa.selenium.remote.internal.ApacheHttpClient.fallBackExecute(ApacheHttpClient.java:142)<br />
                      org.openqa.selenium.remote.internal.ApacheHttpClient.execute(ApacheHttpClient.java:88)<br />
                      org.openqa.selenium.remote.HttpCommandExecutor.execute(HttpCommandExecutor.java:160)<br />
                      io.appium.java_client.remote.AppiumCommandExecutor.execute(AppiumCommandExecutor.java:69)<br />
                      org.openqa.selenium.remote.RemoteWebDriver.execute(RemoteWebDriver.java:604)<br />
                      io.appium.java_client.DefaultGenericMobileDriver.execute(DefaultGenericMobileDriver.java:40)<br />
                      io.appium.java_client.AppiumDriver.execute(AppiumDriver.java:235)<br />
                      org.openqa.selenium.remote.RemoteWebDriver$RemoteWebDriverOptions$RemoteWindow.getSize(RemoteWebDriver.java:871)<br />
                      iOS.Utilities.Utility.swipeDown_Vertical(Unknown Source)<br />
                      iOS.UI_Catalog.scripts.Test_15_UI_Catalog_WebView.test_15_UI_Catalog_WebView(Unknown Source)<br />
                      sun.reflect.NativeMethodAccessorImpl.invoke0(Native Method)<br />
                      sun.reflect.NativeMethodAccessorImpl.invoke(NativeMethodAccessorImpl.java:62)<br />
                      sun.reflect.DelegatingMethodAccessorImpl.invoke(DelegatingMethodAccessorImpl.java:43)<br />
                      java.lang.reflect.Method.invoke(Method.java:498)<br />
                      org.testng.internal.MethodInvocationHelper.invokeMethod(MethodInvocationHelper.java:104)<br />
                      org.testng.internal.Invoker.invokeMethod(Invoker.java:645)<br />
                      org.testng.internal.Invoker.invokeTestMethod(Invoker.java:851)<br />
                      org.testng.internal.Invoker.invokeTestMethods(Invoker.java:1177)<br />
                      org.testng.internal.TestMethodWorker.invokeTestMethods(TestMethodWorker.java:129)<br />
                      org.testng.internal.TestMethodWorker.run(TestMethodWorker.java:112)<br />
                      org.testng.TestRunner.privateRun(TestRunner.java:756)<br />
                      org.testng.TestRunner.run(TestRunner.java:610)<br />
                      org.testng.SuiteRunner.runTest(SuiteRunner.java:387)<br />
                      org.testng.SuiteRunner.runSequentially(SuiteRunner.java:382)<br />
                      org.testng.SuiteRunner.privateRun(SuiteRunner.java:340)<br />
                      org.testng.SuiteRunner.run(SuiteRunner.java:289)<br />
                      org.testng.SuiteRunnerWorker.runSuite(SuiteRunnerWorker.java:52)<br />
                      org.testng.SuiteRunnerWorker.run(SuiteRunnerWorker.java:86)<br />
                      org.testng.TestNG.runSuitesSequentially(TestNG.java:1293)<br />
                      org.testng.TestNG.runSuitesSequentially(TestNG.java:1289)<br />
                      org.testng.TestNG.runSuitesLocally(TestNG.java:1218)<br />
                      org.testng.TestNG.runSuites(TestNG.java:1133)<br />
                      org.testng.TestNG.run(TestNG.java:1104)<br />
                      org.testng.TestNG.privateMain(TestNG.java:1434)<br />
                      org.testng.TestNG.main(TestNG.java:1403)<br />
                  </div>
          </div>
      </td>
</tr>
      </table>


  <table class="resultsTable">
    <tr><th colspan="3" class="header passed">Passed Tests</th></tr>
          <tr>
        <td colspan="3" class="group">iOS.UI_Catalog.scripts.Test_01_Launch_UI_Catalog_HomePage</td>
      </tr>
            
<tr>
  <td class="method">
                  <span class="description" title="Test UI Catalog APP -Smoke Test">test_01_Launch_UI_Catalog_HomePage</span>
      </td>
  <td class="duration">
    32.267s
  </td>
  <td class="result">
        
    
            <div class="testOutput">
                        01_02_2018_08_34_40_953 -&nbsp; Started Test : test_01_Launch_UI_Catalog_HomePage<br />
                                01_02_2018_08_34_41_316 -&nbsp; Waiting For Element : [[IOSDriver:&nbsp; on MAC (5148fe5f-7e9e-4f8c-b27c-04c3518b8233)] -&gt; accessibility id: Action Sheets]<br />
                                01_02_2018_08_34_41_627 -&nbsp; Is the Element Displayed on Screen : [[IOSDriver:&nbsp; on MAC (5148fe5f-7e9e-4f8c-b27c-04c3518b8233)] -&gt; accessibility id: Action Sheets]<br />
                                01_02_2018_08_34_41_912 -&nbsp; Waiting For Element : [[IOSDriver:&nbsp; on MAC (5148fe5f-7e9e-4f8c-b27c-04c3518b8233)] -&gt; accessibility id: Action Sheets]<br />
                                01_02_2018_08_34_42_217 -&nbsp; Fetching the text : [[IOSDriver:&nbsp; on MAC (5148fe5f-7e9e-4f8c-b27c-04c3518b8233)] -&gt; accessibility id: Action Sheets]<br />
                                01_02_2018_08_34_42_475 -&nbsp; Waiting For Element : [[IOSDriver:&nbsp; on MAC (5148fe5f-7e9e-4f8c-b27c-04c3518b8233)] -&gt; accessibility id: Action Sheets]<br />
                                01_02_2018_08_34_43_476 -&nbsp; Clicked :&nbsp; [[IOSDriver:&nbsp; on MAC (5148fe5f-7e9e-4f8c-b27c-04c3518b8233)] -&gt; accessibility id: Action Sheets]<br />
                                01_02_2018_08_34_43_476 -&nbsp; Waiting for : 1 second(s)<br />
                                01_02_2018_08_34_44_519 -&nbsp; Capturing Screenshot and Adding to Extent Reports<br />
                                01_02_2018_08_34_45_906 -&nbsp; Go Back<br />
                                01_02_2018_08_34_45_907 -&nbsp; Is the Element Displayed on Screen : [[IOSDriver:&nbsp; on MAC (5148fe5f-7e9e-4f8c-b27c-04c3518b8233)] -&gt; accessibility id: Action Sheets]<br />
                                01_02_2018_08_34_46_309 -&nbsp; Waiting For Element : [[IOSDriver:&nbsp; on MAC (5148fe5f-7e9e-4f8c-b27c-04c3518b8233)] -&gt; accessibility id: Action Sheets]<br />
                                01_02_2018_08_34_46_714 -&nbsp; Fetching the text : [[IOSDriver:&nbsp; on MAC (5148fe5f-7e9e-4f8c-b27c-04c3518b8233)] -&gt; accessibility id: Action Sheets]<br />
                                01_02_2018_08_34_47_967 -&nbsp; Swiping Down to Element[[IOSDriver:&nbsp; on MAC (5148fe5f-7e9e-4f8c-b27c-04c3518b8233)] -&gt; accessibility id: Toolbars]<br />
                                01_02_2018_08_34_52_445 -&nbsp; Swiping Down to Element[[IOSDriver:&nbsp; on MAC (5148fe5f-7e9e-4f8c-b27c-04c3518b8233)] -&gt; accessibility id: Toolbars]<br />
                                01_02_2018_08_34_59_449 -&nbsp; Single Tap On Element : [[IOSDriver:&nbsp; on MAC (5148fe5f-7e9e-4f8c-b27c-04c3518b8233)] -&gt; accessibility id: Toolbars]<br />
                                01_02_2018_08_34_59_683 -&nbsp; Waiting For Element : [[IOSDriver:&nbsp; on MAC (5148fe5f-7e9e-4f8c-b27c-04c3518b8233)] -&gt; accessibility id: Toolbars]<br />
                                01_02_2018_08_34_59_940 -&nbsp; Waiting for : 1 second(s)<br />
                                01_02_2018_08_35_01_006 -&nbsp; Capturing Screenshot and Adding to Extent Reports<br />
                                01_02_2018_08_35_02_571 -&nbsp; Go Back<br />
                                01_02_2018_08_35_02_572 -&nbsp; Waiting For Element : [[IOSDriver:&nbsp; on MAC (5148fe5f-7e9e-4f8c-b27c-04c3518b8233)] -&gt; accessibility id: Toolbars]<br />
                                01_02_2018_08_35_02_947 -&nbsp; Fetching the text : [[IOSDriver:&nbsp; on MAC (5148fe5f-7e9e-4f8c-b27c-04c3518b8233)] -&gt; accessibility id: Toolbars]<br />
                                01_02_2018_08_35_04_212 -&nbsp; Swiping Down to Element[[IOSDriver:&nbsp; on MAC (5148fe5f-7e9e-4f8c-b27c-04c3518b8233)] -&gt; accessibility id: Action Sheets]<br />
                                01_02_2018_08_35_08_703 -&nbsp; Swiping Down to Element[[IOSDriver:&nbsp; on MAC (5148fe5f-7e9e-4f8c-b27c-04c3518b8233)] -&gt; accessibility id: Action Sheets]<br />
                                01_02_2018_08_35_13_221 -&nbsp; Test Passed :&nbsp; test_01_Launch_UI_Catalog_HomePage<br />
                  </div>
    

      </td>
</tr>
          <tr>
        <td colspan="3" class="group">iOS.UI_Catalog.scripts.Test_02_UI_Catalog_ActionSheets</td>
      </tr>
            
<tr>
  <td class="method">
                  test_02_UI_Catalog_ActionSheets
      </td>
  <td class="duration">
    35.019s
  </td>
  <td class="result">
        
    
            <div class="testOutput">
                        01_02_2018_08_35_27_625 -&nbsp; Started Test : test_02_UI_Catalog_ActionSheets<br />
                                01_02_2018_08_35_27_965 -&nbsp; Waiting For Element : [[IOSDriver:&nbsp; on MAC (17280548-8ce5-406f-9baf-c1589e41e225)] -&gt; accessibility id: Action Sheets]<br />
                                01_02_2018_08_35_28_248 -&nbsp; Is the Element Displayed on Screen : [[IOSDriver:&nbsp; on MAC (17280548-8ce5-406f-9baf-c1589e41e225)] -&gt; accessibility id: Action Sheets]<br />
                                01_02_2018_08_35_28_542 -&nbsp; Waiting For Element : [[IOSDriver:&nbsp; on MAC (17280548-8ce5-406f-9baf-c1589e41e225)] -&gt; accessibility id: Action Sheets]<br />
                                01_02_2018_08_35_28_814 -&nbsp; Fetching the text : [[IOSDriver:&nbsp; on MAC (17280548-8ce5-406f-9baf-c1589e41e225)] -&gt; accessibility id: Action Sheets]<br />
                                01_02_2018_08_35_29_093 -&nbsp; Waiting For Element : [[IOSDriver:&nbsp; on MAC (17280548-8ce5-406f-9baf-c1589e41e225)] -&gt; accessibility id: Action Sheets]<br />
                                01_02_2018_08_35_30_138 -&nbsp; Clicked :&nbsp; [[IOSDriver:&nbsp; on MAC (17280548-8ce5-406f-9baf-c1589e41e225)] -&gt; accessibility id: Action Sheets]<br />
                                01_02_2018_08_35_30_576 -&nbsp; Waiting For Element : [[IOSDriver:&nbsp; on MAC (17280548-8ce5-406f-9baf-c1589e41e225)] -&gt; accessibility id: Action Sheets]<br />
                                01_02_2018_08_35_30_917 -&nbsp; Is the Element Displayed on Screen : [[IOSDriver:&nbsp; on MAC (17280548-8ce5-406f-9baf-c1589e41e225)] -&gt; accessibility id: Action Sheets]<br />
                                01_02_2018_08_35_31_359 -&nbsp; Waiting For Element : [[IOSDriver:&nbsp; on MAC (17280548-8ce5-406f-9baf-c1589e41e225)] -&gt; accessibility id: Okay / Cancel]<br />
                                01_02_2018_08_35_31_580 -&nbsp; Is the Element Displayed on Screen : [[IOSDriver:&nbsp; on MAC (17280548-8ce5-406f-9baf-c1589e41e225)] -&gt; accessibility id: Okay / Cancel]<br />
                                01_02_2018_08_35_32_062 -&nbsp; Waiting For Element : [[IOSDriver:&nbsp; on MAC (17280548-8ce5-406f-9baf-c1589e41e225)] -&gt; accessibility id: Other]<br />
                                01_02_2018_08_35_32_279 -&nbsp; Is the Element Displayed on Screen : [[IOSDriver:&nbsp; on MAC (17280548-8ce5-406f-9baf-c1589e41e225)] -&gt; accessibility id: Other]<br />
                                01_02_2018_08_35_32_762 -&nbsp; Waiting For Element : [[IOSDriver:&nbsp; on MAC (17280548-8ce5-406f-9baf-c1589e41e225)] -&gt; accessibility id: Back]<br />
                                01_02_2018_08_35_32_991 -&nbsp; Is the Element Displayed on Screen : [[IOSDriver:&nbsp; on MAC (17280548-8ce5-406f-9baf-c1589e41e225)] -&gt; accessibility id: Back]<br />
                                01_02_2018_08_35_33_441 -&nbsp; Waiting For Element : [[IOSDriver:&nbsp; on MAC (17280548-8ce5-406f-9baf-c1589e41e225)] -&gt; accessibility id: UICatalog]<br />
                                01_02_2018_08_35_33_682 -&nbsp; Is the Element Displayed on Screen : [[IOSDriver:&nbsp; on MAC (17280548-8ce5-406f-9baf-c1589e41e225)] -&gt; accessibility id: UICatalog]<br />
                                01_02_2018_08_35_34_153 -&nbsp; Waiting For Element : [[IOSDriver:&nbsp; on MAC (17280548-8ce5-406f-9baf-c1589e41e225)] -&gt; accessibility id: Okay / Cancel]<br />
                                01_02_2018_08_35_34_932 -&nbsp; Clicked :&nbsp; [[IOSDriver:&nbsp; on MAC (17280548-8ce5-406f-9baf-c1589e41e225)] -&gt; accessibility id: Okay / Cancel]<br />
                                01_02_2018_08_35_35_178 -&nbsp; Waiting For Element : [[IOSDriver:&nbsp; on MAC (17280548-8ce5-406f-9baf-c1589e41e225)] -&gt; accessibility id: OK]<br />
                                01_02_2018_08_35_35_380 -&nbsp; Is the Element Displayed on Screen : [[IOSDriver:&nbsp; on MAC (17280548-8ce5-406f-9baf-c1589e41e225)] -&gt; accessibility id: OK]<br />
                                01_02_2018_08_35_35_804 -&nbsp; Waiting For Element : [[IOSDriver:&nbsp; on MAC (17280548-8ce5-406f-9baf-c1589e41e225)] -&gt; accessibility id: Cancel]<br />
                                01_02_2018_08_35_35_942 -&nbsp; Is the Element Displayed on Screen : [[IOSDriver:&nbsp; on MAC (17280548-8ce5-406f-9baf-c1589e41e225)] -&gt; accessibility id: Cancel]<br />
                                01_02_2018_08_35_36_274 -&nbsp; Waiting For Element : [[IOSDriver:&nbsp; on MAC (17280548-8ce5-406f-9baf-c1589e41e225)] -&gt; accessibility id: OK]<br />
                                01_02_2018_08_35_36_425 -&nbsp; Fetching the text : [[IOSDriver:&nbsp; on MAC (17280548-8ce5-406f-9baf-c1589e41e225)] -&gt; accessibility id: OK]<br />
                                01_02_2018_08_35_36_546 -&nbsp; Waiting for : 1 second(s)<br />
                                01_02_2018_08_35_37_579 -&nbsp; Capturing Screenshot and Adding to Extent Reports<br />
                                01_02_2018_08_35_37_861 -&nbsp; Waiting For Element : [[IOSDriver:&nbsp; on MAC (17280548-8ce5-406f-9baf-c1589e41e225)] -&gt; accessibility id: OK]<br />
                                01_02_2018_08_35_38_633 -&nbsp; Clicked :&nbsp; [[IOSDriver:&nbsp; on MAC (17280548-8ce5-406f-9baf-c1589e41e225)] -&gt; accessibility id: OK]<br />
                                01_02_2018_08_35_39_946 -&nbsp; Waiting For Element : [[IOSDriver:&nbsp; on MAC (17280548-8ce5-406f-9baf-c1589e41e225)] -&gt; accessibility id: Action Sheets]<br />
                                01_02_2018_08_35_40_178 -&nbsp; Is the Element Displayed on Screen : [[IOSDriver:&nbsp; on MAC (17280548-8ce5-406f-9baf-c1589e41e225)] -&gt; accessibility id: Action Sheets]<br />
                                01_02_2018_08_35_40_610 -&nbsp; Waiting For Element : [[IOSDriver:&nbsp; on MAC (17280548-8ce5-406f-9baf-c1589e41e225)] -&gt; accessibility id: Okay / Cancel]<br />
                                01_02_2018_08_35_41_484 -&nbsp; Clicked :&nbsp; [[IOSDriver:&nbsp; on MAC (17280548-8ce5-406f-9baf-c1589e41e225)] -&gt; accessibility id: Okay / Cancel]<br />
                                01_02_2018_08_35_41_697 -&nbsp; Waiting For Element : [[IOSDriver:&nbsp; on MAC (17280548-8ce5-406f-9baf-c1589e41e225)] -&gt; accessibility id: Cancel]<br />
                                01_02_2018_08_35_42_513 -&nbsp; Clicked :&nbsp; [[IOSDriver:&nbsp; on MAC (17280548-8ce5-406f-9baf-c1589e41e225)] -&gt; accessibility id: Cancel]<br />
                                01_02_2018_08_35_43_643 -&nbsp; Waiting For Element : [[IOSDriver:&nbsp; on MAC (17280548-8ce5-406f-9baf-c1589e41e225)] -&gt; accessibility id: Action Sheets]<br />
                                01_02_2018_08_35_43_873 -&nbsp; Is the Element Displayed on Screen : [[IOSDriver:&nbsp; on MAC (17280548-8ce5-406f-9baf-c1589e41e225)] -&gt; accessibility id: Action Sheets]<br />
                                01_02_2018_08_35_46_741 -&nbsp; Single Tap On Element : [[IOSDriver:&nbsp; on MAC (17280548-8ce5-406f-9baf-c1589e41e225)] -&gt; accessibility id: Other]<br />
                                01_02_2018_08_35_46_895 -&nbsp; Waiting For Element : [[IOSDriver:&nbsp; on MAC (17280548-8ce5-406f-9baf-c1589e41e225)] -&gt; accessibility id: Safe Choice]<br />
                                01_02_2018_08_35_47_033 -&nbsp; Is the Element Displayed on Screen : [[IOSDriver:&nbsp; on MAC (17280548-8ce5-406f-9baf-c1589e41e225)] -&gt; accessibility id: Safe Choice]<br />
                                01_02_2018_08_35_47_338 -&nbsp; Waiting For Element : [[IOSDriver:&nbsp; on MAC (17280548-8ce5-406f-9baf-c1589e41e225)] -&gt; accessibility id: Destructive Choice]<br />
                                01_02_2018_08_35_47_469 -&nbsp; Is the Element Displayed on Screen : [[IOSDriver:&nbsp; on MAC (17280548-8ce5-406f-9baf-c1589e41e225)] -&gt; accessibility id: Destructive Choice]<br />
                                01_02_2018_08_35_47_756 -&nbsp; Waiting For Element : [[IOSDriver:&nbsp; on MAC (17280548-8ce5-406f-9baf-c1589e41e225)] -&gt; accessibility id: Safe Choice]<br />
                                01_02_2018_08_35_47_884 -&nbsp; Fetching the text : [[IOSDriver:&nbsp; on MAC (17280548-8ce5-406f-9baf-c1589e41e225)] -&gt; accessibility id: Safe Choice]<br />
                                01_02_2018_08_35_48_169 -&nbsp; Waiting For Element : [[IOSDriver:&nbsp; on MAC (17280548-8ce5-406f-9baf-c1589e41e225)] -&gt; accessibility id: Destructive Choice]<br />
                                01_02_2018_08_35_48_301 -&nbsp; Fetching the text : [[IOSDriver:&nbsp; on MAC (17280548-8ce5-406f-9baf-c1589e41e225)] -&gt; accessibility id: Destructive Choice]<br />
                                01_02_2018_08_35_48_428 -&nbsp; Waiting for : 1 second(s)<br />
                                01_02_2018_08_35_49_490 -&nbsp; Capturing Screenshot and Adding to Extent Reports<br />
                                01_02_2018_08_35_52_058 -&nbsp; Single Tap On Element : [[IOSDriver:&nbsp; on MAC (17280548-8ce5-406f-9baf-c1589e41e225)] -&gt; accessibility id: Safe Choice]<br />
                                01_02_2018_08_35_54_636 -&nbsp; Single Tap On Element : [[IOSDriver:&nbsp; on MAC (17280548-8ce5-406f-9baf-c1589e41e225)] -&gt; accessibility id: Other]<br />
                                01_02_2018_08_35_57_209 -&nbsp; Single Tap On Element : [[IOSDriver:&nbsp; on MAC (17280548-8ce5-406f-9baf-c1589e41e225)] -&gt; accessibility id: Destructive Choice]<br />
                                01_02_2018_08_35_58_519 -&nbsp; Go Back<br />
                                01_02_2018_08_35_58_519 -&nbsp; Waiting For Element : [[IOSDriver:&nbsp; on MAC (17280548-8ce5-406f-9baf-c1589e41e225)] -&gt; accessibility id: Action Sheets]<br />
                                01_02_2018_08_35_59_700 -&nbsp; Clicked :&nbsp; [[IOSDriver:&nbsp; on MAC (17280548-8ce5-406f-9baf-c1589e41e225)] -&gt; accessibility id: Action Sheets]<br />
                                01_02_2018_08_36_02_644 -&nbsp; Single Tap On Element : [[IOSDriver:&nbsp; on MAC (17280548-8ce5-406f-9baf-c1589e41e225)] -&gt; accessibility id: Back]<br />
                                01_02_2018_08_36_02_644 -&nbsp; Test Passed :&nbsp; test_02_UI_Catalog_ActionSheets<br />
                  </div>
    

      </td>
</tr>
          <tr>
        <td colspan="3" class="group">iOS.UI_Catalog.scripts.Test_03_UI_Catalog_ActivityIndicators</td>
      </tr>
            
<tr>
  <td class="method">
                  test_03_UI_Catalog_ActivityIndicators
      </td>
  <td class="duration">
    14.332s
  </td>
  <td class="result">
        
    
            <div class="testOutput">
                        01_02_2018_08_36_17_204 -&nbsp; Started Test : test_03_UI_Catalog_ActivityIndicators<br />
                                01_02_2018_08_36_17_582 -&nbsp; Waiting For Element : [[IOSDriver:&nbsp; on MAC (35f24820-790d-4c1e-babe-a1cec329d1a4)] -&gt; accessibility id: Activity Indicators]<br />
                                01_02_2018_08_36_17_941 -&nbsp; Is the Element Displayed on Screen : [[IOSDriver:&nbsp; on MAC (35f24820-790d-4c1e-babe-a1cec329d1a4)] -&gt; accessibility id: Activity Indicators]<br />
                                01_02_2018_08_36_18_274 -&nbsp; Waiting For Element : [[IOSDriver:&nbsp; on MAC (35f24820-790d-4c1e-babe-a1cec329d1a4)] -&gt; accessibility id: Activity Indicators]<br />
                                01_02_2018_08_36_18_608 -&nbsp; Fetching the text : [[IOSDriver:&nbsp; on MAC (35f24820-790d-4c1e-babe-a1cec329d1a4)] -&gt; accessibility id: Activity Indicators]<br />
                                01_02_2018_08_36_19_045 -&nbsp; Waiting For Element : [[IOSDriver:&nbsp; on MAC (35f24820-790d-4c1e-babe-a1cec329d1a4)] -&gt; accessibility id: Activity Indicators]<br />
                                01_02_2018_08_36_20_084 -&nbsp; Clicked :&nbsp; [[IOSDriver:&nbsp; on MAC (35f24820-790d-4c1e-babe-a1cec329d1a4)] -&gt; accessibility id: Activity Indicators]<br />
                                01_02_2018_08_36_20_531 -&nbsp; Waiting For Element : [[IOSDriver:&nbsp; on MAC (35f24820-790d-4c1e-babe-a1cec329d1a4)] -&gt; accessibility id: Activity Indicators]<br />
                                01_02_2018_08_36_20_845 -&nbsp; Is the Element Displayed on Screen : [[IOSDriver:&nbsp; on MAC (35f24820-790d-4c1e-babe-a1cec329d1a4)] -&gt; accessibility id: Activity Indicators]<br />
                                01_02_2018_08_36_21_368 -&nbsp; Waiting For Element : [[IOSDriver:&nbsp; on MAC (35f24820-790d-4c1e-babe-a1cec329d1a4)] -&gt; accessibility id: GRAY]<br />
                                01_02_2018_08_36_21_716 -&nbsp; Is the Element Displayed on Screen : [[IOSDriver:&nbsp; on MAC (35f24820-790d-4c1e-babe-a1cec329d1a4)] -&gt; accessibility id: GRAY]<br />
                                01_02_2018_08_36_22_287 -&nbsp; Waiting For Element : [[IOSDriver:&nbsp; on MAC (35f24820-790d-4c1e-babe-a1cec329d1a4)] -&gt; accessibility id: TINTED]<br />
                                01_02_2018_08_36_22_580 -&nbsp; Is the Element Displayed on Screen : [[IOSDriver:&nbsp; on MAC (35f24820-790d-4c1e-babe-a1cec329d1a4)] -&gt; accessibility id: TINTED]<br />
                                01_02_2018_08_36_23_822 -&nbsp; Waiting For Element : [[IOSDriver:&nbsp; on MAC (35f24820-790d-4c1e-babe-a1cec329d1a4)] -&gt; xpath: //XCUIElementTypeActivityIndicator[1]]<br />
                                01_02_2018_08_36_24_758 -&nbsp; Waiting for : 1 second(s)<br />
                                01_02_2018_08_36_25_805 -&nbsp; Capturing Screenshot and Adding to Extent Reports<br />
                                01_02_2018_08_36_27_325 -&nbsp; Go Back<br />
                                01_02_2018_08_36_27_325 -&nbsp; Waiting For Element : [[IOSDriver:&nbsp; on MAC (35f24820-790d-4c1e-babe-a1cec329d1a4)] -&gt; accessibility id: Activity Indicators]<br />
                                01_02_2018_08_36_28_595 -&nbsp; Clicked :&nbsp; [[IOSDriver:&nbsp; on MAC (35f24820-790d-4c1e-babe-a1cec329d1a4)] -&gt; accessibility id: Activity Indicators]<br />
                                01_02_2018_08_36_31_536 -&nbsp; Single Tap On Element : [[IOSDriver:&nbsp; on MAC (35f24820-790d-4c1e-babe-a1cec329d1a4)] -&gt; accessibility id: Back]<br />
                                01_02_2018_08_36_31_536 -&nbsp; Test Passed :&nbsp; test_03_UI_Catalog_ActivityIndicators<br />
                  </div>
    

      </td>
</tr>
          <tr>
        <td colspan="3" class="group">iOS.UI_Catalog.scripts.Test_04_UI_Catalog_AlertViews</td>
      </tr>
            
<tr>
  <td class="method">
                  test_04_UI_Catalog_AlertViews
      </td>
  <td class="duration">
    96.493s
  </td>
  <td class="result">
        
          <i>Method arguments: </i><span class="arguments">{Script_name=Test_04_UI_Catalog_AlertViews, TestData_2=A message should be a short, complete sentence., TestData_1=A Short Title Is Best, TestData_10=, TestData_11=, TestData_12=, TestData_13=, TestData_14=, TestData_4=, TestData_3=Hello, Thank You , TestData_6=, TestData_5=, TestData_8=, TestData_7=, TestData_9=}</span><br />
    
            <div class="testOutput">
                        01_02_2018_08_36_53_105 -&nbsp; Started Test : test_04_UI_Catalog_AlertViews<br />
                                01_02_2018_08_36_53_450 -&nbsp; Waiting For Element : [[IOSDriver:&nbsp; on MAC (e643fed7-401e-4e65-b686-ba7ad6848d29)] -&gt; accessibility id: Alert Views]<br />
                                01_02_2018_08_36_53_798 -&nbsp; Is the Element Displayed on Screen : [[IOSDriver:&nbsp; on MAC (e643fed7-401e-4e65-b686-ba7ad6848d29)] -&gt; accessibility id: Alert Views]<br />
                                01_02_2018_08_36_54_129 -&nbsp; Waiting For Element : [[IOSDriver:&nbsp; on MAC (e643fed7-401e-4e65-b686-ba7ad6848d29)] -&gt; accessibility id: Alert Views]<br />
                                01_02_2018_08_36_54_452 -&nbsp; Fetching the text : [[IOSDriver:&nbsp; on MAC (e643fed7-401e-4e65-b686-ba7ad6848d29)] -&gt; accessibility id: Alert Views]<br />
                                01_02_2018_08_36_54_780 -&nbsp; Waiting For Element : [[IOSDriver:&nbsp; on MAC (e643fed7-401e-4e65-b686-ba7ad6848d29)] -&gt; accessibility id: Alert Views]<br />
                                01_02_2018_08_36_55_902 -&nbsp; Clicked :&nbsp; [[IOSDriver:&nbsp; on MAC (e643fed7-401e-4e65-b686-ba7ad6848d29)] -&gt; accessibility id: Alert Views]<br />
                                01_02_2018_08_36_56_394 -&nbsp; Waiting For Element : [[IOSDriver:&nbsp; on MAC (e643fed7-401e-4e65-b686-ba7ad6848d29)] -&gt; accessibility id: Alert Views]<br />
                                01_02_2018_08_36_56_633 -&nbsp; Is the Element Displayed on Screen : [[IOSDriver:&nbsp; on MAC (e643fed7-401e-4e65-b686-ba7ad6848d29)] -&gt; accessibility id: Alert Views]<br />
                                01_02_2018_08_36_57_131 -&nbsp; Waiting For Element : [[IOSDriver:&nbsp; on MAC (e643fed7-401e-4e65-b686-ba7ad6848d29)] -&gt; accessibility id: Simple]<br />
                                01_02_2018_08_36_57_377 -&nbsp; Is the Element Displayed on Screen : [[IOSDriver:&nbsp; on MAC (e643fed7-401e-4e65-b686-ba7ad6848d29)] -&gt; accessibility id: Simple]<br />
                                01_02_2018_08_36_57_854 -&nbsp; Waiting For Element : [[IOSDriver:&nbsp; on MAC (e643fed7-401e-4e65-b686-ba7ad6848d29)] -&gt; accessibility id: Okay / Cancel]<br />
                                01_02_2018_08_36_58_089 -&nbsp; Is the Element Displayed on Screen : [[IOSDriver:&nbsp; on MAC (e643fed7-401e-4e65-b686-ba7ad6848d29)] -&gt; accessibility id: Okay / Cancel]<br />
                                01_02_2018_08_36_58_583 -&nbsp; Waiting For Element : [[IOSDriver:&nbsp; on MAC (e643fed7-401e-4e65-b686-ba7ad6848d29)] -&gt; accessibility id: Other]<br />
                                01_02_2018_08_36_58_811 -&nbsp; Is the Element Displayed on Screen : [[IOSDriver:&nbsp; on MAC (e643fed7-401e-4e65-b686-ba7ad6848d29)] -&gt; accessibility id: Other]<br />
                                01_02_2018_08_36_59_313 -&nbsp; Waiting For Element : [[IOSDriver:&nbsp; on MAC (e643fed7-401e-4e65-b686-ba7ad6848d29)] -&gt; accessibility id: Text Entry]<br />
                                01_02_2018_08_36_59_542 -&nbsp; Is the Element Displayed on Screen : [[IOSDriver:&nbsp; on MAC (e643fed7-401e-4e65-b686-ba7ad6848d29)] -&gt; accessibility id: Text Entry]<br />
                                01_02_2018_08_37_00_032 -&nbsp; Waiting For Element : [[IOSDriver:&nbsp; on MAC (e643fed7-401e-4e65-b686-ba7ad6848d29)] -&gt; accessibility id: Secure Text Entry]<br />
                                01_02_2018_08_37_00_305 -&nbsp; Is the Element Displayed on Screen : [[IOSDriver:&nbsp; on MAC (e643fed7-401e-4e65-b686-ba7ad6848d29)] -&gt; accessibility id: Secure Text Entry]<br />
                                01_02_2018_08_37_00_777 -&nbsp; Waiting For Element : [[IOSDriver:&nbsp; on MAC (e643fed7-401e-4e65-b686-ba7ad6848d29)] -&gt; accessibility id: Simple]<br />
                                01_02_2018_08_37_01_681 -&nbsp; Clicked :&nbsp; [[IOSDriver:&nbsp; on MAC (e643fed7-401e-4e65-b686-ba7ad6848d29)] -&gt; accessibility id: Simple]<br />
                                01_02_2018_08_37_01_681 -&nbsp; Waiting For alert to be displayed <br />
                                01_02_2018_08_37_02_392 -&nbsp; Waiting for : 1 second(s)<br />
                                01_02_2018_08_37_03_398 -&nbsp; Capturing Screenshot and Adding to Extent Reports<br />
                                01_02_2018_08_37_03_659 -&nbsp; Waiting For Element : [[IOSDriver:&nbsp; on MAC (e643fed7-401e-4e65-b686-ba7ad6848d29)] -&gt; accessibility id: A Short Title Is Best]<br />
                                01_02_2018_08_37_03_812 -&nbsp; Is the Element Displayed on Screen : [[IOSDriver:&nbsp; on MAC (e643fed7-401e-4e65-b686-ba7ad6848d29)] -&gt; accessibility id: A Short Title Is Best]<br />
                                01_02_2018_08_37_03_958 -&nbsp; Waiting For Element : [[IOSDriver:&nbsp; on MAC (e643fed7-401e-4e65-b686-ba7ad6848d29)] -&gt; accessibility id: A Short Title Is Best]<br />
                                01_02_2018_08_37_04_114 -&nbsp; Fetching the text : [[IOSDriver:&nbsp; on MAC (e643fed7-401e-4e65-b686-ba7ad6848d29)] -&gt; accessibility id: A Short Title Is Best]<br />
                                01_02_2018_08_37_04_259 -&nbsp; Waiting For Element : [[IOSDriver:&nbsp; on MAC (e643fed7-401e-4e65-b686-ba7ad6848d29)] -&gt; accessibility id: A Short Title Is Best]<br />
                                01_02_2018_08_37_04_435 -&nbsp; Fetching the text : [[IOSDriver:&nbsp; on MAC (e643fed7-401e-4e65-b686-ba7ad6848d29)] -&gt; accessibility id: A Short Title Is Best]<br />
                                01_02_2018_08_37_04_794 -&nbsp; Waiting For Element : [[IOSDriver:&nbsp; on MAC (e643fed7-401e-4e65-b686-ba7ad6848d29)] -&gt; accessibility id: A message should be a short, complete sentence.]<br />
                                01_02_2018_08_37_04_943 -&nbsp; Is the Element Displayed on Screen : [[IOSDriver:&nbsp; on MAC (e643fed7-401e-4e65-b686-ba7ad6848d29)] -&gt; accessibility id: A message should be a short, complete sentence.]<br />
                                01_02_2018_08_37_05_107 -&nbsp; Waiting For Element : [[IOSDriver:&nbsp; on MAC (e643fed7-401e-4e65-b686-ba7ad6848d29)] -&gt; accessibility id: A message should be a short, complete sentence.]<br />
                                01_02_2018_08_37_05_260 -&nbsp; Fetching the text : [[IOSDriver:&nbsp; on MAC (e643fed7-401e-4e65-b686-ba7ad6848d29)] -&gt; accessibility id: A message should be a short, complete sentence.]<br />
                                01_02_2018_08_37_05_420 -&nbsp; Waiting For Element : [[IOSDriver:&nbsp; on MAC (e643fed7-401e-4e65-b686-ba7ad6848d29)] -&gt; accessibility id: A message should be a short, complete sentence.]<br />
                                01_02_2018_08_37_05_566 -&nbsp; Fetching the text : [[IOSDriver:&nbsp; on MAC (e643fed7-401e-4e65-b686-ba7ad6848d29)] -&gt; accessibility id: A message should be a short, complete sentence.]<br />
                                01_02_2018_08_37_05_909 -&nbsp; Waiting For Element : [[IOSDriver:&nbsp; on MAC (e643fed7-401e-4e65-b686-ba7ad6848d29)] -&gt; accessibility id: OK]<br />
                                01_02_2018_08_37_06_076 -&nbsp; Is the Element Displayed on Screen : [[IOSDriver:&nbsp; on MAC (e643fed7-401e-4e65-b686-ba7ad6848d29)] -&gt; accessibility id: OK]<br />
                                01_02_2018_08_37_07_643 -&nbsp; Accepted Alert<br />
                                01_02_2018_08_37_08_750 -&nbsp; Waiting For Element : [[IOSDriver:&nbsp; on MAC (e643fed7-401e-4e65-b686-ba7ad6848d29)] -&gt; xpath: //XCUIElementTypeStaticText[@name=&apos;Okay / Cancel&apos;]]<br />
                                01_02_2018_08_37_09_605 -&nbsp; Clicked :&nbsp; [[IOSDriver:&nbsp; on MAC (e643fed7-401e-4e65-b686-ba7ad6848d29)] -&gt; xpath: //XCUIElementTypeStaticText[@name=&apos;Okay / Cancel&apos;]]<br />
                                01_02_2018_08_37_09_605 -&nbsp; Waiting For alert to be displayed <br />
                                01_02_2018_08_37_10_320 -&nbsp; Waiting for : 1 second(s)<br />
                                01_02_2018_08_37_11_389 -&nbsp; Capturing Screenshot and Adding to Extent Reports<br />
                                01_02_2018_08_37_11_538 -&nbsp; Is the Element Displayed on Screen : [[IOSDriver:&nbsp; on MAC (e643fed7-401e-4e65-b686-ba7ad6848d29)] -&gt; accessibility id: A Short Title Is Best]<br />
                                01_02_2018_08_37_11_694 -&nbsp; Waiting For Element : [[IOSDriver:&nbsp; on MAC (e643fed7-401e-4e65-b686-ba7ad6848d29)] -&gt; accessibility id: A Short Title Is Best]<br />
                                01_02_2018_08_37_11_844 -&nbsp; Fetching the text : [[IOSDriver:&nbsp; on MAC (e643fed7-401e-4e65-b686-ba7ad6848d29)] -&gt; accessibility id: A Short Title Is Best]<br />
                                01_02_2018_08_37_11_990 -&nbsp; Is the Element Displayed on Screen : [[IOSDriver:&nbsp; on MAC (e643fed7-401e-4e65-b686-ba7ad6848d29)] -&gt; accessibility id: A message should be a short, complete sentence.]<br />
                                01_02_2018_08_37_12_172 -&nbsp; Waiting For Element : [[IOSDriver:&nbsp; on MAC (e643fed7-401e-4e65-b686-ba7ad6848d29)] -&gt; accessibility id: A message should be a short, complete sentence.]<br />
                                01_02_2018_08_37_12_333 -&nbsp; Fetching the text : [[IOSDriver:&nbsp; on MAC (e643fed7-401e-4e65-b686-ba7ad6848d29)] -&gt; accessibility id: A message should be a short, complete sentence.]<br />
                                01_02_2018_08_37_14_064 -&nbsp; Accepted Alert<br />
                                01_02_2018_08_37_15_113 -&nbsp; Waiting For Element : [[IOSDriver:&nbsp; on MAC (e643fed7-401e-4e65-b686-ba7ad6848d29)] -&gt; xpath: //XCUIElementTypeStaticText[@name=&apos;Okay / Cancel&apos;]]<br />
                                01_02_2018_08_37_16_023 -&nbsp; Clicked :&nbsp; [[IOSDriver:&nbsp; on MAC (e643fed7-401e-4e65-b686-ba7ad6848d29)] -&gt; xpath: //XCUIElementTypeStaticText[@name=&apos;Okay / Cancel&apos;]]<br />
                                01_02_2018_08_37_16_023 -&nbsp; Waiting For alert to be displayed <br />
                                01_02_2018_08_37_19_384 -&nbsp; Dismissed Alert<br />
                                01_02_2018_08_37_19_724 -&nbsp; Waiting For Element : [[IOSDriver:&nbsp; on MAC (e643fed7-401e-4e65-b686-ba7ad6848d29)] -&gt; accessibility id: Other]<br />
                                01_02_2018_08_37_20_744 -&nbsp; Clicked :&nbsp; [[IOSDriver:&nbsp; on MAC (e643fed7-401e-4e65-b686-ba7ad6848d29)] -&gt; accessibility id: Other]<br />
                                01_02_2018_08_37_20_745 -&nbsp; Waiting For alert to be displayed <br />
                                01_02_2018_08_37_21_876 -&nbsp; Is the Element Displayed on Screen : [[IOSDriver:&nbsp; on MAC (e643fed7-401e-4e65-b686-ba7ad6848d29)] -&gt; accessibility id: A Short Title Is Best]<br />
                                01_02_2018_08_37_22_119 -&nbsp; Waiting For Element : [[IOSDriver:&nbsp; on MAC (e643fed7-401e-4e65-b686-ba7ad6848d29)] -&gt; accessibility id: A Short Title Is Best]<br />
                                01_02_2018_08_37_22_321 -&nbsp; Fetching the text : [[IOSDriver:&nbsp; on MAC (e643fed7-401e-4e65-b686-ba7ad6848d29)] -&gt; accessibility id: A Short Title Is Best]<br />
                                01_02_2018_08_37_22_483 -&nbsp; Is the Element Displayed on Screen : [[IOSDriver:&nbsp; on MAC (e643fed7-401e-4e65-b686-ba7ad6848d29)] -&gt; accessibility id: A message should be a short, complete sentence.]<br />
                                01_02_2018_08_37_22_672 -&nbsp; Waiting For Element : [[IOSDriver:&nbsp; on MAC (e643fed7-401e-4e65-b686-ba7ad6848d29)] -&gt; accessibility id: A message should be a short, complete sentence.]<br />
                                01_02_2018_08_37_22_863 -&nbsp; Fetching the text : [[IOSDriver:&nbsp; on MAC (e643fed7-401e-4e65-b686-ba7ad6848d29)] -&gt; accessibility id: A message should be a short, complete sentence.]<br />
                                01_02_2018_08_37_23_224 -&nbsp; Waiting For Element : [[IOSDriver:&nbsp; on MAC (e643fed7-401e-4e65-b686-ba7ad6848d29)] -&gt; accessibility id: Choice One]<br />
                                01_02_2018_08_37_23_394 -&nbsp; Is the Element Displayed on Screen : [[IOSDriver:&nbsp; on MAC (e643fed7-401e-4e65-b686-ba7ad6848d29)] -&gt; accessibility id: Choice One]<br />
                                01_02_2018_08_37_25_351 -&nbsp; Waiting For Element : [[IOSDriver:&nbsp; on MAC (e643fed7-401e-4e65-b686-ba7ad6848d29)] -&gt; xpath: //XCUIElementTypeButton[@name=&apos;Choice Two&apos;]]<br />
                                01_02_2018_08_37_25_500 -&nbsp; Is the Element Displayed on Screen : [[IOSDriver:&nbsp; on MAC (e643fed7-401e-4e65-b686-ba7ad6848d29)] -&gt; xpath: //XCUIElementTypeButton[@name=&apos;Choice Two&apos;]]<br />
                                01_02_2018_08_37_28_340 -&nbsp; Single Tap On Element : [[IOSDriver:&nbsp; on MAC (e643fed7-401e-4e65-b686-ba7ad6848d29)] -&gt; accessibility id: Choice One]<br />
                                01_02_2018_08_37_28_588 -&nbsp; Waiting For Element : [[IOSDriver:&nbsp; on MAC (e643fed7-401e-4e65-b686-ba7ad6848d29)] -&gt; accessibility id: Other]<br />
                                01_02_2018_08_37_29_531 -&nbsp; Clicked :&nbsp; [[IOSDriver:&nbsp; on MAC (e643fed7-401e-4e65-b686-ba7ad6848d29)] -&gt; accessibility id: Other]<br />
                                01_02_2018_08_37_29_532 -&nbsp; Waiting For alert to be displayed <br />
                                01_02_2018_08_37_30_408 -&nbsp; Waiting for : 1 second(s)<br />
                                01_02_2018_08_37_31_464 -&nbsp; Capturing Screenshot and Adding to Extent Reports<br />
                                01_02_2018_08_37_36_037 -&nbsp; Single Tap On Element : [[IOSDriver:&nbsp; on MAC (e643fed7-401e-4e65-b686-ba7ad6848d29)] -&gt; xpath: //XCUIElementTypeButton[@name=&apos;Choice Two&apos;]]<br />
                                01_02_2018_08_37_36_338 -&nbsp; Waiting For Element : [[IOSDriver:&nbsp; on MAC (e643fed7-401e-4e65-b686-ba7ad6848d29)] -&gt; accessibility id: Other]<br />
                                01_02_2018_08_37_37_282 -&nbsp; Clicked :&nbsp; [[IOSDriver:&nbsp; on MAC (e643fed7-401e-4e65-b686-ba7ad6848d29)] -&gt; accessibility id: Other]<br />
                                01_02_2018_08_37_37_282 -&nbsp; Waiting For alert to be displayed <br />
                                01_02_2018_08_37_40_093 -&nbsp; Dismissed Alert<br />
                                01_02_2018_08_37_40_479 -&nbsp; Waiting For Element : [[IOSDriver:&nbsp; on MAC (e643fed7-401e-4e65-b686-ba7ad6848d29)] -&gt; accessibility id: Text Entry]<br />
                                01_02_2018_08_37_41_465 -&nbsp; Clicked :&nbsp; [[IOSDriver:&nbsp; on MAC (e643fed7-401e-4e65-b686-ba7ad6848d29)] -&gt; accessibility id: Text Entry]<br />
                                01_02_2018_08_37_41_465 -&nbsp; Waiting For alert to be displayed <br />
                                01_02_2018_08_37_43_082 -&nbsp; Waiting For Element : [[IOSDriver:&nbsp; on MAC (e643fed7-401e-4e65-b686-ba7ad6848d29)] -&gt; accessibility id: A Short Title Is Best]<br />
                                01_02_2018_08_37_43_372 -&nbsp; Fetching the text : [[IOSDriver:&nbsp; on MAC (e643fed7-401e-4e65-b686-ba7ad6848d29)] -&gt; accessibility id: A Short Title Is Best]<br />
                                01_02_2018_08_37_43_646 -&nbsp; Waiting For Element : [[IOSDriver:&nbsp; on MAC (e643fed7-401e-4e65-b686-ba7ad6848d29)] -&gt; accessibility id: A message should be a short, complete sentence.]<br />
                                01_02_2018_08_37_43_877 -&nbsp; Fetching the text : [[IOSDriver:&nbsp; on MAC (e643fed7-401e-4e65-b686-ba7ad6848d29)] -&gt; accessibility id: A message should be a short, complete sentence.]<br />
                                01_02_2018_08_37_47_782 -&nbsp; Waiting For Element : [[IOSDriver:&nbsp; on MAC (e643fed7-401e-4e65-b686-ba7ad6848d29)] -&gt; xpath: //XCUIElementTypeAlert[@name=&apos;A Short Title Is Best&apos;]//XCUIElementTypeTextField]<br />
                                01_02_2018_08_37_48_189 -&nbsp; Is the Element Displayed on Screen : [[IOSDriver:&nbsp; on MAC (e643fed7-401e-4e65-b686-ba7ad6848d29)] -&gt; xpath: //XCUIElementTypeAlert[@name=&apos;A Short Title Is Best&apos;]//XCUIElementTypeTextField]<br />
                                01_02_2018_08_37_53_017 -&nbsp; Waiting for : 1 second(s)<br />
                                01_02_2018_08_37_54_079 -&nbsp; Capturing Screenshot and Adding to Extent Reports<br />
                                01_02_2018_08_37_56_566 -&nbsp; Accepted Alert<br />
                                01_02_2018_08_37_57_143 -&nbsp; Waiting For Element : [[IOSDriver:&nbsp; on MAC (e643fed7-401e-4e65-b686-ba7ad6848d29)] -&gt; accessibility id: Text Entry]<br />
                                01_02_2018_08_37_58_145 -&nbsp; Clicked :&nbsp; [[IOSDriver:&nbsp; on MAC (e643fed7-401e-4e65-b686-ba7ad6848d29)] -&gt; accessibility id: Text Entry]<br />
                                01_02_2018_08_37_58_145 -&nbsp; Waiting For alert to be displayed <br />
                                01_02_2018_08_38_05_527 -&nbsp; Dismissed Alert<br />
                                01_02_2018_08_38_06_059 -&nbsp; Waiting For Element : [[IOSDriver:&nbsp; on MAC (e643fed7-401e-4e65-b686-ba7ad6848d29)] -&gt; accessibility id: Secure Text Entry]<br />
                                01_02_2018_08_38_07_046 -&nbsp; Clicked :&nbsp; [[IOSDriver:&nbsp; on MAC (e643fed7-401e-4e65-b686-ba7ad6848d29)] -&gt; accessibility id: Secure Text Entry]<br />
                                01_02_2018_08_38_07_046 -&nbsp; Waiting For alert to be displayed <br />
                                01_02_2018_08_38_08_047 -&nbsp; Waiting For Element : [[IOSDriver:&nbsp; on MAC (e643fed7-401e-4e65-b686-ba7ad6848d29)] -&gt; accessibility id: A Short Title Is Best]<br />
                                01_02_2018_08_38_08_299 -&nbsp; Fetching the text : [[IOSDriver:&nbsp; on MAC (e643fed7-401e-4e65-b686-ba7ad6848d29)] -&gt; accessibility id: A Short Title Is Best]<br />
                                01_02_2018_08_38_08_540 -&nbsp; Waiting For Element : [[IOSDriver:&nbsp; on MAC (e643fed7-401e-4e65-b686-ba7ad6848d29)] -&gt; accessibility id: A message should be a short, complete sentence.]<br />
                                01_02_2018_08_38_08_891 -&nbsp; Fetching the text : [[IOSDriver:&nbsp; on MAC (e643fed7-401e-4e65-b686-ba7ad6848d29)] -&gt; accessibility id: A message should be a short, complete sentence.]<br />
                                01_02_2018_08_38_11_700 -&nbsp; Waiting For Element : [[IOSDriver:&nbsp; on MAC (e643fed7-401e-4e65-b686-ba7ad6848d29)] -&gt; xpath: //XCUIElementTypeAlert[@name=&apos;A Short Title Is Best&apos;]//XCUIElementTypeSecureTextField]<br />
                                01_02_2018_08_38_11_956 -&nbsp; Is the Element Displayed on Screen : [[IOSDriver:&nbsp; on MAC (e643fed7-401e-4e65-b686-ba7ad6848d29)] -&gt; xpath: //XCUIElementTypeAlert[@name=&apos;A Short Title Is Best&apos;]//XCUIElementTypeSecureTextField]<br />
                                01_02_2018_08_38_16_182 -&nbsp; Waiting for : 1 second(s)<br />
                                01_02_2018_08_38_17_184 -&nbsp; Capturing Screenshot and Adding to Extent Reports<br />
                                01_02_2018_08_38_19_904 -&nbsp; Accepted Alert<br />
                                01_02_2018_08_38_20_416 -&nbsp; Waiting For Element : [[IOSDriver:&nbsp; on MAC (e643fed7-401e-4e65-b686-ba7ad6848d29)] -&gt; accessibility id: Secure Text Entry]<br />
                                01_02_2018_08_38_21_308 -&nbsp; Clicked :&nbsp; [[IOSDriver:&nbsp; on MAC (e643fed7-401e-4e65-b686-ba7ad6848d29)] -&gt; accessibility id: Secure Text Entry]<br />
                                01_02_2018_08_38_21_308 -&nbsp; Waiting For alert to be displayed <br />
                                01_02_2018_08_38_27_990 -&nbsp; Dismissed Alert<br />
                                01_02_2018_08_38_29_593 -&nbsp; Go Back<br />
                                01_02_2018_08_38_29_593 -&nbsp; Test Passed :&nbsp; test_04_UI_Catalog_AlertViews<br />
                  </div>
    

      </td>
</tr>
          <tr>
        <td colspan="3" class="group">iOS.UI_Catalog.scripts.Test_05_UI_Catalog_Buttons</td>
      </tr>
            
<tr>
  <td class="method">
                  test_05_UI_Catalog_Buttons
      </td>
  <td class="duration">
    24.037s
  </td>
  <td class="result">
        
    
            <div class="testOutput">
                        01_02_2018_08_38_53_018 -&nbsp; Started Test : test_05_UI_Catalog_Buttons<br />
                                01_02_2018_08_38_53_354 -&nbsp; Waiting For Element : [[IOSDriver:&nbsp; on MAC (ecd7dee1-a38b-449e-aaff-55242a92e852)] -&gt; accessibility id: Buttons]<br />
                                01_02_2018_08_38_53_675 -&nbsp; Is the Element Displayed on Screen : [[IOSDriver:&nbsp; on MAC (ecd7dee1-a38b-449e-aaff-55242a92e852)] -&gt; accessibility id: Buttons]<br />
                                01_02_2018_08_38_54_018 -&nbsp; Waiting For Element : [[IOSDriver:&nbsp; on MAC (ecd7dee1-a38b-449e-aaff-55242a92e852)] -&gt; accessibility id: Buttons]<br />
                                01_02_2018_08_38_54_341 -&nbsp; Fetching the text : [[IOSDriver:&nbsp; on MAC (ecd7dee1-a38b-449e-aaff-55242a92e852)] -&gt; accessibility id: Buttons]<br />
                                01_02_2018_08_38_54_677 -&nbsp; Waiting For Element : [[IOSDriver:&nbsp; on MAC (ecd7dee1-a38b-449e-aaff-55242a92e852)] -&gt; accessibility id: Buttons]<br />
                                01_02_2018_08_38_55_730 -&nbsp; Clicked :&nbsp; [[IOSDriver:&nbsp; on MAC (ecd7dee1-a38b-449e-aaff-55242a92e852)] -&gt; accessibility id: Buttons]<br />
                                01_02_2018_08_38_55_730 -&nbsp; Waiting for : 1 second(s)<br />
                                01_02_2018_08_38_56_759 -&nbsp; Capturing Screenshot and Adding to Extent Reports<br />
                                01_02_2018_08_38_56_857 -&nbsp; Is the Element Displayed on Screen : [[IOSDriver:&nbsp; on MAC (ecd7dee1-a38b-449e-aaff-55242a92e852)] -&gt; accessibility id: Buttons]<br />
                                01_02_2018_08_38_58_369 -&nbsp; Waiting For Element : [[IOSDriver:&nbsp; on MAC (ecd7dee1-a38b-449e-aaff-55242a92e852)] -&gt; xpath: //XCUIElementTypeOther[@label=&apos;SYSTEM (TEXT)&apos;]]<br />
                                01_02_2018_08_38_58_625 -&nbsp; Is the Element Displayed on Screen : [[IOSDriver:&nbsp; on MAC (ecd7dee1-a38b-449e-aaff-55242a92e852)] -&gt; xpath: //XCUIElementTypeOther[@label=&apos;SYSTEM (TEXT)&apos;]]<br />
                                01_02_2018_08_39_00_130 -&nbsp; Waiting For Element : [[IOSDriver:&nbsp; on MAC (ecd7dee1-a38b-449e-aaff-55242a92e852)] -&gt; xpath: //XCUIElementTypeButton[@name=&apos;Button&apos;]]<br />
                                01_02_2018_08_39_00_405 -&nbsp; Is the Element Displayed on Screen : [[IOSDriver:&nbsp; on MAC (ecd7dee1-a38b-449e-aaff-55242a92e852)] -&gt; xpath: //XCUIElementTypeButton[@name=&apos;Button&apos;]]<br />
                                01_02_2018_08_39_01_787 -&nbsp; Waiting For Element : [[IOSDriver:&nbsp; on MAC (ecd7dee1-a38b-449e-aaff-55242a92e852)] -&gt; xpath: //XCUIElementTypeOther[@label=&apos;SYSTEM (CONTACT ADD)&apos;]]<br />
                                01_02_2018_08_39_02_017 -&nbsp; Is the Element Displayed on Screen : [[IOSDriver:&nbsp; on MAC (ecd7dee1-a38b-449e-aaff-55242a92e852)] -&gt; xpath: //XCUIElementTypeOther[@label=&apos;SYSTEM (CONTACT ADD)&apos;]]<br />
                                01_02_2018_08_39_02_589 -&nbsp; Waiting For Element : [[IOSDriver:&nbsp; on MAC (ecd7dee1-a38b-449e-aaff-55242a92e852)] -&gt; accessibility id: SYSTEM (DETAIL DISCLOSURE)]<br />
                                01_02_2018_08_39_02_875 -&nbsp; Is the Element Displayed on Screen : [[IOSDriver:&nbsp; on MAC (ecd7dee1-a38b-449e-aaff-55242a92e852)] -&gt; accessibility id: SYSTEM (DETAIL DISCLOSURE)]<br />
                                01_02_2018_08_39_03_504 -&nbsp; Waiting For Element : [[IOSDriver:&nbsp; on MAC (ecd7dee1-a38b-449e-aaff-55242a92e852)] -&gt; accessibility id: More Info]<br />
                                01_02_2018_08_39_03_806 -&nbsp; Is the Element Displayed on Screen : [[IOSDriver:&nbsp; on MAC (ecd7dee1-a38b-449e-aaff-55242a92e852)] -&gt; accessibility id: More Info]<br />
                                01_02_2018_08_39_04_416 -&nbsp; Waiting For Element : [[IOSDriver:&nbsp; on MAC (ecd7dee1-a38b-449e-aaff-55242a92e852)] -&gt; accessibility id: X Button]<br />
                                01_02_2018_08_39_04_712 -&nbsp; Is the Element Displayed on Screen : [[IOSDriver:&nbsp; on MAC (ecd7dee1-a38b-449e-aaff-55242a92e852)] -&gt; accessibility id: X Button]<br />
                                01_02_2018_08_39_05_336 -&nbsp; Waiting For Element : [[IOSDriver:&nbsp; on MAC (ecd7dee1-a38b-449e-aaff-55242a92e852)] -&gt; accessibility id: IMAGE]<br />
                                01_02_2018_08_39_05_647 -&nbsp; Is the Element Displayed on Screen : [[IOSDriver:&nbsp; on MAC (ecd7dee1-a38b-449e-aaff-55242a92e852)] -&gt; accessibility id: IMAGE]<br />
                                01_02_2018_08_39_06_351 -&nbsp; Waiting For Element : [[IOSDriver:&nbsp; on MAC (ecd7dee1-a38b-449e-aaff-55242a92e852)] -&gt; accessibility id: ATTRIBUTED TEXT]<br />
                                01_02_2018_08_39_06_652 -&nbsp; Is the Element Displayed on Screen : [[IOSDriver:&nbsp; on MAC (ecd7dee1-a38b-449e-aaff-55242a92e852)] -&gt; accessibility id: ATTRIBUTED TEXT]<br />
                                01_02_2018_08_39_07_205 -&nbsp; Swiping Vertically Down <br />
                                01_02_2018_08_39_17_054 -&nbsp; Go Back<br />
                                01_02_2018_08_39_17_055 -&nbsp; Test Passed :&nbsp; test_05_UI_Catalog_Buttons<br />
                  </div>
    

      </td>
</tr>
      </table>
  
</body>
</html>
