<?xml version="1.0" encoding="UTF-8"?>
<testsuite name="Test"
           tests="5"
           failures="1"
           errors="0"
           skipped="4"
           time="0.004">
  <properties />
            <testcase name="before_Suite" time="0.000" classname="iOS.UI_Catalog.scripts.Test_01_Launch_UI_Catalog_HomePage">
                <failure type="org.testng.TestNGException"
                  message="
Parameter &apos;bundleId&apos; is required by BeforeSuite on method before_Suite but has not been marked @Optional or defined
in /Users/sambeetmohapatra/Downloads/GIT/iOS_Multi_Apps_Project/Suites/Scripts_UI_Catalog.xml"
              >
<![CDATA[org.testng.TestNGException: 
Parameter 'bundleId' is required by BeforeSuite on method before_Suite but has not been marked @Optional or defined
in /Users/sambeetmohapatra/Downloads/GIT/iOS_Multi_Apps_Project/Suites/Scripts_UI_Catalog.xml
  org.testng.internal.Parameters.createParameters(Parameters.java:199)
  org.testng.internal.Parameters.createParameters(Parameters.java:443)
  org.testng.internal.Parameters.createConfigurationParameters(Parameters.java:118)
  org.testng.internal.Invoker.invokeConfigurations(Invoker.java:203)
  org.testng.internal.Invoker.invokeConfigurations(Invoker.java:144)
  org.testng.SuiteRunner.privateRun(SuiteRunner.java:326)
  org.testng.SuiteRunner.run(SuiteRunner.java:289)
  org.testng.SuiteRunnerWorker.runSuite(SuiteRunnerWorker.java:52)
  org.testng.SuiteRunnerWorker.run(SuiteRunnerWorker.java:86)
  org.testng.TestNG.runSuitesSequentially(TestNG.java:1293)
  org.testng.TestNG.runSuitesLocally(TestNG.java:1218)
  org.testng.TestNG.runSuites(TestNG.java:1133)
  org.testng.TestNG.run(TestNG.java:1104)
  org.testng.remote.AbstractRemoteTestNG.run(AbstractRemoteTestNG.java:132)
  org.testng.remote.RemoteTestNG.initAndRun(RemoteTestNG.java:230)
  org.testng.remote.RemoteTestNG.main(RemoteTestNG.java:76)
]]>
      </failure>

          </testcase>
  
            <testcase name="after_Method" time="0.0" classname="iOS.UI_Catalog.scripts.Test_01_Launch_UI_Catalog_HomePage">
          <skipped />
    </testcase>
            <testcase name="after_Suite" time="0.0" classname="iOS.UI_Catalog.scripts.Test_01_Launch_UI_Catalog_HomePage">
          <skipped />
    </testcase>
            <testcase name="before_Method" time="0.0" classname="iOS.UI_Catalog.scripts.Test_01_Launch_UI_Catalog_HomePage">
          <skipped />
    </testcase>
            <testcase name="test_01_Launch_UI_Catalog_HomePage" time="0.0" classname="iOS.UI_Catalog.scripts.Test_01_Launch_UI_Catalog_HomePage">
          <skipped />
    </testcase>
  
  
</testsuite>
