<!DOCTYPE html PUBLIC "-//W3C//DTD XHTML 1.1//EN" "http://www.w3.org/TR/xhtml11/DTD/xhtml11.dtd">
<html xmlns="http://www.w3.org/1999/xhtml">
<head>
<title>iOS Multi Apps Project Automation Report</title>
<style type="text/css">
table {margin-bottom:10px;border-collapse:collapse;empty-cells:show}
td,th {border:1px solid #009;padding:.25em .5em}
.result th {vertical-align:bottom}
.param th {padding-left:1em;padding-right:1em}
.param td {padding-left:.5em;padding-right:2em}
.stripe td,.stripe th {background-color: #E6EBF9}
.numi,.numi_attn {text-align:right}
.total td {font-weight:bold}
.passedodd td {background-color: #0A0}
.passedeven td {background-color: #3F3}
.skippedodd td {background-color: #CCC}
.skippedodd td {background-color: #DDD}
.failedodd td,.numi_attn {background-color: #F33}
.failedeven td,.stripe .numi_attn {background-color: #D00}
.stacktrace {white-space:pre;font-family:monospace}
.totop {font-size:85%;text-align:center;border-bottom:2px solid #000}
</style>
</head>
<body bgcolor='#f3f1f4'>
<table cellspacing="0" cellpadding="0" class="testOverview">
<tr><th>Test Suites</th><th># Passed</th><th># Skipped</th><th># Failed</th><th>Start<br/>Time</th><th>End<br/>Time</th><th>Total Time Taken <br/> (hh:mm:ss)</th><th>Included<br/>Groups</th><th>Excluded<br/>Groups</th></tr>
<tr><th colspan="10">Default suite</th></tr>
<tr><td style="text-align:left;padding-right:2em"><a href="#t1"><b>Default test</b></a></td><td class="numi">0</td><td class="numi_attn">1</td><td class="numi">0</td><td class="numi">21:50:27</td></td>
<td class="numi">21:50:27</td></td>
<td class="numi">00:00:00</td><td class="numi"></td><td class="numi"></td></tr>
</table>
<table cellspacing="0" cellpadding="0" class="methodOverview" id="summary">
<tr><th>Class</th><th>Method</th><th>Exception</th><th>Start Time </th><th>Time Taken<br/>(hh:mm:ss)</th></tr>
<tr><th colspan="5">Default suite</th></tr>
<tr id="t1"><th colspan="5">Default test &#8212; failed (configuration methods)</th></tr>
<tr class="failedodd"><td>iOS.UI_Catalog.scripts.Test_15_UI_Catalog_WebView</td><td><a href="#m1"><b>before_Suite</b>  </a></td><td class="numi" style="text-align:left;padding-right:2em">org.testng.TestNGException: <br/></td><td style="text-align:right">21:50:27</td><td class="numi">00:00:00</td></tr>
<tr><th colspan="5">Default test &#8212; skipped (configuration methods)</th></tr>
<tr class="skippedodd"><td>iOS.UI_Catalog.scripts.Test_15_UI_Catalog_WebView</td><td><a href="#m2"><b>after_Suite</b>  </a></td><td class="numi" style="text-align:left;padding-right:2em"><br/></td><td style="text-align:right">21:50:27</td><td class="numi">00:00:00</td></tr>
<tr><th colspan="5">Default test &#8212; skipped</th></tr>
<tr class="skippedodd"><td>iOS.UI_Catalog.scripts.Test_15_UI_Catalog_WebView</td><td><a href="#m3"><b>test_15_UI_Catalog_WebView</b>  </a></td><td class="numi" style="text-align:left;padding-right:2em">java.lang.RuntimeException: java.lang.NullPointerException<br/></td><td style="text-align:right">21:50:27</td><td class="numi">00:00:00</td></tr>
</table>
<h1>Default test</h1>
<h2 id="m1">iOS.UI_Catalog.scripts.Test_15_UI_Catalog_WebView:before_Suite</h2>
<div>
<div class="stacktrace">org.testng.TestNGException: 
Parameter &apos;bundleId&apos; is required by BeforeSuite on method before_Suite but has not been marked @Optional or defined
in /private/var/folders/sx/jlcqw9hx2kd43y05t3twmkz00000gn/T/testng-eclipse--39513831/testng-customsuite.xml
	at org.testng.internal.Parameters.createParameters(Parameters.java:199)
	at org.testng.internal.Parameters.createParameters(Parameters.java:443)
	at org.testng.internal.Parameters.createConfigurationParameters(Parameters.java:118)
	at org.testng.internal.Invoker.invokeConfigurations(Invoker.java:203)
	at org.testng.internal.Invoker.invokeConfigurations(Invoker.java:144)
	at org.testng.SuiteRunner.privateRun(SuiteRunner.java:326)
	at org.testng.SuiteRunner.run(SuiteRunner.java:289)
	at org.testng.SuiteRunnerWorker.runSuite(SuiteRunnerWorker.java:52)
	at org.testng.SuiteRunnerWorker.run(SuiteRunnerWorker.java:86)
	at org.testng.TestNG.runSuitesSequentially(TestNG.java:1293)
	at org.testng.TestNG.runSuitesLocally(TestNG.java:1218)
	at org.testng.TestNG.runSuites(TestNG.java:1133)
	at org.testng.TestNG.run(TestNG.java:1104)
	at org.testng.remote.AbstractRemoteTestNG.run(AbstractRemoteTestNG.java:132)
	at org.testng.remote.RemoteTestNG.initAndRun(RemoteTestNG.java:230)
	at org.testng.remote.RemoteTestNG.main(RemoteTestNG.java:76)
</div>
</div>
<p class="totop"><a href="#summary">back to summary</a></p>
<h2 id="m2">iOS.UI_Catalog.scripts.Test_15_UI_Catalog_WebView:after_Suite</h2>
<p class="totop"><a href="#summary">back to summary</a></p>
<h2 id="m3">iOS.UI_Catalog.scripts.Test_15_UI_Catalog_WebView:test_15_UI_Catalog_WebView</h2>
<div>
<div class="stacktrace">java.lang.RuntimeException: java.lang.NullPointerException
	at org.testng.internal.MethodInvocationHelper.invokeMethodNoCheckedException(MethodInvocationHelper.java:49)
	at org.testng.internal.MethodInvocationHelper.invokeDataProvider(MethodInvocationHelper.java:111)
	at org.testng.internal.Parameters.handleParameters(Parameters.java:509)
	at org.testng.internal.Invoker.handleParameters(Invoker.java:1293)
	at org.testng.internal.Invoker.createParameters(Invoker.java:1020)
	at org.testng.internal.Invoker.invokeTestMethods(Invoker.java:1110)
	at org.testng.internal.TestMethodWorker.invokeTestMethods(TestMethodWorker.java:129)
	at org.testng.internal.TestMethodWorker.run(TestMethodWorker.java:112)
	at org.testng.TestRunner.privateRun(TestRunner.java:756)
	at org.testng.TestRunner.run(TestRunner.java:610)
	at org.testng.SuiteRunner.runTest(SuiteRunner.java:387)
	at org.testng.SuiteRunner.runSequentially(SuiteRunner.java:382)
	at org.testng.SuiteRunner.privateRun(SuiteRunner.java:340)
	at org.testng.SuiteRunner.run(SuiteRunner.java:289)
	at org.testng.SuiteRunnerWorker.runSuite(SuiteRunnerWorker.java:52)
	at org.testng.SuiteRunnerWorker.run(SuiteRunnerWorker.java:86)
	at org.testng.TestNG.runSuitesSequentially(TestNG.java:1293)
	at org.testng.TestNG.runSuitesLocally(TestNG.java:1218)
	at org.testng.TestNG.runSuites(TestNG.java:1133)
	at org.testng.TestNG.run(TestNG.java:1104)
	at org.testng.remote.AbstractRemoteTestNG.run(AbstractRemoteTestNG.java:132)
	at org.testng.remote.RemoteTestNG.initAndRun(RemoteTestNG.java:230)
	at org.testng.remote.RemoteTestNG.main(RemoteTestNG.java:76)
Caused by: java.lang.NullPointerException
	at java.io.FileInputStream.&lt;init&gt;(FileInputStream.java:130)
	at java.io.FileInputStream.&lt;init&gt;(FileInputStream.java:93)
	at iOS.DataProvider.ExcelReadWrite.&lt;init&gt;(ExcelReadWrite.java:50)
	at iOS.DataProvider.Dataprovider_testdata.commonmethod_for_testdata(Dataprovider_testdata.java:20)
	at iOS.UI_Catalog.scripts.Test_15_UI_Catalog_WebView.getdata_Test_15_UI_Catalog_WebView(Test_15_UI_Catalog_WebView.java:145)
	at sun.reflect.NativeMethodAccessorImpl.invoke0(Native Method)
	at sun.reflect.NativeMethodAccessorImpl.invoke(NativeMethodAccessorImpl.java:62)
	at sun.reflect.DelegatingMethodAccessorImpl.invoke(DelegatingMethodAccessorImpl.java:43)
	at java.lang.reflect.Method.invoke(Method.java:498)
	at org.testng.internal.MethodInvocationHelper.invokeMethod(MethodInvocationHelper.java:104)
	at org.testng.internal.MethodInvocationHelper.invokeMethod(MethodInvocationHelper.java:55)
	at org.testng.internal.MethodInvocationHelper.invokeMethodNoCheckedException(MethodInvocationHelper.java:45)
	... 22 more
</div>
</div>
<p class="totop"><a href="#summary">back to summary</a></p>
<center> iOS Automation Report </center>
</body></html>
