<?xml version="1.0" encoding="UTF-8"?>
<!-- Generated by org.testng.reporters.JUnitReportReporter -->
<testsuite name="iOS.UI_Catalog.scripts.Test_15_UI_Catalog_WebView" tests="2" time="0.000" ignored="0" failures="0" timestamp="08 Aug 2017 16:20:27 GMT" skipped="1" hostname="Sambeets-MacBook-Air.local" errors="1">
  <testcase name="before_Suite" time="0.000" classname="iOS.UI_Catalog.scripts.Test_15_UI_Catalog_WebView">
    <error type="org.testng.TestNGException" message="
Parameter &#039;bundleId&#039; is required by BeforeSuite on method before_Suite but has not been marked @Optional or defined
in /private/var/folders/sx/jlcqw9hx2kd43y05t3twmkz00000gn/T/testng-eclipse--39513831/testng-customsuite.xml">
      <![CDATA[org.testng.TestNGException: 
Parameter 'bundleId' is required by BeforeSuite on method before_Suite but has not been marked @Optional or defined
in /private/var/folders/sx/jlcqw9hx2kd43y05t3twmkz00000gn/T/testng-eclipse--39513831/testng-customsuite.xml
	at org.testng.internal.Parameters.createParameters(Parameters.java:199)
	at org.testng.internal.Parameters.createParameters(Parameters.java:443)
	at org.testng.internal.Parameters.createConfigurationParameters(Parameters.java:118)
	at org.testng.internal.Invoker.invokeConfigurations(Invoker.java:203)
	at org.testng.internal.Invoker.invokeConfigurations(Invoker.java:144)
	at org.testng.SuiteRunner.privateRun(SuiteRunner.java:326)
	at org.testng.SuiteRunner.run(SuiteRunner.java:289)
	at org.testng.SuiteRunnerWorker.runSuite(SuiteRunnerWorker.java:52)
	at org.testng.SuiteRunnerWorker.run(SuiteRunnerWorker.java:86)
	at org.testng.TestNG.runSuitesSequentially(TestNG.java:1293)
	at org.testng.TestNG.runSuitesLocally(TestNG.java:1218)
	at org.testng.TestNG.runSuites(TestNG.java:1133)
	at org.testng.TestNG.run(TestNG.java:1104)
	at org.testng.remote.AbstractRemoteTestNG.run(AbstractRemoteTestNG.java:132)
	at org.testng.remote.RemoteTestNG.initAndRun(RemoteTestNG.java:230)
	at org.testng.remote.RemoteTestNG.main(RemoteTestNG.java:76)
]]>
    </error>
  </testcase> <!-- before_Suite -->
  <testcase name="test_15_UI_Catalog_WebView" time="0.000" classname="iOS.UI_Catalog.scripts.Test_15_UI_Catalog_WebView">
    <skipped/>
  </testcase> <!-- test_15_UI_Catalog_WebView -->
</testsuite> <!-- iOS.UI_Catalog.scripts.Test_15_UI_Catalog_WebView -->
