<?xml version="1.0" encoding="UTF-8"?>
<!-- Generated by org.testng.reporters.JUnitXMLReporter -->
<testsuite hostname="Sambeets-MacBook-Air.local" ignored="28" name="UI_Catalog_Test" tests="15" failures="1" timestamp="26 Aug 2018 08:55:48 GMT" time="1052.984" errors="0">
  <testcase name="test_01_Launch_UI_Catalog_HomePage" time="32.122" classname="iOS.UI_Catalog.scripts.Test_01_Launch_UI_Catalog_HomePage"/>
  <testcase name="test_02_UI_Catalog_ActionSheets" time="35.765" classname="iOS.UI_Catalog.scripts.Test_02_UI_Catalog_ActionSheets"/>
  <testcase name="test_03_UI_Catalog_ActivityIndicators" time="14.002" classname="iOS.UI_Catalog.scripts.Test_03_UI_Catalog_ActivityIndicators"/>
  <testcase name="test_04_UI_Catalog_AlertViews" time="88.123" classname="iOS.UI_Catalog.scripts.Test_04_UI_Catalog_AlertViews"/>
  <testcase name="test_05_UI_Catalog_Buttons" time="23.875" classname="iOS.UI_Catalog.scripts.Test_05_UI_Catalog_Buttons"/>
  <testcase name="test_06_UI_Catalog_DatePicker" time="37.346" classname="iOS.UI_Catalog.scripts.Test_06_UI_Catalog_DatePicker">
    <failure type="org.openqa.selenium.NoSuchElementException" message="An element could not be located on the page using the given search parameters. (WARNING: The server did not provide any stacktrace information)
Command duration or timeout: 33.19 seconds
For documentation on this error, please visit: http://seleniumhq.org/exceptions/no_such_element.html
Build info: version: &amp;apos;2.53.1&amp;apos;, revision: &amp;apos;a36b8b1cd5757287168e54b817830adce9b0158d&amp;apos;, time: &amp;apos;2016-06-30 19:26:09&amp;apos;
System info: host: &amp;apos;Sambeets-MacBook-Air.local&amp;apos;, ip: &amp;apos;192.168.1.3&amp;apos;, os.name: &amp;apos;Mac OS X&amp;apos;, os.arch: &amp;apos;x86_64&amp;apos;, os.version: &amp;apos;10.13.2&amp;apos;, java.version: &amp;apos;1.8.0_131&amp;apos;
Driver info: io.appium.java_client.ios.IOSDriver
Capabilities [{networkConnectionEnabled=false, noReset=true, bundleId=com.example.apple-samplecode.UICatalog, databaseEnabled=false, deviceName=iPhone 7, platform=MAC, platformVersion=10.3, webStorageEnabled=false, locationContextEnabled=false, browserName=, takesScreenshot=true, javascriptEnabled=true, platformName=iOS, udid=702C4E08-F609-4476-BE92-F21EECE76F33}]
Session ID: 138284c1-5b3b-49a2-ba1e-8546f5e9b7cd
*** Element info: {Using=xpath, value=//XCUIElementTypeStaticText[contains(@name,&amp;apos;2017&amp;apos;)]}">
      <![CDATA[org.openqa.selenium.NoSuchElementException: An element could not be located on the page using the given search parameters. (WARNING: The server did not provide any stacktrace information)
Command duration or timeout: 33.19 seconds
For documentation on this error, please visit: http://seleniumhq.org/exceptions/no_such_element.html
Build info: version: '2.53.1', revision: 'a36b8b1cd5757287168e54b817830adce9b0158d', time: '2016-06-30 19:26:09'
System info: host: 'Sambeets-MacBook-Air.local', ip: '192.168.1.3', os.name: 'Mac OS X', os.arch: 'x86_64', os.version: '10.13.2', java.version: '1.8.0_131'
Driver info: io.appium.java_client.ios.IOSDriver
Capabilities [{networkConnectionEnabled=false, noReset=true, bundleId=com.example.apple-samplecode.UICatalog, databaseEnabled=false, deviceName=iPhone 7, platform=MAC, platformVersion=10.3, webStorageEnabled=false, locationContextEnabled=false, browserName=, takesScreenshot=true, javascriptEnabled=true, platformName=iOS, udid=702C4E08-F609-4476-BE92-F21EECE76F33}]
Session ID: 138284c1-5b3b-49a2-ba1e-8546f5e9b7cd
*** Element info: {Using=xpath, value=//XCUIElementTypeStaticText[contains(@name,'2017')]}
	at sun.reflect.NativeConstructorAccessorImpl.newInstance0(Native Method)
	at sun.reflect.NativeConstructorAccessorImpl.newInstance(NativeConstructorAccessorImpl.java:62)
	at sun.reflect.DelegatingConstructorAccessorImpl.newInstance(DelegatingConstructorAccessorImpl.java:45)
	at java.lang.reflect.Constructor.newInstance(Constructor.java:423)
	at org.openqa.selenium.remote.ErrorHandler.createThrowable(ErrorHandler.java:206)
	at org.openqa.selenium.remote.ErrorHandler.throwIfResponseFailed(ErrorHandler.java:158)
	at org.openqa.selenium.remote.RemoteWebDriver.execute(RemoteWebDriver.java:678)
	at io.appium.java_client.DefaultGenericMobileDriver.execute(DefaultGenericMobileDriver.java:40)
	at io.appium.java_client.AppiumDriver.execute(AppiumDriver.java:1)
	at io.appium.java_client.ios.IOSDriver.execute(IOSDriver.java:1)
	at org.openqa.selenium.remote.RemoteWebDriver.findElement(RemoteWebDriver.java:363)
	at io.appium.java_client.DefaultGenericMobileDriver.findElement(DefaultGenericMobileDriver.java:56)
	at io.appium.java_client.AppiumDriver.findElement(AppiumDriver.java:1)
	at io.appium.java_client.ios.IOSDriver.findElement(IOSDriver.java:1)
	at org.openqa.selenium.remote.RemoteWebDriver.findElementByXPath(RemoteWebDriver.java:500)
	at io.appium.java_client.DefaultGenericMobileDriver.findElementByXPath(DefaultGenericMobileDriver.java:134)
	at io.appium.java_client.AppiumDriver.findElementByXPath(AppiumDriver.java:1)
	at io.appium.java_client.ios.IOSDriver.findElementByXPath(IOSDriver.java:1)
	at iOS.POMLibrary.Get_WebElement_JSON.getElementByXpath(Get_WebElement_JSON.java:37)
	at iOS.UI_Catalog.scripts.Test_06_UI_Catalog_DatePicker.test_06_UI_Catalog_DatePicker(Test_06_UI_Catalog_DatePicker.java:42)
	at sun.reflect.NativeMethodAccessorImpl.invoke0(Native Method)
	at sun.reflect.NativeMethodAccessorImpl.invoke(NativeMethodAccessorImpl.java:62)
	at sun.reflect.DelegatingMethodAccessorImpl.invoke(DelegatingMethodAccessorImpl.java:43)
	at java.lang.reflect.Method.invoke(Method.java:498)
	at org.testng.internal.MethodInvocationHelper.invokeMethod(MethodInvocationHelper.java:104)
	at org.testng.internal.Invoker.invokeMethod(Invoker.java:645)
	at org.testng.internal.Invoker.invokeTestMethod(Invoker.java:851)
	at org.testng.internal.Invoker.invokeTestMethods(Invoker.java:1177)
	at org.testng.internal.TestMethodWorker.invokeTestMethods(TestMethodWorker.java:129)
	at org.testng.internal.TestMethodWorker.run(TestMethodWorker.java:112)
	at org.testng.TestRunner.privateRun(TestRunner.java:756)
	at org.testng.TestRunner.run(TestRunner.java:610)
	at org.testng.SuiteRunner.runTest(SuiteRunner.java:387)
	at org.testng.SuiteRunner.runSequentially(SuiteRunner.java:382)
	at org.testng.SuiteRunner.privateRun(SuiteRunner.java:340)
	at org.testng.SuiteRunner.run(SuiteRunner.java:289)
	at org.testng.SuiteRunnerWorker.runSuite(SuiteRunnerWorker.java:52)
	at org.testng.SuiteRunnerWorker.run(SuiteRunnerWorker.java:86)
	at org.testng.TestNG.runSuitesSequentially(TestNG.java:1293)
	at org.testng.TestNG.runSuitesSequentially(TestNG.java:1289)
	at org.testng.TestNG.runSuitesLocally(TestNG.java:1218)
	at org.testng.TestNG.runSuites(TestNG.java:1133)
	at org.testng.TestNG.run(TestNG.java:1104)
	at org.testng.remote.AbstractRemoteTestNG.run(AbstractRemoteTestNG.java:114)
	at org.testng.remote.RemoteTestNG.initAndRun(RemoteTestNG.java:251)
	at org.testng.remote.RemoteTestNG.main(RemoteTestNG.java:77)
]]>
    </failure>
  </testcase> <!-- test_06_UI_Catalog_DatePicker -->
  <testcase name="test_07_UI_Catalog_SegmentedControls" time="65.739" classname="iOS.UI_Catalog.scripts.Test_07_UI_Catalog_SegmentedControls"/>
  <testcase name="test_08_UI_Catalog_Sliders" time="16.186" classname="iOS.UI_Catalog.scripts.Test_08_UI_Catalog_Sliders"/>
  <testcase name="test_09_UI_Catalog_Steppers" time="176.695" classname="iOS.UI_Catalog.scripts.Test_09_UI_Catalog_Steppers"/>
  <testcase name="test_10_UI_Catalog_Switches" time="28.681" classname="iOS.UI_Catalog.scripts.Test_10_UI_Catalog_Switches"/>
  <testcase name="test_11_UI_Catalog_TextFields" time="79.47" classname="iOS.UI_Catalog.scripts.Test_11_UI_Catalog_TextFields"/>
  <testcase name="test_12_UI_Catalog_TextView" time="30.322" classname="iOS.UI_Catalog.scripts.Test_12_UI_Catalog_TextView"/>
  <testcase name="test_13_UI_Catalog_TextView" time="56.341" classname="iOS.UI_Catalog.scripts.Test_13_UI_Catalog_SearchBars"/>
  <testcase name="test_14_UI_Catalog_ToolBars" time="60.769" classname="iOS.UI_Catalog.scripts.Test_14_UI_Catalog_ToolBars"/>
  <testcase name="test_15_UI_Catalog_WebView" time="43.002" classname="iOS.UI_Catalog.scripts.Test_15_UI_Catalog_WebView"/>
  <testcase name="@AfterSuite after_Suite" time="0.0" classname="iOS.BaseClass.Base_Class">
    <ignored/>
  </testcase> <!-- @AfterSuite after_Suite -->
  <testcase name="@AfterSuite after_Suite" time="0.0" classname="iOS.BaseClass.Base_Class">
    <ignored/>
  </testcase> <!-- @AfterSuite after_Suite -->
  <testcase name="@AfterSuite after_Suite" time="0.0" classname="iOS.BaseClass.Base_Class">
    <ignored/>
  </testcase> <!-- @AfterSuite after_Suite -->
  <testcase name="@AfterSuite after_Suite" time="0.0" classname="iOS.BaseClass.Base_Class">
    <ignored/>
  </testcase> <!-- @AfterSuite after_Suite -->
  <testcase name="@AfterSuite after_Suite" time="0.0" classname="iOS.BaseClass.Base_Class">
    <ignored/>
  </testcase> <!-- @AfterSuite after_Suite -->
  <testcase name="@AfterSuite after_Suite" time="0.0" classname="iOS.BaseClass.Base_Class">
    <ignored/>
  </testcase> <!-- @AfterSuite after_Suite -->
  <testcase name="@AfterSuite after_Suite" time="0.0" classname="iOS.BaseClass.Base_Class">
    <ignored/>
  </testcase> <!-- @AfterSuite after_Suite -->
  <testcase name="@AfterSuite after_Suite" time="0.0" classname="iOS.BaseClass.Base_Class">
    <ignored/>
  </testcase> <!-- @AfterSuite after_Suite -->
  <testcase name="@AfterSuite after_Suite" time="0.0" classname="iOS.BaseClass.Base_Class">
    <ignored/>
  </testcase> <!-- @AfterSuite after_Suite -->
  <testcase name="@AfterSuite after_Suite" time="0.0" classname="iOS.BaseClass.Base_Class">
    <ignored/>
  </testcase> <!-- @AfterSuite after_Suite -->
  <testcase name="@AfterSuite after_Suite" time="0.0" classname="iOS.BaseClass.Base_Class">
    <ignored/>
  </testcase> <!-- @AfterSuite after_Suite -->
  <testcase name="@AfterSuite after_Suite" time="0.0" classname="iOS.BaseClass.Base_Class">
    <ignored/>
  </testcase> <!-- @AfterSuite after_Suite -->
  <testcase name="@AfterSuite after_Suite" time="0.0" classname="iOS.BaseClass.Base_Class">
    <ignored/>
  </testcase> <!-- @AfterSuite after_Suite -->
  <testcase name="@AfterSuite after_Suite" time="0.0" classname="iOS.BaseClass.Base_Class">
    <ignored/>
  </testcase> <!-- @AfterSuite after_Suite -->
  <testcase name="@BeforeSuite before_Suite" time="0.0" classname="iOS.BaseClass.Base_Class">
    <ignored/>
  </testcase> <!-- @BeforeSuite before_Suite -->
  <testcase name="@BeforeSuite before_Suite" time="0.0" classname="iOS.BaseClass.Base_Class">
    <ignored/>
  </testcase> <!-- @BeforeSuite before_Suite -->
  <testcase name="@BeforeSuite before_Suite" time="0.0" classname="iOS.BaseClass.Base_Class">
    <ignored/>
  </testcase> <!-- @BeforeSuite before_Suite -->
  <testcase name="@BeforeSuite before_Suite" time="0.0" classname="iOS.BaseClass.Base_Class">
    <ignored/>
  </testcase> <!-- @BeforeSuite before_Suite -->
  <testcase name="@BeforeSuite before_Suite" time="0.0" classname="iOS.BaseClass.Base_Class">
    <ignored/>
  </testcase> <!-- @BeforeSuite before_Suite -->
  <testcase name="@BeforeSuite before_Suite" time="0.0" classname="iOS.BaseClass.Base_Class">
    <ignored/>
  </testcase> <!-- @BeforeSuite before_Suite -->
  <testcase name="@BeforeSuite before_Suite" time="0.0" classname="iOS.BaseClass.Base_Class">
    <ignored/>
  </testcase> <!-- @BeforeSuite before_Suite -->
  <testcase name="@BeforeSuite before_Suite" time="0.0" classname="iOS.BaseClass.Base_Class">
    <ignored/>
  </testcase> <!-- @BeforeSuite before_Suite -->
  <testcase name="@BeforeSuite before_Suite" time="0.0" classname="iOS.BaseClass.Base_Class">
    <ignored/>
  </testcase> <!-- @BeforeSuite before_Suite -->
  <testcase name="@BeforeSuite before_Suite" time="0.0" classname="iOS.BaseClass.Base_Class">
    <ignored/>
  </testcase> <!-- @BeforeSuite before_Suite -->
  <testcase name="@BeforeSuite before_Suite" time="0.0" classname="iOS.BaseClass.Base_Class">
    <ignored/>
  </testcase> <!-- @BeforeSuite before_Suite -->
  <testcase name="@BeforeSuite before_Suite" time="0.0" classname="iOS.BaseClass.Base_Class">
    <ignored/>
  </testcase> <!-- @BeforeSuite before_Suite -->
  <testcase name="@BeforeSuite before_Suite" time="0.0" classname="iOS.BaseClass.Base_Class">
    <ignored/>
  </testcase> <!-- @BeforeSuite before_Suite -->
  <testcase name="@BeforeSuite before_Suite" time="0.0" classname="iOS.BaseClass.Base_Class">
    <ignored/>
  </testcase> <!-- @BeforeSuite before_Suite -->
</testsuite> <!-- UI_Catalog_Test -->
